#
# A fatal error has been detected by the Java Runtime Environment:
#
#  SIGSEGV (0xb) at pc=0x7accdb86, pid=4729, tid=2034793328
#
# JRE version: 6.0_24-b07
# Java VM: Java HotSpot(TM) Server VM (19.1-b02 mixed mode linux-x86 )
# Problematic frame:
# C  [libGL.so.1+0xb1b86]
#
# If you would like to submit a bug report, please visit:
#   http://java.sun.com/webapps/bugreport/crash.jsp
# The crash happened outside the Java Virtual Machine in native code.
# See problematic frame for where to report the bug.
#

---------------  T H R E A D  ---------------

Current thread (0x7939fc00):  JavaThread "main-SharedResourceRunner" daemon [_thread_in_native, id=4760, stack(0x79437000,0x79488000)]

siginfo:si_signo=SIGSEGV: si_errno=0, si_code=1 (SEGV_MAPERR), si_addr=0x7923356c

Registers:
EAX=0x792331dc, EBX=0x7c846138, ECX=0x7939fd18, EDX=0x7939fc00
ESP=0x79486d3c, EBP=0x79486d78, ESI=0x7c846138, EDI=0x7939fc00
EIP=0x7accdb86, CR2=0x7923356c, EFLAGS=0x00010202

Register to memory mapping:

EAX=0x792331dc
0x792331dc is pointing to unknown location

EBX=0x7c846138
{method} 
 - klass: {other class}

ECX=0x7939fd18
0x7939fd18 is pointing to unknown location

EDX=0x7939fc00
"main-SharedResourceRunner" daemon prio=10 tid=0x7939fc00 nid=0x1298 runnable [0x79486000]
   java.lang.Thread.State: RUNNABLE

ESP=0x79486d3c
0x79486d3c is pointing into the stack for thread: 0x7939fc00
"main-SharedResourceRunner" daemon prio=10 tid=0x7939fc00 nid=0x1298 runnable [0x79486000]
   java.lang.Thread.State: RUNNABLE

EBP=0x79486d78
0x79486d78 is pointing into the stack for thread: 0x7939fc00
"main-SharedResourceRunner" daemon prio=10 tid=0x7939fc00 nid=0x1298 runnable [0x79486000]
   java.lang.Thread.State: RUNNABLE

ESI=0x7c846138
{method} 
 - klass: {other class}

EDI=0x7939fc00
"main-SharedResourceRunner" daemon prio=10 tid=0x7939fc00 nid=0x1298 runnable [0x79486000]
   java.lang.Thread.State: RUNNABLE


Top of Stack: (sp=0x79486d3c)
0x79486d3c:   794cd211 00001f02 7939fc00 79486d00
0x79486d4c:   0989444c 0989444c 0989446c 7accdb80
0x79486d5c:   00000000 7c846138 7c846138 7939fc00
0x79486d6c:   7accdb80 b36ad072 7939fc00 79486db8
0x79486d7c:   b36ad260 7939fd18 79486dd4 00001f02
0x79486d8c:   7accdb80 00000000 0989446c 79486d98
0x79486d9c:   7c846138 79486dd4 7c97f2a8 00000000
0x79486dac:   7c846138 00000000 79486dc8 79486df8 

Instructions: (pc=0x7accdb86)
0x7accdb76:   cc cc cc cc cc cc cc cc cc cc 65 a1 b8 ff ff ff
0x7accdb86:   ff a0 90 03 00 00 cc cc cc cc cc cc cc cc cc cc 

Stack: [0x79437000,0x79488000],  sp=0x79486d3c,  free space=319k
Native frames: (J=compiled Java code, j=interpreted, Vv=VM code, C=native code)
C  [libGL.so.1+0xb1b86]
j  jogamp.opengl.gl4.GL4bcImpl.dispatch_glGetString1(IJ)Ljava/lang/String;+0
j  jogamp.opengl.gl4.GL4bcImpl.glGetString(I)Ljava/lang/String;+59
j  jogamp.opengl.GLContextImpl.setContextVersion(III)V+183
j  jogamp.opengl.GLContextImpl.setGLFunctionAvailability(ZIII)V+539
j  jogamp.opengl.x11.glx.X11GLXContext.createImplRaw()Z+611
j  jogamp.opengl.x11.glx.X11GLXContext.createImpl()Z+6
j  jogamp.opengl.GLContextImpl.makeCurrentLocking()I+126
j  jogamp.opengl.GLContextImpl.makeCurrent()I+106
j  jogamp.opengl.x11.glx.X11GLXDrawableFactory$SharedResourceImplementation.createSharedResource(Ljava/lang/String;)Ljogamp/opengl/SharedResourceRunner$Resource;+237
j  jogamp.opengl.SharedResourceRunner.run()V+213
j  java.lang.Thread.run()V+11
v  ~StubRoutines::call_stub
V  [libjvm.so+0x3cfb21]
V  [libjvm.so+0x5c5478]
V  [libjvm.so+0x3cf395]
V  [libjvm.so+0x3cf458]
V  [libjvm.so+0x451be7]
V  [libjvm.so+0x6c604f]
V  [libjvm.so+0x5c6a6e]
C  [libpthread.so.0+0x5e99]

Java frames: (J=compiled Java code, j=interpreted, Vv=VM code)
j  jogamp.opengl.gl4.GL4bcImpl.dispatch_glGetString1(IJ)Ljava/lang/String;+0
j  jogamp.opengl.gl4.GL4bcImpl.glGetString(I)Ljava/lang/String;+59
j  jogamp.opengl.GLContextImpl.setContextVersion(III)V+183
j  jogamp.opengl.GLContextImpl.setGLFunctionAvailability(ZIII)V+539
j  jogamp.opengl.x11.glx.X11GLXContext.createImplRaw()Z+611
j  jogamp.opengl.x11.glx.X11GLXContext.createImpl()Z+6
j  jogamp.opengl.GLContextImpl.makeCurrentLocking()I+126
j  jogamp.opengl.GLContextImpl.makeCurrent()I+106
j  jogamp.opengl.x11.glx.X11GLXDrawableFactory$SharedResourceImplementation.createSharedResource(Ljava/lang/String;)Ljogamp/opengl/SharedResourceRunner$Resource;+237
j  jogamp.opengl.SharedResourceRunner.run()V+213
j  java.lang.Thread.run()V+11
v  ~StubRoutines::call_stub

---------------  P R O C E S S  ---------------

Java Threads: ( => current thread )
  0x09ace800 JavaThread "Thread-1" [_thread_blocked, id=4764, stack(0x7905e000,0x790af000)]
  0x09acdc00 JavaThread "XToolkit-Shutdown-Thread" [_thread_blocked, id=4763, stack(0x790af000,0x79100000)]
  0x09ac7000 JavaThread "SIGTERM handler" daemon [_thread_blocked, id=4761, stack(0x7b882000,0x7b8d3000)]
=>0x7939fc00 JavaThread "main-SharedResourceRunner" daemon [_thread_in_native, id=4760, stack(0x79437000,0x79488000)]
  0x7ad3a000 JavaThread "AWT-EventQueue-0" [_thread_blocked, id=4759, stack(0x7ae22000,0x7ae73000)]
  0x7ad39000 JavaThread "AWT-Shutdown" [_thread_blocked, id=4758, stack(0x7af06000,0x7af57000)]
  0x09aa8400 JavaThread "AWT-XAWT" daemon [_thread_blocked, id=4757, stack(0x7af57000,0x7afa8000)]
  0x099c9000 JavaThread "Java2D Disposer" daemon [_thread_blocked, id=4756, stack(0x7afd8000,0x7b029000)]
  0x7b40f400 JavaThread "Low Memory Detector" daemon [_thread_blocked, id=4753, stack(0x7b621000,0x7b672000)]
  0x7b40d800 JavaThread "CompilerThread1" daemon [_thread_blocked, id=4752, stack(0x7b37f000,0x7b400000)]
  0x7b40b800 JavaThread "CompilerThread0" daemon [_thread_blocked, id=4751, stack(0x7b672000,0x7b6f3000)]
  0x7bc90c00 JavaThread "JDWP Event Helper Thread" daemon [_thread_blocked, id=4741, stack(0x7b8d3000,0x7b924000)]
  0x7bc8e400 JavaThread "JDWP Transport Listener: dt_socket" daemon [_thread_in_native, id=4740, stack(0x7b924000,0x7b975000)]
  0x7bc85400 JavaThread "Signal Dispatcher" daemon [_thread_blocked, id=4738, stack(0x7b975000,0x7b9c6000)]
  0x7bc77400 JavaThread "Finalizer" daemon [_thread_blocked, id=4736, stack(0x7b9c6000,0x7ba17000)]
  0x7bc75c00 JavaThread "Reference Handler" daemon [_thread_blocked, id=4735, stack(0x7ba17000,0x7ba68000)]
  0x09878000 JavaThread "main" [_thread_blocked, id=4730, stack(0xb6a92000,0xb6ae3000)]

Other Threads:
  0x7bc72000 VMThread [stack: 0x7bd2c000,0x7bdad000] [id=4734]
  0x7b411400 WatcherThread [stack: 0x7b2fe000,0x7b37f000] [id=4754]

VM state:not at safepoint (normal execution)

VM Mutex/Monitor currently owned by a thread: None

Heap
 PSYoungGen      total 15296K, used 10927K [0xa2480000, 0xa3590000, 0xb35d0000)
  eden space 13120K, 77% used [0xa2480000,0xa2e650b8,0xa3150000)
  from space 2176K, 36% used [0xa3150000,0xa3216de0,0xa3370000)
  to   space 2176K, 0% used [0xa3370000,0xa3370000,0xa3590000)
 PSOldGen        total 34944K, used 0K [0x801d0000, 0x823f0000, 0xa2480000)
  object space 34944K, 0% used [0x801d0000,0x801d0000,0x823f0000)
 PSPermGen       total 16384K, used 8171K [0x7c1d0000, 0x7d1d0000, 0x801d0000)
  object space 16384K, 49% used [0x7c1d0000,0x7c9caec0,0x7d1d0000)

Dynamic libraries:
08048000-08052000 r-xp 00000000 08:02 153707     /usr/lib/jvm/java-6-sun-1.6.0.24/jre/bin/java
08052000-08053000 rwxp 00009000 08:02 153707     /usr/lib/jvm/java-6-sun-1.6.0.24/jre/bin/java
0986c000-09aff000 rwxp 00000000 00:00 0          [heap]
78ce4000-78ee4000 rwxs 08db9000 00:05 8710       /dev/nvidia0
7905e000-79061000 ---p 00000000 00:00 0 
79061000-790af000 rwxp 00000000 00:00 0 
790af000-790b2000 ---p 00000000 00:00 0 
790b2000-79100000 rwxp 00000000 00:00 0 
79100000-791cf000 rwxp 00000000 00:00 0 
791cf000-79200000 ---p 00000000 00:00 0 
79236000-79239000 ---p 00000000 00:00 0 
79239000-79300000 rwxp 00000000 00:00 0 
79300000-793f6000 rwxp 00000000 00:00 0 
793f6000-79400000 ---p 00000000 00:00 0 
79437000-7943a000 ---p 00000000 00:00 0 
7943a000-79488000 rwxp 00000000 00:00 0 
79488000-794f8000 r-xp 00000000 08:03 4014110    /home/ggervais/workspace_new/GameEngine/lib/jogl-2.0-b23-20110303-linux-i586/lib/libjogl_desktop.so
794f8000-794f9000 r-xp 0006f000 08:03 4014110    /home/ggervais/workspace_new/GameEngine/lib/jogl-2.0-b23-20110303-linux-i586/lib/libjogl_desktop.so
794f9000-794fa000 rwxp 00070000 08:03 4014110    /home/ggervais/workspace_new/GameEngine/lib/jogl-2.0-b23-20110303-linux-i586/lib/libjogl_desktop.so
794fa000-7abaf000 r-xp 00000000 08:02 154243     /usr/lib/nvidia-current/libnvidia-glcore.so.270.41.06
7abaf000-7ac0b000 rwxp 016b4000 08:02 154243     /usr/lib/nvidia-current/libnvidia-glcore.so.270.41.06
7ac0b000-7ac1c000 rwxp 00000000 00:00 0 
7ac1c000-7acbd000 r-xp 00000000 08:02 154239     /usr/lib/nvidia-current/libGL.so.270.41.06
7acbd000-7acdb000 rwxp 000a1000 08:02 154239     /usr/lib/nvidia-current/libGL.so.270.41.06
7acdb000-7acea000 rwxp 00000000 00:00 0 
7ad00000-7adf3000 rwxp 00000000 00:00 0 
7adf3000-7ae00000 ---p 00000000 00:00 0 
7ae07000-7ae22000 rwxs 2e820000 00:05 8710       /dev/nvidia0
7ae22000-7ae25000 ---p 00000000 00:00 0 
7ae25000-7ae73000 rwxp 00000000 00:00 0 
7ae73000-7ae74000 r-xs 00000000 08:02 563892     /var/cache/fontconfig/26de28bc8622bbc1fb67fd234c21975f-le32d4.cache-3
7ae74000-7ae75000 r-xs 00000000 08:02 556846     /var/cache/fontconfig/c05880de57d1f5e948fdfacc138775d9-le32d4.cache-3
7ae75000-7ae7b000 r-xs 00000000 08:02 556843     /var/cache/fontconfig/945677eb7aeaf62f1d50efc3fb3ec7d8-le32d4.cache-3
7ae7b000-7ae7d000 r-xs 00000000 08:02 556844     /var/cache/fontconfig/99e8ed0e538f840c565b6ed5dad60d56-le32d4.cache-3
7ae7d000-7ae80000 r-xs 00000000 08:02 556854     /var/cache/fontconfig/e383d7ea5fbe662a33d9b44caf393297-le32d4.cache-3
7ae80000-7ae85000 r-xs 00000000 08:02 563893     /var/cache/fontconfig/401a5dd6b567794a1d18dd9342dfa604-le32d4.cache-3
7ae85000-7ae87000 r-xs 00000000 08:02 556831     /var/cache/fontconfig/2cd17615ca594fa2959ae173292e504c-le32d4.cache-3
7ae87000-7ae88000 r-xs 00000000 08:02 556855     /var/cache/fontconfig/e7071f4a29fa870f4323321c154eba04-le32d4.cache-3
7ae88000-7ae8b000 r-xs 00000000 08:02 556840     /var/cache/fontconfig/6eb3985aa4124903f6ff08ba781cd364-le32d4.cache-3
7ae8b000-7ae8c000 r-xs 00000000 08:02 556835     /var/cache/fontconfig/4c73fe0c47614734b17d736dbde7580a-le32d4.cache-3
7ae8c000-7ae8d000 r-xs 00000000 08:02 556828     /var/cache/fontconfig/0d8c3b2ac0904cb8a57a757ad11a4a08-le32d4.cache-3
7ae8d000-7ae8e000 r-xs 00000000 08:02 556838     /var/cache/fontconfig/6a53c69dea097a2d716e069445527da8-le32d4.cache-3
7ae8e000-7ae92000 r-xs 00000000 08:02 556845     /var/cache/fontconfig/a755afe4a08bf5b97852ceb7400b47bc-le32d4.cache-3
7ae92000-7ae96000 r-xs 00000000 08:02 558741     /var/cache/fontconfig/515ca1ebc4b18308bea979be5704f9db-le32d4.cache-3
7ae96000-7ae9d000 r-xs 00000000 08:02 525846     /var/cache/fontconfig/6d41288fd70b0be22e8c3a91e032eec0-le32d4.cache-3
7ae9d000-7aea8000 r-xs 00000000 08:02 556829     /var/cache/fontconfig/0f34bcd4b6ee430af32735b75db7f02b-le32d4.cache-3
7aea8000-7aeab000 r-xs 00000000 08:02 556851     /var/cache/fontconfig/d60319d88cac85ba9e1a07bd06cfbb8c-le32d4.cache-3
7aeab000-7aeac000 r-xs 00000000 08:02 556026     /var/cache/fontconfig/4794a0821666d79190d59a36cb4f44b5-le32d4.cache-3
7aeac000-7aece000 r-xs 00000000 08:02 563437     /var/cache/fontconfig/365b55f210c0a22e9a19e35191240f32-le32d4.cache-3
7aed2000-7aed6000 rwxs 096c5000 00:05 8710       /dev/nvidia0
7aed9000-7aeed000 r-xp 00000000 08:03 4014112    /home/ggervais/workspace_new/GameEngine/lib/jogl-2.0-b23-20110303-linux-i586/lib/libjogl_es2.so
7aeed000-7aeee000 r-xp 00013000 08:03 4014112    /home/ggervais/workspace_new/GameEngine/lib/jogl-2.0-b23-20110303-linux-i586/lib/libjogl_es2.so
7aeee000-7aeef000 rwxp 00014000 08:03 4014112    /home/ggervais/workspace_new/GameEngine/lib/jogl-2.0-b23-20110303-linux-i586/lib/libjogl_es2.so
7aeef000-7af02000 r-xp 00000000 08:03 4014111    /home/ggervais/workspace_new/GameEngine/lib/jogl-2.0-b23-20110303-linux-i586/lib/libjogl_es1.so
7af02000-7af03000 r-xp 00012000 08:03 4014111    /home/ggervais/workspace_new/GameEngine/lib/jogl-2.0-b23-20110303-linux-i586/lib/libjogl_es1.so
7af03000-7af04000 rwxp 00013000 08:03 4014111    /home/ggervais/workspace_new/GameEngine/lib/jogl-2.0-b23-20110303-linux-i586/lib/libjogl_es1.so
7af04000-7af05000 r-xp 00000000 08:02 154231     /usr/lib/nvidia-current/tls/libnvidia-tls.so.270.41.06
7af05000-7af06000 rwxp 00000000 08:02 154231     /usr/lib/nvidia-current/tls/libnvidia-tls.so.270.41.06
7af06000-7af09000 ---p 00000000 00:00 0 
7af09000-7af57000 rwxp 00000000 00:00 0 
7af57000-7af5a000 ---p 00000000 00:00 0 
7af5a000-7afa8000 rwxp 00000000 00:00 0 
7afa8000-7afac000 r-xp 00000000 08:02 136692     /usr/lib/i386-linux-gnu/libXfixes.so.3.1.0
7afac000-7afad000 r-xp 00003000 08:02 136692     /usr/lib/i386-linux-gnu/libXfixes.so.3.1.0
7afad000-7afae000 rwxp 00004000 08:02 136692     /usr/lib/i386-linux-gnu/libXfixes.so.3.1.0
7afae000-7afb6000 r-xp 00000000 08:02 136702     /usr/lib/i386-linux-gnu/libXrender.so.1.3.0
7afb6000-7afb7000 r-xp 00007000 08:02 136702     /usr/lib/i386-linux-gnu/libXrender.so.1.3.0
7afb7000-7afb8000 rwxp 00008000 08:02 136702     /usr/lib/i386-linux-gnu/libXrender.so.1.3.0
7afb8000-7afc0000 r-xp 00000000 08:02 136684     /usr/lib/i386-linux-gnu/libXcursor.so.1.0.2
7afc0000-7afc1000 r-xp 00007000 08:02 136684     /usr/lib/i386-linux-gnu/libXcursor.so.1.0.2
7afc1000-7afc2000 rwxp 00008000 08:02 136684     /usr/lib/i386-linux-gnu/libXcursor.so.1.0.2
7afc3000-7afc7000 r-xp 00000000 08:03 4014114    /home/ggervais/workspace_new/GameEngine/lib/jogl-2.0-b23-20110303-linux-i586/lib/libnativewindow_x11.so
7afc7000-7afc8000 r-xp 00003000 08:03 4014114    /home/ggervais/workspace_new/GameEngine/lib/jogl-2.0-b23-20110303-linux-i586/lib/libnativewindow_x11.so
7afc8000-7afc9000 rwxp 00004000 08:03 4014114    /home/ggervais/workspace_new/GameEngine/lib/jogl-2.0-b23-20110303-linux-i586/lib/libnativewindow_x11.so
7afc9000-7afcb000 r-xp 00000000 08:02 136698     /usr/lib/i386-linux-gnu/libXinerama.so.1.0.0
7afcb000-7afcc000 r-xp 00001000 08:02 136698     /usr/lib/i386-linux-gnu/libXinerama.so.1.0.0
7afcc000-7afcd000 rwxp 00002000 08:02 136698     /usr/lib/i386-linux-gnu/libXinerama.so.1.0.0
7afcd000-7afd1000 r-xp 00000000 08:02 136706     /usr/lib/i386-linux-gnu/libXxf86vm.so.1.0.0
7afd1000-7afd2000 r-xp 00003000 08:02 136706     /usr/lib/i386-linux-gnu/libXxf86vm.so.1.0.0
7afd2000-7afd3000 rwxp 00004000 08:02 136706     /usr/lib/i386-linux-gnu/libXxf86vm.so.1.0.0
7afd3000-7afd4000 r-xp 00000000 08:03 4014113    /home/ggervais/workspace_new/GameEngine/lib/jogl-2.0-b23-20110303-linux-i586/lib/libnativewindow_awt.so
7afd4000-7afd5000 r-xp 00000000 08:03 4014113    /home/ggervais/workspace_new/GameEngine/lib/jogl-2.0-b23-20110303-linux-i586/lib/libnativewindow_awt.so
7afd5000-7afd6000 rwxp 00001000 08:03 4014113    /home/ggervais/workspace_new/GameEngine/lib/jogl-2.0-b23-20110303-linux-i586/lib/libnativewindow_awt.so
7afd6000-7afd7000 r-xp 00000000 08:02 153760     /usr/lib/jvm/java-6-sun-1.6.0.24/jre/lib/i386/libjawt.so
7afd7000-7afd8000 rwxp 00000000 08:02 153760     /usr/lib/jvm/java-6-sun-1.6.0.24/jre/lib/i386/libjawt.so
7afd8000-7afdb000 ---p 00000000 00:00 0 
7afdb000-7b029000 rwxp 00000000 00:00 0 
7b029000-7b0a2000 r-xp 00000000 08:02 153804     /usr/lib/jvm/java-6-sun-1.6.0.24/jre/lib/i386/libfontmanager.so
7b0a2000-7b0ac000 rwxp 00078000 08:02 153804     /usr/lib/jvm/java-6-sun-1.6.0.24/jre/lib/i386/libfontmanager.so
7b0ac000-7b0b1000 rwxp 00000000 00:00 0 
7b0b1000-7b0b5000 r-xp 00000000 08:02 136688     /usr/lib/i386-linux-gnu/libXdmcp.so.6.0.0
7b0b5000-7b0b6000 r-xp 00003000 08:02 136688     /usr/lib/i386-linux-gnu/libXdmcp.so.6.0.0
7b0b6000-7b0b7000 rwxp 00004000 08:02 136688     /usr/lib/i386-linux-gnu/libXdmcp.so.6.0.0
7b0b7000-7b0ce000 r-xp 00000000 08:02 136828     /usr/lib/i386-linux-gnu/libxcb.so.1.1.0
7b0ce000-7b0cf000 r-xp 00016000 08:02 136828     /usr/lib/i386-linux-gnu/libxcb.so.1.1.0
7b0cf000-7b0d0000 rwxp 00017000 08:02 136828     /usr/lib/i386-linux-gnu/libxcb.so.1.1.0
7b0d0000-7b0dd000 r-xp 00000000 08:02 136696     /usr/lib/i386-linux-gnu/libXi.so.6.1.0
7b0dd000-7b0de000 r-xp 0000c000 08:02 136696     /usr/lib/i386-linux-gnu/libXi.so.6.1.0
7b0de000-7b0df000 rwxp 0000d000 08:02 136696     /usr/lib/i386-linux-gnu/libXi.so.6.1.0
7b0df000-7b1f5000 r-xp 00000000 08:02 136678     /usr/lib/i386-linux-gnu/libX11.so.6.3.0
7b1f5000-7b1f6000 ---p 00116000 08:02 136678     /usr/lib/i386-linux-gnu/libX11.so.6.3.0
7b1f6000-7b1f7000 r-xp 00116000 08:02 136678     /usr/lib/i386-linux-gnu/libX11.so.6.3.0
7b1f7000-7b1f9000 rwxp 00117000 08:02 136678     /usr/lib/i386-linux-gnu/libX11.so.6.3.0
7b1f9000-7b1fa000 rwxp 00000000 00:00 0 
7b1fa000-7b207000 r-xp 00000000 08:02 136690     /usr/lib/i386-linux-gnu/libXext.so.6.4.0
7b207000-7b208000 r-xp 0000c000 08:02 136690     /usr/lib/i386-linux-gnu/libXext.so.6.4.0
7b208000-7b209000 rwxp 0000d000 08:02 136690     /usr/lib/i386-linux-gnu/libXext.so.6.4.0
7b209000-7b24c000 r-xp 00000000 08:02 153789     /usr/lib/jvm/java-6-sun-1.6.0.24/jre/lib/i386/xawt/libmawt.so
7b24c000-7b24e000 rwxp 00043000 08:02 153789     /usr/lib/jvm/java-6-sun-1.6.0.24/jre/lib/i386/xawt/libmawt.so
7b24e000-7b24f000 rwxp 00000000 00:00 0 
7b24f000-7b2d3000 r-xp 00000000 08:02 153756     /usr/lib/jvm/java-6-sun-1.6.0.24/jre/lib/i386/libawt.so
7b2d3000-7b2da000 rwxp 00084000 08:02 153756     /usr/lib/jvm/java-6-sun-1.6.0.24/jre/lib/i386/libawt.so
7b2da000-7b2fe000 rwxp 00000000 00:00 0 
7b2fe000-7b2ff000 ---p 00000000 00:00 0 
7b2ff000-7b37f000 rwxp 00000000 00:00 0 
7b37f000-7b382000 ---p 00000000 00:00 0 
7b382000-7b400000 rwxp 00000000 00:00 0 
7b400000-7b4fd000 rwxp 00000000 00:00 0 
7b4fd000-7b500000 ---p 00000000 00:00 0 
7b500000-7b600000 rwxp 00000000 00:00 0 
7b600000-7b601000 rwxs fd060000 00:05 8710       /dev/nvidia0
7b601000-7b603000 r-xp 00000000 08:02 136680     /usr/lib/i386-linux-gnu/libXau.so.6.0.0
7b603000-7b604000 r-xp 00001000 08:02 136680     /usr/lib/i386-linux-gnu/libXau.so.6.0.0
7b604000-7b605000 rwxp 00002000 08:02 136680     /usr/lib/i386-linux-gnu/libXau.so.6.0.0
7b605000-7b609000 r-xp 00000000 08:02 133973     /usr/lib/libXtst.so.6.1.0
7b609000-7b60a000 r-xp 00003000 08:02 133973     /usr/lib/libXtst.so.6.1.0
7b60a000-7b60b000 rwxp 00004000 08:02 133973     /usr/lib/libXtst.so.6.1.0
7b60b000-7b613000 r-xs 00000000 08:02 556850     /var/cache/fontconfig/d52a8644073d54c13679302ca1180695-le32d4.cache-3
7b613000-7b61b000 r-xs 00000000 08:02 564351     /var/cache/fontconfig/e13b20fdb08344e0e664864cc2ede53d-le32d4.cache-3
7b61b000-7b61e000 r-xs 00000000 08:02 563887     /var/cache/fontconfig/7ef2298fde41cc6eeb7af42e48b7d293-le32d4.cache-3
7b61e000-7b61f000 r-xp 00000000 08:03 4014089    /home/ggervais/workspace_new/GameEngine/lib/jogl-2.0-b23-20110303-linux-i586/lib/libgluegen-rt.so
7b61f000-7b620000 r-xp 00000000 08:03 4014089    /home/ggervais/workspace_new/GameEngine/lib/jogl-2.0-b23-20110303-linux-i586/lib/libgluegen-rt.so
7b620000-7b621000 rwxp 00001000 08:03 4014089    /home/ggervais/workspace_new/GameEngine/lib/jogl-2.0-b23-20110303-linux-i586/lib/libgluegen-rt.so
7b621000-7b624000 ---p 00000000 00:00 0 
7b624000-7b672000 rwxp 00000000 00:00 0 
7b672000-7b675000 ---p 00000000 00:00 0 
7b675000-7b6f3000 rwxp 00000000 00:00 0 
7b6f3000-7b6f5000 r-xs 0000b000 08:02 403217     /opt/idea-IC-103.255/plugins/Groovy/lib/agent/gragent.jar
7b6f5000-7b6f7000 r-xs 00011000 08:02 403161     /opt/idea-IC-103.255/lib/idea_rt.jar
7b6f7000-7b700000 r-xs 0006d000 08:03 4670285    /home/ggervais/workspace_new/GameEngine/lib/log4j/log4j-1.2.16.jar
7b700000-7b800000 rwxp 00000000 00:00 0 
7b800000-7b801000 r-xs 00001000 08:03 3182839    /home/ggervais/workspace_new/GameEngine/lib/jogl-2.0-b23-20110303-linux-i586/jar/newt.os.x11.jar
7b801000-7b802000 r-xs 00001000 08:03 3182838    /home/ggervais/workspace_new/GameEngine/lib/jogl-2.0-b23-20110303-linux-i586/jar/newt.os.win.jar
7b802000-7b804000 r-xs 00001000 08:03 3182835    /home/ggervais/workspace_new/GameEngine/lib/jogl-2.0-b23-20110303-linux-i586/jar/newt.os.osx.jar
7b804000-7b805000 r-xs 00004000 08:03 3182831    /home/ggervais/workspace_new/GameEngine/lib/jogl-2.0-b23-20110303-linux-i586/jar/newt.ogl.jar
7b805000-7b806000 r-xs 00001000 08:03 3182828    /home/ggervais/workspace_new/GameEngine/lib/jogl-2.0-b23-20110303-linux-i586/jar/newt.hw.intelgdl.jar
7b806000-7b807000 r-xs 00001000 08:03 3182824    /home/ggervais/workspace_new/GameEngine/lib/jogl-2.0-b23-20110303-linux-i586/jar/newt.hw.broadcomegl.jar
7b807000-7b809000 r-xs 00007000 08:03 3182822    /home/ggervais/workspace_new/GameEngine/lib/jogl-2.0-b23-20110303-linux-i586/jar/newt.event.jar
7b809000-7b80b000 r-xs 00016000 08:03 3182821    /home/ggervais/workspace_new/GameEngine/lib/jogl-2.0-b23-20110303-linux-i586/jar/newt.core.jar
7b80b000-7b80d000 r-xs 00007000 08:03 3182820    /home/ggervais/workspace_new/GameEngine/lib/jogl-2.0-b23-20110303-linux-i586/jar/newt.awt.jar
7b80d000-7b811000 r-xs 00028000 08:03 3182818    /home/ggervais/workspace_new/GameEngine/lib/jogl-2.0-b23-20110303-linux-i586/jar/newt.all.jar
7b811000-7b814000 r-xs 00020000 08:03 3182817    /home/ggervais/workspace_new/GameEngine/lib/jogl-2.0-b23-20110303-linux-i586/jar/newt.all-noawt.jar
7b814000-7b815000 r-xs 00002000 08:03 3182816    /home/ggervais/workspace_new/GameEngine/lib/jogl-2.0-b23-20110303-linux-i586/jar/newt-natives-linux-i586.jar
7b815000-7b817000 r-xs 00004000 08:03 3182814    /home/ggervais/workspace_new/GameEngine/lib/jogl-2.0-b23-20110303-linux-i586/jar/nativewindow.os.win.jar
7b817000-7b819000 r-xs 00009000 08:03 3182813    /home/ggervais/workspace_new/GameEngine/lib/jogl-2.0-b23-20110303-linux-i586/jar/nativewindow.core.jar
7b819000-7b81b000 r-xs 0000a000 08:03 3182812    /home/ggervais/workspace_new/GameEngine/lib/jogl-2.0-b23-20110303-linux-i586/jar/nativewindow.awt.jar
7b81b000-7b81d000 r-xs 0001f000 08:03 3182498    /home/ggervais/workspace_new/GameEngine/lib/jogl-2.0-b23-20110303-linux-i586/jar/jogl.util.gldesktop.jar
7b81d000-7b81e000 r-xs 00006000 08:03 3182497    /home/ggervais/workspace_new/GameEngine/lib/jogl-2.0-b23-20110303-linux-i586/jar/jogl.util.fixedfuncemu.jar
7b81e000-7b820000 r-xs 0000a000 08:03 3182492    /home/ggervais/workspace_new/GameEngine/lib/jogl-2.0-b23-20110303-linux-i586/jar/jogl.util.awt.jar
7b820000-7b826000 r-xs 00041000 08:03 3182489    /home/ggervais/workspace_new/GameEngine/lib/jogl-2.0-b23-20110303-linux-i586/jar/jogl.test.jar
7b826000-7b827000 r-xs 00001000 08:03 3182485    /home/ggervais/workspace_new/GameEngine/lib/jogl-2.0-b23-20110303-linux-i586/jar/jogl.sdk.jar
7b827000-7b829000 r-xs 00010000 08:03 3181146    /home/ggervais/workspace_new/GameEngine/lib/jogl-2.0-b23-20110303-linux-i586/jar/jogl.os.x11.jar
7b829000-7b82a000 r-xs 00011000 08:03 3181145    /home/ggervais/workspace_new/GameEngine/lib/jogl-2.0-b23-20110303-linux-i586/jar/jogl.os.win.jar
7b82a000-7b82c000 r-xs 00008000 08:03 3181144    /home/ggervais/workspace_new/GameEngine/lib/jogl-2.0-b23-20110303-linux-i586/jar/jogl.os.osx.jar
7b82c000-7b82d000 r-xs 0000a000 08:03 3181143    /home/ggervais/workspace_new/GameEngine/lib/jogl-2.0-b23-20110303-linux-i586/jar/jogl.glu.tess.jar
7b82d000-7b82f000 r-xs 0000f000 08:03 3181140    /home/ggervais/workspace_new/GameEngine/lib/jogl-2.0-b23-20110303-linux-i586/jar/jogl.glu.mipmap.jar
7b82f000-7b831000 r-xs 0000c000 08:03 3181139    /home/ggervais/workspace_new/GameEngine/lib/jogl-2.0-b23-20110303-linux-i586/jar/jogl.glu.gldesktop.jar
7b831000-7b832000 r-xs 00009000 08:03 3181138    /home/ggervais/workspace_new/GameEngine/lib/jogl-2.0-b23-20110303-linux-i586/jar/jogl.gles2.jar
7b832000-7b833000 r-xs 00010000 08:03 3181136    /home/ggervais/workspace_new/GameEngine/lib/jogl-2.0-b23-20110303-linux-i586/jar/jogl.gles2.dbg.jar
7b833000-7b834000 r-xs 00007000 08:03 3181135    /home/ggervais/workspace_new/GameEngine/lib/jogl-2.0-b23-20110303-linux-i586/jar/jogl.gles1.jar
7b834000-7b835000 r-xs 0000f000 08:03 3181134    /home/ggervais/workspace_new/GameEngine/lib/jogl-2.0-b23-20110303-linux-i586/jar/jogl.gles1.dbg.jar
7b835000-7b837000 r-xs 0002f000 08:03 3181051    /home/ggervais/workspace_new/GameEngine/lib/jogl-2.0-b23-20110303-linux-i586/jar/jogl.gldesktop.jar
7b837000-7b838000 r-xs 000fa000 08:03 3181050    /home/ggervais/workspace_new/GameEngine/lib/jogl-2.0-b23-20110303-linux-i586/jar/jogl.gldesktop.dbg.jar
7b838000-7b83a000 r-xs 0000b000 08:03 3180979    /home/ggervais/workspace_new/GameEngine/lib/jogl-2.0-b23-20110303-linux-i586/jar/jogl.egl.jar
7b83a000-7b83d000 r-xs 0002e000 08:03 3180972    /home/ggervais/workspace_new/GameEngine/lib/jogl-2.0-b23-20110303-linux-i586/jar/jogl.core.jar
7b83d000-7b83f000 r-xs 0000f000 08:03 3180936    /home/ggervais/workspace_new/GameEngine/lib/jogl-2.0-b23-20110303-linux-i586/jar/jogl.awt.jar
7b83f000-7b84c000 r-xs 00242000 08:03 3180935    /home/ggervais/workspace_new/GameEngine/lib/jogl-2.0-b23-20110303-linux-i586/jar/jogl.all.jar
7b84c000-7b857000 r-xs 00228000 08:03 3180934    /home/ggervais/workspace_new/GameEngine/lib/jogl-2.0-b23-20110303-linux-i586/jar/jogl.all-noawt.jar
7b857000-7b858000 r-xs 00013000 08:03 3180932    /home/ggervais/workspace_new/GameEngine/lib/jogl-2.0-b23-20110303-linux-i586/jar/jogl-natives-linux-i586.jar
7b858000-7b85b000 r-xs 00018000 08:03 3180639    /home/ggervais/workspace_new/GameEngine/lib/jogl-2.0-b23-20110303-linux-i586/jar/gluegen-rt.jar
7b85b000-7b85c000 r-xs 00000000 08:03 3180634    /home/ggervais/workspace_new/GameEngine/lib/jogl-2.0-b23-20110303-linux-i586/jar/gluegen-rt-natives-linux-i586.jar
7b85c000-7b85d000 r-xs 0000c000 08:03 3180622    /home/ggervais/workspace_new/GameEngine/lib/jogl-2.0-b23-20110303-linux-i586/jar/gluegen-gl.jar
7b85d000-7b85f000 r-xs 00004000 08:03 5242952    /home/ggervais/workspace_new/GameEngine/lib/jinput/jinput-test.jar
7b85f000-7b864000 r-xs 00030000 08:03 5242951    /home/ggervais/workspace_new/GameEngine/lib/jinput/jinput.jar
7b864000-7b86b000 r-xs 00036000 08:03 12599540   /home/ggervais/workspace_new/GameEngine/lib/junit-4.9b2.jar
7b86b000-7b86c000 r-xs 00000000 08:02 153890     /usr/lib/jvm/java-6-sun-1.6.0.24/jre/lib/management-agent.jar
7b86c000-7b874000 r-xs 00115000 08:02 153899     /usr/lib/jvm/java-6-sun-1.6.0.24/jre/lib/resources.jar
7b874000-7b882000 r-xs 00679000 08:02 153626     /usr/lib/jvm/java-6-sun-1.6.0.24/jre/lib/charsets.jar
7b882000-7b885000 ---p 00000000 00:00 0 
7b885000-7b8d3000 rwxp 00000000 00:00 0 
7b8d3000-7b8d6000 ---p 00000000 00:00 0 
7b8d6000-7b924000 rwxp 00000000 00:00 0 
7b924000-7b927000 ---p 00000000 00:00 0 
7b927000-7b975000 rwxp 00000000 00:00 0 
7b975000-7b978000 ---p 00000000 00:00 0 
7b978000-7b9c6000 rwxp 00000000 00:00 0 
7b9c6000-7b9c9000 ---p 00000000 00:00 0 
7b9c9000-7ba17000 rwxp 00000000 00:00 0 
7ba17000-7ba1a000 ---p 00000000 00:00 0 
7ba1a000-7ba68000 rwxp 00000000 00:00 0 
7ba68000-7bc00000 r-xs 03027000 08:02 153827     /usr/lib/jvm/java-6-sun-1.6.0.24/jre/lib/rt.jar
7bc00000-7bcfe000 rwxp 00000000 00:00 0 
7bcfe000-7bd00000 ---p 00000000 00:00 0 
7bd00000-7bd09000 r-xs 000d7000 08:02 153810     /usr/lib/jvm/java-6-sun-1.6.0.24/jre/lib/javaws.jar
7bd09000-7bd1b000 r-xs 001ac000 08:02 153812     /usr/lib/jvm/java-6-sun-1.6.0.24/jre/lib/plugin.jar
7bd1b000-7bd2c000 r-xs 00349000 08:02 153747     /usr/lib/jvm/java-6-sun-1.6.0.24/jre/lib/deploy.jar
7bd2c000-7bd2d000 ---p 00000000 00:00 0 
7bd2d000-7bde1000 rwxp 00000000 00:00 0 
7bde1000-7bde2000 ---p 00000000 00:00 0 
7bde2000-7be62000 rwxp 00000000 00:00 0 
7be62000-7be63000 ---p 00000000 00:00 0 
7be63000-7beeb000 rwxp 00000000 00:00 0 
7beeb000-7bf03000 rwxp 00000000 00:00 0 
7bf03000-7bf15000 rwxp 00000000 00:00 0 
7bf15000-7c015000 rwxp 00000000 00:00 0 
7c015000-7c01d000 rwxp 00000000 00:00 0 
7c01d000-7c035000 rwxp 00000000 00:00 0 
7c035000-7c047000 rwxp 00000000 00:00 0 
7c047000-7c146000 rwxp 00000000 00:00 0 
7c146000-7c14f000 rwxp 00000000 00:00 0 
7c14f000-7c1cf000 rwxp 00000000 00:00 0 
7c1cf000-7d1d0000 rwxp 00000000 00:00 0 
7d1d0000-801d0000 rwxp 00000000 00:00 0 
801d0000-823f0000 rwxp 00000000 00:00 0 
823f0000-a2480000 rwxp 00000000 00:00 0 
a2480000-a3590000 rwxp 00000000 00:00 0 
a3590000-b35d0000 rwxp 00000000 00:00 0 
b35d0000-b35d4000 r-xs 0001c000 08:03 3182511    /home/ggervais/workspace_new/GameEngine/lib/jogl-2.0-b23-20110303-linux-i586/jar/nativewindow.all.jar
b35d4000-b35d7000 r-xs 00013000 08:02 153153     /usr/lib/jvm/java-6-sun-1.6.0.24/jre/lib/jce.jar
b35d7000-b35de000 r-xs 00094000 08:02 153152     /usr/lib/jvm/java-6-sun-1.6.0.24/jre/lib/jsse.jar
b35de000-b35e7000 rwxp 00000000 00:00 0 
b35e7000-b369e000 rwxp 00000000 00:00 0 
b369e000-b38de000 rwxp 00000000 00:00 0 
b38de000-b669e000 rwxp 00000000 00:00 0 
b669e000-b66ad000 r-xp 00000000 08:02 153758     /usr/lib/jvm/java-6-sun-1.6.0.24/jre/lib/i386/libzip.so
b66ad000-b66af000 rwxp 0000e000 08:02 153758     /usr/lib/jvm/java-6-sun-1.6.0.24/jre/lib/i386/libzip.so
b66af000-b66b9000 r-xp 00000000 08:02 261489     /lib/i386-linux-gnu/libnss_files-2.13.so
b66b9000-b66ba000 r-xp 00009000 08:02 261489     /lib/i386-linux-gnu/libnss_files-2.13.so
b66ba000-b66bb000 rwxp 0000a000 08:02 261489     /lib/i386-linux-gnu/libnss_files-2.13.so
b66bb000-b66c4000 r-xp 00000000 08:02 261493     /lib/i386-linux-gnu/libnss_nis-2.13.so
b66c4000-b66c5000 r-xp 00008000 08:02 261493     /lib/i386-linux-gnu/libnss_nis-2.13.so
b66c5000-b66c6000 rwxp 00009000 08:02 261493     /lib/i386-linux-gnu/libnss_nis-2.13.so
b66c6000-b66c9000 r-xs 00012000 08:03 3182507    /home/ggervais/workspace_new/GameEngine/lib/jogl-2.0-b23-20110303-linux-i586/jar/nativewindow.all-noawt.jar
b66c9000-b66ca000 r-xs 00002000 08:03 3182504    /home/ggervais/workspace_new/GameEngine/lib/jogl-2.0-b23-20110303-linux-i586/jar/nativewindow-natives-linux-i586.jar
b66ca000-b66cc000 r-xs 0001e000 08:03 3182501    /home/ggervais/workspace_new/GameEngine/lib/jogl-2.0-b23-20110303-linux-i586/jar/jogl.util.jar
b66cc000-b66ce000 r-xs 00009000 08:02 153814     /usr/lib/jvm/java-6-sun-1.6.0.24/jre/lib/alt-string.jar
b66ce000-b66d0000 r-xs 0000e000 08:02 153889     /usr/lib/jvm/java-6-sun-1.6.0.24/jre/lib/alt-rt.jar
b66d0000-b66d3000 r-xp 00000000 08:02 153799     /usr/lib/jvm/java-6-sun-1.6.0.24/jre/lib/i386/libdt_socket.so
b66d3000-b66d4000 rwxp 00003000 08:02 153799     /usr/lib/jvm/java-6-sun-1.6.0.24/jre/lib/i386/libdt_socket.so
b66d4000-b66dc000 rwxs 00000000 08:02 655200     /tmp/hsperfdata_ggervais/4729
b66dc000-b67fc000 r-xp 00178000 08:02 139490     /usr/lib/locale/locale-archive
b67fc000-b69fc000 r-xp 00000000 08:02 139490     /usr/lib/locale/locale-archive
b69fc000-b6a36000 r-xp 00000000 08:02 153800     /usr/lib/jvm/java-6-sun-1.6.0.24/jre/lib/i386/libjdwp.so
b6a36000-b6a37000 rwxp 00039000 08:02 153800     /usr/lib/jvm/java-6-sun-1.6.0.24/jre/lib/i386/libjdwp.so
b6a37000-b6a4a000 r-xp 00000000 08:02 261483     /lib/i386-linux-gnu/libnsl-2.13.so
b6a4a000-b6a4b000 r-xp 00012000 08:02 261483     /lib/i386-linux-gnu/libnsl-2.13.so
b6a4b000-b6a4c000 rwxp 00013000 08:02 261483     /lib/i386-linux-gnu/libnsl-2.13.so
b6a4c000-b6a4e000 rwxp 00000000 00:00 0 
b6a4e000-b6a54000 r-xp 00000000 08:02 261485     /lib/i386-linux-gnu/libnss_compat-2.13.so
b6a54000-b6a55000 r-xp 00005000 08:02 261485     /lib/i386-linux-gnu/libnss_compat-2.13.so
b6a55000-b6a56000 rwxp 00006000 08:02 261485     /lib/i386-linux-gnu/libnss_compat-2.13.so
b6a56000-b6a5f000 r-xp 00000000 08:02 153796     /usr/lib/jvm/java-6-sun-1.6.0.24/jre/lib/i386/libinstrument.so
b6a5f000-b6a60000 rwxp 00008000 08:02 153796     /usr/lib/jvm/java-6-sun-1.6.0.24/jre/lib/i386/libinstrument.so
b6a60000-b6a63000 r-xp 00000000 08:02 153752     /usr/lib/jvm/java-6-sun-1.6.0.24/jre/lib/i386/libnpt.so
b6a63000-b6a64000 rwxp 00002000 08:02 153752     /usr/lib/jvm/java-6-sun-1.6.0.24/jre/lib/i386/libnpt.so
b6a64000-b6a87000 r-xp 00000000 08:02 153753     /usr/lib/jvm/java-6-sun-1.6.0.24/jre/lib/i386/libjava.so
b6a87000-b6a89000 rwxp 00023000 08:02 153753     /usr/lib/jvm/java-6-sun-1.6.0.24/jre/lib/i386/libjava.so
b6a89000-b6a90000 r-xp 00000000 08:02 261512     /lib/i386-linux-gnu/librt-2.13.so
b6a90000-b6a91000 r-xp 00006000 08:02 261512     /lib/i386-linux-gnu/librt-2.13.so
b6a91000-b6a92000 rwxp 00007000 08:02 261512     /lib/i386-linux-gnu/librt-2.13.so
b6a92000-b6a95000 ---p 00000000 00:00 0 
b6a95000-b6ae3000 rwxp 00000000 00:00 0 
b6ae3000-b6b07000 r-xp 00000000 08:02 261480     /lib/i386-linux-gnu/libm-2.13.so
b6b07000-b6b08000 r-xp 00023000 08:02 261480     /lib/i386-linux-gnu/libm-2.13.so
b6b08000-b6b09000 rwxp 00024000 08:02 261480     /lib/i386-linux-gnu/libm-2.13.so
b6b09000-b7296000 r-xp 00000000 08:02 153773     /usr/lib/jvm/java-6-sun-1.6.0.24/jre/lib/i386/server/libjvm.so
b7296000-b72e9000 rwxp 0078d000 08:02 153773     /usr/lib/jvm/java-6-sun-1.6.0.24/jre/lib/i386/server/libjvm.so
b72e9000-b7709000 rwxp 00000000 00:00 0 
b7709000-b7863000 r-xp 00000000 08:02 261443     /lib/i386-linux-gnu/libc-2.13.so
b7863000-b7864000 ---p 0015a000 08:02 261443     /lib/i386-linux-gnu/libc-2.13.so
b7864000-b7866000 r-xp 0015a000 08:02 261443     /lib/i386-linux-gnu/libc-2.13.so
b7866000-b7867000 rwxp 0015c000 08:02 261443     /lib/i386-linux-gnu/libc-2.13.so
b7867000-b786a000 rwxp 00000000 00:00 0 
b786a000-b786c000 r-xp 00000000 08:02 261453     /lib/i386-linux-gnu/libdl-2.13.so
b786c000-b786d000 r-xp 00001000 08:02 261453     /lib/i386-linux-gnu/libdl-2.13.so
b786d000-b786e000 rwxp 00002000 08:02 261453     /lib/i386-linux-gnu/libdl-2.13.so
b786e000-b7875000 r-xp 00000000 08:02 153762     /usr/lib/jvm/java-6-sun-1.6.0.24/jre/lib/i386/jli/libjli.so
b7875000-b7877000 rwxp 00006000 08:02 153762     /usr/lib/jvm/java-6-sun-1.6.0.24/jre/lib/i386/jli/libjli.so
b7877000-b788c000 r-xp 00000000 08:02 261508     /lib/i386-linux-gnu/libpthread-2.13.so
b788c000-b788d000 r-xp 00015000 08:02 261508     /lib/i386-linux-gnu/libpthread-2.13.so
b788d000-b788e000 rwxp 00016000 08:02 261508     /lib/i386-linux-gnu/libpthread-2.13.so
b788e000-b7891000 rwxp 00000000 00:00 0 
b7891000-b7892000 r-xs 00004000 08:03 3182815    /home/ggervais/workspace_new/GameEngine/lib/jogl-2.0-b23-20110303-linux-i586/jar/nativewindow.os.x11.jar
b7892000-b7898000 r-xp 00000000 08:02 153776     /usr/lib/jvm/java-6-sun-1.6.0.24/jre/lib/i386/native_threads/libhpi.so
b7898000-b7899000 rwxp 00006000 08:02 153776     /usr/lib/jvm/java-6-sun-1.6.0.24/jre/lib/i386/native_threads/libhpi.so
b7899000-b789a000 rwxp 00000000 00:00 0 
b789a000-b789b000 r-xp 00000000 00:00 0 
b789b000-b78a6000 r-xp 00000000 08:02 153787     /usr/lib/jvm/java-6-sun-1.6.0.24/jre/lib/i386/libverify.so
b78a6000-b78a7000 rwxp 0000b000 08:02 153787     /usr/lib/jvm/java-6-sun-1.6.0.24/jre/lib/i386/libverify.so
b78a7000-b78a9000 rwxp 00000000 00:00 0 
b78a9000-b78aa000 r-xp 00000000 00:00 0          [vdso]
b78aa000-b78c6000 r-xp 00000000 08:02 261430     /lib/i386-linux-gnu/ld-2.13.so
b78c6000-b78c7000 r-xp 0001b000 08:02 261430     /lib/i386-linux-gnu/ld-2.13.so
b78c7000-b78c8000 rwxp 0001c000 08:02 261430     /lib/i386-linux-gnu/ld-2.13.so
bfccf000-bfcf1000 rwxp 00000000 00:00 0          [stack]

VM Arguments:
jvm_args: -agentlib:jdwp=transport=dt_socket,address=127.0.0.1:59841,suspend=y,server=n -Djava.library.path=/home/ggervais/workspace_new/GameEngine/lib/jinput:/home/ggervais/workspace_new/GameEngine/lib/jogl-2.0-b23-20110303-linux-i586/lib -javaagent:/opt/idea-IC-103.255/plugins/Groovy/lib/agent/gragent.jar -Dfile.encoding=UTF-8 
java_command: com.ggervais.gameengine.testapp.Main
Launcher Type: SUN_STANDARD

Environment Variables:
CLASSPATH=../lib/bootstrap.jar:../lib/util.jar:../lib/jdom.jar:../lib/log4j.jar:../lib/extensions.jar:../lib/trove4j.jar:/usr/lib/jvm/java-6-openjdk/lib/tools.jar:
PATH=/home/ggervais/bin:/usr/local/sbin:/usr/local/bin:/usr/sbin:/usr/bin:/sbin:/bin:/usr/games:/opt/go/bin
USERNAME=ggervais
LD_LIBRARY_PATH=/usr/lib/jvm/java-6-sun-1.6.0.24/jre/lib/i386/server:/usr/lib/jvm/java-6-sun-1.6.0.24/jre/lib/i386:/usr/lib/jvm/java-6-sun-1.6.0.24/jre/../lib/i386:/usr/lib/jvm/java-6-openjdk/jre/lib/i386/server:/usr/lib/jvm/java-6-openjdk/jre/lib/i386:/usr/lib/jvm/java-6-openjdk/jre/../lib/i386:.:
SHELL=/bin/bash
DISPLAY=:0.0

Signal Handlers:
SIGSEGV: [libjvm.so+0x708f80], sa_mask[0]=0x7ffbfeff, sa_flags=0x10000004
SIGBUS: [libjvm.so+0x708f80], sa_mask[0]=0x7ffbfeff, sa_flags=0x10000004
SIGFPE: [libjvm.so+0x5c4100], sa_mask[0]=0x7ffbfeff, sa_flags=0x10000004
SIGPIPE: [libjvm.so+0x5c4100], sa_mask[0]=0x7ffbfeff, sa_flags=0x10000004
SIGXFSZ: [libjvm.so+0x5c4100], sa_mask[0]=0x7ffbfeff, sa_flags=0x10000004
SIGILL: [libjvm.so+0x5c4100], sa_mask[0]=0x7ffbfeff, sa_flags=0x10000004
SIGUSR1: SIG_DFL, sa_mask[0]=0x00000000, sa_flags=0x00000000
SIGUSR2: [libjvm.so+0x5c70e0], sa_mask[0]=0x00000004, sa_flags=0x10000004
SIGHUP: [libjvm.so+0x5c6cc0], sa_mask[0]=0x7ffbfeff, sa_flags=0x10000004
SIGINT: [libjvm.so+0x5c6cc0], sa_mask[0]=0x7ffbfeff, sa_flags=0x10000004
SIGTERM: [libjvm.so+0x5c6cc0], sa_mask[0]=0x7ffbfeff, sa_flags=0x10000004
SIGQUIT: [libjvm.so+0x5c6cc0], sa_mask[0]=0x7ffbfeff, sa_flags=0x10000004


---------------  S Y S T E M  ---------------

OS:squeeze/sid

uname:Linux 2.6.38-8-generic #42-Ubuntu SMP Mon Apr 11 03:31:50 UTC 2011 i686
libc:glibc 2.13 NPTL 2.13 
rlimit: STACK 8192k, CORE 0k, NPROC infinity, NOFILE 4096, AS infinity
load average:0.25 0.16 0.12

/proc/meminfo:
MemTotal:        3354092 kB
MemFree:          319924 kB
Buffers:          665768 kB
Cached:          1009528 kB
SwapCached:            0 kB
Active:          1616176 kB
Inactive:        1217228 kB
Active(anon):    1039036 kB
Inactive(anon):   124572 kB
Active(file):     577140 kB
Inactive(file):  1092656 kB
Unevictable:          16 kB
Mlocked:              16 kB
HighTotal:       2498248 kB
HighFree:         308956 kB
LowTotal:         855844 kB
LowFree:           10968 kB
SwapTotal:        979928 kB
SwapFree:         979928 kB
Dirty:               816 kB
Writeback:             0 kB
AnonPages:       1158108 kB
Mapped:           168200 kB
Shmem:              5500 kB
Slab:             141388 kB
SReclaimable:     100532 kB
SUnreclaim:        40856 kB
KernelStack:        3304 kB
PageTables:         7772 kB
NFS_Unstable:          0 kB
Bounce:                0 kB
WritebackTmp:          0 kB
CommitLimit:     2656972 kB
Committed_AS:    2915496 kB
VmallocTotal:     122880 kB
VmallocUsed:       70440 kB
VmallocChunk:      44540 kB
HardwareCorrupted:     0 kB
HugePages_Total:       0
HugePages_Free:        0
HugePages_Rsvd:        0
HugePages_Surp:        0
Hugepagesize:       4096 kB
DirectMap4k:      299000 kB
DirectMap4M:      610304 kB


CPU:total 2 (2 cores per cpu, 1 threads per core) family 6 model 15 stepping 6, cmov, cx8, fxsr, mmx, sse, sse2, sse3, ssse3

Memory: 4k page, physical 3354092k(319924k free), swap 979928k(979928k free)

vm_info: Java HotSpot(TM) Server VM (19.1-b02) for linux-x86 JRE (1.6.0_24-b07), built on Feb  2 2011 16:51:52 by "java_re" with gcc 3.2.1-7a (J2SE release)

time: Sun Jun 26 14:35:09 2011
elapsed time: 1 seconds

