#
# A fatal error has been detected by the Java Runtime Environment:
#
#  SIGSEGV (0xb) at pc=0x7af8e9df, pid=6153, tid=2032089968
#
# JRE version: 6.0_24-b07
# Java VM: Java HotSpot(TM) Server VM (19.1-b02 mixed mode linux-x86 )
# Problematic frame:
# C  [libGL.so.1+0x5c9df]
#
# If you would like to submit a bug report, please visit:
#   http://java.sun.com/webapps/bugreport/crash.jsp
# The crash happened outside the Java Virtual Machine in native code.
# See problematic frame for where to report the bug.
#

---------------  T H R E A D  ---------------

Current thread (0x7b08f400):  JavaThread "AWT-EventQueue-0" [_thread_in_native, id=6279, stack(0x791a3000,0x791f4000)]

siginfo:si_signo=SIGSEGV: si_errno=0, si_code=1 (SEGV_MAPERR), si_addr=0x7914f000

Registers:
EAX=0x7914f000, EBX=0x00000000, ECX=0x791f3b70, EDX=0x7af8fb80
ESP=0x791f1df0, EBP=0x00000001, ESI=0x7afd6000, EDI=0x09b9bc80
EIP=0x7af8e9df, CR2=0x7914f000, EFLAGS=0x00010206

Register to memory mapping:

EAX=0x7914f000
0x7914f000 is pointing to unknown location

EBX=0x00000000
0x00000000 is pointing to unknown location

ECX=0x791f3b70
0x791f3b70 is pointing into the stack for thread: 0x7b08f400
"AWT-EventQueue-0" prio=10 tid=0x7b08f400 nid=0x1887 runnable [0x791f1000]
   java.lang.Thread.State: RUNNABLE

EDX=0x7af8fb80
0x7af8fb80: <offset 0x5db80> in /usr/lib/nvidia-current/libGL.so.1 at 0x7af32000

ESP=0x791f1df0
0x791f1df0 is pointing into the stack for thread: 0x7b08f400
"AWT-EventQueue-0" prio=10 tid=0x7b08f400 nid=0x1887 runnable [0x791f1000]
   java.lang.Thread.State: RUNNABLE

EBP=0x00000001
0x00000001 is pointing to unknown location

ESI=0x7afd6000
0x7afd6000: <offset 0xa4000> in /usr/lib/nvidia-current/libGL.so.1 at 0x7af32000

EDI=0x09b9bc80
0x09b9bc80 is pointing to unknown location


Top of Stack: (sp=0x791f1df0)
0x791f1df0:   00000000 7c7ff188 00000000 7c407ff8
0x791f1e00:   00000000 791f1e10 791f1e4c b360b18d
0x791f1e10:   00000000 7aff0b60 00010004 00000001
0x791f1e20:   00000000 00000000 7af8fb80 791f1e2c
0x791f1e30:   7b680be0 00000000 791f1e38 b714af1e
0x791f1e40:   791f1e60 000001e0 7b680bec 7c7e2e48
0x791f1e50:   09b9bc80 7b08f400 791f1ed8 7af80c10
0x791f1e60:   09acb7b0 04600012 04600012 09b9bc80 

Instructions: (pc=0x7af8e9df)
0x7af8e9cf:   44 24 74 85 c0 74 2a 8b 87 a4 06 00 00 8b 40 24
0x7af8e9df:   8b 00 f7 80 04 d5 03 00 00 00 00 4e 0f 85 55 05 

Stack: [0x791a3000,0x791f4000],  sp=0x791f1df0,  free space=315k
Native frames: (J=compiled Java code, j=interpreted, Vv=VM code, C=native code)
C  [libGL.so.1+0x5c9df]

Java frames: (J=compiled Java code, j=interpreted, Vv=VM code)
j  jogamp.opengl.x11.glx.GLX.dispatch_glXMakeContextCurrent1(JJJJJ)Z+0
j  jogamp.opengl.x11.glx.GLX.glXMakeContextCurrent(JJJJ)Z+33
j  jogamp.opengl.x11.glx.X11GLXContext.glXMakeContextCurrent(JJJJ)Z+16
j  jogamp.opengl.x11.glx.X11GLXContext.makeCurrentImpl(Z)V+49
j  jogamp.opengl.GLContextImpl.makeCurrentLocking()I+259
j  jogamp.opengl.GLContextImpl.makeCurrent()I+106
j  jogamp.opengl.GLDrawableHelper.invokeGL(Ljavax/media/opengl/GLDrawable;Ljavax/media/opengl/GLContext;Ljava/lang/Runnable;Ljava/lang/Runnable;)V+147
j  javax.media.opengl.awt.GLCanvas.maybeDoSingleThreadedWorkaround(Ljava/lang/Runnable;Ljava/lang/Runnable;)V+36
j  javax.media.opengl.awt.GLCanvas.display()V+31
j  javax.media.opengl.awt.GLCanvas.paint(Ljava/awt/Graphics;)V+135
j  javax.media.opengl.awt.GLCanvas.update(Ljava/awt/Graphics;)V+2
j  sun.awt.RepaintArea.updateComponent(Ljava/awt/Component;Ljava/awt/Graphics;)V+6
j  sun.awt.X11.XRepaintArea.updateComponent(Ljava/awt/Component;Ljava/awt/Graphics;)V+23
j  sun.awt.RepaintArea.paint(Ljava/lang/Object;Z)V+263
j  sun.awt.X11.XComponentPeer.handleEvent(Ljava/awt/AWTEvent;)V+224
j  java.awt.Component.dispatchEventImpl(Ljava/awt/AWTEvent;)V+853
j  java.awt.Component.dispatchEvent(Ljava/awt/AWTEvent;)V+2
j  java.awt.EventQueue.dispatchEventImpl(Ljava/awt/AWTEvent;Ljava/lang/Object;)V+41
j  java.awt.EventQueue.access$000(Ljava/awt/EventQueue;Ljava/awt/AWTEvent;Ljava/lang/Object;)V+3
j  java.awt.EventQueue$1.run()Ljava/lang/Void;+12
j  java.awt.EventQueue$1.run()Ljava/lang/Object;+1
v  ~StubRoutines::call_stub
j  java.security.AccessController.doPrivileged(Ljava/security/PrivilegedAction;Ljava/security/AccessControlContext;)Ljava/lang/Object;+0
j  java.security.AccessControlContext$1.doIntersectionPrivilege(Ljava/security/PrivilegedAction;Ljava/security/AccessControlContext;Ljava/security/AccessControlContext;)Ljava/lang/Object;+28
j  java.security.AccessControlContext$1.doIntersectionPrivilege(Ljava/security/PrivilegedAction;Ljava/security/AccessControlContext;)Ljava/lang/Object;+6
j  java.awt.EventQueue$2.run()Ljava/lang/Void;+11
j  java.awt.EventQueue$2.run()Ljava/lang/Object;+1
v  ~StubRoutines::call_stub
j  java.security.AccessController.doPrivileged(Ljava/security/PrivilegedAction;Ljava/security/AccessControlContext;)Ljava/lang/Object;+0
j  java.security.AccessControlContext$1.doIntersectionPrivilege(Ljava/security/PrivilegedAction;Ljava/security/AccessControlContext;Ljava/security/AccessControlContext;)Ljava/lang/Object;+28
j  java.awt.EventQueue.dispatchEvent(Ljava/awt/AWTEvent;)V+73
j  java.awt.EventDispatchThread.pumpOneEventForFilters(I)Z+204
j  java.awt.EventDispatchThread.pumpEventsForFilter(ILjava/awt/Conditional;Ljava/awt/EventFilter;)V+30
j  java.awt.EventDispatchThread.pumpEventsForHierarchy(ILjava/awt/Conditional;Ljava/awt/Component;)V+11
j  java.awt.EventDispatchThread.pumpEvents(ILjava/awt/Conditional;)V+4
j  java.awt.EventDispatchThread.pumpEvents(Ljava/awt/Conditional;)V+3
j  java.awt.EventDispatchThread.run()V+9
v  ~StubRoutines::call_stub

---------------  P R O C E S S  ---------------

Java Threads: ( => current thread )
  0x09b9bc00 JavaThread "XToolkit-Shutdown-Thread" [_thread_blocked, id=6292, stack(0x791f7000,0x79248000)]
  0x09cfa800 JavaThread "Thread-1" [_thread_blocked, id=6290, stack(0x794a6000,0x794f7000)]
  0x09be0800 JavaThread "Thread-3" [_thread_blocked, id=6289, stack(0x794f7000,0x79548000)]
  0x09994c00 JavaThread "SIGTERM handler" daemon [_thread_blocked, id=6287, stack(0x7b91a000,0x7b96b000)]
=>0x7b08f400 JavaThread "AWT-EventQueue-0" [_thread_in_native, id=6279, stack(0x791a3000,0x791f4000)]
  0x7b689c00 JavaThread "AWT-Shutdown" [_thread_blocked, id=6278, stack(0x7b209000,0x7b25a000)]
  0x7b019400 JavaThread "Thread-2" daemon [_thread_in_native, id=6277, stack(0x7b147000,0x7b198000)]
  0x7b01e400 JavaThread "main-SharedResourceRunner" daemon [_thread_blocked, id=6184, stack(0x7974d000,0x7979e000)]
  0x7b6f5c00 JavaThread "AWT-XAWT" daemon [_thread_blocked, id=6181, stack(0x7b25a000,0x7b2ab000)]
  0x09aff000 JavaThread "Java2D Disposer" daemon [_thread_blocked, id=6180, stack(0x7b2ef000,0x7b340000)]
  0x099aec00 JavaThread "Low Memory Detector" daemon [_thread_blocked, id=6177, stack(0x7b7c7000,0x7b818000)]
  0x099a3800 JavaThread "CompilerThread1" daemon [_thread_blocked, id=6176, stack(0x7b818000,0x7b899000)]
  0x099a1c00 JavaThread "CompilerThread0" daemon [_thread_blocked, id=6175, stack(0x7b899000,0x7b91a000)]
  0x09993000 JavaThread "JDWP Event Helper Thread" daemon [_thread_blocked, id=6169, stack(0x7b96b000,0x7b9bc000)]
  0x09990800 JavaThread "JDWP Transport Listener: dt_socket" daemon [_thread_in_native, id=6167, stack(0x7b9bc000,0x7ba0d000)]
  0x09988800 JavaThread "Signal Dispatcher" daemon [_thread_blocked, id=6165, stack(0x7ba11000,0x7ba62000)]
  0x09977400 JavaThread "Finalizer" daemon [_thread_blocked, id=6164, stack(0x7ba62000,0x7bab3000)]
  0x09975c00 JavaThread "Reference Handler" daemon [_thread_blocked, id=6163, stack(0x7bab3000,0x7bb04000)]
  0x098f6400 JavaThread "main" [_thread_blocked, id=6159, stack(0xb69e9000,0xb6a3a000)]

Other Threads:
  0x09972000 VMThread [stack: 0x7bb04000,0x7bb85000] [id=6162]
  0x099b0c00 WatcherThread [stack: 0x7b746000,0x7b7c7000] [id=6178]

VM state:not at safepoint (normal execution)

VM Mutex/Monitor currently owned by a thread: None

Heap
 PSYoungGen      total 28416K, used 10077K [0xa23f0000, 0xa41d0000, 0xb3540000)
  eden space 26240K, 30% used [0xa23f0000,0xa2ba7d28,0xa3d90000)
  from space 2176K, 99% used [0xa3fb0000,0xa41cf7a0,0xa41d0000)
  to   space 2176K, 0% used [0xa3d90000,0xa3d90000,0xa3fb0000)
 PSOldGen        total 34944K, used 1704K [0x80140000, 0x82360000, 0xa23f0000)
  object space 34944K, 4% used [0x80140000,0x802ea290,0x82360000)
 PSPermGen       total 16384K, used 11708K [0x7c140000, 0x7d140000, 0x80140000)
  object space 16384K, 71% used [0x7c140000,0x7ccaf358,0x7d140000)

Dynamic libraries:
08048000-08052000 r-xp 00000000 08:02 153707     /usr/lib/jvm/java-6-sun-1.6.0.24/jre/bin/java
08052000-08053000 rwxp 00009000 08:02 153707     /usr/lib/jvm/java-6-sun-1.6.0.24/jre/bin/java
098ee000-09f74000 rwxp 00000000 00:00 0          [heap]
78c5b000-78cf9000 rwxp 00000000 00:00 0 
78dfa000-78efc000 rwxp 00000000 00:00 0 
79000000-790cd000 rwxp 00000000 00:00 0 
790cd000-79100000 ---p 00000000 00:00 0 
791a3000-791a6000 ---p 00000000 00:00 0 
791a6000-791f4000 rwxp 00000000 00:00 0 
791f7000-791fa000 ---p 00000000 00:00 0 
791fa000-79248000 rwxp 00000000 00:00 0 
79248000-79448000 rwxs 2b627000 00:05 8595       /dev/nvidia0
79455000-79458000 ---p 00000000 00:00 0 
79458000-794a6000 rwxp 00000000 00:00 0 
794a6000-794a9000 ---p 00000000 00:00 0 
794a9000-794f7000 rwxp 00000000 00:00 0 
794f7000-794fa000 ---p 00000000 00:00 0 
794fa000-79548000 rwxp 00000000 00:00 0 
79646000-79649000 r-xs 000cb000 08:02 153662     /usr/lib/jvm/java-6-sun-1.6.0.24/jre/lib/ext/localedata.jar
79649000-7964c000 r-xp 00000000 08:03 5242950    /home/ggervais/workspace_new/GameEngine/lib/jinput/libjinput-linux.so
7964c000-7964d000 r-xp 00002000 08:03 5242950    /home/ggervais/workspace_new/GameEngine/lib/jinput/libjinput-linux.so
7964d000-7964e000 rwxp 00003000 08:03 5242950    /home/ggervais/workspace_new/GameEngine/lib/jinput/libjinput-linux.so
7964e000-796a2000 r-xp 00000000 08:02 153779     /usr/lib/jvm/java-6-sun-1.6.0.24/jre/lib/i386/libcmm.so
796a2000-796a5000 rwxp 00054000 08:02 153779     /usr/lib/jvm/java-6-sun-1.6.0.24/jre/lib/i386/libcmm.so
796a5000-796d3000 r-xp 00000000 08:02 153764     /usr/lib/jvm/java-6-sun-1.6.0.24/jre/lib/i386/libjpeg.so
796d3000-796d4000 rwxp 0002e000 08:02 153764     /usr/lib/jvm/java-6-sun-1.6.0.24/jre/lib/i386/libjpeg.so
796d4000-7974d000 rwxp 00000000 00:00 0 
7974d000-79750000 ---p 00000000 00:00 0 
79750000-7979e000 rwxp 00000000 00:00 0 
7979e000-7980e000 r-xp 00000000 08:03 4014110    /home/ggervais/workspace_new/GameEngine/lib/jogl-2.0-b23-20110303-linux-i586/lib/libjogl_desktop.so
7980e000-7980f000 r-xp 0006f000 08:03 4014110    /home/ggervais/workspace_new/GameEngine/lib/jogl-2.0-b23-20110303-linux-i586/lib/libjogl_desktop.so
7980f000-79810000 rwxp 00070000 08:03 4014110    /home/ggervais/workspace_new/GameEngine/lib/jogl-2.0-b23-20110303-linux-i586/lib/libjogl_desktop.so
79810000-7aec5000 r-xp 00000000 08:02 154243     /usr/lib/nvidia-current/libnvidia-glcore.so.270.41.06
7aec5000-7af21000 rwxp 016b4000 08:02 154243     /usr/lib/nvidia-current/libnvidia-glcore.so.270.41.06
7af21000-7af32000 rwxp 00000000 00:00 0 
7af32000-7afd3000 r-xp 00000000 08:02 154239     /usr/lib/nvidia-current/libGL.so.270.41.06
7afd3000-7aff1000 rwxp 000a1000 08:02 154239     /usr/lib/nvidia-current/libGL.so.270.41.06
7aff1000-7b000000 rwxp 00000000 00:00 0 
7b000000-7b100000 rwxp 00000000 00:00 0 
7b102000-7b108000 r-xp 00000000 08:02 136700     /usr/lib/i386-linux-gnu/libXrandr.so.2.2.0
7b108000-7b109000 r-xp 00005000 08:02 136700     /usr/lib/i386-linux-gnu/libXrandr.so.2.2.0
7b109000-7b10a000 rwxp 00006000 08:02 136700     /usr/lib/i386-linux-gnu/libXrandr.so.2.2.0
7b116000-7b131000 rwxs 2d400000 00:05 8595       /dev/nvidia0
7b131000-7b145000 r-xp 00000000 08:03 4014112    /home/ggervais/workspace_new/GameEngine/lib/jogl-2.0-b23-20110303-linux-i586/lib/libjogl_es2.so
7b145000-7b146000 r-xp 00013000 08:03 4014112    /home/ggervais/workspace_new/GameEngine/lib/jogl-2.0-b23-20110303-linux-i586/lib/libjogl_es2.so
7b146000-7b147000 rwxp 00014000 08:03 4014112    /home/ggervais/workspace_new/GameEngine/lib/jogl-2.0-b23-20110303-linux-i586/lib/libjogl_es2.so
7b147000-7b14a000 ---p 00000000 00:00 0 
7b14a000-7b198000 rwxp 00000000 00:00 0 
7b198000-7b19e000 r-xs 00000000 08:02 556843     /var/cache/fontconfig/945677eb7aeaf62f1d50efc3fb3ec7d8-le32d4.cache-3
7b19e000-7b1a0000 r-xs 00000000 08:02 556844     /var/cache/fontconfig/99e8ed0e538f840c565b6ed5dad60d56-le32d4.cache-3
7b1a0000-7b1a3000 r-xs 00000000 08:02 556854     /var/cache/fontconfig/e383d7ea5fbe662a33d9b44caf393297-le32d4.cache-3
7b1a3000-7b1a8000 r-xs 00000000 08:02 563893     /var/cache/fontconfig/401a5dd6b567794a1d18dd9342dfa604-le32d4.cache-3
7b1a8000-7b1aa000 r-xs 00000000 08:02 556831     /var/cache/fontconfig/2cd17615ca594fa2959ae173292e504c-le32d4.cache-3
7b1aa000-7b1ae000 r-xs 00000000 08:02 556845     /var/cache/fontconfig/a755afe4a08bf5b97852ceb7400b47bc-le32d4.cache-3
7b1ae000-7b1b2000 r-xs 00000000 08:02 558741     /var/cache/fontconfig/515ca1ebc4b18308bea979be5704f9db-le32d4.cache-3
7b1b2000-7b1b9000 r-xs 00000000 08:02 525846     /var/cache/fontconfig/6d41288fd70b0be22e8c3a91e032eec0-le32d4.cache-3
7b1b9000-7b1c4000 r-xs 00000000 08:02 556829     /var/cache/fontconfig/0f34bcd4b6ee430af32735b75db7f02b-le32d4.cache-3
7b1c4000-7b1e6000 r-xs 00000000 08:02 563437     /var/cache/fontconfig/365b55f210c0a22e9a19e35191240f32-le32d4.cache-3
7b1e9000-7b1ed000 rwxs 2b6e4000 00:05 8595       /dev/nvidia0
7b1f1000-7b1f2000 rwxs fd060000 00:05 8595       /dev/nvidia0
7b1f2000-7b1f3000 r-xp 00000000 08:02 154231     /usr/lib/nvidia-current/tls/libnvidia-tls.so.270.41.06
7b1f3000-7b1f4000 rwxp 00000000 08:02 154231     /usr/lib/nvidia-current/tls/libnvidia-tls.so.270.41.06
7b1f4000-7b207000 r-xp 00000000 08:03 4014111    /home/ggervais/workspace_new/GameEngine/lib/jogl-2.0-b23-20110303-linux-i586/lib/libjogl_es1.so
7b207000-7b208000 r-xp 00012000 08:03 4014111    /home/ggervais/workspace_new/GameEngine/lib/jogl-2.0-b23-20110303-linux-i586/lib/libjogl_es1.so
7b208000-7b209000 rwxp 00013000 08:03 4014111    /home/ggervais/workspace_new/GameEngine/lib/jogl-2.0-b23-20110303-linux-i586/lib/libjogl_es1.so
7b209000-7b20c000 ---p 00000000 00:00 0 
7b20c000-7b25a000 rwxp 00000000 00:00 0 
7b25a000-7b25d000 ---p 00000000 00:00 0 
7b25d000-7b2ab000 rwxp 00000000 00:00 0 
7b2ab000-7b2af000 r-xp 00000000 08:02 136692     /usr/lib/i386-linux-gnu/libXfixes.so.3.1.0
7b2af000-7b2b0000 r-xp 00003000 08:02 136692     /usr/lib/i386-linux-gnu/libXfixes.so.3.1.0
7b2b0000-7b2b1000 rwxp 00004000 08:02 136692     /usr/lib/i386-linux-gnu/libXfixes.so.3.1.0
7b2b1000-7b2b9000 r-xp 00000000 08:02 136702     /usr/lib/i386-linux-gnu/libXrender.so.1.3.0
7b2b9000-7b2ba000 r-xp 00007000 08:02 136702     /usr/lib/i386-linux-gnu/libXrender.so.1.3.0
7b2ba000-7b2bb000 rwxp 00008000 08:02 136702     /usr/lib/i386-linux-gnu/libXrender.so.1.3.0
7b2bb000-7b2c3000 r-xp 00000000 08:02 136684     /usr/lib/i386-linux-gnu/libXcursor.so.1.0.2
7b2c3000-7b2c4000 r-xp 00007000 08:02 136684     /usr/lib/i386-linux-gnu/libXcursor.so.1.0.2
7b2c4000-7b2c5000 rwxp 00008000 08:02 136684     /usr/lib/i386-linux-gnu/libXcursor.so.1.0.2
7b2c5000-7b2c9000 r-xp 00000000 08:03 4014114    /home/ggervais/workspace_new/GameEngine/lib/jogl-2.0-b23-20110303-linux-i586/lib/libnativewindow_x11.so
7b2c9000-7b2ca000 r-xp 00003000 08:03 4014114    /home/ggervais/workspace_new/GameEngine/lib/jogl-2.0-b23-20110303-linux-i586/lib/libnativewindow_x11.so
7b2ca000-7b2cb000 rwxp 00004000 08:03 4014114    /home/ggervais/workspace_new/GameEngine/lib/jogl-2.0-b23-20110303-linux-i586/lib/libnativewindow_x11.so
7b2cb000-7b2cd000 r-xp 00000000 08:02 136698     /usr/lib/i386-linux-gnu/libXinerama.so.1.0.0
7b2cd000-7b2ce000 r-xp 00001000 08:02 136698     /usr/lib/i386-linux-gnu/libXinerama.so.1.0.0
7b2ce000-7b2cf000 rwxp 00002000 08:02 136698     /usr/lib/i386-linux-gnu/libXinerama.so.1.0.0
7b2cf000-7b2d3000 r-xp 00000000 08:02 136706     /usr/lib/i386-linux-gnu/libXxf86vm.so.1.0.0
7b2d3000-7b2d4000 r-xp 00003000 08:02 136706     /usr/lib/i386-linux-gnu/libXxf86vm.so.1.0.0
7b2d4000-7b2d5000 rwxp 00004000 08:02 136706     /usr/lib/i386-linux-gnu/libXxf86vm.so.1.0.0
7b2d5000-7b2d6000 r-xp 00000000 08:03 4014113    /home/ggervais/workspace_new/GameEngine/lib/jogl-2.0-b23-20110303-linux-i586/lib/libnativewindow_awt.so
7b2d6000-7b2d7000 r-xp 00000000 08:03 4014113    /home/ggervais/workspace_new/GameEngine/lib/jogl-2.0-b23-20110303-linux-i586/lib/libnativewindow_awt.so
7b2d7000-7b2d8000 rwxp 00001000 08:03 4014113    /home/ggervais/workspace_new/GameEngine/lib/jogl-2.0-b23-20110303-linux-i586/lib/libnativewindow_awt.so
7b2d8000-7b2d9000 r-xp 00000000 08:02 153760     /usr/lib/jvm/java-6-sun-1.6.0.24/jre/lib/i386/libjawt.so
7b2d9000-7b2da000 rwxp 00000000 08:02 153760     /usr/lib/jvm/java-6-sun-1.6.0.24/jre/lib/i386/libjawt.so
7b2da000-7b2db000 r-xs 00000000 08:02 563892     /var/cache/fontconfig/26de28bc8622bbc1fb67fd234c21975f-le32d4.cache-3
7b2db000-7b2dc000 r-xs 00000000 08:02 556855     /var/cache/fontconfig/e7071f4a29fa870f4323321c154eba04-le32d4.cache-3
7b2dc000-7b2df000 r-xs 00000000 08:02 556840     /var/cache/fontconfig/6eb3985aa4124903f6ff08ba781cd364-le32d4.cache-3
7b2df000-7b2e7000 r-xs 00000000 08:02 556850     /var/cache/fontconfig/d52a8644073d54c13679302ca1180695-le32d4.cache-3
7b2e7000-7b2ef000 r-xs 00000000 08:02 564351     /var/cache/fontconfig/e13b20fdb08344e0e664864cc2ede53d-le32d4.cache-3
7b2ef000-7b2f2000 ---p 00000000 00:00 0 
7b2f2000-7b340000 rwxp 00000000 00:00 0 
7b340000-7b3b9000 r-xp 00000000 08:02 153804     /usr/lib/jvm/java-6-sun-1.6.0.24/jre/lib/i386/libfontmanager.so
7b3b9000-7b3c3000 rwxp 00078000 08:02 153804     /usr/lib/jvm/java-6-sun-1.6.0.24/jre/lib/i386/libfontmanager.so
7b3c3000-7b3c8000 rwxp 00000000 00:00 0 
7b3c8000-7b3df000 r-xp 00000000 08:02 136828     /usr/lib/i386-linux-gnu/libxcb.so.1.1.0
7b3df000-7b3e0000 r-xp 00016000 08:02 136828     /usr/lib/i386-linux-gnu/libxcb.so.1.1.0
7b3e0000-7b3e1000 rwxp 00017000 08:02 136828     /usr/lib/i386-linux-gnu/libxcb.so.1.1.0
7b3e1000-7b3ee000 r-xp 00000000 08:02 136696     /usr/lib/i386-linux-gnu/libXi.so.6.1.0
7b3ee000-7b3ef000 r-xp 0000c000 08:02 136696     /usr/lib/i386-linux-gnu/libXi.so.6.1.0
7b3ef000-7b3f0000 rwxp 0000d000 08:02 136696     /usr/lib/i386-linux-gnu/libXi.so.6.1.0
7b3f0000-7b506000 r-xp 00000000 08:02 136678     /usr/lib/i386-linux-gnu/libX11.so.6.3.0
7b506000-7b507000 ---p 00116000 08:02 136678     /usr/lib/i386-linux-gnu/libX11.so.6.3.0
7b507000-7b508000 r-xp 00116000 08:02 136678     /usr/lib/i386-linux-gnu/libX11.so.6.3.0
7b508000-7b50a000 rwxp 00117000 08:02 136678     /usr/lib/i386-linux-gnu/libX11.so.6.3.0
7b50a000-7b50b000 rwxp 00000000 00:00 0 
7b50b000-7b54e000 r-xp 00000000 08:02 153789     /usr/lib/jvm/java-6-sun-1.6.0.24/jre/lib/i386/xawt/libmawt.so
7b54e000-7b550000 rwxp 00043000 08:02 153789     /usr/lib/jvm/java-6-sun-1.6.0.24/jre/lib/i386/xawt/libmawt.so
7b550000-7b551000 rwxp 00000000 00:00 0 
7b551000-7b5d5000 r-xp 00000000 08:02 153756     /usr/lib/jvm/java-6-sun-1.6.0.24/jre/lib/i386/libawt.so
7b5d5000-7b5dc000 rwxp 00084000 08:02 153756     /usr/lib/jvm/java-6-sun-1.6.0.24/jre/lib/i386/libawt.so
7b5dc000-7b600000 rwxp 00000000 00:00 0 
7b600000-7b6f7000 rwxp 00000000 00:00 0 
7b6f7000-7b700000 ---p 00000000 00:00 0 
7b700000-7b701000 r-xs 00000000 08:02 556846     /var/cache/fontconfig/c05880de57d1f5e948fdfacc138775d9-le32d4.cache-3
7b701000-7b705000 r-xp 00000000 08:02 136688     /usr/lib/i386-linux-gnu/libXdmcp.so.6.0.0
7b705000-7b706000 r-xp 00003000 08:02 136688     /usr/lib/i386-linux-gnu/libXdmcp.so.6.0.0
7b706000-7b707000 rwxp 00004000 08:02 136688     /usr/lib/i386-linux-gnu/libXdmcp.so.6.0.0
7b707000-7b709000 r-xp 00000000 08:02 136680     /usr/lib/i386-linux-gnu/libXau.so.6.0.0
7b709000-7b70a000 r-xp 00001000 08:02 136680     /usr/lib/i386-linux-gnu/libXau.so.6.0.0
7b70a000-7b70b000 rwxp 00002000 08:02 136680     /usr/lib/i386-linux-gnu/libXau.so.6.0.0
7b70b000-7b70f000 r-xp 00000000 08:02 133973     /usr/lib/libXtst.so.6.1.0
7b70f000-7b710000 r-xp 00003000 08:02 133973     /usr/lib/libXtst.so.6.1.0
7b710000-7b711000 rwxp 00004000 08:02 133973     /usr/lib/libXtst.so.6.1.0
7b711000-7b71e000 r-xp 00000000 08:02 136690     /usr/lib/i386-linux-gnu/libXext.so.6.4.0
7b71e000-7b71f000 r-xp 0000c000 08:02 136690     /usr/lib/i386-linux-gnu/libXext.so.6.4.0
7b71f000-7b720000 rwxp 0000d000 08:02 136690     /usr/lib/i386-linux-gnu/libXext.so.6.4.0
7b720000-7b721000 r-xs 00000000 08:02 556835     /var/cache/fontconfig/4c73fe0c47614734b17d736dbde7580a-le32d4.cache-3
7b721000-7b724000 r-xs 00000000 08:02 556851     /var/cache/fontconfig/d60319d88cac85ba9e1a07bd06cfbb8c-le32d4.cache-3
7b724000-7b727000 r-xs 00000000 08:02 563887     /var/cache/fontconfig/7ef2298fde41cc6eeb7af42e48b7d293-le32d4.cache-3
7b727000-7b728000 r-xp 00000000 08:03 4014089    /home/ggervais/workspace_new/GameEngine/lib/jogl-2.0-b23-20110303-linux-i586/lib/libgluegen-rt.so
7b728000-7b729000 r-xp 00000000 08:03 4014089    /home/ggervais/workspace_new/GameEngine/lib/jogl-2.0-b23-20110303-linux-i586/lib/libgluegen-rt.so
7b729000-7b72a000 rwxp 00001000 08:03 4014089    /home/ggervais/workspace_new/GameEngine/lib/jogl-2.0-b23-20110303-linux-i586/lib/libgluegen-rt.so
7b72a000-7b72c000 r-xs 00004000 08:03 5242952    /home/ggervais/workspace_new/GameEngine/lib/jinput/jinput-test.jar
7b72c000-7b731000 r-xs 00030000 08:03 5242951    /home/ggervais/workspace_new/GameEngine/lib/jinput/jinput.jar
7b731000-7b735000 r-xs 00028000 08:03 3182818    /home/ggervais/workspace_new/GameEngine/lib/jogl-2.0-b23-20110303-linux-i586/jar/newt.all.jar
7b735000-7b739000 r-xs 0001c000 08:03 3182511    /home/ggervais/workspace_new/GameEngine/lib/jogl-2.0-b23-20110303-linux-i586/jar/nativewindow.all.jar
7b739000-7b746000 r-xs 00242000 08:03 3180935    /home/ggervais/workspace_new/GameEngine/lib/jogl-2.0-b23-20110303-linux-i586/jar/jogl.all.jar
7b746000-7b747000 ---p 00000000 00:00 0 
7b747000-7b7c7000 rwxp 00000000 00:00 0 
7b7c7000-7b7ca000 ---p 00000000 00:00 0 
7b7ca000-7b818000 rwxp 00000000 00:00 0 
7b818000-7b81b000 ---p 00000000 00:00 0 
7b81b000-7b899000 rwxp 00000000 00:00 0 
7b899000-7b89c000 ---p 00000000 00:00 0 
7b89c000-7b91a000 rwxp 00000000 00:00 0 
7b91a000-7b91d000 ---p 00000000 00:00 0 
7b91d000-7b96b000 rwxp 00000000 00:00 0 
7b96b000-7b96e000 ---p 00000000 00:00 0 
7b96e000-7b9bc000 rwxp 00000000 00:00 0 
7b9bc000-7b9bf000 ---p 00000000 00:00 0 
7b9bf000-7ba0d000 rwxp 00000000 00:00 0 
7ba0d000-7ba10000 r-xp 00000000 08:02 153799     /usr/lib/jvm/java-6-sun-1.6.0.24/jre/lib/i386/libdt_socket.so
7ba10000-7ba11000 rwxp 00003000 08:02 153799     /usr/lib/jvm/java-6-sun-1.6.0.24/jre/lib/i386/libdt_socket.so
7ba11000-7ba14000 ---p 00000000 00:00 0 
7ba14000-7ba62000 rwxp 00000000 00:00 0 
7ba62000-7ba65000 ---p 00000000 00:00 0 
7ba65000-7bab3000 rwxp 00000000 00:00 0 
7bab3000-7bab6000 ---p 00000000 00:00 0 
7bab6000-7bb04000 rwxp 00000000 00:00 0 
7bb04000-7bb05000 ---p 00000000 00:00 0 
7bb05000-7bbb9000 rwxp 00000000 00:00 0 
7bbb9000-7bd51000 r-xs 03027000 08:02 153827     /usr/lib/jvm/java-6-sun-1.6.0.24/jre/lib/rt.jar
7bd51000-7bd52000 ---p 00000000 00:00 0 
7bd52000-7bdd2000 rwxp 00000000 00:00 0 
7bdd2000-7bdd3000 ---p 00000000 00:00 0 
7bdd3000-7be5b000 rwxp 00000000 00:00 0 
7be5b000-7be73000 rwxp 00000000 00:00 0 
7be73000-7be85000 rwxp 00000000 00:00 0 
7be85000-7bf85000 rwxp 00000000 00:00 0 
7bf85000-7bf8d000 rwxp 00000000 00:00 0 
7bf8d000-7bfa5000 rwxp 00000000 00:00 0 
7bfa5000-7bfb7000 rwxp 00000000 00:00 0 
7bfb7000-7c0b6000 rwxp 00000000 00:00 0 
7c0b6000-7c0c6000 rwxp 00000000 00:00 0 
7c0c6000-7c13f000 rwxp 00000000 00:00 0 
7c13f000-7d140000 rwxp 00000000 00:00 0 
7d140000-80140000 rwxp 00000000 00:00 0 
80140000-82360000 rwxp 00000000 00:00 0 
82360000-a23f0000 rwxp 00000000 00:00 0 
a23f0000-a41d0000 rwxp 00000000 00:00 0 
a41d0000-b3540000 rwxp 00000000 00:00 0 
b3540000-b3541000 r-xs 00000000 08:02 556828     /var/cache/fontconfig/0d8c3b2ac0904cb8a57a757ad11a4a08-le32d4.cache-3
b3541000-b3548000 r-xs 00036000 08:03 12599540   /home/ggervais/workspace_new/GameEngine/lib/junit-4.9b2.jar
b3548000-b3551000 rwxp 00000000 00:00 0 
b3551000-b3608000 rwxp 00000000 00:00 0 
b3608000-b3848000 rwxp 00000000 00:00 0 
b3848000-b6608000 rwxp 00000000 00:00 0 
b6608000-b6612000 r-xp 00000000 08:02 261489     /lib/i386-linux-gnu/libnss_files-2.13.so
b6612000-b6613000 r-xp 00009000 08:02 261489     /lib/i386-linux-gnu/libnss_files-2.13.so
b6613000-b6614000 rwxp 0000a000 08:02 261489     /lib/i386-linux-gnu/libnss_files-2.13.so
b6614000-b661d000 r-xp 00000000 08:02 261493     /lib/i386-linux-gnu/libnss_nis-2.13.so
b661d000-b661e000 r-xp 00008000 08:02 261493     /lib/i386-linux-gnu/libnss_nis-2.13.so
b661e000-b661f000 rwxp 00009000 08:02 261493     /lib/i386-linux-gnu/libnss_nis-2.13.so
b661f000-b6620000 r-xs 00000000 08:02 556838     /var/cache/fontconfig/6a53c69dea097a2d716e069445527da8-le32d4.cache-3
b6620000-b6623000 r-xs 00018000 08:03 3180639    /home/ggervais/workspace_new/GameEngine/lib/jogl-2.0-b23-20110303-linux-i586/jar/gluegen-rt.jar
b6623000-b6632000 r-xp 00000000 08:02 153758     /usr/lib/jvm/java-6-sun-1.6.0.24/jre/lib/i386/libzip.so
b6632000-b6634000 rwxp 0000e000 08:02 153758     /usr/lib/jvm/java-6-sun-1.6.0.24/jre/lib/i386/libzip.so
b6634000-b6754000 r-xp 00178000 08:02 139490     /usr/lib/locale/locale-archive
b6754000-b6954000 r-xp 00000000 08:02 139490     /usr/lib/locale/locale-archive
b6954000-b698e000 r-xp 00000000 08:02 153800     /usr/lib/jvm/java-6-sun-1.6.0.24/jre/lib/i386/libjdwp.so
b698e000-b698f000 rwxp 00039000 08:02 153800     /usr/lib/jvm/java-6-sun-1.6.0.24/jre/lib/i386/libjdwp.so
b698f000-b69a2000 r-xp 00000000 08:02 261483     /lib/i386-linux-gnu/libnsl-2.13.so
b69a2000-b69a3000 r-xp 00012000 08:02 261483     /lib/i386-linux-gnu/libnsl-2.13.so
b69a3000-b69a4000 rwxp 00013000 08:02 261483     /lib/i386-linux-gnu/libnsl-2.13.so
b69a4000-b69a6000 rwxp 00000000 00:00 0 
b69a6000-b69a7000 r-xs 00000000 08:02 556026     /var/cache/fontconfig/4794a0821666d79190d59a36cb4f44b5-le32d4.cache-3
b69a7000-b69af000 rwxs 00000000 08:02 659451     /tmp/hsperfdata_ggervais/6153
b69af000-b69b5000 r-xp 00000000 08:02 261485     /lib/i386-linux-gnu/libnss_compat-2.13.so
b69b5000-b69b6000 r-xp 00005000 08:02 261485     /lib/i386-linux-gnu/libnss_compat-2.13.so
b69b6000-b69b7000 rwxp 00006000 08:02 261485     /lib/i386-linux-gnu/libnss_compat-2.13.so
b69b7000-b69ba000 r-xp 00000000 08:02 153752     /usr/lib/jvm/java-6-sun-1.6.0.24/jre/lib/i386/libnpt.so
b69ba000-b69bb000 rwxp 00002000 08:02 153752     /usr/lib/jvm/java-6-sun-1.6.0.24/jre/lib/i386/libnpt.so
b69bb000-b69de000 r-xp 00000000 08:02 153753     /usr/lib/jvm/java-6-sun-1.6.0.24/jre/lib/i386/libjava.so
b69de000-b69e0000 rwxp 00023000 08:02 153753     /usr/lib/jvm/java-6-sun-1.6.0.24/jre/lib/i386/libjava.so
b69e0000-b69e7000 r-xp 00000000 08:02 261512     /lib/i386-linux-gnu/librt-2.13.so
b69e7000-b69e8000 r-xp 00006000 08:02 261512     /lib/i386-linux-gnu/librt-2.13.so
b69e8000-b69e9000 rwxp 00007000 08:02 261512     /lib/i386-linux-gnu/librt-2.13.so
b69e9000-b69ec000 ---p 00000000 00:00 0 
b69ec000-b6a3a000 rwxp 00000000 00:00 0 
b6a3a000-b6a5e000 r-xp 00000000 08:02 261480     /lib/i386-linux-gnu/libm-2.13.so
b6a5e000-b6a5f000 r-xp 00023000 08:02 261480     /lib/i386-linux-gnu/libm-2.13.so
b6a5f000-b6a60000 rwxp 00024000 08:02 261480     /lib/i386-linux-gnu/libm-2.13.so
b6a60000-b71ed000 r-xp 00000000 08:02 153773     /usr/lib/jvm/java-6-sun-1.6.0.24/jre/lib/i386/server/libjvm.so
b71ed000-b7240000 rwxp 0078d000 08:02 153773     /usr/lib/jvm/java-6-sun-1.6.0.24/jre/lib/i386/server/libjvm.so
b7240000-b7660000 rwxp 00000000 00:00 0 
b7660000-b77ba000 r-xp 00000000 08:02 261443     /lib/i386-linux-gnu/libc-2.13.so
b77ba000-b77bb000 ---p 0015a000 08:02 261443     /lib/i386-linux-gnu/libc-2.13.so
b77bb000-b77bd000 r-xp 0015a000 08:02 261443     /lib/i386-linux-gnu/libc-2.13.so
b77bd000-b77be000 rwxp 0015c000 08:02 261443     /lib/i386-linux-gnu/libc-2.13.so
b77be000-b77c1000 rwxp 00000000 00:00 0 
b77c1000-b77c3000 r-xp 00000000 08:02 261453     /lib/i386-linux-gnu/libdl-2.13.so
b77c3000-b77c4000 r-xp 00001000 08:02 261453     /lib/i386-linux-gnu/libdl-2.13.so
b77c4000-b77c5000 rwxp 00002000 08:02 261453     /lib/i386-linux-gnu/libdl-2.13.so
b77c5000-b77cc000 r-xp 00000000 08:02 153762     /usr/lib/jvm/java-6-sun-1.6.0.24/jre/lib/i386/jli/libjli.so
b77cc000-b77ce000 rwxp 00006000 08:02 153762     /usr/lib/jvm/java-6-sun-1.6.0.24/jre/lib/i386/jli/libjli.so
b77ce000-b77e3000 r-xp 00000000 08:02 261508     /lib/i386-linux-gnu/libpthread-2.13.so
b77e3000-b77e4000 r-xp 00015000 08:02 261508     /lib/i386-linux-gnu/libpthread-2.13.so
b77e4000-b77e5000 rwxp 00016000 08:02 261508     /lib/i386-linux-gnu/libpthread-2.13.so
b77e5000-b77e8000 rwxp 00000000 00:00 0 
b77e8000-b77ee000 r-xp 00000000 08:02 153776     /usr/lib/jvm/java-6-sun-1.6.0.24/jre/lib/i386/native_threads/libhpi.so
b77ee000-b77ef000 rwxp 00006000 08:02 153776     /usr/lib/jvm/java-6-sun-1.6.0.24/jre/lib/i386/native_threads/libhpi.so
b77ef000-b77f0000 rwxp 00000000 00:00 0 
b77f0000-b77f1000 r-xp 00000000 00:00 0 
b77f1000-b77fc000 r-xp 00000000 08:02 153787     /usr/lib/jvm/java-6-sun-1.6.0.24/jre/lib/i386/libverify.so
b77fc000-b77fd000 rwxp 0000b000 08:02 153787     /usr/lib/jvm/java-6-sun-1.6.0.24/jre/lib/i386/libverify.so
b77fd000-b77ff000 rwxp 00000000 00:00 0 
b77ff000-b7800000 r-xp 00000000 00:00 0          [vdso]
b7800000-b781c000 r-xp 00000000 08:02 261430     /lib/i386-linux-gnu/ld-2.13.so
b781c000-b781d000 r-xp 0001b000 08:02 261430     /lib/i386-linux-gnu/ld-2.13.so
b781d000-b781e000 rwxp 0001c000 08:02 261430     /lib/i386-linux-gnu/ld-2.13.so
bfafb000-bfb1c000 rwxp 00000000 00:00 0          [stack]

VM Arguments:
jvm_args: -agentlib:jdwp=transport=dt_socket,suspend=y,address=localhost:56902 -Djava.library.path=/home/ggervais/workspace_new/GameEngine/lib/jogl-2.0-b23-20110303-linux-i586/lib:/home/ggervais/workspace_new/GameEngine/lib/jogl-2.0-b23-20110303-linux-i586/lib:/home/ggervais/workspace_new/GameEngine/lib/jogl-2.0-b23-20110303-linux-i586/lib:/home/ggervais/workspace_new/GameEngine/lib/jogl-2.0-b23-20110303-linux-i586/lib:/home/ggervais/workspace_new/GameEngine/lib/jinput:/home/ggervais/workspace_new/GameEngine/lib/jinput -Dfile.encoding=UTF-8 
java_command: com.ggervais.gameengine.testapp.Main
Launcher Type: SUN_STANDARD

Environment Variables:
PATH=/home/ggervais/bin:/usr/local/sbin:/usr/local/bin:/usr/sbin:/usr/bin:/sbin:/bin:/usr/games:/opt/go/bin
USERNAME=ggervais
LD_LIBRARY_PATH=/usr/lib/jvm/java-6-sun-1.6.0.24/jre/lib/i386/server:/usr/lib/jvm/java-6-sun-1.6.0.24/jre/lib/i386:/usr/lib/jvm/java-6-sun-1.6.0.24/jre/../lib/i386:/usr/lib/jvm/java-6-openjdk/jre/lib/i386/client:/usr/lib/jvm/java-6-openjdk/jre/lib/i386:/usr/lib/xulrunner-1.9.2.17:/usr/lib/xulrunner-1.9.2.17
SHELL=/bin/bash
DISPLAY=:0

Signal Handlers:
SIGSEGV: [libjvm.so+0x708f80], sa_mask[0]=0x7ffbfeff, sa_flags=0x10000004
SIGBUS: [libjvm.so+0x708f80], sa_mask[0]=0x7ffbfeff, sa_flags=0x10000004
SIGFPE: [libjvm.so+0x5c4100], sa_mask[0]=0x7ffbfeff, sa_flags=0x10000004
SIGPIPE: [libjvm.so+0x5c4100], sa_mask[0]=0x7ffbfeff, sa_flags=0x10000004
SIGXFSZ: [libjvm.so+0x5c4100], sa_mask[0]=0x7ffbfeff, sa_flags=0x10000004
SIGILL: [libjvm.so+0x5c4100], sa_mask[0]=0x7ffbfeff, sa_flags=0x10000004
SIGUSR1: SIG_DFL, sa_mask[0]=0x00000000, sa_flags=0x00000000
SIGUSR2: [libjvm.so+0x5c70e0], sa_mask[0]=0x00000004, sa_flags=0x10000004
SIGHUP: [libjvm.so+0x5c6cc0], sa_mask[0]=0x7ffbfeff, sa_flags=0x10000004
SIGINT: [libjvm.so+0x5c6cc0], sa_mask[0]=0x7ffbfeff, sa_flags=0x10000004
SIGTERM: [libjvm.so+0x5c6cc0], sa_mask[0]=0x7ffbfeff, sa_flags=0x10000004
SIGQUIT: [libjvm.so+0x5c6cc0], sa_mask[0]=0x7ffbfeff, sa_flags=0x10000004


---------------  S Y S T E M  ---------------

OS:squeeze/sid

uname:Linux 2.6.38-8-generic #42-Ubuntu SMP Mon Apr 11 03:31:50 UTC 2011 i686
libc:glibc 2.13 NPTL 2.13 
rlimit: STACK 8192k, CORE 0k, NPROC infinity, NOFILE 4096, AS infinity
load average:0.10 0.25 0.18

/proc/meminfo:
MemTotal:        3354092 kB
MemFree:         1416764 kB
Buffers:          109844 kB
Cached:           814048 kB
SwapCached:            0 kB
Active:          1189708 kB
Inactive:         640720 kB
Active(anon):     907456 kB
Inactive(anon):     7368 kB
Active(file):     282252 kB
Inactive(file):   633352 kB
Unevictable:          16 kB
Mlocked:              16 kB
HighTotal:       2498248 kB
HighFree:         754932 kB
LowTotal:         855844 kB
LowFree:          661832 kB
SwapTotal:        979928 kB
SwapFree:         979928 kB
Dirty:               360 kB
Writeback:             0 kB
AnonPages:        906600 kB
Mapped:           177016 kB
Shmem:              8244 kB
Slab:              44144 kB
SReclaimable:      30476 kB
SUnreclaim:        13668 kB
KernelStack:        3440 kB
PageTables:         8072 kB
NFS_Unstable:          0 kB
Bounce:                0 kB
WritebackTmp:          0 kB
CommitLimit:     2656972 kB
Committed_AS:    2921060 kB
VmallocTotal:     122880 kB
VmallocUsed:       70780 kB
VmallocChunk:      43516 kB
HardwareCorrupted:     0 kB
HugePages_Total:       0
HugePages_Free:        0
HugePages_Rsvd:        0
HugePages_Surp:        0
Hugepagesize:       4096 kB
DirectMap4k:       77816 kB
DirectMap4M:      831488 kB


CPU:total 2 (2 cores per cpu, 1 threads per core) family 6 model 15 stepping 6, cmov, cx8, fxsr, mmx, sse, sse2, sse3, ssse3

Memory: 4k page, physical 3354092k(1416764k free), swap 979928k(979928k free)

vm_info: Java HotSpot(TM) Server VM (19.1-b02) for linux-x86 JRE (1.6.0_24-b07), built on Feb  2 2011 16:51:52 by "java_re" with gcc 3.2.1-7a (J2SE release)

time: Sat May 21 00:28:35 2011
elapsed time: 64 seconds

