#
# A fatal error has been detected by the Java Runtime Environment:
#
#  SIGSEGV (0xb) at pc=0x7a23fb49, pid=3754, tid=2034518896
#
# JRE version: 6.0_24-b07
# Java VM: Java HotSpot(TM) Server VM (19.1-b02 mixed mode linux-x86 )
# Problematic frame:
# C  [libnvidia-glcore.so.270.41.06+0xd88b49]
#
# If you would like to submit a bug report, please visit:
#   http://java.sun.com/webapps/bugreport/crash.jsp
# The crash happened outside the Java Virtual Machine in native code.
# See problematic frame for where to report the bug.
#

---------------  T H R E A D  ---------------

Current thread (0x7b4c3800):  JavaThread "main-SharedResourceRunner" daemon [_thread_in_native, id=3783, stack(0x793f4000,0x79445000)]

siginfo:si_signo=SIGSEGV: si_errno=0, si_code=1 (SEGV_MAPERR), si_addr=0x00000000

Registers:
EAX=0x00000000, EBX=0x7b494638, ECX=0x791d6008, EDX=0x791d6008
ESP=0x794438e0, EBP=0x00000001, ESI=0x7b4c5300, EDI=0x7944395c
EIP=0x7a23fb49, CR2=0x00000000, EFLAGS=0x00010202

Register to memory mapping:

EAX=0x00000000
0x00000000 is pointing to unknown location

EBX=0x7b494638
0x7b494638 is pointing to unknown location

ECX=0x791d6008
0x791d6008 is pointing to unknown location

EDX=0x791d6008
0x791d6008 is pointing to unknown location

ESP=0x794438e0
0x794438e0 is pointing into the stack for thread: 0x7b4c3800
"main-SharedResourceRunner" daemon prio=10 tid=0x7b4c3800 nid=0xec7 runnable [0x79443000]
   java.lang.Thread.State: RUNNABLE

EBP=0x00000001
0x00000001 is pointing to unknown location

ESI=0x7b4c5300
0x7b4c5300 is pointing to unknown location

EDI=0x7944395c
0x7944395c is pointing into the stack for thread: 0x7b4c3800
"main-SharedResourceRunner" daemon prio=10 tid=0x7b4c3800 nid=0xec7 runnable [0x79443000]
   java.lang.Thread.State: RUNNABLE


Top of Stack: (sp=0x794438e0)
0x794438e0:   00080013 63443930 01000000 7ac56d6e
0x794438f0:   00000eaa 7b4c5300 00000018 7a23ffd4
0x79443900:   7b4c5300 00000018 00000001 0890a598
0x79443910:   7b4e30c8 7b4e30c8 79443a08 7ac3578f
0x79443920:   00000001 00000018 7944395c b6d6c077
0x79443930:   0000000e 00000000 79443978 00000008
0x79443940:   7b4c3800 00000000 7b4e1000 00000000
0x79443950:   7b4c3800 086e6528 086e6568 00006801 

Instructions: (pc=0x7a23fb49)
0x7a23fb39:   c3 75 d4 c7 43 08 00 00 00 00 8b 86 d0 00 00 00
0x7a23fb49:   c7 00 00 10 00 00 8b 86 84 00 00 00 83 86 d0 00 

Stack: [0x793f4000,0x79445000],  sp=0x794438e0,  free space=318k
Native frames: (J=compiled Java code, j=interpreted, Vv=VM code, C=native code)
C  [libnvidia-glcore.so.270.41.06+0xd88b49]

Java frames: (J=compiled Java code, j=interpreted, Vv=VM code)
j  jogamp.opengl.x11.glx.GLX.dispatch_glXMakeContextCurrent1(JJJJJ)Z+0
j  jogamp.opengl.x11.glx.GLX.glXMakeContextCurrent(JJJJ)Z+33
j  jogamp.opengl.x11.glx.X11GLXContext.glXMakeContextCurrent(JJJJ)Z+16
j  jogamp.opengl.x11.glx.X11GLXContext.createContextARBImpl(JZIII)J+470
j  jogamp.opengl.GLContextImpl.createContextARBVersions(JZIIIII[I[I)J+146
j  jogamp.opengl.GLContextImpl.createContextARBMapVersionsAvailable(IZ)V+123
j  jogamp.opengl.GLContextImpl.mapGLVersions(Ljavax/media/nativewindow/AbstractGraphicsDevice;)V+21
j  jogamp.opengl.GLContextImpl.createContextARB(JZ[I[I[I)J+121
j  jogamp.opengl.x11.glx.X11GLXContext.createImplRaw()Z+662
j  jogamp.opengl.x11.glx.X11GLXContext.createImpl()Z+6
j  jogamp.opengl.GLContextImpl.makeCurrentLocking()I+126
j  jogamp.opengl.GLContextImpl.makeCurrent()I+106
j  jogamp.opengl.x11.glx.X11GLXDrawableFactory$SharedResourceImplementation.createSharedResource(Ljava/lang/String;)Ljogamp/opengl/SharedResourceRunner$Resource;+237
j  jogamp.opengl.SharedResourceRunner.run()V+213
j  java.lang.Thread.run()V+11
v  ~StubRoutines::call_stub

---------------  P R O C E S S  ---------------

Java Threads: ( => current thread )
  0x089ca800 JavaThread "XToolkit-Shutdown-Thread" [_thread_blocked, id=3787, stack(0x79257000,0x792a8000)]
  0x089c3400 JavaThread "Thread-1" [_thread_blocked, id=3786, stack(0x792a8000,0x792f9000)]
  0x0866b000 JavaThread "SIGTERM handler" daemon [_thread_blocked, id=3784, stack(0x7b701000,0x7b752000)]
=>0x7b4c3800 JavaThread "main-SharedResourceRunner" daemon [_thread_in_native, id=3783, stack(0x793f4000,0x79445000)]
  0x7b4a1800 JavaThread "AWT-EventQueue-0" [_thread_blocked, id=3782, stack(0x7aca7000,0x7acf8000)]
  0x7b4a1000 JavaThread "AWT-Shutdown" [_thread_blocked, id=3781, stack(0x7ad60000,0x7adb1000)]
  0x087cfc00 JavaThread "AWT-XAWT" daemon [_thread_blocked, id=3780, stack(0x7adb1000,0x7ae02000)]
  0x7b474800 JavaThread "Java2D Disposer" daemon [_thread_blocked, id=3779, stack(0x7ae47000,0x7ae98000)]
  0x7b40f400 JavaThread "Low Memory Detector" daemon [_thread_blocked, id=3771, stack(0x7b610000,0x7b661000)]
  0x7b40d800 JavaThread "CompilerThread1" daemon [_thread_blocked, id=3770, stack(0x7b1fe000,0x7b27f000)]
  0x7b40b800 JavaThread "CompilerThread0" daemon [_thread_blocked, id=3769, stack(0x7b27f000,0x7b300000)]
  0x7bb90c00 JavaThread "JDWP Event Helper Thread" daemon [_thread_blocked, id=3763, stack(0x7b752000,0x7b7a3000)]
  0x7bb8e000 JavaThread "JDWP Transport Listener: dt_socket" daemon [_thread_in_native, id=3762, stack(0x7b7a3000,0x7b7f4000)]
  0x7bb85400 JavaThread "Signal Dispatcher" daemon [_thread_blocked, id=3761, stack(0x7b7f4000,0x7b845000)]
  0x7bb77400 JavaThread "Finalizer" daemon [_thread_blocked, id=3760, stack(0x7b845000,0x7b896000)]
  0x7bb75c00 JavaThread "Reference Handler" daemon [_thread_blocked, id=3759, stack(0x7b896000,0x7b8e7000)]
  0x0865d000 JavaThread "main" [_thread_blocked, id=3755, stack(0xb6901000,0xb6952000)]

Other Threads:
  0x7bb72000 VMThread [stack: 0x7b8e7000,0x7b968000] [id=3758]
  0x7b411400 WatcherThread [stack: 0x7b17d000,0x7b1fe000] [id=3772]

VM state:not at safepoint (normal execution)

VM Mutex/Monitor currently owned by a thread: None

Heap
 PSYoungGen      total 15296K, used 11380K [0xa22f0000, 0xa3400000, 0xb3440000)
  eden space 13120K, 80% used [0xa22f0000,0xa2d46340,0xa2fc0000)
  from space 2176K, 36% used [0xa2fc0000,0xa3086de0,0xa31e0000)
  to   space 2176K, 0% used [0xa31e0000,0xa31e0000,0xa3400000)
 PSOldGen        total 34944K, used 0K [0x80040000, 0x82260000, 0xa22f0000)
  object space 34944K, 0% used [0x80040000,0x80040000,0x82260000)
 PSPermGen       total 16384K, used 8243K [0x7c040000, 0x7d040000, 0x80040000)
  object space 16384K, 50% used [0x7c040000,0x7c84cc60,0x7d040000)

Dynamic libraries:
08048000-08052000 r-xp 00000000 08:02 153707     /usr/lib/jvm/java-6-sun-1.6.0.24/jre/bin/java
08052000-08053000 rwxp 00009000 08:02 153707     /usr/lib/jvm/java-6-sun-1.6.0.24/jre/bin/java
08651000-08a45000 rwxp 00000000 00:00 0          [heap]
78d00000-78da5000 rwxp 00000000 00:00 0 
78da5000-78e00000 ---p 00000000 00:00 0 
78e61000-78eb5000 rwxp 00000000 00:00 0 
78eb5000-790b5000 rwxs 23f84000 00:05 8273       /dev/nvidia0
791d6000-79257000 rwxp 00000000 00:00 0 
79257000-7925a000 ---p 00000000 00:00 0 
7925a000-792a8000 rwxp 00000000 00:00 0 
792a8000-792ab000 ---p 00000000 00:00 0 
792ab000-792f9000 rwxp 00000000 00:00 0 
792f9000-792fc000 ---p 00000000 00:00 0 
792fc000-7934a000 rwxp 00000000 00:00 0 
7934a000-79365000 rwxs 2e1e0000 00:05 8273       /dev/nvidia0
79365000-793de000 rwxp 00000000 00:00 0 
793de000-793f2000 r-xp 00000000 08:03 4014112    /home/ggervais/workspace_new/GameEngine/lib/jogl-2.0-b23-20110303-linux-i586/lib/libjogl_es2.so
793f2000-793f3000 r-xp 00013000 08:03 4014112    /home/ggervais/workspace_new/GameEngine/lib/jogl-2.0-b23-20110303-linux-i586/lib/libjogl_es2.so
793f3000-793f4000 rwxp 00014000 08:03 4014112    /home/ggervais/workspace_new/GameEngine/lib/jogl-2.0-b23-20110303-linux-i586/lib/libjogl_es2.so
793f4000-793f7000 ---p 00000000 00:00 0 
793f7000-79445000 rwxp 00000000 00:00 0 
79445000-794b5000 r-xp 00000000 08:03 4014110    /home/ggervais/workspace_new/GameEngine/lib/jogl-2.0-b23-20110303-linux-i586/lib/libjogl_desktop.so
794b5000-794b6000 r-xp 0006f000 08:03 4014110    /home/ggervais/workspace_new/GameEngine/lib/jogl-2.0-b23-20110303-linux-i586/lib/libjogl_desktop.so
794b6000-794b7000 rwxp 00070000 08:03 4014110    /home/ggervais/workspace_new/GameEngine/lib/jogl-2.0-b23-20110303-linux-i586/lib/libjogl_desktop.so
794b7000-7ab6c000 r-xp 00000000 08:02 154243     /usr/lib/nvidia-current/libnvidia-glcore.so.270.41.06
7ab6c000-7abc8000 rwxp 016b4000 08:02 154243     /usr/lib/nvidia-current/libnvidia-glcore.so.270.41.06
7abc8000-7abd9000 rwxp 00000000 00:00 0 
7abd9000-7ac7a000 r-xp 00000000 08:02 154239     /usr/lib/nvidia-current/libGL.so.270.41.06
7ac7a000-7ac98000 rwxp 000a1000 08:02 154239     /usr/lib/nvidia-current/libGL.so.270.41.06
7ac98000-7aca7000 rwxp 00000000 00:00 0 
7aca7000-7acaa000 ---p 00000000 00:00 0 
7acaa000-7acf8000 rwxp 00000000 00:00 0 
7acf8000-7acf9000 r-xs 00000000 08:02 563892     /var/cache/fontconfig/26de28bc8622bbc1fb67fd234c21975f-le32d4.cache-3
7acf9000-7acfa000 r-xs 00000000 08:02 556846     /var/cache/fontconfig/c05880de57d1f5e948fdfacc138775d9-le32d4.cache-3
7acfa000-7ad00000 r-xs 00000000 08:02 556843     /var/cache/fontconfig/945677eb7aeaf62f1d50efc3fb3ec7d8-le32d4.cache-3
7ad00000-7ad02000 r-xs 00000000 08:02 556844     /var/cache/fontconfig/99e8ed0e538f840c565b6ed5dad60d56-le32d4.cache-3
7ad02000-7ad05000 r-xs 00000000 08:02 556854     /var/cache/fontconfig/e383d7ea5fbe662a33d9b44caf393297-le32d4.cache-3
7ad05000-7ad0a000 r-xs 00000000 08:02 563893     /var/cache/fontconfig/401a5dd6b567794a1d18dd9342dfa604-le32d4.cache-3
7ad0a000-7ad0c000 r-xs 00000000 08:02 556831     /var/cache/fontconfig/2cd17615ca594fa2959ae173292e504c-le32d4.cache-3
7ad0c000-7ad0d000 r-xs 00000000 08:02 556855     /var/cache/fontconfig/e7071f4a29fa870f4323321c154eba04-le32d4.cache-3
7ad0d000-7ad10000 r-xs 00000000 08:02 556840     /var/cache/fontconfig/6eb3985aa4124903f6ff08ba781cd364-le32d4.cache-3
7ad10000-7ad11000 r-xs 00000000 08:02 556835     /var/cache/fontconfig/4c73fe0c47614734b17d736dbde7580a-le32d4.cache-3
7ad11000-7ad12000 r-xs 00000000 08:02 556828     /var/cache/fontconfig/0d8c3b2ac0904cb8a57a757ad11a4a08-le32d4.cache-3
7ad12000-7ad13000 r-xs 00000000 08:02 556838     /var/cache/fontconfig/6a53c69dea097a2d716e069445527da8-le32d4.cache-3
7ad13000-7ad17000 r-xs 00000000 08:02 556845     /var/cache/fontconfig/a755afe4a08bf5b97852ceb7400b47bc-le32d4.cache-3
7ad17000-7ad1b000 r-xs 00000000 08:02 558741     /var/cache/fontconfig/515ca1ebc4b18308bea979be5704f9db-le32d4.cache-3
7ad1b000-7ad3d000 r-xs 00000000 08:02 563437     /var/cache/fontconfig/365b55f210c0a22e9a19e35191240f32-le32d4.cache-3
7ad41000-7ad45000 rwxs 0b19e000 00:05 8273       /dev/nvidia0
7ad45000-7ad46000 rwxs fd060000 00:05 8273       /dev/nvidia0
7ad48000-7ad49000 r-xp 00000000 08:02 154231     /usr/lib/nvidia-current/tls/libnvidia-tls.so.270.41.06
7ad49000-7ad4a000 rwxp 00000000 08:02 154231     /usr/lib/nvidia-current/tls/libnvidia-tls.so.270.41.06
7ad4b000-7ad5e000 r-xp 00000000 08:03 4014111    /home/ggervais/workspace_new/GameEngine/lib/jogl-2.0-b23-20110303-linux-i586/lib/libjogl_es1.so
7ad5e000-7ad5f000 r-xp 00012000 08:03 4014111    /home/ggervais/workspace_new/GameEngine/lib/jogl-2.0-b23-20110303-linux-i586/lib/libjogl_es1.so
7ad5f000-7ad60000 rwxp 00013000 08:03 4014111    /home/ggervais/workspace_new/GameEngine/lib/jogl-2.0-b23-20110303-linux-i586/lib/libjogl_es1.so
7ad60000-7ad63000 ---p 00000000 00:00 0 
7ad63000-7adb1000 rwxp 00000000 00:00 0 
7adb1000-7adb4000 ---p 00000000 00:00 0 
7adb4000-7ae02000 rwxp 00000000 00:00 0 
7ae02000-7ae06000 r-xp 00000000 08:02 136692     /usr/lib/i386-linux-gnu/libXfixes.so.3.1.0
7ae06000-7ae07000 r-xp 00003000 08:02 136692     /usr/lib/i386-linux-gnu/libXfixes.so.3.1.0
7ae07000-7ae08000 rwxp 00004000 08:02 136692     /usr/lib/i386-linux-gnu/libXfixes.so.3.1.0
7ae08000-7ae10000 r-xp 00000000 08:02 136702     /usr/lib/i386-linux-gnu/libXrender.so.1.3.0
7ae10000-7ae11000 r-xp 00007000 08:02 136702     /usr/lib/i386-linux-gnu/libXrender.so.1.3.0
7ae11000-7ae12000 rwxp 00008000 08:02 136702     /usr/lib/i386-linux-gnu/libXrender.so.1.3.0
7ae12000-7ae1a000 r-xp 00000000 08:02 136684     /usr/lib/i386-linux-gnu/libXcursor.so.1.0.2
7ae1a000-7ae1b000 r-xp 00007000 08:02 136684     /usr/lib/i386-linux-gnu/libXcursor.so.1.0.2
7ae1b000-7ae1c000 rwxp 00008000 08:02 136684     /usr/lib/i386-linux-gnu/libXcursor.so.1.0.2
7ae1d000-7ae21000 r-xp 00000000 08:03 4014114    /home/ggervais/workspace_new/GameEngine/lib/jogl-2.0-b23-20110303-linux-i586/lib/libnativewindow_x11.so
7ae21000-7ae22000 r-xp 00003000 08:03 4014114    /home/ggervais/workspace_new/GameEngine/lib/jogl-2.0-b23-20110303-linux-i586/lib/libnativewindow_x11.so
7ae22000-7ae23000 rwxp 00004000 08:03 4014114    /home/ggervais/workspace_new/GameEngine/lib/jogl-2.0-b23-20110303-linux-i586/lib/libnativewindow_x11.so
7ae23000-7ae25000 r-xp 00000000 08:02 136698     /usr/lib/i386-linux-gnu/libXinerama.so.1.0.0
7ae25000-7ae26000 r-xp 00001000 08:02 136698     /usr/lib/i386-linux-gnu/libXinerama.so.1.0.0
7ae26000-7ae27000 rwxp 00002000 08:02 136698     /usr/lib/i386-linux-gnu/libXinerama.so.1.0.0
7ae27000-7ae2b000 r-xp 00000000 08:02 136706     /usr/lib/i386-linux-gnu/libXxf86vm.so.1.0.0
7ae2b000-7ae2c000 r-xp 00003000 08:02 136706     /usr/lib/i386-linux-gnu/libXxf86vm.so.1.0.0
7ae2c000-7ae2d000 rwxp 00004000 08:02 136706     /usr/lib/i386-linux-gnu/libXxf86vm.so.1.0.0
7ae2d000-7ae2e000 r-xp 00000000 08:03 4014113    /home/ggervais/workspace_new/GameEngine/lib/jogl-2.0-b23-20110303-linux-i586/lib/libnativewindow_awt.so
7ae2e000-7ae2f000 r-xp 00000000 08:03 4014113    /home/ggervais/workspace_new/GameEngine/lib/jogl-2.0-b23-20110303-linux-i586/lib/libnativewindow_awt.so
7ae2f000-7ae30000 rwxp 00001000 08:03 4014113    /home/ggervais/workspace_new/GameEngine/lib/jogl-2.0-b23-20110303-linux-i586/lib/libnativewindow_awt.so
7ae30000-7ae31000 r-xp 00000000 08:02 153760     /usr/lib/jvm/java-6-sun-1.6.0.24/jre/lib/i386/libjawt.so
7ae31000-7ae32000 rwxp 00000000 08:02 153760     /usr/lib/jvm/java-6-sun-1.6.0.24/jre/lib/i386/libjawt.so
7ae32000-7ae39000 r-xs 00000000 08:02 525846     /var/cache/fontconfig/6d41288fd70b0be22e8c3a91e032eec0-le32d4.cache-3
7ae39000-7ae44000 r-xs 00000000 08:02 556829     /var/cache/fontconfig/0f34bcd4b6ee430af32735b75db7f02b-le32d4.cache-3
7ae44000-7ae47000 r-xs 00000000 08:02 556851     /var/cache/fontconfig/d60319d88cac85ba9e1a07bd06cfbb8c-le32d4.cache-3
7ae47000-7ae4a000 ---p 00000000 00:00 0 
7ae4a000-7ae98000 rwxp 00000000 00:00 0 
7ae98000-7af11000 r-xp 00000000 08:02 153804     /usr/lib/jvm/java-6-sun-1.6.0.24/jre/lib/i386/libfontmanager.so
7af11000-7af1b000 rwxp 00078000 08:02 153804     /usr/lib/jvm/java-6-sun-1.6.0.24/jre/lib/i386/libfontmanager.so
7af1b000-7af20000 rwxp 00000000 00:00 0 
7af20000-7af37000 r-xp 00000000 08:02 136828     /usr/lib/i386-linux-gnu/libxcb.so.1.1.0
7af37000-7af38000 r-xp 00016000 08:02 136828     /usr/lib/i386-linux-gnu/libxcb.so.1.1.0
7af38000-7af39000 rwxp 00017000 08:02 136828     /usr/lib/i386-linux-gnu/libxcb.so.1.1.0
7af39000-7af46000 r-xp 00000000 08:02 136696     /usr/lib/i386-linux-gnu/libXi.so.6.1.0
7af46000-7af47000 r-xp 0000c000 08:02 136696     /usr/lib/i386-linux-gnu/libXi.so.6.1.0
7af47000-7af48000 rwxp 0000d000 08:02 136696     /usr/lib/i386-linux-gnu/libXi.so.6.1.0
7af48000-7b05e000 r-xp 00000000 08:02 136678     /usr/lib/i386-linux-gnu/libX11.so.6.3.0
7b05e000-7b05f000 ---p 00116000 08:02 136678     /usr/lib/i386-linux-gnu/libX11.so.6.3.0
7b05f000-7b060000 r-xp 00116000 08:02 136678     /usr/lib/i386-linux-gnu/libX11.so.6.3.0
7b060000-7b062000 rwxp 00117000 08:02 136678     /usr/lib/i386-linux-gnu/libX11.so.6.3.0
7b062000-7b063000 rwxp 00000000 00:00 0 
7b063000-7b070000 r-xp 00000000 08:02 136690     /usr/lib/i386-linux-gnu/libXext.so.6.4.0
7b070000-7b071000 r-xp 0000c000 08:02 136690     /usr/lib/i386-linux-gnu/libXext.so.6.4.0
7b071000-7b072000 rwxp 0000d000 08:02 136690     /usr/lib/i386-linux-gnu/libXext.so.6.4.0
7b072000-7b07a000 r-xs 00000000 08:02 556850     /var/cache/fontconfig/d52a8644073d54c13679302ca1180695-le32d4.cache-3
7b07a000-7b082000 r-xs 00000000 08:02 564351     /var/cache/fontconfig/e13b20fdb08344e0e664864cc2ede53d-le32d4.cache-3
7b082000-7b085000 r-xs 00000000 08:02 563887     /var/cache/fontconfig/7ef2298fde41cc6eeb7af42e48b7d293-le32d4.cache-3
7b085000-7b086000 r-xp 00000000 08:03 4014089    /home/ggervais/workspace_new/GameEngine/lib/jogl-2.0-b23-20110303-linux-i586/lib/libgluegen-rt.so
7b086000-7b087000 r-xp 00000000 08:03 4014089    /home/ggervais/workspace_new/GameEngine/lib/jogl-2.0-b23-20110303-linux-i586/lib/libgluegen-rt.so
7b087000-7b088000 rwxp 00001000 08:03 4014089    /home/ggervais/workspace_new/GameEngine/lib/jogl-2.0-b23-20110303-linux-i586/lib/libgluegen-rt.so
7b088000-7b0cb000 r-xp 00000000 08:02 153789     /usr/lib/jvm/java-6-sun-1.6.0.24/jre/lib/i386/xawt/libmawt.so
7b0cb000-7b0cd000 rwxp 00043000 08:02 153789     /usr/lib/jvm/java-6-sun-1.6.0.24/jre/lib/i386/xawt/libmawt.so
7b0cd000-7b0ce000 rwxp 00000000 00:00 0 
7b0ce000-7b152000 r-xp 00000000 08:02 153756     /usr/lib/jvm/java-6-sun-1.6.0.24/jre/lib/i386/libawt.so
7b152000-7b159000 rwxp 00084000 08:02 153756     /usr/lib/jvm/java-6-sun-1.6.0.24/jre/lib/i386/libawt.so
7b159000-7b17d000 rwxp 00000000 00:00 0 
7b17d000-7b17e000 ---p 00000000 00:00 0 
7b17e000-7b1fe000 rwxp 00000000 00:00 0 
7b1fe000-7b201000 ---p 00000000 00:00 0 
7b201000-7b27f000 rwxp 00000000 00:00 0 
7b27f000-7b282000 ---p 00000000 00:00 0 
7b282000-7b300000 rwxp 00000000 00:00 0 
7b300000-7b4ed000 rwxp 00000000 00:00 0 
7b4ed000-7b500000 ---p 00000000 00:00 0 
7b500000-7b600000 rwxp 00000000 00:00 0 
7b600000-7b604000 r-xp 00000000 08:02 136688     /usr/lib/i386-linux-gnu/libXdmcp.so.6.0.0
7b604000-7b605000 r-xp 00003000 08:02 136688     /usr/lib/i386-linux-gnu/libXdmcp.so.6.0.0
7b605000-7b606000 rwxp 00004000 08:02 136688     /usr/lib/i386-linux-gnu/libXdmcp.so.6.0.0
7b606000-7b608000 r-xp 00000000 08:02 136680     /usr/lib/i386-linux-gnu/libXau.so.6.0.0
7b608000-7b609000 r-xp 00001000 08:02 136680     /usr/lib/i386-linux-gnu/libXau.so.6.0.0
7b609000-7b60a000 rwxp 00002000 08:02 136680     /usr/lib/i386-linux-gnu/libXau.so.6.0.0
7b60a000-7b60e000 r-xp 00000000 08:02 133973     /usr/lib/libXtst.so.6.1.0
7b60e000-7b60f000 r-xp 00003000 08:02 133973     /usr/lib/libXtst.so.6.1.0
7b60f000-7b610000 rwxp 00004000 08:02 133973     /usr/lib/libXtst.so.6.1.0
7b610000-7b613000 ---p 00000000 00:00 0 
7b613000-7b661000 rwxp 00000000 00:00 0 
7b661000-7b663000 r-xs 0000b000 08:02 403217     /opt/idea-IC-103.255/plugins/Groovy/lib/agent/gragent.jar
7b663000-7b665000 r-xs 00011000 08:02 403161     /opt/idea-IC-103.255/lib/idea_rt.jar
7b665000-7b66e000 r-xs 0006d000 08:03 4670285    /home/ggervais/workspace_new/GameEngine/lib/log4j/log4j-1.2.16.jar
7b66e000-7b66f000 r-xs 00001000 08:03 3182839    /home/ggervais/workspace_new/GameEngine/lib/jogl-2.0-b23-20110303-linux-i586/jar/newt.os.x11.jar
7b66f000-7b670000 r-xs 00001000 08:03 3182838    /home/ggervais/workspace_new/GameEngine/lib/jogl-2.0-b23-20110303-linux-i586/jar/newt.os.win.jar
7b670000-7b672000 r-xs 00001000 08:03 3182835    /home/ggervais/workspace_new/GameEngine/lib/jogl-2.0-b23-20110303-linux-i586/jar/newt.os.osx.jar
7b672000-7b673000 r-xs 00004000 08:03 3182831    /home/ggervais/workspace_new/GameEngine/lib/jogl-2.0-b23-20110303-linux-i586/jar/newt.ogl.jar
7b673000-7b674000 r-xs 00001000 08:03 3182828    /home/ggervais/workspace_new/GameEngine/lib/jogl-2.0-b23-20110303-linux-i586/jar/newt.hw.intelgdl.jar
7b674000-7b675000 r-xs 00001000 08:03 3182824    /home/ggervais/workspace_new/GameEngine/lib/jogl-2.0-b23-20110303-linux-i586/jar/newt.hw.broadcomegl.jar
7b675000-7b677000 r-xs 00007000 08:03 3182822    /home/ggervais/workspace_new/GameEngine/lib/jogl-2.0-b23-20110303-linux-i586/jar/newt.event.jar
7b677000-7b679000 r-xs 00016000 08:03 3182821    /home/ggervais/workspace_new/GameEngine/lib/jogl-2.0-b23-20110303-linux-i586/jar/newt.core.jar
7b679000-7b67b000 r-xs 00007000 08:03 3182820    /home/ggervais/workspace_new/GameEngine/lib/jogl-2.0-b23-20110303-linux-i586/jar/newt.awt.jar
7b67b000-7b67f000 r-xs 00028000 08:03 3182818    /home/ggervais/workspace_new/GameEngine/lib/jogl-2.0-b23-20110303-linux-i586/jar/newt.all.jar
7b67f000-7b681000 r-xs 00004000 08:03 3182814    /home/ggervais/workspace_new/GameEngine/lib/jogl-2.0-b23-20110303-linux-i586/jar/nativewindow.os.win.jar
7b681000-7b683000 r-xs 00009000 08:03 3182813    /home/ggervais/workspace_new/GameEngine/lib/jogl-2.0-b23-20110303-linux-i586/jar/nativewindow.core.jar
7b683000-7b685000 r-xs 0000a000 08:03 3182812    /home/ggervais/workspace_new/GameEngine/lib/jogl-2.0-b23-20110303-linux-i586/jar/nativewindow.awt.jar
7b685000-7b689000 r-xs 0001c000 08:03 3182511    /home/ggervais/workspace_new/GameEngine/lib/jogl-2.0-b23-20110303-linux-i586/jar/nativewindow.all.jar
7b689000-7b68b000 r-xs 0001f000 08:03 3182498    /home/ggervais/workspace_new/GameEngine/lib/jogl-2.0-b23-20110303-linux-i586/jar/jogl.util.gldesktop.jar
7b68b000-7b68c000 r-xs 00006000 08:03 3182497    /home/ggervais/workspace_new/GameEngine/lib/jogl-2.0-b23-20110303-linux-i586/jar/jogl.util.fixedfuncemu.jar
7b68c000-7b68e000 r-xs 0000a000 08:03 3182492    /home/ggervais/workspace_new/GameEngine/lib/jogl-2.0-b23-20110303-linux-i586/jar/jogl.util.awt.jar
7b68e000-7b694000 r-xs 00041000 08:03 3182489    /home/ggervais/workspace_new/GameEngine/lib/jogl-2.0-b23-20110303-linux-i586/jar/jogl.test.jar
7b694000-7b695000 r-xs 00001000 08:03 3182485    /home/ggervais/workspace_new/GameEngine/lib/jogl-2.0-b23-20110303-linux-i586/jar/jogl.sdk.jar
7b695000-7b697000 r-xs 00010000 08:03 3181146    /home/ggervais/workspace_new/GameEngine/lib/jogl-2.0-b23-20110303-linux-i586/jar/jogl.os.x11.jar
7b697000-7b698000 r-xs 00011000 08:03 3181145    /home/ggervais/workspace_new/GameEngine/lib/jogl-2.0-b23-20110303-linux-i586/jar/jogl.os.win.jar
7b698000-7b69a000 r-xs 00008000 08:03 3181144    /home/ggervais/workspace_new/GameEngine/lib/jogl-2.0-b23-20110303-linux-i586/jar/jogl.os.osx.jar
7b69a000-7b69b000 r-xs 0000a000 08:03 3181143    /home/ggervais/workspace_new/GameEngine/lib/jogl-2.0-b23-20110303-linux-i586/jar/jogl.glu.tess.jar
7b69b000-7b69d000 r-xs 0000f000 08:03 3181140    /home/ggervais/workspace_new/GameEngine/lib/jogl-2.0-b23-20110303-linux-i586/jar/jogl.glu.mipmap.jar
7b69d000-7b69f000 r-xs 0000c000 08:03 3181139    /home/ggervais/workspace_new/GameEngine/lib/jogl-2.0-b23-20110303-linux-i586/jar/jogl.glu.gldesktop.jar
7b69f000-7b6a0000 r-xs 00009000 08:03 3181138    /home/ggervais/workspace_new/GameEngine/lib/jogl-2.0-b23-20110303-linux-i586/jar/jogl.gles2.jar
7b6a0000-7b6a1000 r-xs 00010000 08:03 3181136    /home/ggervais/workspace_new/GameEngine/lib/jogl-2.0-b23-20110303-linux-i586/jar/jogl.gles2.dbg.jar
7b6a1000-7b6a2000 r-xs 00007000 08:03 3181135    /home/ggervais/workspace_new/GameEngine/lib/jogl-2.0-b23-20110303-linux-i586/jar/jogl.gles1.jar
7b6a2000-7b6a3000 r-xs 0000f000 08:03 3181134    /home/ggervais/workspace_new/GameEngine/lib/jogl-2.0-b23-20110303-linux-i586/jar/jogl.gles1.dbg.jar
7b6a3000-7b6a5000 r-xs 0002f000 08:03 3181051    /home/ggervais/workspace_new/GameEngine/lib/jogl-2.0-b23-20110303-linux-i586/jar/jogl.gldesktop.jar
7b6a5000-7b6a6000 r-xs 000fa000 08:03 3181050    /home/ggervais/workspace_new/GameEngine/lib/jogl-2.0-b23-20110303-linux-i586/jar/jogl.gldesktop.dbg.jar
7b6a6000-7b6a8000 r-xs 0000b000 08:03 3180979    /home/ggervais/workspace_new/GameEngine/lib/jogl-2.0-b23-20110303-linux-i586/jar/jogl.egl.jar
7b6a8000-7b6ab000 r-xs 0002e000 08:03 3180972    /home/ggervais/workspace_new/GameEngine/lib/jogl-2.0-b23-20110303-linux-i586/jar/jogl.core.jar
7b6ab000-7b6ad000 r-xs 0000f000 08:03 3180936    /home/ggervais/workspace_new/GameEngine/lib/jogl-2.0-b23-20110303-linux-i586/jar/jogl.awt.jar
7b6ad000-7b6ba000 r-xs 00242000 08:03 3180935    /home/ggervais/workspace_new/GameEngine/lib/jogl-2.0-b23-20110303-linux-i586/jar/jogl.all.jar
7b6ba000-7b6c5000 r-xs 00228000 08:03 3180934    /home/ggervais/workspace_new/GameEngine/lib/jogl-2.0-b23-20110303-linux-i586/jar/jogl.all-noawt.jar
7b6c5000-7b6c6000 r-xs 00013000 08:03 3180932    /home/ggervais/workspace_new/GameEngine/lib/jogl-2.0-b23-20110303-linux-i586/jar/jogl-natives-linux-i586.jar
7b6c6000-7b6c9000 r-xs 00018000 08:03 3180639    /home/ggervais/workspace_new/GameEngine/lib/jogl-2.0-b23-20110303-linux-i586/jar/gluegen-rt.jar
7b6c9000-7b6ca000 r-xs 00000000 08:03 3180634    /home/ggervais/workspace_new/GameEngine/lib/jogl-2.0-b23-20110303-linux-i586/jar/gluegen-rt-natives-linux-i586.jar
7b6ca000-7b6cb000 r-xs 0000c000 08:03 3180622    /home/ggervais/workspace_new/GameEngine/lib/jogl-2.0-b23-20110303-linux-i586/jar/gluegen-gl.jar
7b6cb000-7b6cd000 r-xs 00004000 08:03 5242952    /home/ggervais/workspace_new/GameEngine/lib/jinput/jinput-test.jar
7b6cd000-7b6d2000 r-xs 00030000 08:03 5242951    /home/ggervais/workspace_new/GameEngine/lib/jinput/jinput.jar
7b6d2000-7b6d9000 r-xs 00036000 08:03 12599540   /home/ggervais/workspace_new/GameEngine/lib/junit-4.9b2.jar
7b6d9000-7b6e1000 r-xs 00115000 08:02 153899     /usr/lib/jvm/java-6-sun-1.6.0.24/jre/lib/resources.jar
7b6e1000-7b6ef000 r-xs 00679000 08:02 153626     /usr/lib/jvm/java-6-sun-1.6.0.24/jre/lib/charsets.jar
7b6ef000-7b701000 r-xs 001ac000 08:02 153812     /usr/lib/jvm/java-6-sun-1.6.0.24/jre/lib/plugin.jar
7b701000-7b704000 ---p 00000000 00:00 0 
7b704000-7b752000 rwxp 00000000 00:00 0 
7b752000-7b755000 ---p 00000000 00:00 0 
7b755000-7b7a3000 rwxp 00000000 00:00 0 
7b7a3000-7b7a6000 ---p 00000000 00:00 0 
7b7a6000-7b7f4000 rwxp 00000000 00:00 0 
7b7f4000-7b7f7000 ---p 00000000 00:00 0 
7b7f7000-7b845000 rwxp 00000000 00:00 0 
7b845000-7b848000 ---p 00000000 00:00 0 
7b848000-7b896000 rwxp 00000000 00:00 0 
7b896000-7b899000 ---p 00000000 00:00 0 
7b899000-7b8e7000 rwxp 00000000 00:00 0 
7b8e7000-7b8e8000 ---p 00000000 00:00 0 
7b8e8000-7b968000 rwxp 00000000 00:00 0 
7b968000-7bb00000 r-xs 03027000 08:02 153827     /usr/lib/jvm/java-6-sun-1.6.0.24/jre/lib/rt.jar
7bb00000-7bbfe000 rwxp 00000000 00:00 0 
7bbfe000-7bc00000 ---p 00000000 00:00 0 
7bc00000-7bc03000 r-xs 00020000 08:03 3182817    /home/ggervais/workspace_new/GameEngine/lib/jogl-2.0-b23-20110303-linux-i586/jar/newt.all-noawt.jar
7bc03000-7bc0c000 r-xs 000d7000 08:02 153810     /usr/lib/jvm/java-6-sun-1.6.0.24/jre/lib/javaws.jar
7bc0c000-7bc1d000 r-xs 00349000 08:02 153747     /usr/lib/jvm/java-6-sun-1.6.0.24/jre/lib/deploy.jar
7bc1d000-7bc51000 rwxp 00000000 00:00 0 
7bc51000-7bc52000 ---p 00000000 00:00 0 
7bc52000-7bcd2000 rwxp 00000000 00:00 0 
7bcd2000-7bcd3000 ---p 00000000 00:00 0 
7bcd3000-7bd5b000 rwxp 00000000 00:00 0 
7bd5b000-7bd73000 rwxp 00000000 00:00 0 
7bd73000-7bd85000 rwxp 00000000 00:00 0 
7bd85000-7be85000 rwxp 00000000 00:00 0 
7be85000-7be8d000 rwxp 00000000 00:00 0 
7be8d000-7bea5000 rwxp 00000000 00:00 0 
7bea5000-7beb7000 rwxp 00000000 00:00 0 
7beb7000-7bfb6000 rwxp 00000000 00:00 0 
7bfb6000-7bfbf000 rwxp 00000000 00:00 0 
7bfbf000-7c03f000 rwxp 00000000 00:00 0 
7c03f000-7d040000 rwxp 00000000 00:00 0 
7d040000-80040000 rwxp 00000000 00:00 0 
80040000-82260000 rwxp 00000000 00:00 0 
82260000-a22f0000 rwxp 00000000 00:00 0 
a22f0000-a3400000 rwxp 00000000 00:00 0 
a3400000-b3440000 rwxp 00000000 00:00 0 
b3440000-b3441000 r-xs 00000000 08:02 556026     /var/cache/fontconfig/4794a0821666d79190d59a36cb4f44b5-le32d4.cache-3
b3441000-b3442000 r-xs 00002000 08:03 3182816    /home/ggervais/workspace_new/GameEngine/lib/jogl-2.0-b23-20110303-linux-i586/jar/newt-natives-linux-i586.jar
b3442000-b3443000 r-xs 00004000 08:03 3182815    /home/ggervais/workspace_new/GameEngine/lib/jogl-2.0-b23-20110303-linux-i586/jar/nativewindow.os.x11.jar
b3443000-b3446000 r-xs 00013000 08:02 153153     /usr/lib/jvm/java-6-sun-1.6.0.24/jre/lib/jce.jar
b3446000-b344d000 r-xs 00094000 08:02 153152     /usr/lib/jvm/java-6-sun-1.6.0.24/jre/lib/jsse.jar
b344d000-b3456000 rwxp 00000000 00:00 0 
b3456000-b350d000 rwxp 00000000 00:00 0 
b350d000-b374d000 rwxp 00000000 00:00 0 
b374d000-b650d000 rwxp 00000000 00:00 0 
b650d000-b651c000 r-xp 00000000 08:02 153758     /usr/lib/jvm/java-6-sun-1.6.0.24/jre/lib/i386/libzip.so
b651c000-b651e000 rwxp 0000e000 08:02 153758     /usr/lib/jvm/java-6-sun-1.6.0.24/jre/lib/i386/libzip.so
b651e000-b6528000 r-xp 00000000 08:02 261489     /lib/i386-linux-gnu/libnss_files-2.13.so
b6528000-b6529000 r-xp 00009000 08:02 261489     /lib/i386-linux-gnu/libnss_files-2.13.so
b6529000-b652a000 rwxp 0000a000 08:02 261489     /lib/i386-linux-gnu/libnss_files-2.13.so
b652a000-b6533000 r-xp 00000000 08:02 261493     /lib/i386-linux-gnu/libnss_nis-2.13.so
b6533000-b6534000 r-xp 00008000 08:02 261493     /lib/i386-linux-gnu/libnss_nis-2.13.so
b6534000-b6535000 rwxp 00009000 08:02 261493     /lib/i386-linux-gnu/libnss_nis-2.13.so
b6535000-b6538000 r-xs 00012000 08:03 3182507    /home/ggervais/workspace_new/GameEngine/lib/jogl-2.0-b23-20110303-linux-i586/jar/nativewindow.all-noawt.jar
b6538000-b6539000 r-xs 00002000 08:03 3182504    /home/ggervais/workspace_new/GameEngine/lib/jogl-2.0-b23-20110303-linux-i586/jar/nativewindow-natives-linux-i586.jar
b6539000-b653b000 r-xs 0001e000 08:03 3182501    /home/ggervais/workspace_new/GameEngine/lib/jogl-2.0-b23-20110303-linux-i586/jar/jogl.util.jar
b653b000-b653d000 r-xs 00009000 08:02 153814     /usr/lib/jvm/java-6-sun-1.6.0.24/jre/lib/alt-string.jar
b653d000-b653f000 r-xs 0000e000 08:02 153889     /usr/lib/jvm/java-6-sun-1.6.0.24/jre/lib/alt-rt.jar
b653f000-b6542000 r-xp 00000000 08:02 153799     /usr/lib/jvm/java-6-sun-1.6.0.24/jre/lib/i386/libdt_socket.so
b6542000-b6543000 rwxp 00003000 08:02 153799     /usr/lib/jvm/java-6-sun-1.6.0.24/jre/lib/i386/libdt_socket.so
b6543000-b654b000 rwxs 00000000 08:02 651709     /tmp/hsperfdata_ggervais/3754
b654b000-b666b000 r-xp 00178000 08:02 139490     /usr/lib/locale/locale-archive
b666b000-b686b000 r-xp 00000000 08:02 139490     /usr/lib/locale/locale-archive
b686b000-b68a5000 r-xp 00000000 08:02 153800     /usr/lib/jvm/java-6-sun-1.6.0.24/jre/lib/i386/libjdwp.so
b68a5000-b68a6000 rwxp 00039000 08:02 153800     /usr/lib/jvm/java-6-sun-1.6.0.24/jre/lib/i386/libjdwp.so
b68a6000-b68b9000 r-xp 00000000 08:02 261483     /lib/i386-linux-gnu/libnsl-2.13.so
b68b9000-b68ba000 r-xp 00012000 08:02 261483     /lib/i386-linux-gnu/libnsl-2.13.so
b68ba000-b68bb000 rwxp 00013000 08:02 261483     /lib/i386-linux-gnu/libnsl-2.13.so
b68bb000-b68bd000 rwxp 00000000 00:00 0 
b68bd000-b68c3000 r-xp 00000000 08:02 261485     /lib/i386-linux-gnu/libnss_compat-2.13.so
b68c3000-b68c4000 r-xp 00005000 08:02 261485     /lib/i386-linux-gnu/libnss_compat-2.13.so
b68c4000-b68c5000 rwxp 00006000 08:02 261485     /lib/i386-linux-gnu/libnss_compat-2.13.so
b68c5000-b68ce000 r-xp 00000000 08:02 153796     /usr/lib/jvm/java-6-sun-1.6.0.24/jre/lib/i386/libinstrument.so
b68ce000-b68cf000 rwxp 00008000 08:02 153796     /usr/lib/jvm/java-6-sun-1.6.0.24/jre/lib/i386/libinstrument.so
b68cf000-b68d2000 r-xp 00000000 08:02 153752     /usr/lib/jvm/java-6-sun-1.6.0.24/jre/lib/i386/libnpt.so
b68d2000-b68d3000 rwxp 00002000 08:02 153752     /usr/lib/jvm/java-6-sun-1.6.0.24/jre/lib/i386/libnpt.so
b68d3000-b68f6000 r-xp 00000000 08:02 153753     /usr/lib/jvm/java-6-sun-1.6.0.24/jre/lib/i386/libjava.so
b68f6000-b68f8000 rwxp 00023000 08:02 153753     /usr/lib/jvm/java-6-sun-1.6.0.24/jre/lib/i386/libjava.so
b68f8000-b68ff000 r-xp 00000000 08:02 261512     /lib/i386-linux-gnu/librt-2.13.so
b68ff000-b6900000 r-xp 00006000 08:02 261512     /lib/i386-linux-gnu/librt-2.13.so
b6900000-b6901000 rwxp 00007000 08:02 261512     /lib/i386-linux-gnu/librt-2.13.so
b6901000-b6904000 ---p 00000000 00:00 0 
b6904000-b6952000 rwxp 00000000 00:00 0 
b6952000-b6976000 r-xp 00000000 08:02 261480     /lib/i386-linux-gnu/libm-2.13.so
b6976000-b6977000 r-xp 00023000 08:02 261480     /lib/i386-linux-gnu/libm-2.13.so
b6977000-b6978000 rwxp 00024000 08:02 261480     /lib/i386-linux-gnu/libm-2.13.so
b6978000-b7105000 r-xp 00000000 08:02 153773     /usr/lib/jvm/java-6-sun-1.6.0.24/jre/lib/i386/server/libjvm.so
b7105000-b7158000 rwxp 0078d000 08:02 153773     /usr/lib/jvm/java-6-sun-1.6.0.24/jre/lib/i386/server/libjvm.so
b7158000-b7578000 rwxp 00000000 00:00 0 
b7578000-b76d2000 r-xp 00000000 08:02 261443     /lib/i386-linux-gnu/libc-2.13.so
b76d2000-b76d3000 ---p 0015a000 08:02 261443     /lib/i386-linux-gnu/libc-2.13.so
b76d3000-b76d5000 r-xp 0015a000 08:02 261443     /lib/i386-linux-gnu/libc-2.13.so
b76d5000-b76d6000 rwxp 0015c000 08:02 261443     /lib/i386-linux-gnu/libc-2.13.so
b76d6000-b76d9000 rwxp 00000000 00:00 0 
b76d9000-b76db000 r-xp 00000000 08:02 261453     /lib/i386-linux-gnu/libdl-2.13.so
b76db000-b76dc000 r-xp 00001000 08:02 261453     /lib/i386-linux-gnu/libdl-2.13.so
b76dc000-b76dd000 rwxp 00002000 08:02 261453     /lib/i386-linux-gnu/libdl-2.13.so
b76dd000-b76e4000 r-xp 00000000 08:02 153762     /usr/lib/jvm/java-6-sun-1.6.0.24/jre/lib/i386/jli/libjli.so
b76e4000-b76e6000 rwxp 00006000 08:02 153762     /usr/lib/jvm/java-6-sun-1.6.0.24/jre/lib/i386/jli/libjli.so
b76e6000-b76fb000 r-xp 00000000 08:02 261508     /lib/i386-linux-gnu/libpthread-2.13.so
b76fb000-b76fc000 r-xp 00015000 08:02 261508     /lib/i386-linux-gnu/libpthread-2.13.so
b76fc000-b76fd000 rwxp 00016000 08:02 261508     /lib/i386-linux-gnu/libpthread-2.13.so
b76fd000-b7700000 rwxp 00000000 00:00 0 
b7700000-b7701000 r-xs 00000000 08:02 153890     /usr/lib/jvm/java-6-sun-1.6.0.24/jre/lib/management-agent.jar
b7701000-b7707000 r-xp 00000000 08:02 153776     /usr/lib/jvm/java-6-sun-1.6.0.24/jre/lib/i386/native_threads/libhpi.so
b7707000-b7708000 rwxp 00006000 08:02 153776     /usr/lib/jvm/java-6-sun-1.6.0.24/jre/lib/i386/native_threads/libhpi.so
b7708000-b7709000 rwxp 00000000 00:00 0 
b7709000-b770a000 r-xp 00000000 00:00 0 
b770a000-b7715000 r-xp 00000000 08:02 153787     /usr/lib/jvm/java-6-sun-1.6.0.24/jre/lib/i386/libverify.so
b7715000-b7716000 rwxp 0000b000 08:02 153787     /usr/lib/jvm/java-6-sun-1.6.0.24/jre/lib/i386/libverify.so
b7716000-b7718000 rwxp 00000000 00:00 0 
b7718000-b7719000 r-xp 00000000 00:00 0          [vdso]
b7719000-b7735000 r-xp 00000000 08:02 261430     /lib/i386-linux-gnu/ld-2.13.so
b7735000-b7736000 r-xp 0001b000 08:02 261430     /lib/i386-linux-gnu/ld-2.13.so
b7736000-b7737000 rwxp 0001c000 08:02 261430     /lib/i386-linux-gnu/ld-2.13.so
bfe0e000-bfe30000 rwxp 00000000 00:00 0          [stack]

VM Arguments:
jvm_args: -agentlib:jdwp=transport=dt_socket,address=127.0.0.1:37154,suspend=y,server=n -Djava.library.path=/home/ggervais/workspace_new/GameEngine/lib/jinput:/home/ggervais/workspace_new/GameEngine/lib/jogl-2.0-b23-20110303-linux-i586/lib -javaagent:/opt/idea-IC-103.255/plugins/Groovy/lib/agent/gragent.jar -Dfile.encoding=UTF-8 
java_command: com.ggervais.gameengine.testapp.Main
Launcher Type: SUN_STANDARD

Environment Variables:
CLASSPATH=../lib/bootstrap.jar:../lib/util.jar:../lib/jdom.jar:../lib/log4j.jar:../lib/extensions.jar:../lib/trove4j.jar:/usr/lib/jvm/java-6-openjdk/lib/tools.jar:
PATH=/home/ggervais/bin:/usr/local/sbin:/usr/local/bin:/usr/sbin:/usr/bin:/sbin:/bin:/usr/games:/opt/go/bin
USERNAME=ggervais
LD_LIBRARY_PATH=/usr/lib/jvm/java-6-sun-1.6.0.24/jre/lib/i386/server:/usr/lib/jvm/java-6-sun-1.6.0.24/jre/lib/i386:/usr/lib/jvm/java-6-sun-1.6.0.24/jre/../lib/i386:/usr/lib/jvm/java-6-openjdk/jre/lib/i386/server:/usr/lib/jvm/java-6-openjdk/jre/lib/i386:/usr/lib/jvm/java-6-openjdk/jre/../lib/i386:.:
SHELL=/bin/bash
DISPLAY=:0.0

Signal Handlers:
SIGSEGV: [libjvm.so+0x708f80], sa_mask[0]=0x7ffbfeff, sa_flags=0x10000004
SIGBUS: [libjvm.so+0x708f80], sa_mask[0]=0x7ffbfeff, sa_flags=0x10000004
SIGFPE: [libjvm.so+0x5c4100], sa_mask[0]=0x7ffbfeff, sa_flags=0x10000004
SIGPIPE: [libjvm.so+0x5c4100], sa_mask[0]=0x7ffbfeff, sa_flags=0x10000004
SIGXFSZ: [libjvm.so+0x5c4100], sa_mask[0]=0x7ffbfeff, sa_flags=0x10000004
SIGILL: [libjvm.so+0x5c4100], sa_mask[0]=0x7ffbfeff, sa_flags=0x10000004
SIGUSR1: SIG_DFL, sa_mask[0]=0x00000000, sa_flags=0x00000000
SIGUSR2: [libjvm.so+0x5c70e0], sa_mask[0]=0x00000004, sa_flags=0x10000004
SIGHUP: [libjvm.so+0x5c6cc0], sa_mask[0]=0x7ffbfeff, sa_flags=0x10000004
SIGINT: [libjvm.so+0x5c6cc0], sa_mask[0]=0x7ffbfeff, sa_flags=0x10000004
SIGTERM: [libjvm.so+0x5c6cc0], sa_mask[0]=0x7ffbfeff, sa_flags=0x10000004
SIGQUIT: [libjvm.so+0x5c6cc0], sa_mask[0]=0x7ffbfeff, sa_flags=0x10000004


---------------  S Y S T E M  ---------------

OS:squeeze/sid

uname:Linux 2.6.38-8-generic #42-Ubuntu SMP Mon Apr 11 03:31:50 UTC 2011 i686
libc:glibc 2.13 NPTL 2.13 
rlimit: STACK 8192k, CORE 0k, NPROC infinity, NOFILE 4096, AS infinity
load average:0.70 0.49 0.51

/proc/meminfo:
MemTotal:        3354092 kB
MemFree:          575488 kB
Buffers:          637116 kB
Cached:           924432 kB
SwapCached:            0 kB
Active:          1464228 kB
Inactive:        1098200 kB
Active(anon):     898976 kB
Inactive(anon):   105124 kB
Active(file):     565252 kB
Inactive(file):   993076 kB
Unevictable:          16 kB
Mlocked:              16 kB
HighTotal:       2498248 kB
HighFree:         551944 kB
LowTotal:         855844 kB
LowFree:           23544 kB
SwapTotal:        979928 kB
SwapFree:         979928 kB
Dirty:               668 kB
Writeback:             0 kB
AnonPages:       1000716 kB
Mapped:           136000 kB
Shmem:              3220 kB
Slab:             155184 kB
SReclaimable:     110852 kB
SUnreclaim:        44332 kB
KernelStack:        3168 kB
PageTables:         6848 kB
NFS_Unstable:          0 kB
Bounce:                0 kB
WritebackTmp:          0 kB
CommitLimit:     2656972 kB
Committed_AS:    2547264 kB
VmallocTotal:     122880 kB
VmallocUsed:       70680 kB
VmallocChunk:      43516 kB
HardwareCorrupted:     0 kB
HugePages_Total:       0
HugePages_Free:        0
HugePages_Rsvd:        0
HugePages_Surp:        0
Hugepagesize:       4096 kB
DirectMap4k:      233464 kB
DirectMap4M:      675840 kB


CPU:total 2 (2 cores per cpu, 1 threads per core) family 6 model 15 stepping 6, cmov, cx8, fxsr, mmx, sse, sse2, sse3, ssse3

Memory: 4k page, physical 3354092k(575488k free), swap 979928k(979928k free)

vm_info: Java HotSpot(TM) Server VM (19.1-b02) for linux-x86 JRE (1.6.0_24-b07), built on Feb  2 2011 16:51:52 by "java_re" with gcc 3.2.1-7a (J2SE release)

time: Wed Jun 22 15:23:18 2011
elapsed time: 2 seconds

