#
# A fatal error has been detected by the Java Runtime Environment:
#
#  SIGSEGV (0xb) at pc=0x7a9d6a72, pid=15990, tid=2033548144
#
# JRE version: 6.0_24-b07
# Java VM: Java HotSpot(TM) Server VM (19.1-b02 mixed mode linux-x86 )
# Problematic frame:
# C  [libnvidia-glcore.so.270.41.06+0xe86a72]
#
# If you would like to submit a bug report, please visit:
#   http://java.sun.com/webapps/bugreport/crash.jsp
# The crash happened outside the Java Virtual Machine in native code.
# See problematic frame for where to report the bug.
#

---------------  T H R E A D  ---------------

Current thread (0x09b00c00):  JavaThread "AWT-EventQueue-0" [_thread_in_native, id=16012, stack(0x79307000,0x79358000)]

siginfo:si_signo=SIGSEGV: si_errno=0, si_code=1 (SEGV_MAPERR), si_addr=0x791eb168

Registers:
EAX=0x00000001, EBX=0x7b8dc880, ECX=0x00000001, EDX=0x00000001
ESP=0x79355ae0, EBP=0x79357b70, ESI=0x79358000, EDI=0x7918d008
EIP=0x7a9d6a72, CR2=0x791eb168, EFLAGS=0x00010202

Register to memory mapping:

EAX=0x00000001
0x00000001 is pointing to unknown location

EBX=0x7b8dc880
0x7b8dc880 is pointing to unknown location

ECX=0x00000001
0x00000001 is pointing to unknown location

EDX=0x00000001
0x00000001 is pointing to unknown location

ESP=0x79355ae0
0x79355ae0 is pointing into the stack for thread: 0x09b00c00
"AWT-EventQueue-0" prio=10 tid=0x09b00c00 nid=0x3e8c runnable [0x79356000]
   java.lang.Thread.State: RUNNABLE

EBP=0x79357b70
0x79357b70 is pointing into the stack for thread: 0x09b00c00
"AWT-EventQueue-0" prio=10 tid=0x09b00c00 nid=0x3e8c runnable [0x79356000]
   java.lang.Thread.State: RUNNABLE

ESI=0x79358000
0x79358000 is pointing into the stack for thread: 0x09b00c00
"AWT-EventQueue-0" prio=10 tid=0x09b00c00 nid=0x3e8c runnable [0x79356000]
   java.lang.Thread.State: RUNNABLE

EDI=0x7918d008
0x7918d008 is pointing to unknown location


Top of Stack: (sp=0x79355ae0)
0x79355ae0:   79358000 00000048 4dc7681d 09a261c8
0x79355af0:   7a9b8440 09a776a8 7b8cbf88 7a9b6b10
0x79355b00:   79358000 7a9b8440 0000001a 7a9b850c
0x79355b10:   79358000 b78dcc40 f464c925 7a9b8440
0x79355b20:   0000001a 7b8bf740 79355c98 7b2d42fc
0x79355b30:   79357b70 00003e76 00000001 7b4cf75a
0x79355b40:   7b4d1ff4 00000019 79357b70 79357b70
0x79355b50:   b78e5ff4 0000001a 7b8bf740 b78d7c3d 

Instructions: (pc=0x7a9d6a72)
0x7a9d6a62:   c4 50 02 00 89 34 24 e8 12 0c 01 00 85 ff 74 11
0x7a9d6a72:   3b b7 60 e1 05 00 74 78 80 bf 50 db 05 00 00 78 

Stack: [0x79307000,0x79358000],  sp=0x79355ae0,  free space=314k
Native frames: (J=compiled Java code, j=interpreted, Vv=VM code, C=native code)
C  [libnvidia-glcore.so.270.41.06+0xe86a72]

Java frames: (J=compiled Java code, j=interpreted, Vv=VM code)
j  sun.awt.X11.XInputMethod.openXIMNative(J)Z+0
j  sun.awt.X11.XInputMethod.openXIM()Z+4
j  sun.awt.X11InputMethod.initXIM()Z+7
j  sun.awt.X11InputMethod.<init>()V+87
j  sun.awt.X11.XInputMethod.<init>()V+1
j  sun.awt.X11.XInputMethodDescriptor.createInputMethod()Ljava/awt/im/spi/InputMethod;+4
j  sun.awt.im.InputContext.getInputMethodInstance()Ljava/awt/im/spi/InputMethod;+135
j  sun.awt.im.InputContext.getInputMethod()Ljava/awt/im/spi/InputMethod;+23
j  sun.awt.im.InputContext.dispatchEvent(Ljava/awt/AWTEvent;)V+47
j  sun.awt.im.InputMethodContext.dispatchEvent(Ljava/awt/AWTEvent;)V+58
j  java.awt.Component.dispatchEventImpl(Ljava/awt/AWTEvent;)V+322
j  java.awt.Component.dispatchEvent(Ljava/awt/AWTEvent;)V+2
j  java.awt.EventQueue.dispatchEventImpl(Ljava/awt/AWTEvent;Ljava/lang/Object;)V+41
j  java.awt.EventQueue.access$000(Ljava/awt/EventQueue;Ljava/awt/AWTEvent;Ljava/lang/Object;)V+3
j  java.awt.EventQueue$1.run()Ljava/lang/Void;+12
j  java.awt.EventQueue$1.run()Ljava/lang/Object;+1
v  ~StubRoutines::call_stub
j  java.security.AccessController.doPrivileged(Ljava/security/PrivilegedAction;Ljava/security/AccessControlContext;)Ljava/lang/Object;+0
j  java.security.AccessControlContext$1.doIntersectionPrivilege(Ljava/security/PrivilegedAction;Ljava/security/AccessControlContext;Ljava/security/AccessControlContext;)Ljava/lang/Object;+28
j  java.security.AccessControlContext$1.doIntersectionPrivilege(Ljava/security/PrivilegedAction;Ljava/security/AccessControlContext;)Ljava/lang/Object;+6
j  java.awt.EventQueue$2.run()Ljava/lang/Void;+11
j  java.awt.EventQueue$2.run()Ljava/lang/Object;+1
v  ~StubRoutines::call_stub
j  java.security.AccessController.doPrivileged(Ljava/security/PrivilegedAction;Ljava/security/AccessControlContext;)Ljava/lang/Object;+0
j  java.security.AccessControlContext$1.doIntersectionPrivilege(Ljava/security/PrivilegedAction;Ljava/security/AccessControlContext;Ljava/security/AccessControlContext;)Ljava/lang/Object;+28
j  java.awt.EventQueue.dispatchEvent(Ljava/awt/AWTEvent;)V+73
j  java.awt.EventDispatchThread.pumpOneEventForFilters(I)Z+204
j  java.awt.EventDispatchThread.pumpEventsForFilter(ILjava/awt/Conditional;Ljava/awt/EventFilter;)V+30
j  java.awt.EventDispatchThread.pumpEventsForHierarchy(ILjava/awt/Conditional;Ljava/awt/Component;)V+11
j  java.awt.EventDispatchThread.pumpEvents(ILjava/awt/Conditional;)V+4
j  java.awt.EventDispatchThread.pumpEvents(Ljava/awt/Conditional;)V+3
j  java.awt.EventDispatchThread.run()V+9
v  ~StubRoutines::call_stub

---------------  P R O C E S S  ---------------

Java Threads: ( => current thread )
=>0x09b00c00 JavaThread "AWT-EventQueue-0" [_thread_in_native, id=16012, stack(0x79307000,0x79358000)]
  0x794f8c00 JavaThread "Thread-2" daemon [_thread_blocked, id=16011, stack(0x79977000,0x799c8000)]
  0x7b8c1400 JavaThread "main-SharedResourceRunner" daemon [_thread_blocked, id=16010, stack(0x79a8d000,0x79ade000)]
  0x7b8a7800 JavaThread "AWT-Shutdown" [_thread_blocked, id=16008, stack(0x7b40d000,0x7b45e000)]
  0x7b8a5000 JavaThread "AWT-XAWT" daemon [_thread_blocked, id=16007, stack(0x7b45e000,0x7b4af000)]
  0x7b86b800 JavaThread "Java2D Disposer" daemon [_thread_blocked, id=16006, stack(0x7b4ef000,0x7b540000)]
  0x095f8800 JavaThread "Low Memory Detector" daemon [_thread_blocked, id=16004, stack(0x7b9be000,0x7ba0f000)]
  0x095ed000 JavaThread "CompilerThread1" daemon [_thread_blocked, id=16003, stack(0x7ba0f000,0x7ba90000)]
  0x095eb000 JavaThread "CompilerThread0" daemon [_thread_blocked, id=16002, stack(0x7ba90000,0x7bb11000)]
  0x095e9800 JavaThread "Signal Dispatcher" daemon [_thread_blocked, id=16001, stack(0x7bb11000,0x7bb62000)]
  0x095d7c00 JavaThread "Finalizer" daemon [_thread_blocked, id=16000, stack(0x7be82000,0x7bed3000)]
  0x095d6400 JavaThread "Reference Handler" daemon [_thread_blocked, id=15999, stack(0x7bed3000,0x7bf24000)]
  0x09556c00 JavaThread "main" [_thread_blocked, id=15995, stack(0xb6ab4000,0xb6b05000)]

Other Threads:
  0x095d2800 VMThread [stack: 0x7bf24000,0x7bfa5000] [id=15998]
  0x095fa400 WatcherThread [stack: 0x7b93d000,0x7b9be000] [id=16005]

VM state:not at safepoint (normal execution)

VM Mutex/Monitor currently owned by a thread: None

Heap
 PSYoungGen      total 15296K, used 2491K [0xa2810000, 0xa3920000, 0xb3960000)
  eden space 13120K, 9% used [0xa2810000,0xa2945c60,0xa34e0000)
  from space 2176K, 57% used [0xa34e0000,0xa3619228,0xa3700000)
  to   space 2176K, 0% used [0xa3700000,0xa3700000,0xa3920000)
 PSOldGen        total 34944K, used 0K [0x80560000, 0x82780000, 0xa2810000)
  object space 34944K, 0% used [0x80560000,0x80560000,0x82780000)
 PSPermGen       total 16384K, used 10977K [0x7c560000, 0x7d560000, 0x80560000)
  object space 16384K, 67% used [0x7c560000,0x7d018570,0x7d560000)

Dynamic libraries:
08048000-08052000 r-xp 00000000 08:02 153707     /usr/lib/jvm/java-6-sun-1.6.0.24/jre/bin/java
08052000-08053000 rwxp 00009000 08:02 153707     /usr/lib/jvm/java-6-sun-1.6.0.24/jre/bin/java
09550000-09b69000 rwxp 00000000 00:00 0          [heap]
79200000-79248000 rwxp 00000000 00:00 0 
79248000-79300000 ---p 00000000 00:00 0 
79307000-7930a000 ---p 00000000 00:00 0 
7930a000-79400000 rwxp 00000000 00:00 0 
79400000-794fd000 rwxp 00000000 00:00 0 
794fd000-79500000 ---p 00000000 00:00 0 
7954f000-79551000 r-xs 00000000 08:02 673396     /tmp/glA0O0nk (deleted)
79551000-79553000 rwxs 00000000 08:02 673396     /tmp/glA0O0nk (deleted)
79553000-79753000 rwxs 1c0fe000 00:05 7147       /dev/nvidia0
79753000-79757000 rwxs 20a2a000 00:05 7147       /dev/nvidia0
79757000-79857000 rwxs 20922000 00:05 7147       /dev/nvidia0
79857000-79897000 rwxs 1c809000 00:05 7147       /dev/nvidia0
79897000-798b7000 rwxs 1e339000 00:05 7147       /dev/nvidia0
798b7000-7992a000 rwxp 00000000 00:00 0 
79977000-7997a000 ---p 00000000 00:00 0 
7997a000-799c8000 rwxp 00000000 00:00 0 
799c8000-799ce000 r-xp 00000000 08:02 136700     /usr/lib/i386-linux-gnu/libXrandr.so.2.2.0
799ce000-799cf000 r-xp 00005000 08:02 136700     /usr/lib/i386-linux-gnu/libXrandr.so.2.2.0
799cf000-799d0000 rwxp 00006000 08:02 136700     /usr/lib/i386-linux-gnu/libXrandr.so.2.2.0
799de000-799e1000 r-xp 00000000 08:03 5242950    /home/ggervais/workspace_new/GameEngine/lib/jinput/libjinput-linux.so
799e1000-799e2000 r-xp 00002000 08:03 5242950    /home/ggervais/workspace_new/GameEngine/lib/jinput/libjinput-linux.so
799e2000-799e3000 rwxp 00003000 08:03 5242950    /home/ggervais/workspace_new/GameEngine/lib/jinput/libjinput-linux.so
799e3000-799fe000 rwxs 2e160000 00:05 7147       /dev/nvidia0
799fe000-79a77000 rwxp 00000000 00:00 0 
79a77000-79a8b000 r-xp 00000000 08:03 4014112    /home/ggervais/workspace_new/GameEngine/lib/jogl-2.0-b23-20110303-linux-i586/lib/libjogl_es2.so
79a8b000-79a8c000 r-xp 00013000 08:03 4014112    /home/ggervais/workspace_new/GameEngine/lib/jogl-2.0-b23-20110303-linux-i586/lib/libjogl_es2.so
79a8c000-79a8d000 rwxp 00014000 08:03 4014112    /home/ggervais/workspace_new/GameEngine/lib/jogl-2.0-b23-20110303-linux-i586/lib/libjogl_es2.so
79a8d000-79a90000 ---p 00000000 00:00 0 
79a90000-79ade000 rwxp 00000000 00:00 0 
79ade000-79b4e000 r-xp 00000000 08:03 4014110    /home/ggervais/workspace_new/GameEngine/lib/jogl-2.0-b23-20110303-linux-i586/lib/libjogl_desktop.so
79b4e000-79b4f000 r-xp 0006f000 08:03 4014110    /home/ggervais/workspace_new/GameEngine/lib/jogl-2.0-b23-20110303-linux-i586/lib/libjogl_desktop.so
79b4f000-79b50000 rwxp 00070000 08:03 4014110    /home/ggervais/workspace_new/GameEngine/lib/jogl-2.0-b23-20110303-linux-i586/lib/libjogl_desktop.so
79b50000-7b205000 r-xp 00000000 08:02 154243     /usr/lib/nvidia-current/libnvidia-glcore.so.270.41.06
7b205000-7b261000 rwxp 016b4000 08:02 154243     /usr/lib/nvidia-current/libnvidia-glcore.so.270.41.06
7b261000-7b272000 rwxp 00000000 00:00 0 
7b272000-7b313000 r-xp 00000000 08:02 154239     /usr/lib/nvidia-current/libGL.so.270.41.06
7b313000-7b331000 rwxp 000a1000 08:02 154239     /usr/lib/nvidia-current/libGL.so.270.41.06
7b331000-7b340000 rwxp 00000000 00:00 0 
7b340000-7b343000 ---p 00000000 00:00 0 
7b343000-7b391000 rwxp 00000000 00:00 0 
7b391000-7b392000 r-xs 00000000 08:02 563892     /var/cache/fontconfig/26de28bc8622bbc1fb67fd234c21975f-le32d4.cache-3
7b392000-7b393000 r-xs 00000000 08:02 556846     /var/cache/fontconfig/c05880de57d1f5e948fdfacc138775d9-le32d4.cache-3
7b393000-7b399000 r-xs 00000000 08:02 556843     /var/cache/fontconfig/945677eb7aeaf62f1d50efc3fb3ec7d8-le32d4.cache-3
7b399000-7b39b000 r-xs 00000000 08:02 556844     /var/cache/fontconfig/99e8ed0e538f840c565b6ed5dad60d56-le32d4.cache-3
7b39b000-7b39e000 r-xs 00000000 08:02 556854     /var/cache/fontconfig/e383d7ea5fbe662a33d9b44caf393297-le32d4.cache-3
7b39e000-7b3a3000 r-xs 00000000 08:02 563893     /var/cache/fontconfig/401a5dd6b567794a1d18dd9342dfa604-le32d4.cache-3
7b3a3000-7b3a5000 r-xs 00000000 08:02 556831     /var/cache/fontconfig/2cd17615ca594fa2959ae173292e504c-le32d4.cache-3
7b3a5000-7b3a6000 r-xs 00000000 08:02 556855     /var/cache/fontconfig/e7071f4a29fa870f4323321c154eba04-le32d4.cache-3
7b3a6000-7b3a9000 r-xs 00000000 08:02 556840     /var/cache/fontconfig/6eb3985aa4124903f6ff08ba781cd364-le32d4.cache-3
7b3a9000-7b3aa000 r-xs 00000000 08:02 556835     /var/cache/fontconfig/4c73fe0c47614734b17d736dbde7580a-le32d4.cache-3
7b3aa000-7b3ab000 r-xs 00000000 08:02 556828     /var/cache/fontconfig/0d8c3b2ac0904cb8a57a757ad11a4a08-le32d4.cache-3
7b3ab000-7b3ac000 r-xs 00000000 08:02 556838     /var/cache/fontconfig/6a53c69dea097a2d716e069445527da8-le32d4.cache-3
7b3ac000-7b3b0000 r-xs 00000000 08:02 556845     /var/cache/fontconfig/a755afe4a08bf5b97852ceb7400b47bc-le32d4.cache-3
7b3b0000-7b3b4000 r-xs 00000000 08:02 558741     /var/cache/fontconfig/515ca1ebc4b18308bea979be5704f9db-le32d4.cache-3
7b3b4000-7b3bb000 r-xs 00000000 08:02 525846     /var/cache/fontconfig/6d41288fd70b0be22e8c3a91e032eec0-le32d4.cache-3
7b3bb000-7b3c6000 r-xs 00000000 08:02 556829     /var/cache/fontconfig/0f34bcd4b6ee430af32735b75db7f02b-le32d4.cache-3
7b3c6000-7b3e8000 r-xs 00000000 08:02 563437     /var/cache/fontconfig/365b55f210c0a22e9a19e35191240f32-le32d4.cache-3
7b3e8000-7b3eb000 r-xs 000cb000 08:02 153662     /usr/lib/jvm/java-6-sun-1.6.0.24/jre/lib/ext/localedata.jar
7b3eb000-7b3ef000 rwxs 1e2bd000 00:05 7147       /dev/nvidia0
7b3ef000-7b3f0000 rwxs d0005000 00:05 7147       /dev/nvidia0
7b3f0000-7b3f1000 rwxs 1cb39000 00:05 7147       /dev/nvidia0
7b3f1000-7b3f5000 rwxs 20a05000 00:05 7147       /dev/nvidia0
7b3f5000-7b3f6000 rwxs fdc08000 00:05 7147       /dev/nvidia0
7b3f6000-7b3f7000 rwxs fd641000 00:05 7147       /dev/nvidia0
7b3f7000-7b3f8000 rwxs 30f82000 00:05 7147       /dev/nvidia0
7b3f8000-7b40b000 r-xp 00000000 08:03 4014111    /home/ggervais/workspace_new/GameEngine/lib/jogl-2.0-b23-20110303-linux-i586/lib/libjogl_es1.so
7b40b000-7b40c000 r-xp 00012000 08:03 4014111    /home/ggervais/workspace_new/GameEngine/lib/jogl-2.0-b23-20110303-linux-i586/lib/libjogl_es1.so
7b40c000-7b40d000 rwxp 00013000 08:03 4014111    /home/ggervais/workspace_new/GameEngine/lib/jogl-2.0-b23-20110303-linux-i586/lib/libjogl_es1.so
7b40d000-7b410000 ---p 00000000 00:00 0 
7b410000-7b45e000 rwxp 00000000 00:00 0 
7b45e000-7b461000 ---p 00000000 00:00 0 
7b461000-7b4af000 rwxp 00000000 00:00 0 
7b4af000-7b4b3000 r-xp 00000000 08:02 136692     /usr/lib/i386-linux-gnu/libXfixes.so.3.1.0
7b4b3000-7b4b4000 r-xp 00003000 08:02 136692     /usr/lib/i386-linux-gnu/libXfixes.so.3.1.0
7b4b4000-7b4b5000 rwxp 00004000 08:02 136692     /usr/lib/i386-linux-gnu/libXfixes.so.3.1.0
7b4b5000-7b4bd000 r-xp 00000000 08:02 136702     /usr/lib/i386-linux-gnu/libXrender.so.1.3.0
7b4bd000-7b4be000 r-xp 00007000 08:02 136702     /usr/lib/i386-linux-gnu/libXrender.so.1.3.0
7b4be000-7b4bf000 rwxp 00008000 08:02 136702     /usr/lib/i386-linux-gnu/libXrender.so.1.3.0
7b4bf000-7b4c7000 r-xp 00000000 08:02 136684     /usr/lib/i386-linux-gnu/libXcursor.so.1.0.2
7b4c7000-7b4c8000 r-xp 00007000 08:02 136684     /usr/lib/i386-linux-gnu/libXcursor.so.1.0.2
7b4c8000-7b4c9000 rwxp 00008000 08:02 136684     /usr/lib/i386-linux-gnu/libXcursor.so.1.0.2
7b4c9000-7b4cd000 r-xp 00000000 08:03 4014114    /home/ggervais/workspace_new/GameEngine/lib/jogl-2.0-b23-20110303-linux-i586/lib/libnativewindow_x11.so
7b4cd000-7b4ce000 r-xp 00003000 08:03 4014114    /home/ggervais/workspace_new/GameEngine/lib/jogl-2.0-b23-20110303-linux-i586/lib/libnativewindow_x11.so
7b4ce000-7b4cf000 rwxp 00004000 08:03 4014114    /home/ggervais/workspace_new/GameEngine/lib/jogl-2.0-b23-20110303-linux-i586/lib/libnativewindow_x11.so
7b4cf000-7b4d1000 r-xp 00000000 08:02 136698     /usr/lib/i386-linux-gnu/libXinerama.so.1.0.0
7b4d1000-7b4d2000 r-xp 00001000 08:02 136698     /usr/lib/i386-linux-gnu/libXinerama.so.1.0.0
7b4d2000-7b4d3000 rwxp 00002000 08:02 136698     /usr/lib/i386-linux-gnu/libXinerama.so.1.0.0
7b4d3000-7b4d7000 r-xp 00000000 08:02 136706     /usr/lib/i386-linux-gnu/libXxf86vm.so.1.0.0
7b4d7000-7b4d8000 r-xp 00003000 08:02 136706     /usr/lib/i386-linux-gnu/libXxf86vm.so.1.0.0
7b4d8000-7b4d9000 rwxp 00004000 08:02 136706     /usr/lib/i386-linux-gnu/libXxf86vm.so.1.0.0
7b4d9000-7b4da000 r-xp 00000000 08:03 4014113    /home/ggervais/workspace_new/GameEngine/lib/jogl-2.0-b23-20110303-linux-i586/lib/libnativewindow_awt.so
7b4da000-7b4db000 r-xp 00000000 08:03 4014113    /home/ggervais/workspace_new/GameEngine/lib/jogl-2.0-b23-20110303-linux-i586/lib/libnativewindow_awt.so
7b4db000-7b4dc000 rwxp 00001000 08:03 4014113    /home/ggervais/workspace_new/GameEngine/lib/jogl-2.0-b23-20110303-linux-i586/lib/libnativewindow_awt.so
7b4dc000-7b4df000 r-xs 00000000 08:02 556851     /var/cache/fontconfig/d60319d88cac85ba9e1a07bd06cfbb8c-le32d4.cache-3
7b4df000-7b4e7000 r-xs 00000000 08:02 556850     /var/cache/fontconfig/d52a8644073d54c13679302ca1180695-le32d4.cache-3
7b4e7000-7b4ef000 r-xs 00000000 08:02 564351     /var/cache/fontconfig/e13b20fdb08344e0e664864cc2ede53d-le32d4.cache-3
7b4ef000-7b4f2000 ---p 00000000 00:00 0 
7b4f2000-7b540000 rwxp 00000000 00:00 0 
7b540000-7b5b9000 r-xp 00000000 08:02 153804     /usr/lib/jvm/java-6-sun-1.6.0.24/jre/lib/i386/libfontmanager.so
7b5b9000-7b5c3000 rwxp 00078000 08:02 153804     /usr/lib/jvm/java-6-sun-1.6.0.24/jre/lib/i386/libfontmanager.so
7b5c3000-7b5c8000 rwxp 00000000 00:00 0 
7b5c8000-7b5df000 r-xp 00000000 08:02 136828     /usr/lib/i386-linux-gnu/libxcb.so.1.1.0
7b5df000-7b5e0000 r-xp 00016000 08:02 136828     /usr/lib/i386-linux-gnu/libxcb.so.1.1.0
7b5e0000-7b5e1000 rwxp 00017000 08:02 136828     /usr/lib/i386-linux-gnu/libxcb.so.1.1.0
7b5e1000-7b5ee000 r-xp 00000000 08:02 136696     /usr/lib/i386-linux-gnu/libXi.so.6.1.0
7b5ee000-7b5ef000 r-xp 0000c000 08:02 136696     /usr/lib/i386-linux-gnu/libXi.so.6.1.0
7b5ef000-7b5f0000 rwxp 0000d000 08:02 136696     /usr/lib/i386-linux-gnu/libXi.so.6.1.0
7b5f0000-7b706000 r-xp 00000000 08:02 136678     /usr/lib/i386-linux-gnu/libX11.so.6.3.0
7b706000-7b707000 ---p 00116000 08:02 136678     /usr/lib/i386-linux-gnu/libX11.so.6.3.0
7b707000-7b708000 r-xp 00116000 08:02 136678     /usr/lib/i386-linux-gnu/libX11.so.6.3.0
7b708000-7b70a000 rwxp 00117000 08:02 136678     /usr/lib/i386-linux-gnu/libX11.so.6.3.0
7b70a000-7b70b000 rwxp 00000000 00:00 0 
7b70b000-7b74e000 r-xp 00000000 08:02 153789     /usr/lib/jvm/java-6-sun-1.6.0.24/jre/lib/i386/xawt/libmawt.so
7b74e000-7b750000 rwxp 00043000 08:02 153789     /usr/lib/jvm/java-6-sun-1.6.0.24/jre/lib/i386/xawt/libmawt.so
7b750000-7b751000 rwxp 00000000 00:00 0 
7b751000-7b7d5000 r-xp 00000000 08:02 153756     /usr/lib/jvm/java-6-sun-1.6.0.24/jre/lib/i386/libawt.so
7b7d5000-7b7dc000 rwxp 00084000 08:02 153756     /usr/lib/jvm/java-6-sun-1.6.0.24/jre/lib/i386/libawt.so
7b7dc000-7b800000 rwxp 00000000 00:00 0 
7b800000-7b8f8000 rwxp 00000000 00:00 0 
7b8f8000-7b900000 ---p 00000000 00:00 0 
7b900000-7b901000 r-xp 00000000 08:02 154231     /usr/lib/nvidia-current/tls/libnvidia-tls.so.270.41.06
7b901000-7b902000 rwxp 00000000 08:02 154231     /usr/lib/nvidia-current/tls/libnvidia-tls.so.270.41.06
7b902000-7b906000 r-xp 00000000 08:02 136688     /usr/lib/i386-linux-gnu/libXdmcp.so.6.0.0
7b906000-7b907000 r-xp 00003000 08:02 136688     /usr/lib/i386-linux-gnu/libXdmcp.so.6.0.0
7b907000-7b908000 rwxp 00004000 08:02 136688     /usr/lib/i386-linux-gnu/libXdmcp.so.6.0.0
7b908000-7b90c000 r-xp 00000000 08:02 133973     /usr/lib/libXtst.so.6.1.0
7b90c000-7b90d000 r-xp 00003000 08:02 133973     /usr/lib/libXtst.so.6.1.0
7b90d000-7b90e000 rwxp 00004000 08:02 133973     /usr/lib/libXtst.so.6.1.0
7b90e000-7b91b000 r-xp 00000000 08:02 136690     /usr/lib/i386-linux-gnu/libXext.so.6.4.0
7b91b000-7b91c000 r-xp 0000c000 08:02 136690     /usr/lib/i386-linux-gnu/libXext.so.6.4.0
7b91c000-7b91d000 rwxp 0000d000 08:02 136690     /usr/lib/i386-linux-gnu/libXext.so.6.4.0
7b91d000-7b91e000 r-xp 00000000 08:02 153760     /usr/lib/jvm/java-6-sun-1.6.0.24/jre/lib/i386/libjawt.so
7b91e000-7b91f000 rwxp 00000000 08:02 153760     /usr/lib/jvm/java-6-sun-1.6.0.24/jre/lib/i386/libjawt.so
7b91f000-7b922000 r-xs 00000000 08:02 563887     /var/cache/fontconfig/7ef2298fde41cc6eeb7af42e48b7d293-le32d4.cache-3
7b922000-7b923000 r-xp 00000000 08:03 4014089    /home/ggervais/workspace_new/GameEngine/lib/jogl-2.0-b23-20110303-linux-i586/lib/libgluegen-rt.so
7b923000-7b924000 r-xp 00000000 08:03 4014089    /home/ggervais/workspace_new/GameEngine/lib/jogl-2.0-b23-20110303-linux-i586/lib/libgluegen-rt.so
7b924000-7b925000 rwxp 00001000 08:03 4014089    /home/ggervais/workspace_new/GameEngine/lib/jogl-2.0-b23-20110303-linux-i586/lib/libgluegen-rt.so
7b925000-7b927000 r-xs 00004000 08:03 5242952    /home/ggervais/workspace_new/GameEngine/lib/jinput/jinput-test.jar
7b927000-7b92c000 r-xs 00030000 08:03 5242951    /home/ggervais/workspace_new/GameEngine/lib/jinput/jinput.jar
7b92c000-7b930000 r-xs 00028000 08:03 3182818    /home/ggervais/workspace_new/GameEngine/lib/jogl-2.0-b23-20110303-linux-i586/jar/newt.all.jar
7b930000-7b93d000 r-xs 00242000 08:03 3180935    /home/ggervais/workspace_new/GameEngine/lib/jogl-2.0-b23-20110303-linux-i586/jar/jogl.all.jar
7b93d000-7b93e000 ---p 00000000 00:00 0 
7b93e000-7b9be000 rwxp 00000000 00:00 0 
7b9be000-7b9c1000 ---p 00000000 00:00 0 
7b9c1000-7ba0f000 rwxp 00000000 00:00 0 
7ba0f000-7ba12000 ---p 00000000 00:00 0 
7ba12000-7ba90000 rwxp 00000000 00:00 0 
7ba90000-7ba93000 ---p 00000000 00:00 0 
7ba93000-7bb11000 rwxp 00000000 00:00 0 
7bb11000-7bb14000 ---p 00000000 00:00 0 
7bb14000-7bb62000 rwxp 00000000 00:00 0 
7bb62000-7bc82000 r-xp 00178000 08:02 139490     /usr/lib/locale/locale-archive
7bc82000-7be82000 r-xp 00000000 08:02 139490     /usr/lib/locale/locale-archive
7be82000-7be85000 ---p 00000000 00:00 0 
7be85000-7bed3000 rwxp 00000000 00:00 0 
7bed3000-7bed6000 ---p 00000000 00:00 0 
7bed6000-7bf24000 rwxp 00000000 00:00 0 
7bf24000-7bf25000 ---p 00000000 00:00 0 
7bf25000-7bfd9000 rwxp 00000000 00:00 0 
7bfd9000-7c171000 r-xs 03027000 08:02 153827     /usr/lib/jvm/java-6-sun-1.6.0.24/jre/lib/rt.jar
7c171000-7c172000 ---p 00000000 00:00 0 
7c172000-7c1f2000 rwxp 00000000 00:00 0 
7c1f2000-7c1f3000 ---p 00000000 00:00 0 
7c1f3000-7c27b000 rwxp 00000000 00:00 0 
7c27b000-7c293000 rwxp 00000000 00:00 0 
7c293000-7c2a5000 rwxp 00000000 00:00 0 
7c2a5000-7c3a5000 rwxp 00000000 00:00 0 
7c3a5000-7c3ad000 rwxp 00000000 00:00 0 
7c3ad000-7c3c5000 rwxp 00000000 00:00 0 
7c3c5000-7c3d7000 rwxp 00000000 00:00 0 
7c3d7000-7c4d6000 rwxp 00000000 00:00 0 
7c4d6000-7c4df000 rwxp 00000000 00:00 0 
7c4df000-7c55f000 rwxp 00000000 00:00 0 
7c55f000-7d560000 rwxp 00000000 00:00 0 
7d560000-80560000 rwxp 00000000 00:00 0 
80560000-82780000 rwxp 00000000 00:00 0 
82780000-a2810000 rwxp 00000000 00:00 0 
a2810000-a3920000 rwxp 00000000 00:00 0 
a3920000-b3960000 rwxp 00000000 00:00 0 
b3960000-b3961000 rwxs 1c0fb000 00:05 7147       /dev/nvidia0
b3961000-b396a000 rwxp 00000000 00:00 0 
b396a000-b3a21000 rwxp 00000000 00:00 0 
b3a21000-b3c61000 rwxp 00000000 00:00 0 
b3c61000-b6a21000 rwxp 00000000 00:00 0 
b6a21000-b6a30000 r-xp 00000000 08:02 153758     /usr/lib/jvm/java-6-sun-1.6.0.24/jre/lib/i386/libzip.so
b6a30000-b6a32000 rwxp 0000e000 08:02 153758     /usr/lib/jvm/java-6-sun-1.6.0.24/jre/lib/i386/libzip.so
b6a32000-b6a3c000 r-xp 00000000 08:02 261489     /lib/i386-linux-gnu/libnss_files-2.13.so
b6a3c000-b6a3d000 r-xp 00009000 08:02 261489     /lib/i386-linux-gnu/libnss_files-2.13.so
b6a3d000-b6a3e000 rwxp 0000a000 08:02 261489     /lib/i386-linux-gnu/libnss_files-2.13.so
b6a3e000-b6a47000 r-xp 00000000 08:02 261493     /lib/i386-linux-gnu/libnss_nis-2.13.so
b6a47000-b6a48000 r-xp 00008000 08:02 261493     /lib/i386-linux-gnu/libnss_nis-2.13.so
b6a48000-b6a49000 rwxp 00009000 08:02 261493     /lib/i386-linux-gnu/libnss_nis-2.13.so
b6a49000-b6a4b000 r-xp 00000000 08:02 136680     /usr/lib/i386-linux-gnu/libXau.so.6.0.0
b6a4b000-b6a4c000 r-xp 00001000 08:02 136680     /usr/lib/i386-linux-gnu/libXau.so.6.0.0
b6a4c000-b6a4d000 rwxp 00002000 08:02 136680     /usr/lib/i386-linux-gnu/libXau.so.6.0.0
b6a4d000-b6a54000 r-xs 00036000 08:03 12599540   /home/ggervais/workspace_new/GameEngine/lib/junit-4.9b2.jar
b6a54000-b6a5c000 rwxs 00000000 08:02 673395     /tmp/hsperfdata_ggervais/15990
b6a5c000-b6a6f000 r-xp 00000000 08:02 261483     /lib/i386-linux-gnu/libnsl-2.13.so
b6a6f000-b6a70000 r-xp 00012000 08:02 261483     /lib/i386-linux-gnu/libnsl-2.13.so
b6a70000-b6a71000 rwxp 00013000 08:02 261483     /lib/i386-linux-gnu/libnsl-2.13.so
b6a71000-b6a73000 rwxp 00000000 00:00 0 
b6a73000-b6a77000 r-xs 0001c000 08:03 3182511    /home/ggervais/workspace_new/GameEngine/lib/jogl-2.0-b23-20110303-linux-i586/jar/nativewindow.all.jar
b6a77000-b6a7d000 r-xp 00000000 08:02 261485     /lib/i386-linux-gnu/libnss_compat-2.13.so
b6a7d000-b6a7e000 r-xp 00005000 08:02 261485     /lib/i386-linux-gnu/libnss_compat-2.13.so
b6a7e000-b6a7f000 rwxp 00006000 08:02 261485     /lib/i386-linux-gnu/libnss_compat-2.13.so
b6a7f000-b6a85000 r-xp 00000000 08:02 153776     /usr/lib/jvm/java-6-sun-1.6.0.24/jre/lib/i386/native_threads/libhpi.so
b6a85000-b6a86000 rwxp 00006000 08:02 153776     /usr/lib/jvm/java-6-sun-1.6.0.24/jre/lib/i386/native_threads/libhpi.so
b6a86000-b6aa9000 r-xp 00000000 08:02 153753     /usr/lib/jvm/java-6-sun-1.6.0.24/jre/lib/i386/libjava.so
b6aa9000-b6aab000 rwxp 00023000 08:02 153753     /usr/lib/jvm/java-6-sun-1.6.0.24/jre/lib/i386/libjava.so
b6aab000-b6ab2000 r-xp 00000000 08:02 261512     /lib/i386-linux-gnu/librt-2.13.so
b6ab2000-b6ab3000 r-xp 00006000 08:02 261512     /lib/i386-linux-gnu/librt-2.13.so
b6ab3000-b6ab4000 rwxp 00007000 08:02 261512     /lib/i386-linux-gnu/librt-2.13.so
b6ab4000-b6ab7000 ---p 00000000 00:00 0 
b6ab7000-b6b05000 rwxp 00000000 00:00 0 
b6b05000-b6b29000 r-xp 00000000 08:02 261480     /lib/i386-linux-gnu/libm-2.13.so
b6b29000-b6b2a000 r-xp 00023000 08:02 261480     /lib/i386-linux-gnu/libm-2.13.so
b6b2a000-b6b2b000 rwxp 00024000 08:02 261480     /lib/i386-linux-gnu/libm-2.13.so
b6b2b000-b72b8000 r-xp 00000000 08:02 153773     /usr/lib/jvm/java-6-sun-1.6.0.24/jre/lib/i386/server/libjvm.so
b72b8000-b730b000 rwxp 0078d000 08:02 153773     /usr/lib/jvm/java-6-sun-1.6.0.24/jre/lib/i386/server/libjvm.so
b730b000-b772b000 rwxp 00000000 00:00 0 
b772b000-b7885000 r-xp 00000000 08:02 261443     /lib/i386-linux-gnu/libc-2.13.so
b7885000-b7886000 ---p 0015a000 08:02 261443     /lib/i386-linux-gnu/libc-2.13.so
b7886000-b7888000 r-xp 0015a000 08:02 261443     /lib/i386-linux-gnu/libc-2.13.so
b7888000-b7889000 rwxp 0015c000 08:02 261443     /lib/i386-linux-gnu/libc-2.13.so
b7889000-b788c000 rwxp 00000000 00:00 0 
b788c000-b788e000 r-xp 00000000 08:02 261453     /lib/i386-linux-gnu/libdl-2.13.so
b788e000-b788f000 r-xp 00001000 08:02 261453     /lib/i386-linux-gnu/libdl-2.13.so
b788f000-b7890000 rwxp 00002000 08:02 261453     /lib/i386-linux-gnu/libdl-2.13.so
b7890000-b7897000 r-xp 00000000 08:02 153762     /usr/lib/jvm/java-6-sun-1.6.0.24/jre/lib/i386/jli/libjli.so
b7897000-b7899000 rwxp 00006000 08:02 153762     /usr/lib/jvm/java-6-sun-1.6.0.24/jre/lib/i386/jli/libjli.so
b7899000-b78ae000 r-xp 00000000 08:02 261508     /lib/i386-linux-gnu/libpthread-2.13.so
b78ae000-b78af000 r-xp 00015000 08:02 261508     /lib/i386-linux-gnu/libpthread-2.13.so
b78af000-b78b0000 rwxp 00016000 08:02 261508     /lib/i386-linux-gnu/libpthread-2.13.so
b78b0000-b78b3000 rwxp 00000000 00:00 0 
b78b3000-b78b4000 rwxs fd060000 00:05 7147       /dev/nvidia0
b78b4000-b78b5000 r-xs 00000000 08:02 556833     /var/cache/fontconfig/4794a0821666d79190d59a36cb4f44b5-le32d4.cache-3
b78b5000-b78b8000 r-xs 00018000 08:03 3180639    /home/ggervais/workspace_new/GameEngine/lib/jogl-2.0-b23-20110303-linux-i586/jar/gluegen-rt.jar
b78b8000-b78b9000 rwxp 00000000 00:00 0 
b78b9000-b78ba000 r-xp 00000000 00:00 0 
b78ba000-b78c5000 r-xp 00000000 08:02 153787     /usr/lib/jvm/java-6-sun-1.6.0.24/jre/lib/i386/libverify.so
b78c5000-b78c6000 rwxp 0000b000 08:02 153787     /usr/lib/jvm/java-6-sun-1.6.0.24/jre/lib/i386/libverify.so
b78c6000-b78c8000 rwxp 00000000 00:00 0 
b78c8000-b78c9000 r-xp 00000000 00:00 0          [vdso]
b78c9000-b78e5000 r-xp 00000000 08:02 261430     /lib/i386-linux-gnu/ld-2.13.so
b78e5000-b78e6000 r-xp 0001b000 08:02 261430     /lib/i386-linux-gnu/ld-2.13.so
b78e6000-b78e7000 rwxp 0001c000 08:02 261430     /lib/i386-linux-gnu/ld-2.13.so
bffb0000-bffd1000 rwxp 00000000 00:00 0          [stack]

VM Arguments:
jvm_args: -Djava.library.path=/home/ggervais/workspace_new/GameEngine/lib/jogl-2.0-b23-20110303-linux-i586/lib:/home/ggervais/workspace_new/GameEngine/lib/jogl-2.0-b23-20110303-linux-i586/lib:/home/ggervais/workspace_new/GameEngine/lib/jogl-2.0-b23-20110303-linux-i586/lib:/home/ggervais/workspace_new/GameEngine/lib/jogl-2.0-b23-20110303-linux-i586/lib:/home/ggervais/workspace_new/GameEngine/lib/jinput:/home/ggervais/workspace_new/GameEngine/lib/jinput -Dfile.encoding=UTF-8 
java_command: com.ggervais.gameengine.testapp.Main
Launcher Type: SUN_STANDARD

Environment Variables:
PATH=/home/ggervais/bin:/usr/local/sbin:/usr/local/bin:/usr/sbin:/usr/bin:/sbin:/bin:/usr/games
USERNAME=ggervais
LD_LIBRARY_PATH=/usr/lib/jvm/java-6-sun-1.6.0.24/jre/lib/i386/server:/usr/lib/jvm/java-6-sun-1.6.0.24/jre/lib/i386:/usr/lib/jvm/java-6-sun-1.6.0.24/jre/../lib/i386:/usr/lib/jvm/java-6-openjdk/jre/lib/i386/client:/usr/lib/jvm/java-6-openjdk/jre/lib/i386:/usr/lib/xulrunner-1.9.2.17:/usr/lib/xulrunner-1.9.2.17
SHELL=/bin/bash
DISPLAY=:0

Signal Handlers:
SIGSEGV: [libjvm.so+0x708f80], sa_mask[0]=0x7ffbfeff, sa_flags=0x10000004
SIGBUS: [libjvm.so+0x708f80], sa_mask[0]=0x7ffbfeff, sa_flags=0x10000004
SIGFPE: [libjvm.so+0x5c4100], sa_mask[0]=0x7ffbfeff, sa_flags=0x10000004
SIGPIPE: [libjvm.so+0x5c4100], sa_mask[0]=0x7ffbfeff, sa_flags=0x10000004
SIGXFSZ: [libjvm.so+0x5c4100], sa_mask[0]=0x7ffbfeff, sa_flags=0x10000004
SIGILL: [libjvm.so+0x5c4100], sa_mask[0]=0x7ffbfeff, sa_flags=0x10000004
SIGUSR1: SIG_DFL, sa_mask[0]=0x00000000, sa_flags=0x00000000
SIGUSR2: [libjvm.so+0x5c70e0], sa_mask[0]=0x00000004, sa_flags=0x10000004
SIGHUP: [libjvm.so+0x5c6cc0], sa_mask[0]=0x7ffbfeff, sa_flags=0x10000004
SIGINT: [libjvm.so+0x5c6cc0], sa_mask[0]=0x7ffbfeff, sa_flags=0x10000004
SIGTERM: [libjvm.so+0x5c6cc0], sa_mask[0]=0x7ffbfeff, sa_flags=0x10000004
SIGQUIT: [libjvm.so+0x5c6cc0], sa_mask[0]=0x7ffbfeff, sa_flags=0x10000004


---------------  S Y S T E M  ---------------

OS:squeeze/sid

uname:Linux 2.6.38-8-generic #42-Ubuntu SMP Mon Apr 11 03:31:50 UTC 2011 i686
libc:glibc 2.13 NPTL 2.13 
rlimit: STACK 8192k, CORE 0k, NPROC infinity, NOFILE 4096, AS infinity
load average:0.03 0.11 0.32

/proc/meminfo:
MemTotal:        3354092 kB
MemFree:          770660 kB
Buffers:          286260 kB
Cached:          1306968 kB
SwapCached:            0 kB
Active:          1428124 kB
Inactive:        1021116 kB
Active(anon):     856868 kB
Inactive(anon):     3472 kB
Active(file):     571256 kB
Inactive(file):  1017644 kB
Unevictable:          16 kB
Mlocked:              16 kB
HighTotal:       2498248 kB
HighFree:         313864 kB
LowTotal:         855844 kB
LowFree:          456796 kB
SwapTotal:        979928 kB
SwapFree:         979928 kB
Dirty:               240 kB
Writeback:             0 kB
AnonPages:        856024 kB
Mapped:           149904 kB
Shmem:              4324 kB
Slab:              71532 kB
SReclaimable:      55168 kB
SUnreclaim:        16364 kB
KernelStack:        3312 kB
PageTables:         7272 kB
NFS_Unstable:          0 kB
Bounce:                0 kB
WritebackTmp:          0 kB
CommitLimit:     2656972 kB
Committed_AS:    2697200 kB
VmallocTotal:     122880 kB
VmallocUsed:       70920 kB
VmallocChunk:      43516 kB
HardwareCorrupted:     0 kB
HugePages_Total:       0
HugePages_Free:        0
HugePages_Rsvd:        0
HugePages_Surp:        0
Hugepagesize:       4096 kB
DirectMap4k:      122872 kB
DirectMap4M:      786432 kB


CPU:total 2 (2 cores per cpu, 1 threads per core) family 6 model 15 stepping 6, cmov, cx8, fxsr, mmx, sse, sse2, sse3, ssse3

Memory: 4k page, physical 3354092k(770660k free), swap 979928k(979928k free)

vm_info: Java HotSpot(TM) Server VM (19.1-b02) for linux-x86 JRE (1.6.0_24-b07), built on Feb  2 2011 16:51:52 by "java_re" with gcc 3.2.1-7a (J2SE release)

time: Mon May  9 00:05:49 2011
elapsed time: 1 seconds

