#
# A fatal error has been detected by the Java Runtime Environment:
#
#  SIGSEGV (0xb) at pc=0x7ab127c0, pid=4678, tid=2015722352
#
# JRE version: 6.0_24-b07
# Java VM: Java HotSpot(TM) Server VM (19.1-b02 mixed mode linux-x86 )
# Problematic frame:
# C  [libnvidia-glcore.so.270.41.06+0x11537c0]
#
# If you would like to submit a bug report, please visit:
#   http://java.sun.com/webapps/bugreport/crash.jsp
#

---------------  T H R E A D  ---------------

Current thread is native thread

siginfo:si_signo=SIGSEGV: si_errno=0, si_code=1 (SEGV_MAPERR), si_addr=0x0005db0c

Registers:
EAX=0x00000000, EBX=0x78fac000, ECX=0x00000000, EDX=0x00000000
ESP=0x782571b0, EBP=0x7b25b924, ESI=0x7b240300, EDI=0x00000000
EIP=0x7ab127c0, CR2=0x0005db0c, EFLAGS=0x00210246

Register to memory mapping:

EAX=0x00000000
0x00000000 is pointing to unknown location

EBX=0x78fac000
0x78fac000 is pointing to unknown location

ECX=0x00000000
0x00000000 is pointing to unknown location

EDX=0x00000000
0x00000000 is pointing to unknown location

ESP=0x782571b0
0x782571b0 is pointing to unknown location

EBP=0x7b25b924
0x7b25b924 is pointing to unknown location

ESI=0x7b240300
0x7b240300 is pointing to unknown location

EDI=0x00000000
0x00000000 is pointing to unknown location


Top of Stack: (sp=0x782571b0)
0x782571b0:   093f8688 a2d39840 b7188b7b b72a0e88
0x782571c0:   00000000 b72a0e88 00000000 b718aee3
0x782571d0:   093f8688 0972be88 00000001 b6e56661
0x782571e0:   00000001 093f8800 b718ad9b b72a0e88
0x782571f0:   78257210 093f8800 78257248 b718b018
0x78257200:   093f8800 00000000 00000000 0972be88
0x78257210:   093f8800 0972bfa8 09055538 09055540
0x78257220:   0905592c 0972be88 78257248 00000000 

Instructions: (pc=0x7ab127c0)
0x7ab127b0:   a6 28 b6 01 00 00 80 ff ff c7 45 4c 00 00 00 00
0x7ab127c0:   8b 9f 0c db 05 00 89 87 0c db 05 00 8b 86 08 54 

Stack: [0x78207000,0x78258000],  sp=0x782571b0,  free space=320k
Native frames: (J=compiled Java code, j=interpreted, Vv=VM code, C=native code)
C  [libnvidia-glcore.so.270.41.06+0x11537c0]


---------------  P R O C E S S  ---------------

VM state:not at safepoint (normal execution)

VM Mutex/Monitor currently owned by a thread: None

Heap
 PSYoungGen      total 28416K, used 8359K [0xa27b0000, 0xa6570000, 0xb3900000)
  eden space 26240K, 23% used [0xa27b0000,0xa2dbbc48,0xa4150000)
  from space 2176K, 99% used [0xa4150000,0xa436e318,0xa4370000)
  to   space 5376K, 0% used [0xa6030000,0xa6030000,0xa6570000)
 PSOldGen        total 34944K, used 14240K [0x80500000, 0x82720000, 0xa27b0000)
  object space 34944K, 40% used [0x80500000,0x812e8270,0x82720000)
 PSPermGen       total 16384K, used 11716K [0x7c500000, 0x7d500000, 0x80500000)
  object space 16384K, 71% used [0x7c500000,0x7d071340,0x7d500000)

Dynamic libraries:
08048000-08052000 r-xp 00000000 08:02 153707     /usr/lib/jvm/java-6-sun-1.6.0.24/jre/bin/java
08052000-08053000 rwxp 00009000 08:02 153707     /usr/lib/jvm/java-6-sun-1.6.0.24/jre/bin/java
08fad000-0980f000 rwxp 00000000 00:00 0          [heap]
78107000-78207000 rwxs 074ce000 00:05 9384       /dev/nvidia0
78207000-7820a000 ---p 00000000 00:00 0 
7820a000-78b00000 rwxp 00000000 00:00 0 
78b00000-78be8000 rwxp 00000000 00:00 0 
78be8000-78c00000 ---p 00000000 00:00 0 
78c00000-78d00000 rwxs 12e4b000 00:05 9384       /dev/nvidia0
78d00000-78dff000 rwxp 00000000 00:00 0 
78dff000-78e00000 ---p 00000000 00:00 0 
78e00000-78ef7000 rwxp 00000000 00:00 0 
78ef7000-78f00000 ---p 00000000 00:00 0 
78f2c000-78f6c000 rwxs 1fb36000 00:05 9384       /dev/nvidia0
78f6c000-78fac000 rwxs 1f106000 00:05 9384       /dev/nvidia0
78fac000-79000000 rwxp 00000000 00:00 0 
79000000-791f7000 rwxp 00000000 00:00 0 
791f7000-79200000 ---p 00000000 00:00 0 
79200000-792fe000 rwxp 00000000 00:00 0 
792fe000-79300000 ---p 00000000 00:00 0 
79308000-79328000 rwxs 1f08a000 00:05 9384       /dev/nvidia0
79328000-79348000 rwxs 20396000 00:05 9384       /dev/nvidia0
79348000-7934b000 ---p 00000000 00:00 0 
7934b000-793ed000 rwxp 00000000 00:00 0 
793ed000-793ef000 r-xs 00000000 08:02 657230     /tmp/glhH8v3G (deleted)
793ef000-795ef000 rwxs 207cc000 00:05 9384       /dev/nvidia0
795ef000-795f3000 rwxs 2063f000 00:05 9384       /dev/nvidia0
795f3000-796f3000 rwxs 20940000 00:05 9384       /dev/nvidia0
796f3000-796f7000 rwxs 21211000 00:05 9384       /dev/nvidia0
796f7000-79737000 rwxs 20a39000 00:05 9384       /dev/nvidia0
79737000-79757000 rwxs 2155b000 00:05 9384       /dev/nvidia0
79757000-797ca000 rwxp 00000000 00:00 0 
797d3000-797d7000 rwxs 1f637000 00:05 9384       /dev/nvidia0
797d7000-797db000 rwxs 1f0e3000 00:05 9384       /dev/nvidia0
797db000-797dc000 rwxs d000b000 00:05 9384       /dev/nvidia0
797dc000-797dd000 rwxs 1f0e2000 00:05 9384       /dev/nvidia0
797dd000-797de000 rwxs fdc0c000 00:05 9384       /dev/nvidia0
797de000-797df000 rwxs fd641000 00:05 9384       /dev/nvidia0
797df000-797e5000 r-xp 00000000 08:02 136700     /usr/lib/i386-linux-gnu/libXrandr.so.2.2.0
797e5000-797e6000 r-xp 00005000 08:02 136700     /usr/lib/i386-linux-gnu/libXrandr.so.2.2.0
797e6000-797e7000 rwxp 00006000 08:02 136700     /usr/lib/i386-linux-gnu/libXrandr.so.2.2.0
797e7000-797e8000 rwxs 2b53c000 00:05 9384       /dev/nvidia0
797e8000-797e9000 rwxs 1f030000 00:05 9384       /dev/nvidia0
797e9000-797ed000 rwxs 1fa46000 00:05 9384       /dev/nvidia0
797ed000-797f1000 rwxs 1f8e8000 00:05 9384       /dev/nvidia0
797f1000-797f2000 rwxs d0008000 00:05 9384       /dev/nvidia0
797f2000-797f3000 rwxs 1f8e9000 00:05 9384       /dev/nvidia0
797f3000-797f4000 rwxs fdc0a000 00:05 9384       /dev/nvidia0
797f4000-797f5000 rwxs fd641000 00:05 9384       /dev/nvidia0
797f5000-797f8000 r-xs 000cb000 08:02 153662     /usr/lib/jvm/java-6-sun-1.6.0.24/jre/lib/ext/localedata.jar
797f8000-797fb000 r-xp 00000000 08:03 5242950    /home/ggervais/workspace_new/GameEngine/lib/jinput/libjinput-linux.so
797fb000-797fc000 r-xp 00002000 08:03 5242950    /home/ggervais/workspace_new/GameEngine/lib/jinput/libjinput-linux.so
797fc000-797fd000 rwxp 00003000 08:03 5242950    /home/ggervais/workspace_new/GameEngine/lib/jinput/libjinput-linux.so
797fd000-79851000 r-xp 00000000 08:02 153779     /usr/lib/jvm/java-6-sun-1.6.0.24/jre/lib/i386/libcmm.so
79851000-79854000 rwxp 00054000 08:02 153779     /usr/lib/jvm/java-6-sun-1.6.0.24/jre/lib/i386/libcmm.so
79854000-79882000 r-xp 00000000 08:02 153764     /usr/lib/jvm/java-6-sun-1.6.0.24/jre/lib/i386/libjpeg.so
79882000-79883000 rwxp 0002e000 08:02 153764     /usr/lib/jvm/java-6-sun-1.6.0.24/jre/lib/i386/libjpeg.so
79883000-798fc000 rwxp 00000000 00:00 0 
798fc000-798ff000 ---p 00000000 00:00 0 
798ff000-7994d000 rwxp 00000000 00:00 0 
7994d000-799bd000 r-xp 00000000 08:03 4014110    /home/ggervais/workspace_new/GameEngine/lib/jogl-2.0-b23-20110303-linux-i586/lib/libjogl_desktop.so
799bd000-799be000 r-xp 0006f000 08:03 4014110    /home/ggervais/workspace_new/GameEngine/lib/jogl-2.0-b23-20110303-linux-i586/lib/libjogl_desktop.so
799be000-799bf000 rwxp 00070000 08:03 4014110    /home/ggervais/workspace_new/GameEngine/lib/jogl-2.0-b23-20110303-linux-i586/lib/libjogl_desktop.so
799bf000-7b074000 r-xp 00000000 08:02 154243     /usr/lib/nvidia-current/libnvidia-glcore.so.270.41.06
7b074000-7b0d0000 rwxp 016b4000 08:02 154243     /usr/lib/nvidia-current/libnvidia-glcore.so.270.41.06
7b0d0000-7b0e1000 rwxp 00000000 00:00 0 
7b0e1000-7b182000 r-xp 00000000 08:02 154239     /usr/lib/nvidia-current/libGL.so.270.41.06
7b182000-7b1a0000 rwxp 000a1000 08:02 154239     /usr/lib/nvidia-current/libGL.so.270.41.06
7b1a0000-7b1af000 rwxp 00000000 00:00 0 
7b1af000-7b1b2000 ---p 00000000 00:00 0 
7b1b2000-7b200000 rwxp 00000000 00:00 0 
7b200000-7b2d9000 rwxp 00000000 00:00 0 
7b2d9000-7b300000 ---p 00000000 00:00 0 
7b300000-7b301000 rwxs 2b53c000 00:05 9384       /dev/nvidia0
7b301000-7b302000 rwxs 20e1c000 00:05 9384       /dev/nvidia0
7b302000-7b303000 rwxs 2b53c000 00:05 9384       /dev/nvidia0
7b303000-7b31e000 rwxs 2b540000 00:05 9384       /dev/nvidia0
7b31e000-7b332000 r-xp 00000000 08:03 4014112    /home/ggervais/workspace_new/GameEngine/lib/jogl-2.0-b23-20110303-linux-i586/lib/libjogl_es2.so
7b332000-7b333000 r-xp 00013000 08:03 4014112    /home/ggervais/workspace_new/GameEngine/lib/jogl-2.0-b23-20110303-linux-i586/lib/libjogl_es2.so
7b333000-7b334000 rwxp 00014000 08:03 4014112    /home/ggervais/workspace_new/GameEngine/lib/jogl-2.0-b23-20110303-linux-i586/lib/libjogl_es2.so
7b334000-7b335000 r-xs 00000000 08:02 563892     /var/cache/fontconfig/26de28bc8622bbc1fb67fd234c21975f-le32d4.cache-3
7b335000-7b336000 r-xs 00000000 08:02 556846     /var/cache/fontconfig/c05880de57d1f5e948fdfacc138775d9-le32d4.cache-3
7b336000-7b33c000 r-xs 00000000 08:02 556843     /var/cache/fontconfig/945677eb7aeaf62f1d50efc3fb3ec7d8-le32d4.cache-3
7b33c000-7b33e000 r-xs 00000000 08:02 556844     /var/cache/fontconfig/99e8ed0e538f840c565b6ed5dad60d56-le32d4.cache-3
7b33e000-7b341000 r-xs 00000000 08:02 556854     /var/cache/fontconfig/e383d7ea5fbe662a33d9b44caf393297-le32d4.cache-3
7b341000-7b346000 r-xs 00000000 08:02 563893     /var/cache/fontconfig/401a5dd6b567794a1d18dd9342dfa604-le32d4.cache-3
7b346000-7b348000 r-xs 00000000 08:02 556831     /var/cache/fontconfig/2cd17615ca594fa2959ae173292e504c-le32d4.cache-3
7b348000-7b349000 r-xs 00000000 08:02 556855     /var/cache/fontconfig/e7071f4a29fa870f4323321c154eba04-le32d4.cache-3
7b349000-7b34c000 r-xs 00000000 08:02 556840     /var/cache/fontconfig/6eb3985aa4124903f6ff08ba781cd364-le32d4.cache-3
7b34c000-7b34d000 r-xs 00000000 08:02 556828     /var/cache/fontconfig/0d8c3b2ac0904cb8a57a757ad11a4a08-le32d4.cache-3
7b34d000-7b34e000 r-xs 00000000 08:02 556838     /var/cache/fontconfig/6a53c69dea097a2d716e069445527da8-le32d4.cache-3
7b34e000-7b352000 r-xs 00000000 08:02 556845     /var/cache/fontconfig/a755afe4a08bf5b97852ceb7400b47bc-le32d4.cache-3
7b352000-7b356000 r-xs 00000000 08:02 558741     /var/cache/fontconfig/515ca1ebc4b18308bea979be5704f9db-le32d4.cache-3
7b356000-7b35d000 r-xs 00000000 08:02 525846     /var/cache/fontconfig/6d41288fd70b0be22e8c3a91e032eec0-le32d4.cache-3
7b35d000-7b37f000 r-xs 00000000 08:02 563437     /var/cache/fontconfig/365b55f210c0a22e9a19e35191240f32-le32d4.cache-3
7b37f000-7b380000 rwxs 1e4e9000 00:05 9384       /dev/nvidia0
7b380000-7b382000 rwxs 00000000 08:02 657230     /tmp/glhH8v3G (deleted)
7b382000-7b383000 rwxs d0005000 00:05 9384       /dev/nvidia0
7b383000-7b384000 rwxs 204b1000 00:05 9384       /dev/nvidia0
7b384000-7b388000 rwxs 204e0000 00:05 9384       /dev/nvidia0
7b388000-7b389000 rwxs fd060000 00:05 9384       /dev/nvidia0
7b389000-7b38a000 r-xp 00000000 08:02 154231     /usr/lib/nvidia-current/tls/libnvidia-tls.so.270.41.06
7b38a000-7b38b000 rwxp 00000000 08:02 154231     /usr/lib/nvidia-current/tls/libnvidia-tls.so.270.41.06
7b38b000-7b38c000 rwxs fdc08000 00:05 9384       /dev/nvidia0
7b38c000-7b39f000 r-xp 00000000 08:03 4014111    /home/ggervais/workspace_new/GameEngine/lib/jogl-2.0-b23-20110303-linux-i586/lib/libjogl_es1.so
7b39f000-7b3a0000 r-xp 00012000 08:03 4014111    /home/ggervais/workspace_new/GameEngine/lib/jogl-2.0-b23-20110303-linux-i586/lib/libjogl_es1.so
7b3a0000-7b3a1000 rwxp 00013000 08:03 4014111    /home/ggervais/workspace_new/GameEngine/lib/jogl-2.0-b23-20110303-linux-i586/lib/libjogl_es1.so
7b3a1000-7b3a4000 ---p 00000000 00:00 0 
7b3a4000-7b3f2000 rwxp 00000000 00:00 0 
7b3f2000-7b3f5000 ---p 00000000 00:00 0 
7b3f5000-7b443000 rwxp 00000000 00:00 0 
7b443000-7b447000 r-xp 00000000 08:02 136692     /usr/lib/i386-linux-gnu/libXfixes.so.3.1.0
7b447000-7b448000 r-xp 00003000 08:02 136692     /usr/lib/i386-linux-gnu/libXfixes.so.3.1.0
7b448000-7b449000 rwxp 00004000 08:02 136692     /usr/lib/i386-linux-gnu/libXfixes.so.3.1.0
7b449000-7b451000 r-xp 00000000 08:02 136702     /usr/lib/i386-linux-gnu/libXrender.so.1.3.0
7b451000-7b452000 r-xp 00007000 08:02 136702     /usr/lib/i386-linux-gnu/libXrender.so.1.3.0
7b452000-7b453000 rwxp 00008000 08:02 136702     /usr/lib/i386-linux-gnu/libXrender.so.1.3.0
7b453000-7b45b000 r-xp 00000000 08:02 136684     /usr/lib/i386-linux-gnu/libXcursor.so.1.0.2
7b45b000-7b45c000 r-xp 00007000 08:02 136684     /usr/lib/i386-linux-gnu/libXcursor.so.1.0.2
7b45c000-7b45d000 rwxp 00008000 08:02 136684     /usr/lib/i386-linux-gnu/libXcursor.so.1.0.2
7b45d000-7b45e000 rwxs fd641000 00:05 9384       /dev/nvidia0
7b45e000-7b462000 r-xp 00000000 08:03 4014114    /home/ggervais/workspace_new/GameEngine/lib/jogl-2.0-b23-20110303-linux-i586/lib/libnativewindow_x11.so
7b462000-7b463000 r-xp 00003000 08:03 4014114    /home/ggervais/workspace_new/GameEngine/lib/jogl-2.0-b23-20110303-linux-i586/lib/libnativewindow_x11.so
7b463000-7b464000 rwxp 00004000 08:03 4014114    /home/ggervais/workspace_new/GameEngine/lib/jogl-2.0-b23-20110303-linux-i586/lib/libnativewindow_x11.so
7b464000-7b466000 r-xp 00000000 08:02 136698     /usr/lib/i386-linux-gnu/libXinerama.so.1.0.0
7b466000-7b467000 r-xp 00001000 08:02 136698     /usr/lib/i386-linux-gnu/libXinerama.so.1.0.0
7b467000-7b468000 rwxp 00002000 08:02 136698     /usr/lib/i386-linux-gnu/libXinerama.so.1.0.0
7b468000-7b46c000 r-xp 00000000 08:02 136706     /usr/lib/i386-linux-gnu/libXxf86vm.so.1.0.0
7b46c000-7b46d000 r-xp 00003000 08:02 136706     /usr/lib/i386-linux-gnu/libXxf86vm.so.1.0.0
7b46d000-7b46e000 rwxp 00004000 08:02 136706     /usr/lib/i386-linux-gnu/libXxf86vm.so.1.0.0
7b46e000-7b46f000 r-xp 00000000 08:03 4014113    /home/ggervais/workspace_new/GameEngine/lib/jogl-2.0-b23-20110303-linux-i586/lib/libnativewindow_awt.so
7b46f000-7b470000 r-xp 00000000 08:03 4014113    /home/ggervais/workspace_new/GameEngine/lib/jogl-2.0-b23-20110303-linux-i586/lib/libnativewindow_awt.so
7b470000-7b471000 rwxp 00001000 08:03 4014113    /home/ggervais/workspace_new/GameEngine/lib/jogl-2.0-b23-20110303-linux-i586/lib/libnativewindow_awt.so
7b471000-7b472000 r-xp 00000000 08:02 153760     /usr/lib/jvm/java-6-sun-1.6.0.24/jre/lib/i386/libjawt.so
7b472000-7b473000 rwxp 00000000 08:02 153760     /usr/lib/jvm/java-6-sun-1.6.0.24/jre/lib/i386/libjawt.so
7b473000-7b47e000 r-xs 00000000 08:02 556829     /var/cache/fontconfig/0f34bcd4b6ee430af32735b75db7f02b-le32d4.cache-3
7b47e000-7b481000 r-xs 00000000 08:02 556851     /var/cache/fontconfig/d60319d88cac85ba9e1a07bd06cfbb8c-le32d4.cache-3
7b481000-7b489000 r-xs 00000000 08:02 556850     /var/cache/fontconfig/d52a8644073d54c13679302ca1180695-le32d4.cache-3
7b489000-7b48c000 ---p 00000000 00:00 0 
7b48c000-7b4da000 rwxp 00000000 00:00 0 
7b4da000-7b553000 r-xp 00000000 08:02 153804     /usr/lib/jvm/java-6-sun-1.6.0.24/jre/lib/i386/libfontmanager.so
7b553000-7b55d000 rwxp 00078000 08:02 153804     /usr/lib/jvm/java-6-sun-1.6.0.24/jre/lib/i386/libfontmanager.so
7b55d000-7b562000 rwxp 00000000 00:00 0 
7b562000-7b566000 r-xp 00000000 08:02 136688     /usr/lib/i386-linux-gnu/libXdmcp.so.6.0.0
7b566000-7b567000 r-xp 00003000 08:02 136688     /usr/lib/i386-linux-gnu/libXdmcp.so.6.0.0
7b567000-7b568000 rwxp 00004000 08:02 136688     /usr/lib/i386-linux-gnu/libXdmcp.so.6.0.0
7b568000-7b57f000 r-xp 00000000 08:02 136828     /usr/lib/i386-linux-gnu/libxcb.so.1.1.0
7b57f000-7b580000 r-xp 00016000 08:02 136828     /usr/lib/i386-linux-gnu/libxcb.so.1.1.0
7b580000-7b581000 rwxp 00017000 08:02 136828     /usr/lib/i386-linux-gnu/libxcb.so.1.1.0
7b581000-7b58e000 r-xp 00000000 08:02 136696     /usr/lib/i386-linux-gnu/libXi.so.6.1.0
7b58e000-7b58f000 r-xp 0000c000 08:02 136696     /usr/lib/i386-linux-gnu/libXi.so.6.1.0
7b58f000-7b590000 rwxp 0000d000 08:02 136696     /usr/lib/i386-linux-gnu/libXi.so.6.1.0
7b590000-7b6a6000 r-xp 00000000 08:02 136678     /usr/lib/i386-linux-gnu/libX11.so.6.3.0
7b6a6000-7b6a7000 ---p 00116000 08:02 136678     /usr/lib/i386-linux-gnu/libX11.so.6.3.0
7b6a7000-7b6a8000 r-xp 00116000 08:02 136678     /usr/lib/i386-linux-gnu/libX11.so.6.3.0
7b6a8000-7b6aa000 rwxp 00117000 08:02 136678     /usr/lib/i386-linux-gnu/libX11.so.6.3.0
7b6aa000-7b6ab000 rwxp 00000000 00:00 0 
7b6ab000-7b6b8000 r-xp 00000000 08:02 136690     /usr/lib/i386-linux-gnu/libXext.so.6.4.0
7b6b8000-7b6b9000 r-xp 0000c000 08:02 136690     /usr/lib/i386-linux-gnu/libXext.so.6.4.0
7b6b9000-7b6ba000 rwxp 0000d000 08:02 136690     /usr/lib/i386-linux-gnu/libXext.so.6.4.0
7b6ba000-7b6c2000 r-xs 00000000 08:02 564351     /var/cache/fontconfig/e13b20fdb08344e0e664864cc2ede53d-le32d4.cache-3
7b6c2000-7b6c3000 r-xp 00000000 08:03 4014089    /home/ggervais/workspace_new/GameEngine/lib/jogl-2.0-b23-20110303-linux-i586/lib/libgluegen-rt.so
7b6c3000-7b6c4000 r-xp 00000000 08:03 4014089    /home/ggervais/workspace_new/GameEngine/lib/jogl-2.0-b23-20110303-linux-i586/lib/libgluegen-rt.so
7b6c4000-7b6c5000 rwxp 00001000 08:03 4014089    /home/ggervais/workspace_new/GameEngine/lib/jogl-2.0-b23-20110303-linux-i586/lib/libgluegen-rt.so
7b6c5000-7b6c7000 r-xs 00004000 08:03 5242952    /home/ggervais/workspace_new/GameEngine/lib/jinput/jinput-test.jar
7b6c7000-7b6cc000 r-xs 00030000 08:03 5242951    /home/ggervais/workspace_new/GameEngine/lib/jinput/jinput.jar
7b6cc000-7b6d0000 r-xs 00028000 08:03 3182818    /home/ggervais/workspace_new/GameEngine/lib/jogl-2.0-b23-20110303-linux-i586/jar/newt.all.jar
7b6d0000-7b754000 r-xp 00000000 08:02 153756     /usr/lib/jvm/java-6-sun-1.6.0.24/jre/lib/i386/libawt.so
7b754000-7b75b000 rwxp 00084000 08:02 153756     /usr/lib/jvm/java-6-sun-1.6.0.24/jre/lib/i386/libawt.so
7b75b000-7b77f000 rwxp 00000000 00:00 0 
7b77f000-7b780000 ---p 00000000 00:00 0 
7b780000-7b800000 rwxp 00000000 00:00 0 
7b800000-7b900000 rwxp 00000000 00:00 0 
7b900000-7b901000 r-xs 00000000 08:02 556835     /var/cache/fontconfig/4c73fe0c47614734b17d736dbde7580a-le32d4.cache-3
7b901000-7b903000 r-xp 00000000 08:02 136680     /usr/lib/i386-linux-gnu/libXau.so.6.0.0
7b903000-7b904000 r-xp 00001000 08:02 136680     /usr/lib/i386-linux-gnu/libXau.so.6.0.0
7b904000-7b905000 rwxp 00002000 08:02 136680     /usr/lib/i386-linux-gnu/libXau.so.6.0.0
7b905000-7b909000 r-xp 00000000 08:02 133973     /usr/lib/libXtst.so.6.1.0
7b909000-7b90a000 r-xp 00003000 08:02 133973     /usr/lib/libXtst.so.6.1.0
7b90a000-7b90b000 rwxp 00004000 08:02 133973     /usr/lib/libXtst.so.6.1.0
7b90b000-7b94e000 r-xp 00000000 08:02 153789     /usr/lib/jvm/java-6-sun-1.6.0.24/jre/lib/i386/xawt/libmawt.so
7b94e000-7b950000 rwxp 00043000 08:02 153789     /usr/lib/jvm/java-6-sun-1.6.0.24/jre/lib/i386/xawt/libmawt.so
7b950000-7b951000 rwxp 00000000 00:00 0 
7b951000-7b95e000 r-xs 00242000 08:03 3180935    /home/ggervais/workspace_new/GameEngine/lib/jogl-2.0-b23-20110303-linux-i586/jar/jogl.all.jar
7b95e000-7b961000 ---p 00000000 00:00 0 
7b961000-7b9af000 rwxp 00000000 00:00 0 
7b9af000-7b9b2000 ---p 00000000 00:00 0 
7b9b2000-7ba30000 rwxp 00000000 00:00 0 
7ba30000-7ba33000 ---p 00000000 00:00 0 
7ba33000-7bab1000 rwxp 00000000 00:00 0 
7bab1000-7bab4000 ---p 00000000 00:00 0 
7bab4000-7bb02000 rwxp 00000000 00:00 0 
7bb02000-7bc22000 r-xp 00178000 08:02 139490     /usr/lib/locale/locale-archive
7bc22000-7be22000 r-xp 00000000 08:02 139490     /usr/lib/locale/locale-archive
7be22000-7be25000 ---p 00000000 00:00 0 
7be25000-7be73000 rwxp 00000000 00:00 0 
7be73000-7be76000 ---p 00000000 00:00 0 
7be76000-7bec4000 rwxp 00000000 00:00 0 
7bec4000-7bec5000 ---p 00000000 00:00 0 
7bec5000-7bf79000 rwxp 00000000 00:00 0 
7bf79000-7c111000 r-xs 03027000 08:02 153827     /usr/lib/jvm/java-6-sun-1.6.0.24/jre/lib/rt.jar
7c111000-7c112000 ---p 00000000 00:00 0 
7c112000-7c192000 rwxp 00000000 00:00 0 
7c192000-7c193000 ---p 00000000 00:00 0 
7c193000-7c21b000 rwxp 00000000 00:00 0 
7c21b000-7c233000 rwxp 00000000 00:00 0 
7c233000-7c245000 rwxp 00000000 00:00 0 
7c245000-7c345000 rwxp 00000000 00:00 0 
7c345000-7c34d000 rwxp 00000000 00:00 0 
7c34d000-7c365000 rwxp 00000000 00:00 0 
7c365000-7c377000 rwxp 00000000 00:00 0 
7c377000-7c476000 rwxp 00000000 00:00 0 
7c476000-7c496000 rwxp 00000000 00:00 0 
7c496000-7c4ff000 rwxp 00000000 00:00 0 
7c4ff000-7d500000 rwxp 00000000 00:00 0 
7d500000-80500000 rwxp 00000000 00:00 0 
80500000-82720000 rwxp 00000000 00:00 0 
82720000-a27b0000 rwxp 00000000 00:00 0 
a27b0000-a6570000 rwxp 00000000 00:00 0 
a6570000-b3900000 rwxp 00000000 00:00 0 
b3900000-b3903000 r-xs 00000000 08:02 563887     /var/cache/fontconfig/7ef2298fde41cc6eeb7af42e48b7d293-le32d4.cache-3
b3903000-b390c000 rwxp 00000000 00:00 0 
b390c000-b39c3000 rwxp 00000000 00:00 0 
b39c3000-b3c03000 rwxp 00000000 00:00 0 
b3c03000-b69c3000 rwxp 00000000 00:00 0 
b69c3000-b69d2000 r-xp 00000000 08:02 153758     /usr/lib/jvm/java-6-sun-1.6.0.24/jre/lib/i386/libzip.so
b69d2000-b69d4000 rwxp 0000e000 08:02 153758     /usr/lib/jvm/java-6-sun-1.6.0.24/jre/lib/i386/libzip.so
b69d4000-b69de000 r-xp 00000000 08:02 261489     /lib/i386-linux-gnu/libnss_files-2.13.so
b69de000-b69df000 r-xp 00009000 08:02 261489     /lib/i386-linux-gnu/libnss_files-2.13.so
b69df000-b69e0000 rwxp 0000a000 08:02 261489     /lib/i386-linux-gnu/libnss_files-2.13.so
b69e0000-b69e9000 r-xp 00000000 08:02 261493     /lib/i386-linux-gnu/libnss_nis-2.13.so
b69e9000-b69ea000 r-xp 00008000 08:02 261493     /lib/i386-linux-gnu/libnss_nis-2.13.so
b69ea000-b69eb000 rwxp 00009000 08:02 261493     /lib/i386-linux-gnu/libnss_nis-2.13.so
b69eb000-b69f1000 r-xp 00000000 08:02 261485     /lib/i386-linux-gnu/libnss_compat-2.13.so
b69f1000-b69f2000 r-xp 00005000 08:02 261485     /lib/i386-linux-gnu/libnss_compat-2.13.so
b69f2000-b69f3000 rwxp 00006000 08:02 261485     /lib/i386-linux-gnu/libnss_compat-2.13.so
b69f3000-b6a06000 r-xp 00000000 08:02 261483     /lib/i386-linux-gnu/libnsl-2.13.so
b6a06000-b6a07000 r-xp 00012000 08:02 261483     /lib/i386-linux-gnu/libnsl-2.13.so
b6a07000-b6a08000 rwxp 00013000 08:02 261483     /lib/i386-linux-gnu/libnsl-2.13.so
b6a08000-b6a0a000 rwxp 00000000 00:00 0 
b6a0a000-b6a0e000 r-xs 0001c000 08:03 3182511    /home/ggervais/workspace_new/GameEngine/lib/jogl-2.0-b23-20110303-linux-i586/jar/nativewindow.all.jar
b6a0e000-b6a11000 r-xs 00018000 08:03 3180639    /home/ggervais/workspace_new/GameEngine/lib/jogl-2.0-b23-20110303-linux-i586/jar/gluegen-rt.jar
b6a11000-b6a18000 r-xs 00036000 08:03 12599540   /home/ggervais/workspace_new/GameEngine/lib/junit-4.9b2.jar
b6a18000-b6a20000 rwxs 00000000 08:02 657197     /tmp/hsperfdata_ggervais/4678
b6a20000-b6a43000 r-xp 00000000 08:02 153753     /usr/lib/jvm/java-6-sun-1.6.0.24/jre/lib/i386/libjava.so
b6a43000-b6a45000 rwxp 00023000 08:02 153753     /usr/lib/jvm/java-6-sun-1.6.0.24/jre/lib/i386/libjava.so
b6a45000-b6a4c000 r-xp 00000000 08:02 261512     /lib/i386-linux-gnu/librt-2.13.so
b6a4c000-b6a4d000 r-xp 00006000 08:02 261512     /lib/i386-linux-gnu/librt-2.13.so
b6a4d000-b6a4e000 rwxp 00007000 08:02 261512     /lib/i386-linux-gnu/librt-2.13.so
b6a4e000-b6a51000 ---p 00000000 00:00 0 
b6a51000-b6a9f000 rwxp 00000000 00:00 0 
b6a9f000-b6ac3000 r-xp 00000000 08:02 261480     /lib/i386-linux-gnu/libm-2.13.so
b6ac3000-b6ac4000 r-xp 00023000 08:02 261480     /lib/i386-linux-gnu/libm-2.13.so
b6ac4000-b6ac5000 rwxp 00024000 08:02 261480     /lib/i386-linux-gnu/libm-2.13.so
b6ac5000-b7252000 r-xp 00000000 08:02 153773     /usr/lib/jvm/java-6-sun-1.6.0.24/jre/lib/i386/server/libjvm.so
b7252000-b72a5000 rwxp 0078d000 08:02 153773     /usr/lib/jvm/java-6-sun-1.6.0.24/jre/lib/i386/server/libjvm.so
b72a5000-b76c5000 rwxp 00000000 00:00 0 
b76c5000-b781f000 r-xp 00000000 08:02 261443     /lib/i386-linux-gnu/libc-2.13.so
b781f000-b7820000 ---p 0015a000 08:02 261443     /lib/i386-linux-gnu/libc-2.13.so
b7820000-b7822000 r-xp 0015a000 08:02 261443     /lib/i386-linux-gnu/libc-2.13.so
b7822000-b7823000 rwxp 0015c000 08:02 261443     /lib/i386-linux-gnu/libc-2.13.so
b7823000-b7826000 rwxp 00000000 00:00 0 
b7826000-b7828000 r-xp 00000000 08:02 261453     /lib/i386-linux-gnu/libdl-2.13.so
b7828000-b7829000 r-xp 00001000 08:02 261453     /lib/i386-linux-gnu/libdl-2.13.so
b7829000-b782a000 rwxp 00002000 08:02 261453     /lib/i386-linux-gnu/libdl-2.13.so
b782a000-b7831000 r-xp 00000000 08:02 153762     /usr/lib/jvm/java-6-sun-1.6.0.24/jre/lib/i386/jli/libjli.so
b7831000-b7833000 rwxp 00006000 08:02 153762     /usr/lib/jvm/java-6-sun-1.6.0.24/jre/lib/i386/jli/libjli.so
b7833000-b7848000 r-xp 00000000 08:02 261508     /lib/i386-linux-gnu/libpthread-2.13.so
b7848000-b7849000 r-xp 00015000 08:02 261508     /lib/i386-linux-gnu/libpthread-2.13.so
b7849000-b784a000 rwxp 00016000 08:02 261508     /lib/i386-linux-gnu/libpthread-2.13.so
b784a000-b784d000 rwxp 00000000 00:00 0 
b784d000-b784e000 r-xs 00000000 08:02 556026     /var/cache/fontconfig/4794a0821666d79190d59a36cb4f44b5-le32d4.cache-3
b784e000-b7854000 r-xp 00000000 08:02 153776     /usr/lib/jvm/java-6-sun-1.6.0.24/jre/lib/i386/native_threads/libhpi.so
b7854000-b7855000 rwxp 00006000 08:02 153776     /usr/lib/jvm/java-6-sun-1.6.0.24/jre/lib/i386/native_threads/libhpi.so
b7855000-b7856000 rwxp 00000000 00:00 0 
b7856000-b7857000 r-xp 00000000 00:00 0 
b7857000-b7862000 r-xp 00000000 08:02 153787     /usr/lib/jvm/java-6-sun-1.6.0.24/jre/lib/i386/libverify.so
b7862000-b7863000 rwxp 0000b000 08:02 153787     /usr/lib/jvm/java-6-sun-1.6.0.24/jre/lib/i386/libverify.so
b7863000-b7865000 rwxp 00000000 00:00 0 
b7865000-b7866000 r-xp 00000000 00:00 0          [vdso]
b7866000-b7882000 r-xp 00000000 08:02 261430     /lib/i386-linux-gnu/ld-2.13.so
b7882000-b7883000 r-xp 0001b000 08:02 261430     /lib/i386-linux-gnu/ld-2.13.so
b7883000-b7884000 rwxp 0001c000 08:02 261430     /lib/i386-linux-gnu/ld-2.13.so
bf9f7000-bfa18000 rwxp 00000000 00:00 0          [stack]

VM Arguments:
jvm_args: -Djava.library.path=/home/ggervais/workspace_new/GameEngine/lib/jogl-2.0-b23-20110303-linux-i586/lib:/home/ggervais/workspace_new/GameEngine/lib/jogl-2.0-b23-20110303-linux-i586/lib:/home/ggervais/workspace_new/GameEngine/lib/jogl-2.0-b23-20110303-linux-i586/lib:/home/ggervais/workspace_new/GameEngine/lib/jogl-2.0-b23-20110303-linux-i586/lib:/home/ggervais/workspace_new/GameEngine/lib/jinput:/home/ggervais/workspace_new/GameEngine/lib/jinput -Dfile.encoding=UTF-8 
java_command: com.ggervais.gameengine.testapp.Main
Launcher Type: SUN_STANDARD

Environment Variables:
PATH=/home/ggervais/bin:/usr/local/sbin:/usr/local/bin:/usr/sbin:/usr/bin:/sbin:/bin:/usr/games:/opt/go/bin
USERNAME=ggervais
LD_LIBRARY_PATH=/usr/lib/jvm/java-6-sun-1.6.0.24/jre/lib/i386/server:/usr/lib/jvm/java-6-sun-1.6.0.24/jre/lib/i386:/usr/lib/jvm/java-6-sun-1.6.0.24/jre/../lib/i386:/usr/lib/jvm/java-6-openjdk/jre/lib/i386/client:/usr/lib/jvm/java-6-openjdk/jre/lib/i386:/usr/lib/xulrunner-1.9.2.17:/usr/lib/xulrunner-1.9.2.17
SHELL=/bin/bash
DISPLAY=:0

Signal Handlers:
SIGSEGV: [libjvm.so+0x708f80], sa_mask[0]=0x7ffbfeff, sa_flags=0x10000004
SIGBUS: [libjvm.so+0x708f80], sa_mask[0]=0x7ffbfeff, sa_flags=0x10000004
SIGFPE: [libjvm.so+0x5c4100], sa_mask[0]=0x7ffbfeff, sa_flags=0x10000004
SIGPIPE: [libjvm.so+0x5c4100], sa_mask[0]=0x7ffbfeff, sa_flags=0x10000004
SIGXFSZ: [libjvm.so+0x5c4100], sa_mask[0]=0x7ffbfeff, sa_flags=0x10000004
SIGILL: [libjvm.so+0x5c4100], sa_mask[0]=0x7ffbfeff, sa_flags=0x10000004
SIGUSR1: SIG_DFL, sa_mask[0]=0x00000000, sa_flags=0x00000000
SIGUSR2: [libjvm.so+0x5c70e0], sa_mask[0]=0x00000004, sa_flags=0x10000004
SIGHUP: [libjvm.so+0x5c6cc0], sa_mask[0]=0x7ffbfeff, sa_flags=0x10000004
SIGINT: [libjvm.so+0x5c6cc0], sa_mask[0]=0x7ffbfeff, sa_flags=0x10000004
SIGTERM: [libjvm.so+0x5c6cc0], sa_mask[0]=0x7ffbfeff, sa_flags=0x10000004
SIGQUIT: [libjvm.so+0x5c6cc0], sa_mask[0]=0x7ffbfeff, sa_flags=0x10000004


---------------  S Y S T E M  ---------------

OS:squeeze/sid

uname:Linux 2.6.38-8-generic #42-Ubuntu SMP Mon Apr 11 03:31:50 UTC 2011 i686
libc:glibc 2.13 NPTL 2.13 
rlimit: STACK 8192k, CORE 0k, NPROC infinity, NOFILE 4096, AS infinity
load average:0.05 0.05 0.05

/proc/meminfo:
MemTotal:        3354092 kB
MemFree:         1022400 kB
Buffers:          733028 kB
Cached:           607072 kB
SwapCached:            0 kB
Active:          1172160 kB
Inactive:        1026588 kB
Active(anon):     739820 kB
Inactive(anon):   127192 kB
Active(file):     432340 kB
Inactive(file):   899396 kB
Unevictable:          16 kB
Mlocked:              16 kB
HighTotal:       2498248 kB
HighFree:        1009796 kB
LowTotal:         855844 kB
LowFree:           12604 kB
SwapTotal:        979928 kB
SwapFree:         979928 kB
Dirty:               280 kB
Writeback:             0 kB
AnonPages:        858636 kB
Mapped:           200012 kB
Shmem:              8340 kB
Slab:              65744 kB
SReclaimable:      50816 kB
SUnreclaim:        14928 kB
KernelStack:        3520 kB
PageTables:         8300 kB
NFS_Unstable:          0 kB
Bounce:                0 kB
WritebackTmp:          0 kB
CommitLimit:     2656972 kB
Committed_AS:    3019316 kB
VmallocTotal:     122880 kB
VmallocUsed:       70924 kB
VmallocChunk:      38396 kB
HardwareCorrupted:     0 kB
HugePages_Total:       0
HugePages_Free:        0
HugePages_Rsvd:        0
HugePages_Surp:        0
Hugepagesize:       4096 kB
DirectMap4k:      282616 kB
DirectMap4M:      626688 kB


CPU:total 2 (2 cores per cpu, 1 threads per core) family 6 model 15 stepping 6, cmov, cx8, fxsr, mmx, sse, sse2, sse3, ssse3

Memory: 4k page, physical 3354092k(1022400k free), swap 979928k(979928k free)

vm_info: Java HotSpot(TM) Server VM (19.1-b02) for linux-x86 JRE (1.6.0_24-b07), built on Feb  2 2011 16:51:52 by "java_re" with gcc 3.2.1-7a (J2SE release)

time: Thu May 26 23:08:57 2011
elapsed time: 2 seconds

