#
# A fatal error has been detected by the Java Runtime Environment:
#
#  SIGSEGV (0xb) at pc=0x00000000, pid=3663, tid=2037382000
#
# JRE version: 6.0_24-b07
# Java VM: Java HotSpot(TM) Server VM (19.1-b02 mixed mode linux-x86 )
# Problematic frame:
# C  0x00000000
#
# If you would like to submit a bug report, please visit:
#   http://java.sun.com/webapps/bugreport/crash.jsp
# The crash happened outside the Java Virtual Machine in native code.
# See problematic frame for where to report the bug.
#

---------------  T H R E A D  ---------------

Current thread (0x09429400):  JavaThread "main-SharedResourceRunner" daemon [_thread_in_native, id=3694, stack(0x796af000,0x79700000)]

siginfo:si_signo=SIGSEGV: si_errno=0, si_code=1 (SEGV_MAPERR), si_addr=0x00000000

Registers:
EAX=0x795e21dc, EBX=0x7c7eead8, ECX=0x09429518, EDX=0x09429400
ESP=0x796fea3c, EBP=0x796fea78, ESI=0x7c7eead8, EDI=0x09429400
EIP=0x00000000, CR2=0x00000000, EFLAGS=0x00210202

Register to memory mapping:

EAX=0x795e21dc
0x795e21dc is pointing into the stack for thread: 0x09599400
"XToolkit-Shutdown-Thread" prio=10 tid=0x09599400 nid=0xe71 waiting on condition [0x795e3000]
   java.lang.Thread.State: WAITING (parking)

EBX=0x7c7eead8
{method} 
 - klass: {other class}

ECX=0x09429518
0x09429518 is pointing to unknown location

EDX=0x09429400
"main-SharedResourceRunner" daemon prio=10 tid=0x09429400 nid=0xe6e runnable [0x796fe000]
   java.lang.Thread.State: RUNNABLE

ESP=0x796fea3c
0x796fea3c is pointing into the stack for thread: 0x09429400
"main-SharedResourceRunner" daemon prio=10 tid=0x09429400 nid=0xe6e runnable [0x796fe000]
   java.lang.Thread.State: RUNNABLE

EBP=0x796fea78
0x796fea78 is pointing into the stack for thread: 0x09429400
"main-SharedResourceRunner" daemon prio=10 tid=0x09429400 nid=0xe6e runnable [0x796fe000]
   java.lang.Thread.State: RUNNABLE

ESI=0x7c7eead8
{method} 
 - klass: {other class}

EDI=0x09429400
"main-SharedResourceRunner" daemon prio=10 tid=0x09429400 nid=0xe6e runnable [0x796fe000]
   java.lang.Thread.State: RUNNABLE


Top of Stack: (sp=0x796fea3c)
0x796fea3c:   79865211 00001f02 09429400 796fea00
0x796fea4c:   091efb4c 091efb4c 091efb6c 7b098b80
0x796fea5c:   00000000 7c7eead8 7c7eead8 09429400
0x796fea6c:   7b098b80 b363f072 09429400 796feab8
0x796fea7c:   b363f260 09429518 796fead4 00001f02
0x796fea8c:   7b098b80 00000000 091efb6c 796fea98
0x796fea9c:   7c7eead8 796fead4 7c935cb0 00000000
0x796feaac:   7c7eead8 00000000 796feac8 796feaf8 

Instructions: (pc=0x00000000)
0xfffffff0:   

Stack: [0x796af000,0x79700000],  sp=0x796fea3c,  free space=318k
Java frames: (J=compiled Java code, j=interpreted, Vv=VM code)
j  jogamp.opengl.gl4.GL4bcImpl.dispatch_glGetString1(IJ)Ljava/lang/String;+0
j  jogamp.opengl.gl4.GL4bcImpl.glGetString(I)Ljava/lang/String;+59
j  jogamp.opengl.GLContextImpl.setContextVersion(III)V+183
j  jogamp.opengl.GLContextImpl.setGLFunctionAvailability(ZIII)V+539
j  jogamp.opengl.x11.glx.X11GLXContext.createImplRaw()Z+611
j  jogamp.opengl.x11.glx.X11GLXContext.createImpl()Z+6
j  jogamp.opengl.GLContextImpl.makeCurrentLocking()I+126
j  jogamp.opengl.GLContextImpl.makeCurrent()I+106
j  jogamp.opengl.x11.glx.X11GLXDrawableFactory$SharedResourceImplementation.createSharedResource(Ljava/lang/String;)Ljogamp/opengl/SharedResourceRunner$Resource;+237
j  jogamp.opengl.SharedResourceRunner.run()V+213
j  java.lang.Thread.run()V+11
v  ~StubRoutines::call_stub

---------------  P R O C E S S  ---------------

Java Threads: ( => current thread )
  0x0959a400 JavaThread "Thread-1" [_thread_blocked, id=3698, stack(0x79178000,0x791c9000)]
  0x09599400 JavaThread "XToolkit-Shutdown-Thread" [_thread_blocked, id=3697, stack(0x79594000,0x795e5000)]
  0x08ef5c00 JavaThread "SIGTERM handler" daemon [_thread_blocked, id=3695, stack(0x7b94e000,0x7b99f000)]
=>0x09429400 JavaThread "main-SharedResourceRunner" daemon [_thread_in_native, id=3694, stack(0x796af000,0x79700000)]
  0x7b254c00 JavaThread "AWT-EventQueue-0" [_thread_blocked, id=3693, stack(0x7b0cb000,0x7b11c000)]
  0x7b254000 JavaThread "AWT-Shutdown" [_thread_blocked, id=3692, stack(0x7b15e000,0x7b1af000)]
  0x7b251400 JavaThread "AWT-XAWT" daemon [_thread_blocked, id=3691, stack(0x7b1af000,0x7b200000)]
  0x093ea400 JavaThread "Java2D Disposer" daemon [_thread_blocked, id=3690, stack(0x7b36a000,0x7b3bb000)]
  0x0917f800 JavaThread "Low Memory Detector" daemon [_thread_blocked, id=3682, stack(0x7b72b000,0x7b77c000)]
  0x0917c400 JavaThread "CompilerThread1" daemon [_thread_blocked, id=3681, stack(0x7b77c000,0x7b7fd000)]
  0x0917a400 JavaThread "CompilerThread0" daemon [_thread_blocked, id=3680, stack(0x7b7fd000,0x7b87e000)]
  0x08ef4400 JavaThread "JDWP Event Helper Thread" daemon [_thread_blocked, id=3674, stack(0x7b99f000,0x7b9f0000)]
  0x08ef1800 JavaThread "JDWP Transport Listener: dt_socket" daemon [_thread_in_native, id=3673, stack(0x7b9f0000,0x7ba41000)]
  0x08ee8800 JavaThread "Signal Dispatcher" daemon [_thread_blocked, id=3672, stack(0x7ba41000,0x7ba92000)]
  0x08ed7400 JavaThread "Finalizer" daemon [_thread_blocked, id=3669, stack(0x7ba92000,0x7bae3000)]
  0x08ed5c00 JavaThread "Reference Handler" daemon [_thread_blocked, id=3668, stack(0x7bae3000,0x7bb34000)]
  0x08e56000 JavaThread "main" [_thread_blocked, id=3664, stack(0xb6a24000,0xb6a75000)]

Other Threads:
  0x08ed2000 VMThread [stack: 0x7bb34000,0x7bbb5000] [id=3667]
  0x09181800 WatcherThread [stack: 0x7b6aa000,0x7b72b000] [id=3683]

VM state:not at safepoint (normal execution)

VM Mutex/Monitor currently owned by a thread: None

Heap
 PSYoungGen      total 15296K, used 11018K [0xa2420000, 0xa3530000, 0xb3570000)
  eden space 13120K, 77% used [0xa2420000,0xa2e1ddd8,0xa30f0000)
  from space 2176K, 36% used [0xa30f0000,0xa31b4dd0,0xa3310000)
  to   space 2176K, 0% used [0xa3310000,0xa3310000,0xa3530000)
 PSOldGen        total 34944K, used 0K [0x80170000, 0x82390000, 0xa2420000)
  object space 34944K, 0% used [0x80170000,0x80170000,0x82390000)
 PSPermGen       total 16384K, used 8206K [0x7c170000, 0x7d170000, 0x80170000)
  object space 16384K, 50% used [0x7c170000,0x7c973850,0x7d170000)

Dynamic libraries:
08048000-08052000 r-xp 00000000 08:02 153707     /usr/lib/jvm/java-6-sun-1.6.0.24/jre/bin/java
08052000-08053000 rwxp 00009000 08:02 153707     /usr/lib/jvm/java-6-sun-1.6.0.24/jre/bin/java
08e4a000-095bf000 rwxp 00000000 00:00 0          [heap]
79178000-7917b000 ---p 00000000 00:00 0 
7917b000-791c9000 rwxp 00000000 00:00 0 
791c9000-793c9000 rwxs 0ca5b000 00:05 9299       /dev/nvidia0
79594000-79597000 ---p 00000000 00:00 0 
79597000-795e5000 rwxp 00000000 00:00 0 
795e5000-795e8000 ---p 00000000 00:00 0 
795e8000-796af000 rwxp 00000000 00:00 0 
796af000-796b2000 ---p 00000000 00:00 0 
796b2000-79700000 rwxp 00000000 00:00 0 
79700000-79784000 rwxp 00000000 00:00 0 
79784000-79800000 ---p 00000000 00:00 0 
79820000-79890000 r-xp 00000000 08:03 4014110    /home/ggervais/workspace_new/GameEngine/lib/jogl-2.0-b23-20110303-linux-i586/lib/libjogl_desktop.so
79890000-79891000 r-xp 0006f000 08:03 4014110    /home/ggervais/workspace_new/GameEngine/lib/jogl-2.0-b23-20110303-linux-i586/lib/libjogl_desktop.so
79891000-79892000 rwxp 00070000 08:03 4014110    /home/ggervais/workspace_new/GameEngine/lib/jogl-2.0-b23-20110303-linux-i586/lib/libjogl_desktop.so
79894000-798af000 rwxs 2e960000 00:05 9299       /dev/nvidia0
798af000-798c3000 r-xp 00000000 08:03 4014112    /home/ggervais/workspace_new/GameEngine/lib/jogl-2.0-b23-20110303-linux-i586/lib/libjogl_es2.so
798c3000-798c4000 r-xp 00013000 08:03 4014112    /home/ggervais/workspace_new/GameEngine/lib/jogl-2.0-b23-20110303-linux-i586/lib/libjogl_es2.so
798c4000-798c5000 rwxp 00014000 08:03 4014112    /home/ggervais/workspace_new/GameEngine/lib/jogl-2.0-b23-20110303-linux-i586/lib/libjogl_es2.so
798c5000-7af7a000 r-xp 00000000 08:02 154243     /usr/lib/nvidia-current/libnvidia-glcore.so.270.41.06
7af7a000-7afd6000 rwxp 016b4000 08:02 154243     /usr/lib/nvidia-current/libnvidia-glcore.so.270.41.06
7afd6000-7afe7000 rwxp 00000000 00:00 0 
7afe7000-7b088000 r-xp 00000000 08:02 154239     /usr/lib/nvidia-current/libGL.so.270.41.06
7b088000-7b0a6000 rwxp 000a1000 08:02 154239     /usr/lib/nvidia-current/libGL.so.270.41.06
7b0a6000-7b0b5000 rwxp 00000000 00:00 0 
7b0b6000-7b0c9000 r-xp 00000000 08:03 4014111    /home/ggervais/workspace_new/GameEngine/lib/jogl-2.0-b23-20110303-linux-i586/lib/libjogl_es1.so
7b0c9000-7b0ca000 r-xp 00012000 08:03 4014111    /home/ggervais/workspace_new/GameEngine/lib/jogl-2.0-b23-20110303-linux-i586/lib/libjogl_es1.so
7b0ca000-7b0cb000 rwxp 00013000 08:03 4014111    /home/ggervais/workspace_new/GameEngine/lib/jogl-2.0-b23-20110303-linux-i586/lib/libjogl_es1.so
7b0cb000-7b0ce000 ---p 00000000 00:00 0 
7b0ce000-7b11c000 rwxp 00000000 00:00 0 
7b11c000-7b122000 r-xs 00000000 08:02 556843     /var/cache/fontconfig/945677eb7aeaf62f1d50efc3fb3ec7d8-le32d4.cache-3
7b122000-7b124000 r-xs 00000000 08:02 556844     /var/cache/fontconfig/99e8ed0e538f840c565b6ed5dad60d56-le32d4.cache-3
7b124000-7b127000 r-xs 00000000 08:02 556854     /var/cache/fontconfig/e383d7ea5fbe662a33d9b44caf393297-le32d4.cache-3
7b127000-7b12c000 r-xs 00000000 08:02 563893     /var/cache/fontconfig/401a5dd6b567794a1d18dd9342dfa604-le32d4.cache-3
7b12c000-7b12e000 r-xs 00000000 08:02 556831     /var/cache/fontconfig/2cd17615ca594fa2959ae173292e504c-le32d4.cache-3
7b12e000-7b150000 r-xs 00000000 08:02 563437     /var/cache/fontconfig/365b55f210c0a22e9a19e35191240f32-le32d4.cache-3
7b15e000-7b161000 ---p 00000000 00:00 0 
7b161000-7b1af000 rwxp 00000000 00:00 0 
7b1af000-7b1b2000 ---p 00000000 00:00 0 
7b1b2000-7b200000 rwxp 00000000 00:00 0 
7b200000-7b2fb000 rwxp 00000000 00:00 0 
7b2fb000-7b300000 ---p 00000000 00:00 0 
7b300000-7b301000 r-xs 00000000 08:02 563892     /var/cache/fontconfig/26de28bc8622bbc1fb67fd234c21975f-le32d4.cache-3
7b301000-7b302000 r-xs 00000000 08:02 556855     /var/cache/fontconfig/e7071f4a29fa870f4323321c154eba04-le32d4.cache-3
7b302000-7b305000 r-xs 00000000 08:02 556840     /var/cache/fontconfig/6eb3985aa4124903f6ff08ba781cd364-le32d4.cache-3
7b305000-7b306000 r-xs 00000000 08:02 556835     /var/cache/fontconfig/4c73fe0c47614734b17d736dbde7580a-le32d4.cache-3
7b306000-7b307000 r-xs 00000000 08:02 556828     /var/cache/fontconfig/0d8c3b2ac0904cb8a57a757ad11a4a08-le32d4.cache-3
7b307000-7b308000 r-xs 00000000 08:02 556838     /var/cache/fontconfig/6a53c69dea097a2d716e069445527da8-le32d4.cache-3
7b308000-7b30c000 r-xs 00000000 08:02 556845     /var/cache/fontconfig/a755afe4a08bf5b97852ceb7400b47bc-le32d4.cache-3
7b30c000-7b310000 r-xs 00000000 08:02 558741     /var/cache/fontconfig/515ca1ebc4b18308bea979be5704f9db-le32d4.cache-3
7b31b000-7b31f000 rwxs 0ca7b000 00:05 9299       /dev/nvidia0
7b322000-7b323000 r-xp 00000000 08:02 154231     /usr/lib/nvidia-current/tls/libnvidia-tls.so.270.41.06
7b323000-7b324000 rwxp 00000000 08:02 154231     /usr/lib/nvidia-current/tls/libnvidia-tls.so.270.41.06
7b324000-7b328000 r-xp 00000000 08:02 136692     /usr/lib/i386-linux-gnu/libXfixes.so.3.1.0
7b328000-7b329000 r-xp 00003000 08:02 136692     /usr/lib/i386-linux-gnu/libXfixes.so.3.1.0
7b329000-7b32a000 rwxp 00004000 08:02 136692     /usr/lib/i386-linux-gnu/libXfixes.so.3.1.0
7b32a000-7b332000 r-xp 00000000 08:02 136702     /usr/lib/i386-linux-gnu/libXrender.so.1.3.0
7b332000-7b333000 r-xp 00007000 08:02 136702     /usr/lib/i386-linux-gnu/libXrender.so.1.3.0
7b333000-7b334000 rwxp 00008000 08:02 136702     /usr/lib/i386-linux-gnu/libXrender.so.1.3.0
7b334000-7b33c000 r-xp 00000000 08:02 136684     /usr/lib/i386-linux-gnu/libXcursor.so.1.0.2
7b33c000-7b33d000 r-xp 00007000 08:02 136684     /usr/lib/i386-linux-gnu/libXcursor.so.1.0.2
7b33d000-7b33e000 rwxp 00008000 08:02 136684     /usr/lib/i386-linux-gnu/libXcursor.so.1.0.2
7b33e000-7b33f000 rwxs fd060000 00:05 9299       /dev/nvidia0
7b33f000-7b343000 r-xp 00000000 08:03 4014114    /home/ggervais/workspace_new/GameEngine/lib/jogl-2.0-b23-20110303-linux-i586/lib/libnativewindow_x11.so
7b343000-7b344000 r-xp 00003000 08:03 4014114    /home/ggervais/workspace_new/GameEngine/lib/jogl-2.0-b23-20110303-linux-i586/lib/libnativewindow_x11.so
7b344000-7b345000 rwxp 00004000 08:03 4014114    /home/ggervais/workspace_new/GameEngine/lib/jogl-2.0-b23-20110303-linux-i586/lib/libnativewindow_x11.so
7b345000-7b347000 r-xp 00000000 08:02 136698     /usr/lib/i386-linux-gnu/libXinerama.so.1.0.0
7b347000-7b348000 r-xp 00001000 08:02 136698     /usr/lib/i386-linux-gnu/libXinerama.so.1.0.0
7b348000-7b349000 rwxp 00002000 08:02 136698     /usr/lib/i386-linux-gnu/libXinerama.so.1.0.0
7b349000-7b34d000 r-xp 00000000 08:02 136706     /usr/lib/i386-linux-gnu/libXxf86vm.so.1.0.0
7b34d000-7b34e000 r-xp 00003000 08:02 136706     /usr/lib/i386-linux-gnu/libXxf86vm.so.1.0.0
7b34e000-7b34f000 rwxp 00004000 08:02 136706     /usr/lib/i386-linux-gnu/libXxf86vm.so.1.0.0
7b34f000-7b350000 r-xp 00000000 08:03 4014113    /home/ggervais/workspace_new/GameEngine/lib/jogl-2.0-b23-20110303-linux-i586/lib/libnativewindow_awt.so
7b350000-7b351000 r-xp 00000000 08:03 4014113    /home/ggervais/workspace_new/GameEngine/lib/jogl-2.0-b23-20110303-linux-i586/lib/libnativewindow_awt.so
7b351000-7b352000 rwxp 00001000 08:03 4014113    /home/ggervais/workspace_new/GameEngine/lib/jogl-2.0-b23-20110303-linux-i586/lib/libnativewindow_awt.so
7b352000-7b353000 r-xp 00000000 08:02 153760     /usr/lib/jvm/java-6-sun-1.6.0.24/jre/lib/i386/libjawt.so
7b353000-7b354000 rwxp 00000000 08:02 153760     /usr/lib/jvm/java-6-sun-1.6.0.24/jre/lib/i386/libjawt.so
7b354000-7b355000 r-xs 00000000 08:02 556846     /var/cache/fontconfig/c05880de57d1f5e948fdfacc138775d9-le32d4.cache-3
7b355000-7b35c000 r-xs 00000000 08:02 525846     /var/cache/fontconfig/6d41288fd70b0be22e8c3a91e032eec0-le32d4.cache-3
7b35c000-7b367000 r-xs 00000000 08:02 556829     /var/cache/fontconfig/0f34bcd4b6ee430af32735b75db7f02b-le32d4.cache-3
7b367000-7b36a000 r-xs 00000000 08:02 556851     /var/cache/fontconfig/d60319d88cac85ba9e1a07bd06cfbb8c-le32d4.cache-3
7b36a000-7b36d000 ---p 00000000 00:00 0 
7b36d000-7b3bb000 rwxp 00000000 00:00 0 
7b3bb000-7b434000 r-xp 00000000 08:02 153804     /usr/lib/jvm/java-6-sun-1.6.0.24/jre/lib/i386/libfontmanager.so
7b434000-7b43e000 rwxp 00078000 08:02 153804     /usr/lib/jvm/java-6-sun-1.6.0.24/jre/lib/i386/libfontmanager.so
7b43e000-7b443000 rwxp 00000000 00:00 0 
7b443000-7b447000 r-xp 00000000 08:02 136688     /usr/lib/i386-linux-gnu/libXdmcp.so.6.0.0
7b447000-7b448000 r-xp 00003000 08:02 136688     /usr/lib/i386-linux-gnu/libXdmcp.so.6.0.0
7b448000-7b449000 rwxp 00004000 08:02 136688     /usr/lib/i386-linux-gnu/libXdmcp.so.6.0.0
7b449000-7b44b000 r-xp 00000000 08:02 136680     /usr/lib/i386-linux-gnu/libXau.so.6.0.0
7b44b000-7b44c000 r-xp 00001000 08:02 136680     /usr/lib/i386-linux-gnu/libXau.so.6.0.0
7b44c000-7b44d000 rwxp 00002000 08:02 136680     /usr/lib/i386-linux-gnu/libXau.so.6.0.0
7b44d000-7b464000 r-xp 00000000 08:02 136828     /usr/lib/i386-linux-gnu/libxcb.so.1.1.0
7b464000-7b465000 r-xp 00016000 08:02 136828     /usr/lib/i386-linux-gnu/libxcb.so.1.1.0
7b465000-7b466000 rwxp 00017000 08:02 136828     /usr/lib/i386-linux-gnu/libxcb.so.1.1.0
7b466000-7b473000 r-xp 00000000 08:02 136696     /usr/lib/i386-linux-gnu/libXi.so.6.1.0
7b473000-7b474000 r-xp 0000c000 08:02 136696     /usr/lib/i386-linux-gnu/libXi.so.6.1.0
7b474000-7b475000 rwxp 0000d000 08:02 136696     /usr/lib/i386-linux-gnu/libXi.so.6.1.0
7b475000-7b58b000 r-xp 00000000 08:02 136678     /usr/lib/i386-linux-gnu/libX11.so.6.3.0
7b58b000-7b58c000 ---p 00116000 08:02 136678     /usr/lib/i386-linux-gnu/libX11.so.6.3.0
7b58c000-7b58d000 r-xp 00116000 08:02 136678     /usr/lib/i386-linux-gnu/libX11.so.6.3.0
7b58d000-7b58f000 rwxp 00117000 08:02 136678     /usr/lib/i386-linux-gnu/libX11.so.6.3.0
7b58f000-7b590000 rwxp 00000000 00:00 0 
7b590000-7b59d000 r-xp 00000000 08:02 136690     /usr/lib/i386-linux-gnu/libXext.so.6.4.0
7b59d000-7b59e000 r-xp 0000c000 08:02 136690     /usr/lib/i386-linux-gnu/libXext.so.6.4.0
7b59e000-7b59f000 rwxp 0000d000 08:02 136690     /usr/lib/i386-linux-gnu/libXext.so.6.4.0
7b59f000-7b5a7000 r-xs 00000000 08:02 556850     /var/cache/fontconfig/d52a8644073d54c13679302ca1180695-le32d4.cache-3
7b5a7000-7b5af000 r-xs 00000000 08:02 564351     /var/cache/fontconfig/e13b20fdb08344e0e664864cc2ede53d-le32d4.cache-3
7b5af000-7b5b2000 r-xs 00000000 08:02 563887     /var/cache/fontconfig/7ef2298fde41cc6eeb7af42e48b7d293-le32d4.cache-3
7b5b2000-7b5b3000 r-xp 00000000 08:03 4014089    /home/ggervais/workspace_new/GameEngine/lib/jogl-2.0-b23-20110303-linux-i586/lib/libgluegen-rt.so
7b5b3000-7b5b4000 r-xp 00000000 08:03 4014089    /home/ggervais/workspace_new/GameEngine/lib/jogl-2.0-b23-20110303-linux-i586/lib/libgluegen-rt.so
7b5b4000-7b5b5000 rwxp 00001000 08:03 4014089    /home/ggervais/workspace_new/GameEngine/lib/jogl-2.0-b23-20110303-linux-i586/lib/libgluegen-rt.so
7b5b5000-7b5f8000 r-xp 00000000 08:02 153789     /usr/lib/jvm/java-6-sun-1.6.0.24/jre/lib/i386/xawt/libmawt.so
7b5f8000-7b5fa000 rwxp 00043000 08:02 153789     /usr/lib/jvm/java-6-sun-1.6.0.24/jre/lib/i386/xawt/libmawt.so
7b5fa000-7b5fb000 rwxp 00000000 00:00 0 
7b5fb000-7b67f000 r-xp 00000000 08:02 153756     /usr/lib/jvm/java-6-sun-1.6.0.24/jre/lib/i386/libawt.so
7b67f000-7b686000 rwxp 00084000 08:02 153756     /usr/lib/jvm/java-6-sun-1.6.0.24/jre/lib/i386/libawt.so
7b686000-7b6aa000 rwxp 00000000 00:00 0 
7b6aa000-7b6ab000 ---p 00000000 00:00 0 
7b6ab000-7b72b000 rwxp 00000000 00:00 0 
7b72b000-7b72e000 ---p 00000000 00:00 0 
7b72e000-7b77c000 rwxp 00000000 00:00 0 
7b77c000-7b77f000 ---p 00000000 00:00 0 
7b77f000-7b7fd000 rwxp 00000000 00:00 0 
7b7fd000-7b800000 ---p 00000000 00:00 0 
7b800000-7b87e000 rwxp 00000000 00:00 0 
7b87e000-7b880000 r-xs 0000b000 08:02 403217     /opt/idea-IC-103.255/plugins/Groovy/lib/agent/gragent.jar
7b880000-7b882000 r-xs 00011000 08:02 403161     /opt/idea-IC-103.255/lib/idea_rt.jar
7b882000-7b88b000 r-xs 0006d000 08:03 4670285    /home/ggervais/workspace_new/GameEngine/lib/log4j/log4j-1.2.16.jar
7b88b000-7b88c000 r-xs 00001000 08:03 3182839    /home/ggervais/workspace_new/GameEngine/lib/jogl-2.0-b23-20110303-linux-i586/jar/newt.os.x11.jar
7b88c000-7b88d000 r-xs 00001000 08:03 3182838    /home/ggervais/workspace_new/GameEngine/lib/jogl-2.0-b23-20110303-linux-i586/jar/newt.os.win.jar
7b88d000-7b88f000 r-xs 00001000 08:03 3182835    /home/ggervais/workspace_new/GameEngine/lib/jogl-2.0-b23-20110303-linux-i586/jar/newt.os.osx.jar
7b88f000-7b890000 r-xs 00004000 08:03 3182831    /home/ggervais/workspace_new/GameEngine/lib/jogl-2.0-b23-20110303-linux-i586/jar/newt.ogl.jar
7b890000-7b891000 r-xs 00001000 08:03 3182828    /home/ggervais/workspace_new/GameEngine/lib/jogl-2.0-b23-20110303-linux-i586/jar/newt.hw.intelgdl.jar
7b891000-7b892000 r-xs 00001000 08:03 3182824    /home/ggervais/workspace_new/GameEngine/lib/jogl-2.0-b23-20110303-linux-i586/jar/newt.hw.broadcomegl.jar
7b892000-7b894000 r-xs 00007000 08:03 3182822    /home/ggervais/workspace_new/GameEngine/lib/jogl-2.0-b23-20110303-linux-i586/jar/newt.event.jar
7b894000-7b896000 r-xs 00016000 08:03 3182821    /home/ggervais/workspace_new/GameEngine/lib/jogl-2.0-b23-20110303-linux-i586/jar/newt.core.jar
7b896000-7b898000 r-xs 00007000 08:03 3182820    /home/ggervais/workspace_new/GameEngine/lib/jogl-2.0-b23-20110303-linux-i586/jar/newt.awt.jar
7b898000-7b89c000 r-xs 00028000 08:03 3182818    /home/ggervais/workspace_new/GameEngine/lib/jogl-2.0-b23-20110303-linux-i586/jar/newt.all.jar
7b89c000-7b89f000 r-xs 00020000 08:03 3182817    /home/ggervais/workspace_new/GameEngine/lib/jogl-2.0-b23-20110303-linux-i586/jar/newt.all-noawt.jar
7b89f000-7b8a0000 r-xs 00002000 08:03 3182816    /home/ggervais/workspace_new/GameEngine/lib/jogl-2.0-b23-20110303-linux-i586/jar/newt-natives-linux-i586.jar
7b8a0000-7b8a1000 r-xs 00004000 08:03 3182815    /home/ggervais/workspace_new/GameEngine/lib/jogl-2.0-b23-20110303-linux-i586/jar/nativewindow.os.x11.jar
7b8a1000-7b8a3000 r-xs 00004000 08:03 3182814    /home/ggervais/workspace_new/GameEngine/lib/jogl-2.0-b23-20110303-linux-i586/jar/nativewindow.os.win.jar
7b8a3000-7b8a5000 r-xs 00009000 08:03 3182813    /home/ggervais/workspace_new/GameEngine/lib/jogl-2.0-b23-20110303-linux-i586/jar/nativewindow.core.jar
7b8a5000-7b8a7000 r-xs 0000a000 08:03 3182812    /home/ggervais/workspace_new/GameEngine/lib/jogl-2.0-b23-20110303-linux-i586/jar/nativewindow.awt.jar
7b8a7000-7b8ab000 r-xs 0001c000 08:03 3182511    /home/ggervais/workspace_new/GameEngine/lib/jogl-2.0-b23-20110303-linux-i586/jar/nativewindow.all.jar
7b8ab000-7b8ae000 r-xs 00012000 08:03 3182507    /home/ggervais/workspace_new/GameEngine/lib/jogl-2.0-b23-20110303-linux-i586/jar/nativewindow.all-noawt.jar
7b8ae000-7b8af000 r-xs 00002000 08:03 3182504    /home/ggervais/workspace_new/GameEngine/lib/jogl-2.0-b23-20110303-linux-i586/jar/nativewindow-natives-linux-i586.jar
7b8af000-7b8b1000 r-xs 0001e000 08:03 3182501    /home/ggervais/workspace_new/GameEngine/lib/jogl-2.0-b23-20110303-linux-i586/jar/jogl.util.jar
7b8b1000-7b8b3000 r-xs 0001f000 08:03 3182498    /home/ggervais/workspace_new/GameEngine/lib/jogl-2.0-b23-20110303-linux-i586/jar/jogl.util.gldesktop.jar
7b8b3000-7b8b4000 r-xs 00006000 08:03 3182497    /home/ggervais/workspace_new/GameEngine/lib/jogl-2.0-b23-20110303-linux-i586/jar/jogl.util.fixedfuncemu.jar
7b8b4000-7b8b6000 r-xs 0000a000 08:03 3182492    /home/ggervais/workspace_new/GameEngine/lib/jogl-2.0-b23-20110303-linux-i586/jar/jogl.util.awt.jar
7b8b6000-7b8bc000 r-xs 00041000 08:03 3182489    /home/ggervais/workspace_new/GameEngine/lib/jogl-2.0-b23-20110303-linux-i586/jar/jogl.test.jar
7b8bc000-7b8bd000 r-xs 00001000 08:03 3182485    /home/ggervais/workspace_new/GameEngine/lib/jogl-2.0-b23-20110303-linux-i586/jar/jogl.sdk.jar
7b8bd000-7b8bf000 r-xs 00010000 08:03 3181146    /home/ggervais/workspace_new/GameEngine/lib/jogl-2.0-b23-20110303-linux-i586/jar/jogl.os.x11.jar
7b8bf000-7b8c0000 r-xs 00011000 08:03 3181145    /home/ggervais/workspace_new/GameEngine/lib/jogl-2.0-b23-20110303-linux-i586/jar/jogl.os.win.jar
7b8c0000-7b8c2000 r-xs 00008000 08:03 3181144    /home/ggervais/workspace_new/GameEngine/lib/jogl-2.0-b23-20110303-linux-i586/jar/jogl.os.osx.jar
7b8c2000-7b8c3000 r-xs 0000a000 08:03 3181143    /home/ggervais/workspace_new/GameEngine/lib/jogl-2.0-b23-20110303-linux-i586/jar/jogl.glu.tess.jar
7b8c3000-7b8c5000 r-xs 0000f000 08:03 3181140    /home/ggervais/workspace_new/GameEngine/lib/jogl-2.0-b23-20110303-linux-i586/jar/jogl.glu.mipmap.jar
7b8c5000-7b8c7000 r-xs 0000c000 08:03 3181139    /home/ggervais/workspace_new/GameEngine/lib/jogl-2.0-b23-20110303-linux-i586/jar/jogl.glu.gldesktop.jar
7b8c7000-7b8c8000 r-xs 00009000 08:03 3181138    /home/ggervais/workspace_new/GameEngine/lib/jogl-2.0-b23-20110303-linux-i586/jar/jogl.gles2.jar
7b8c8000-7b8c9000 r-xs 00010000 08:03 3181136    /home/ggervais/workspace_new/GameEngine/lib/jogl-2.0-b23-20110303-linux-i586/jar/jogl.gles2.dbg.jar
7b8c9000-7b8ca000 r-xs 00007000 08:03 3181135    /home/ggervais/workspace_new/GameEngine/lib/jogl-2.0-b23-20110303-linux-i586/jar/jogl.gles1.jar
7b8ca000-7b8cb000 r-xs 0000f000 08:03 3181134    /home/ggervais/workspace_new/GameEngine/lib/jogl-2.0-b23-20110303-linux-i586/jar/jogl.gles1.dbg.jar
7b8cb000-7b8cd000 r-xs 0002f000 08:03 3181051    /home/ggervais/workspace_new/GameEngine/lib/jogl-2.0-b23-20110303-linux-i586/jar/jogl.gldesktop.jar
7b8cd000-7b8ce000 r-xs 000fa000 08:03 3181050    /home/ggervais/workspace_new/GameEngine/lib/jogl-2.0-b23-20110303-linux-i586/jar/jogl.gldesktop.dbg.jar
7b8ce000-7b8d0000 r-xs 0000b000 08:03 3180979    /home/ggervais/workspace_new/GameEngine/lib/jogl-2.0-b23-20110303-linux-i586/jar/jogl.egl.jar
7b8d0000-7b8d3000 r-xs 0002e000 08:03 3180972    /home/ggervais/workspace_new/GameEngine/lib/jogl-2.0-b23-20110303-linux-i586/jar/jogl.core.jar
7b8d3000-7b8d5000 r-xs 0000f000 08:03 3180936    /home/ggervais/workspace_new/GameEngine/lib/jogl-2.0-b23-20110303-linux-i586/jar/jogl.awt.jar
7b8d5000-7b8e2000 r-xs 00242000 08:03 3180935    /home/ggervais/workspace_new/GameEngine/lib/jogl-2.0-b23-20110303-linux-i586/jar/jogl.all.jar
7b8e2000-7b8ed000 r-xs 00228000 08:03 3180934    /home/ggervais/workspace_new/GameEngine/lib/jogl-2.0-b23-20110303-linux-i586/jar/jogl.all-noawt.jar
7b8ed000-7b8ee000 r-xs 00013000 08:03 3180932    /home/ggervais/workspace_new/GameEngine/lib/jogl-2.0-b23-20110303-linux-i586/jar/jogl-natives-linux-i586.jar
7b8ee000-7b8f1000 r-xs 00018000 08:03 3180639    /home/ggervais/workspace_new/GameEngine/lib/jogl-2.0-b23-20110303-linux-i586/jar/gluegen-rt.jar
7b8f1000-7b8f2000 r-xs 00000000 08:03 3180634    /home/ggervais/workspace_new/GameEngine/lib/jogl-2.0-b23-20110303-linux-i586/jar/gluegen-rt-natives-linux-i586.jar
7b8f2000-7b8f3000 r-xs 0000c000 08:03 3180622    /home/ggervais/workspace_new/GameEngine/lib/jogl-2.0-b23-20110303-linux-i586/jar/gluegen-gl.jar
7b8f3000-7b8f5000 r-xs 00004000 08:03 5242952    /home/ggervais/workspace_new/GameEngine/lib/jinput/jinput-test.jar
7b8f5000-7b8fa000 r-xs 00030000 08:03 5242951    /home/ggervais/workspace_new/GameEngine/lib/jinput/jinput.jar
7b8fa000-7b901000 r-xs 00036000 08:03 12599540   /home/ggervais/workspace_new/GameEngine/lib/junit-4.9b2.jar
7b901000-7b902000 r-xs 00000000 08:02 153890     /usr/lib/jvm/java-6-sun-1.6.0.24/jre/lib/management-agent.jar
7b902000-7b90a000 r-xs 00115000 08:02 153899     /usr/lib/jvm/java-6-sun-1.6.0.24/jre/lib/resources.jar
7b90a000-7b918000 r-xs 00679000 08:02 153626     /usr/lib/jvm/java-6-sun-1.6.0.24/jre/lib/charsets.jar
7b918000-7b921000 r-xs 000d7000 08:02 153810     /usr/lib/jvm/java-6-sun-1.6.0.24/jre/lib/javaws.jar
7b921000-7b924000 r-xs 00013000 08:02 153153     /usr/lib/jvm/java-6-sun-1.6.0.24/jre/lib/jce.jar
7b924000-7b92b000 r-xs 00094000 08:02 153152     /usr/lib/jvm/java-6-sun-1.6.0.24/jre/lib/jsse.jar
7b92b000-7b93d000 r-xs 001ac000 08:02 153812     /usr/lib/jvm/java-6-sun-1.6.0.24/jre/lib/plugin.jar
7b93d000-7b94e000 r-xs 00349000 08:02 153747     /usr/lib/jvm/java-6-sun-1.6.0.24/jre/lib/deploy.jar
7b94e000-7b951000 ---p 00000000 00:00 0 
7b951000-7b99f000 rwxp 00000000 00:00 0 
7b99f000-7b9a2000 ---p 00000000 00:00 0 
7b9a2000-7b9f0000 rwxp 00000000 00:00 0 
7b9f0000-7b9f3000 ---p 00000000 00:00 0 
7b9f3000-7ba41000 rwxp 00000000 00:00 0 
7ba41000-7ba44000 ---p 00000000 00:00 0 
7ba44000-7ba92000 rwxp 00000000 00:00 0 
7ba92000-7ba95000 ---p 00000000 00:00 0 
7ba95000-7bae3000 rwxp 00000000 00:00 0 
7bae3000-7bae6000 ---p 00000000 00:00 0 
7bae6000-7bb34000 rwxp 00000000 00:00 0 
7bb34000-7bb35000 ---p 00000000 00:00 0 
7bb35000-7bbe9000 rwxp 00000000 00:00 0 
7bbe9000-7bd81000 r-xs 03027000 08:02 153827     /usr/lib/jvm/java-6-sun-1.6.0.24/jre/lib/rt.jar
7bd81000-7bd82000 ---p 00000000 00:00 0 
7bd82000-7be02000 rwxp 00000000 00:00 0 
7be02000-7be03000 ---p 00000000 00:00 0 
7be03000-7be8b000 rwxp 00000000 00:00 0 
7be8b000-7bea3000 rwxp 00000000 00:00 0 
7bea3000-7beb5000 rwxp 00000000 00:00 0 
7beb5000-7bfb5000 rwxp 00000000 00:00 0 
7bfb5000-7bfbd000 rwxp 00000000 00:00 0 
7bfbd000-7bfd5000 rwxp 00000000 00:00 0 
7bfd5000-7bfe7000 rwxp 00000000 00:00 0 
7bfe7000-7c0e6000 rwxp 00000000 00:00 0 
7c0e6000-7c0ef000 rwxp 00000000 00:00 0 
7c0ef000-7c16f000 rwxp 00000000 00:00 0 
7c16f000-7d170000 rwxp 00000000 00:00 0 
7d170000-80170000 rwxp 00000000 00:00 0 
80170000-82390000 rwxp 00000000 00:00 0 
82390000-a2420000 rwxp 00000000 00:00 0 
a2420000-a3530000 rwxp 00000000 00:00 0 
a3530000-b3570000 rwxp 00000000 00:00 0 
b3570000-b3579000 rwxp 00000000 00:00 0 
b3579000-b3630000 rwxp 00000000 00:00 0 
b3630000-b3870000 rwxp 00000000 00:00 0 
b3870000-b6630000 rwxp 00000000 00:00 0 
b6630000-b663f000 r-xp 00000000 08:02 153758     /usr/lib/jvm/java-6-sun-1.6.0.24/jre/lib/i386/libzip.so
b663f000-b6641000 rwxp 0000e000 08:02 153758     /usr/lib/jvm/java-6-sun-1.6.0.24/jre/lib/i386/libzip.so
b6641000-b664b000 r-xp 00000000 08:02 261489     /lib/i386-linux-gnu/libnss_files-2.13.so
b664b000-b664c000 r-xp 00009000 08:02 261489     /lib/i386-linux-gnu/libnss_files-2.13.so
b664c000-b664d000 rwxp 0000a000 08:02 261489     /lib/i386-linux-gnu/libnss_files-2.13.so
b664d000-b6656000 r-xp 00000000 08:02 261493     /lib/i386-linux-gnu/libnss_nis-2.13.so
b6656000-b6657000 r-xp 00008000 08:02 261493     /lib/i386-linux-gnu/libnss_nis-2.13.so
b6657000-b6658000 rwxp 00009000 08:02 261493     /lib/i386-linux-gnu/libnss_nis-2.13.so
b6658000-b665c000 r-xp 00000000 08:02 133973     /usr/lib/libXtst.so.6.1.0
b665c000-b665d000 r-xp 00003000 08:02 133973     /usr/lib/libXtst.so.6.1.0
b665d000-b665e000 rwxp 00004000 08:02 133973     /usr/lib/libXtst.so.6.1.0
b665e000-b6660000 r-xs 00009000 08:02 153814     /usr/lib/jvm/java-6-sun-1.6.0.24/jre/lib/alt-string.jar
b6660000-b6662000 r-xs 0000e000 08:02 153889     /usr/lib/jvm/java-6-sun-1.6.0.24/jre/lib/alt-rt.jar
b6662000-b6665000 r-xp 00000000 08:02 153799     /usr/lib/jvm/java-6-sun-1.6.0.24/jre/lib/i386/libdt_socket.so
b6665000-b6666000 rwxp 00003000 08:02 153799     /usr/lib/jvm/java-6-sun-1.6.0.24/jre/lib/i386/libdt_socket.so
b6666000-b666e000 rwxs 00000000 08:02 651786     /tmp/hsperfdata_ggervais/3663
b666e000-b678e000 r-xp 00178000 08:02 139490     /usr/lib/locale/locale-archive
b678e000-b698e000 r-xp 00000000 08:02 139490     /usr/lib/locale/locale-archive
b698e000-b69c8000 r-xp 00000000 08:02 153800     /usr/lib/jvm/java-6-sun-1.6.0.24/jre/lib/i386/libjdwp.so
b69c8000-b69c9000 rwxp 00039000 08:02 153800     /usr/lib/jvm/java-6-sun-1.6.0.24/jre/lib/i386/libjdwp.so
b69c9000-b69dc000 r-xp 00000000 08:02 261483     /lib/i386-linux-gnu/libnsl-2.13.so
b69dc000-b69dd000 r-xp 00012000 08:02 261483     /lib/i386-linux-gnu/libnsl-2.13.so
b69dd000-b69de000 rwxp 00013000 08:02 261483     /lib/i386-linux-gnu/libnsl-2.13.so
b69de000-b69e0000 rwxp 00000000 00:00 0 
b69e0000-b69e6000 r-xp 00000000 08:02 261485     /lib/i386-linux-gnu/libnss_compat-2.13.so
b69e6000-b69e7000 r-xp 00005000 08:02 261485     /lib/i386-linux-gnu/libnss_compat-2.13.so
b69e7000-b69e8000 rwxp 00006000 08:02 261485     /lib/i386-linux-gnu/libnss_compat-2.13.so
b69e8000-b69f1000 r-xp 00000000 08:02 153796     /usr/lib/jvm/java-6-sun-1.6.0.24/jre/lib/i386/libinstrument.so
b69f1000-b69f2000 rwxp 00008000 08:02 153796     /usr/lib/jvm/java-6-sun-1.6.0.24/jre/lib/i386/libinstrument.so
b69f2000-b69f5000 r-xp 00000000 08:02 153752     /usr/lib/jvm/java-6-sun-1.6.0.24/jre/lib/i386/libnpt.so
b69f5000-b69f6000 rwxp 00002000 08:02 153752     /usr/lib/jvm/java-6-sun-1.6.0.24/jre/lib/i386/libnpt.so
b69f6000-b6a19000 r-xp 00000000 08:02 153753     /usr/lib/jvm/java-6-sun-1.6.0.24/jre/lib/i386/libjava.so
b6a19000-b6a1b000 rwxp 00023000 08:02 153753     /usr/lib/jvm/java-6-sun-1.6.0.24/jre/lib/i386/libjava.so
b6a1b000-b6a22000 r-xp 00000000 08:02 261512     /lib/i386-linux-gnu/librt-2.13.so
b6a22000-b6a23000 r-xp 00006000 08:02 261512     /lib/i386-linux-gnu/librt-2.13.so
b6a23000-b6a24000 rwxp 00007000 08:02 261512     /lib/i386-linux-gnu/librt-2.13.so
b6a24000-b6a27000 ---p 00000000 00:00 0 
b6a27000-b6a75000 rwxp 00000000 00:00 0 
b6a75000-b6a99000 r-xp 00000000 08:02 261480     /lib/i386-linux-gnu/libm-2.13.so
b6a99000-b6a9a000 r-xp 00023000 08:02 261480     /lib/i386-linux-gnu/libm-2.13.so
b6a9a000-b6a9b000 rwxp 00024000 08:02 261480     /lib/i386-linux-gnu/libm-2.13.so
b6a9b000-b7228000 r-xp 00000000 08:02 153773     /usr/lib/jvm/java-6-sun-1.6.0.24/jre/lib/i386/server/libjvm.so
b7228000-b727b000 rwxp 0078d000 08:02 153773     /usr/lib/jvm/java-6-sun-1.6.0.24/jre/lib/i386/server/libjvm.so
b727b000-b769b000 rwxp 00000000 00:00 0 
b769b000-b77f5000 r-xp 00000000 08:02 261443     /lib/i386-linux-gnu/libc-2.13.so
b77f5000-b77f6000 ---p 0015a000 08:02 261443     /lib/i386-linux-gnu/libc-2.13.so
b77f6000-b77f8000 r-xp 0015a000 08:02 261443     /lib/i386-linux-gnu/libc-2.13.so
b77f8000-b77f9000 rwxp 0015c000 08:02 261443     /lib/i386-linux-gnu/libc-2.13.so
b77f9000-b77fc000 rwxp 00000000 00:00 0 
b77fc000-b77fe000 r-xp 00000000 08:02 261453     /lib/i386-linux-gnu/libdl-2.13.so
b77fe000-b77ff000 r-xp 00001000 08:02 261453     /lib/i386-linux-gnu/libdl-2.13.so
b77ff000-b7800000 rwxp 00002000 08:02 261453     /lib/i386-linux-gnu/libdl-2.13.so
b7800000-b7807000 r-xp 00000000 08:02 153762     /usr/lib/jvm/java-6-sun-1.6.0.24/jre/lib/i386/jli/libjli.so
b7807000-b7809000 rwxp 00006000 08:02 153762     /usr/lib/jvm/java-6-sun-1.6.0.24/jre/lib/i386/jli/libjli.so
b7809000-b781e000 r-xp 00000000 08:02 261508     /lib/i386-linux-gnu/libpthread-2.13.so
b781e000-b781f000 r-xp 00015000 08:02 261508     /lib/i386-linux-gnu/libpthread-2.13.so
b781f000-b7820000 rwxp 00016000 08:02 261508     /lib/i386-linux-gnu/libpthread-2.13.so
b7820000-b7823000 rwxp 00000000 00:00 0 
b7823000-b7824000 r-xs 00000000 08:02 556026     /var/cache/fontconfig/4794a0821666d79190d59a36cb4f44b5-le32d4.cache-3
b7824000-b782a000 r-xp 00000000 08:02 153776     /usr/lib/jvm/java-6-sun-1.6.0.24/jre/lib/i386/native_threads/libhpi.so
b782a000-b782b000 rwxp 00006000 08:02 153776     /usr/lib/jvm/java-6-sun-1.6.0.24/jre/lib/i386/native_threads/libhpi.so
b782b000-b782c000 rwxp 00000000 00:00 0 
b782c000-b782d000 r-xp 00000000 00:00 0 
b782d000-b7838000 r-xp 00000000 08:02 153787     /usr/lib/jvm/java-6-sun-1.6.0.24/jre/lib/i386/libverify.so
b7838000-b7839000 rwxp 0000b000 08:02 153787     /usr/lib/jvm/java-6-sun-1.6.0.24/jre/lib/i386/libverify.so
b7839000-b783b000 rwxp 00000000 00:00 0 
b783b000-b783c000 r-xp 00000000 00:00 0          [vdso]
b783c000-b7858000 r-xp 00000000 08:02 261430     /lib/i386-linux-gnu/ld-2.13.so
b7858000-b7859000 r-xp 0001b000 08:02 261430     /lib/i386-linux-gnu/ld-2.13.so
b7859000-b785a000 rwxp 0001c000 08:02 261430     /lib/i386-linux-gnu/ld-2.13.so
bfb82000-bfba4000 rwxp 00000000 00:00 0          [stack]

VM Arguments:
jvm_args: -agentlib:jdwp=transport=dt_socket,address=127.0.0.1:35190,suspend=y,server=n -Djava.library.path=/home/ggervais/workspace_new/GameEngine/lib/jinput:/home/ggervais/workspace_new/GameEngine/lib/jogl-2.0-b23-20110303-linux-i586/lib -javaagent:/opt/idea-IC-103.255/plugins/Groovy/lib/agent/gragent.jar -Dfile.encoding=UTF-8 
java_command: com.ggervais.gameengine.testapp.Main
Launcher Type: SUN_STANDARD

Environment Variables:
CLASSPATH=../lib/bootstrap.jar:../lib/util.jar:../lib/jdom.jar:../lib/log4j.jar:../lib/extensions.jar:../lib/trove4j.jar:/usr/lib/jvm/java-6-openjdk/lib/tools.jar:
PATH=/home/ggervais/bin:/usr/local/sbin:/usr/local/bin:/usr/sbin:/usr/bin:/sbin:/bin:/usr/games:/opt/go/bin
USERNAME=ggervais
LD_LIBRARY_PATH=/usr/lib/jvm/java-6-sun-1.6.0.24/jre/lib/i386/server:/usr/lib/jvm/java-6-sun-1.6.0.24/jre/lib/i386:/usr/lib/jvm/java-6-sun-1.6.0.24/jre/../lib/i386:/usr/lib/jvm/java-6-openjdk/jre/lib/i386/server:/usr/lib/jvm/java-6-openjdk/jre/lib/i386:/usr/lib/jvm/java-6-openjdk/jre/../lib/i386:.:
SHELL=/bin/bash
DISPLAY=:0.0

Signal Handlers:
SIGSEGV: [libjvm.so+0x708f80], sa_mask[0]=0x7ffbfeff, sa_flags=0x10000004
SIGBUS: [libjvm.so+0x708f80], sa_mask[0]=0x7ffbfeff, sa_flags=0x10000004
SIGFPE: [libjvm.so+0x5c4100], sa_mask[0]=0x7ffbfeff, sa_flags=0x10000004
SIGPIPE: [libjvm.so+0x5c4100], sa_mask[0]=0x7ffbfeff, sa_flags=0x10000004
SIGXFSZ: [libjvm.so+0x5c4100], sa_mask[0]=0x7ffbfeff, sa_flags=0x10000004
SIGILL: [libjvm.so+0x5c4100], sa_mask[0]=0x7ffbfeff, sa_flags=0x10000004
SIGUSR1: SIG_DFL, sa_mask[0]=0x00000000, sa_flags=0x00000000
SIGUSR2: [libjvm.so+0x5c70e0], sa_mask[0]=0x00000004, sa_flags=0x10000004
SIGHUP: [libjvm.so+0x5c6cc0], sa_mask[0]=0x7ffbfeff, sa_flags=0x10000004
SIGINT: [libjvm.so+0x5c6cc0], sa_mask[0]=0x7ffbfeff, sa_flags=0x10000004
SIGTERM: [libjvm.so+0x5c6cc0], sa_mask[0]=0x7ffbfeff, sa_flags=0x10000004
SIGQUIT: [libjvm.so+0x5c6cc0], sa_mask[0]=0x7ffbfeff, sa_flags=0x10000004


---------------  S Y S T E M  ---------------

OS:squeeze/sid

uname:Linux 2.6.38-8-generic #42-Ubuntu SMP Mon Apr 11 03:31:50 UTC 2011 i686
libc:glibc 2.13 NPTL 2.13 
rlimit: STACK 8192k, CORE 0k, NPROC infinity, NOFILE 4096, AS infinity
load average:0.45 0.35 0.22

/proc/meminfo:
MemTotal:        3354092 kB
MemFree:          785644 kB
Buffers:          649492 kB
Cached:           904072 kB
SwapCached:            0 kB
Active:          1350600 kB
Inactive:        1008120 kB
Active(anon):     713948 kB
Inactive(anon):    94592 kB
Active(file):     636652 kB
Inactive(file):   913528 kB
Unevictable:          16 kB
Mlocked:              16 kB
HighTotal:       2498248 kB
HighFree:         768768 kB
LowTotal:         855844 kB
LowFree:           16876 kB
SwapTotal:        979928 kB
SwapFree:         979928 kB
Dirty:              1108 kB
Writeback:             0 kB
AnonPages:        805280 kB
Mapped:           124972 kB
Shmem:              3376 kB
Slab:             149552 kB
SReclaimable:     109172 kB
SUnreclaim:        40380 kB
KernelStack:        3160 kB
PageTables:         6344 kB
NFS_Unstable:          0 kB
Bounce:                0 kB
WritebackTmp:          0 kB
CommitLimit:     2656972 kB
Committed_AS:    2266812 kB
VmallocTotal:     122880 kB
VmallocUsed:       70680 kB
VmallocChunk:      38396 kB
HardwareCorrupted:     0 kB
HugePages_Total:       0
HugePages_Free:        0
HugePages_Rsvd:        0
HugePages_Surp:        0
Hugepagesize:       4096 kB
DirectMap4k:      331768 kB
DirectMap4M:      577536 kB


CPU:total 2 (2 cores per cpu, 1 threads per core) family 6 model 15 stepping 6, cmov, cx8, fxsr, mmx, sse, sse2, sse3, ssse3

Memory: 4k page, physical 3354092k(785644k free), swap 979928k(979928k free)

vm_info: Java HotSpot(TM) Server VM (19.1-b02) for linux-x86 JRE (1.6.0_24-b07), built on Feb  2 2011 16:51:52 by "java_re" with gcc 3.2.1-7a (J2SE release)

time: Thu Jul  7 23:28:41 2011
elapsed time: 1 seconds

