#
# A fatal error has been detected by the Java Runtime Environment:
#
#  SIGSEGV (0xb) at pc=0x7b037458, pid=4767, tid=2038745968
#
# JRE version: 6.0_24-b07
# Java VM: Java HotSpot(TM) Server VM (19.1-b02 mixed mode linux-x86 )
# Problematic frame:
# C  [libGL.so.1+0x56458]
#
# If you would like to submit a bug report, please visit:
#   http://java.sun.com/webapps/bugreport/crash.jsp
#

---------------  T H R E A D  ---------------

Current thread is native thread

siginfo:si_signo=SIGSEGV: si_errno=0, si_code=1 (SEGV_MAPERR), si_addr=0x00000000

Registers:
EAX=0x00000000, EBX=0x09fcbed8, ECX=0x00000001, EDX=0x09fde6e0
ESP=0x7984c300, EBP=0x7984cb70, ESI=0x00000000, EDI=0x00000000
EIP=0x7b037458, CR2=0x00000000, EFLAGS=0x00010213

Register to memory mapping:

EAX=0x00000000
0x00000000 is pointing to unknown location

EBX=0x09fcbed8
0x09fcbed8 is pointing to unknown location

ECX=0x00000001
0x00000001 is pointing to unknown location

EDX=0x09fde6e0
0x09fde6e0 is pointing to unknown location

ESP=0x7984c300
0x7984c300 is pointing to unknown location

EBP=0x7984cb70
0x7984cb70 is pointing to unknown location

ESI=0x00000000
0x00000000 is pointing to unknown location

EDI=0x00000000
0x00000000 is pointing to unknown location


Top of Stack: (sp=0x7984c300)
0x7984c300:   7984cb70 7984cb70 09fde6d0 7b06044f
0x7984c310:   0000129f 00000000 7984cb70 00000000
0x7984c320:   0000129f 7984cb70 09fde6d0 7b0430c2
0x7984c330:   00000000 0000129f 00000000 b786cff4
0x7984c340:   09fde668 b788d188 0000129f 00000000
0x7984c350:   00000000 00000000 7984cb70 b788cff4
0x7984c360:   00000004 b788d1a0 7984c3a8 b787cccf
0x7984c370:   09fde6d0 00000000 00000000 00000000 

Instructions: (pc=0x7b037458)
0x7b037448:   4b 08 83 f9 ff 74 2a 8b 43 04 8b 80 00 ff 03 00
0x7b037458:   8b 00 85 c0 75 2b 8b 54 24 14 85 d2 74 2c 89 4c 

Stack: [0x797fc000,0x7984d000],  sp=0x7984c300,  free space=320k
Native frames: (J=compiled Java code, j=interpreted, Vv=VM code, C=native code)
C  [libGL.so.1+0x56458]


---------------  P R O C E S S  ---------------

VM state:not at safepoint (normal execution)

VM Mutex/Monitor currently owned by a thread: None

Heap
 PSYoungGen      total 28416K, used 9776K [0xa2490000, 0xa6bd0000, 0xb35e0000)
  eden space 26240K, 28% used [0xa2490000,0xa2bfd3d8,0xa3e30000)
  from space 2176K, 99% used [0xa3e30000,0xa404efa0,0xa4050000)
  to   space 10240K, 0% used [0xa61d0000,0xa61d0000,0xa6bd0000)
 PSOldGen        total 34944K, used 22140K [0x801e0000, 0x82400000, 0xa2490000)
  object space 34944K, 63% used [0x801e0000,0x8177f080,0x82400000)
 PSPermGen       total 16384K, used 8582K [0x7c1e0000, 0x7d1e0000, 0x801e0000)
  object space 16384K, 52% used [0x7c1e0000,0x7ca41b80,0x7d1e0000)

Dynamic libraries:
08048000-08052000 r-xp 00000000 08:02 153707     /usr/lib/jvm/java-6-sun-1.6.0.24/jre/bin/java
08052000-08053000 rwxp 00009000 08:02 153707     /usr/lib/jvm/java-6-sun-1.6.0.24/jre/bin/java
09bdb000-0a1e7000 rwxp 00000000 00:00 0          [heap]
78f00000-78f23000 rwxp 00000000 00:00 0 
78f23000-79000000 ---p 00000000 00:00 0 
79100000-791ff000 rwxp 00000000 00:00 0 
791ff000-79200000 ---p 00000000 00:00 0 
796fd000-79751000 r-xp 00000000 08:02 153779     /usr/lib/jvm/java-6-sun-1.6.0.24/jre/lib/i386/libcmm.so
79751000-79754000 rwxp 00054000 08:02 153779     /usr/lib/jvm/java-6-sun-1.6.0.24/jre/lib/i386/libcmm.so
79754000-79782000 r-xp 00000000 08:02 153764     /usr/lib/jvm/java-6-sun-1.6.0.24/jre/lib/i386/libjpeg.so
79782000-79783000 rwxp 0002e000 08:02 153764     /usr/lib/jvm/java-6-sun-1.6.0.24/jre/lib/i386/libjpeg.so
797ab000-797fc000 rwxp 00000000 00:00 0 
797fc000-797ff000 ---p 00000000 00:00 0 
797ff000-7984d000 rwxp 00000000 00:00 0 
7984d000-798bd000 r-xp 00000000 08:03 4014110    /home/ggervais/workspace_new/GameEngine/lib/jogl-2.0-b23-20110303-linux-i586/lib/libjogl_desktop.so
798bd000-798be000 r-xp 0006f000 08:03 4014110    /home/ggervais/workspace_new/GameEngine/lib/jogl-2.0-b23-20110303-linux-i586/lib/libjogl_desktop.so
798be000-798bf000 rwxp 00070000 08:03 4014110    /home/ggervais/workspace_new/GameEngine/lib/jogl-2.0-b23-20110303-linux-i586/lib/libjogl_desktop.so
798bf000-7af74000 r-xp 00000000 08:02 154243     /usr/lib/nvidia-current/libnvidia-glcore.so.270.41.06
7af74000-7afd0000 rwxp 016b4000 08:02 154243     /usr/lib/nvidia-current/libnvidia-glcore.so.270.41.06
7afd0000-7afe1000 rwxp 00000000 00:00 0 
7afe1000-7b082000 r-xp 00000000 08:02 154239     /usr/lib/nvidia-current/libGL.so.270.41.06
7b082000-7b0a0000 rwxp 000a1000 08:02 154239     /usr/lib/nvidia-current/libGL.so.270.41.06
7b0a0000-7b0af000 rwxp 00000000 00:00 0 
7b0af000-7b0b2000 ---p 00000000 00:00 0 
7b0b2000-7b100000 rwxp 00000000 00:00 0 
7b100000-7b1f5000 rwxp 00000000 00:00 0 
7b1f5000-7b200000 ---p 00000000 00:00 0 
7b22b000-7b23f000 r-xp 00000000 08:03 4014112    /home/ggervais/workspace_new/GameEngine/lib/jogl-2.0-b23-20110303-linux-i586/lib/libjogl_es2.so
7b23f000-7b240000 r-xp 00013000 08:03 4014112    /home/ggervais/workspace_new/GameEngine/lib/jogl-2.0-b23-20110303-linux-i586/lib/libjogl_es2.so
7b240000-7b241000 rwxp 00014000 08:03 4014112    /home/ggervais/workspace_new/GameEngine/lib/jogl-2.0-b23-20110303-linux-i586/lib/libjogl_es2.so
7b241000-7b247000 r-xs 00000000 08:02 556843     /var/cache/fontconfig/945677eb7aeaf62f1d50efc3fb3ec7d8-le32d4.cache-3
7b247000-7b249000 r-xs 00000000 08:02 556844     /var/cache/fontconfig/99e8ed0e538f840c565b6ed5dad60d56-le32d4.cache-3
7b249000-7b24c000 r-xs 00000000 08:02 556854     /var/cache/fontconfig/e383d7ea5fbe662a33d9b44caf393297-le32d4.cache-3
7b24c000-7b250000 r-xs 00000000 08:02 556845     /var/cache/fontconfig/a755afe4a08bf5b97852ceb7400b47bc-le32d4.cache-3
7b250000-7b254000 r-xs 00000000 08:02 558741     /var/cache/fontconfig/515ca1ebc4b18308bea979be5704f9db-le32d4.cache-3
7b254000-7b25b000 r-xs 00000000 08:02 525846     /var/cache/fontconfig/6d41288fd70b0be22e8c3a91e032eec0-le32d4.cache-3
7b25b000-7b266000 r-xs 00000000 08:02 556829     /var/cache/fontconfig/0f34bcd4b6ee430af32735b75db7f02b-le32d4.cache-3
7b266000-7b288000 r-xs 00000000 08:02 563437     /var/cache/fontconfig/365b55f210c0a22e9a19e35191240f32-le32d4.cache-3
7b293000-7b294000 r-xp 00000000 08:02 154231     /usr/lib/nvidia-current/tls/libnvidia-tls.so.270.41.06
7b294000-7b295000 rwxp 00000000 08:02 154231     /usr/lib/nvidia-current/tls/libnvidia-tls.so.270.41.06
7b296000-7b2a9000 r-xp 00000000 08:03 4014111    /home/ggervais/workspace_new/GameEngine/lib/jogl-2.0-b23-20110303-linux-i586/lib/libjogl_es1.so
7b2a9000-7b2aa000 r-xp 00012000 08:03 4014111    /home/ggervais/workspace_new/GameEngine/lib/jogl-2.0-b23-20110303-linux-i586/lib/libjogl_es1.so
7b2aa000-7b2ab000 rwxp 00013000 08:03 4014111    /home/ggervais/workspace_new/GameEngine/lib/jogl-2.0-b23-20110303-linux-i586/lib/libjogl_es1.so
7b2ab000-7b2ae000 ---p 00000000 00:00 0 
7b2ae000-7b2fc000 rwxp 00000000 00:00 0 
7b2fc000-7b2ff000 ---p 00000000 00:00 0 
7b2ff000-7b34d000 rwxp 00000000 00:00 0 
7b34d000-7b351000 r-xp 00000000 08:02 136692     /usr/lib/i386-linux-gnu/libXfixes.so.3.1.0
7b351000-7b352000 r-xp 00003000 08:02 136692     /usr/lib/i386-linux-gnu/libXfixes.so.3.1.0
7b352000-7b353000 rwxp 00004000 08:02 136692     /usr/lib/i386-linux-gnu/libXfixes.so.3.1.0
7b353000-7b35b000 r-xp 00000000 08:02 136702     /usr/lib/i386-linux-gnu/libXrender.so.1.3.0
7b35b000-7b35c000 r-xp 00007000 08:02 136702     /usr/lib/i386-linux-gnu/libXrender.so.1.3.0
7b35c000-7b35d000 rwxp 00008000 08:02 136702     /usr/lib/i386-linux-gnu/libXrender.so.1.3.0
7b35d000-7b365000 r-xp 00000000 08:02 136684     /usr/lib/i386-linux-gnu/libXcursor.so.1.0.2
7b365000-7b366000 r-xp 00007000 08:02 136684     /usr/lib/i386-linux-gnu/libXcursor.so.1.0.2
7b366000-7b367000 rwxp 00008000 08:02 136684     /usr/lib/i386-linux-gnu/libXcursor.so.1.0.2
7b368000-7b36c000 r-xp 00000000 08:03 4014114    /home/ggervais/workspace_new/GameEngine/lib/jogl-2.0-b23-20110303-linux-i586/lib/libnativewindow_x11.so
7b36c000-7b36d000 r-xp 00003000 08:03 4014114    /home/ggervais/workspace_new/GameEngine/lib/jogl-2.0-b23-20110303-linux-i586/lib/libnativewindow_x11.so
7b36d000-7b36e000 rwxp 00004000 08:03 4014114    /home/ggervais/workspace_new/GameEngine/lib/jogl-2.0-b23-20110303-linux-i586/lib/libnativewindow_x11.so
7b36e000-7b370000 r-xp 00000000 08:02 136698     /usr/lib/i386-linux-gnu/libXinerama.so.1.0.0
7b370000-7b371000 r-xp 00001000 08:02 136698     /usr/lib/i386-linux-gnu/libXinerama.so.1.0.0
7b371000-7b372000 rwxp 00002000 08:02 136698     /usr/lib/i386-linux-gnu/libXinerama.so.1.0.0
7b372000-7b376000 r-xp 00000000 08:02 136706     /usr/lib/i386-linux-gnu/libXxf86vm.so.1.0.0
7b376000-7b377000 r-xp 00003000 08:02 136706     /usr/lib/i386-linux-gnu/libXxf86vm.so.1.0.0
7b377000-7b378000 rwxp 00004000 08:02 136706     /usr/lib/i386-linux-gnu/libXxf86vm.so.1.0.0
7b378000-7b379000 r-xp 00000000 08:03 4014113    /home/ggervais/workspace_new/GameEngine/lib/jogl-2.0-b23-20110303-linux-i586/lib/libnativewindow_awt.so
7b379000-7b37a000 r-xp 00000000 08:03 4014113    /home/ggervais/workspace_new/GameEngine/lib/jogl-2.0-b23-20110303-linux-i586/lib/libnativewindow_awt.so
7b37a000-7b37b000 rwxp 00001000 08:03 4014113    /home/ggervais/workspace_new/GameEngine/lib/jogl-2.0-b23-20110303-linux-i586/lib/libnativewindow_awt.so
7b37b000-7b37c000 r-xp 00000000 08:02 153760     /usr/lib/jvm/java-6-sun-1.6.0.24/jre/lib/i386/libjawt.so
7b37c000-7b37d000 rwxp 00000000 08:02 153760     /usr/lib/jvm/java-6-sun-1.6.0.24/jre/lib/i386/libjawt.so
7b37d000-7b382000 r-xs 00000000 08:02 563893     /var/cache/fontconfig/401a5dd6b567794a1d18dd9342dfa604-le32d4.cache-3
7b382000-7b38a000 r-xs 00000000 08:02 556850     /var/cache/fontconfig/d52a8644073d54c13679302ca1180695-le32d4.cache-3
7b38a000-7b392000 r-xs 00000000 08:02 564351     /var/cache/fontconfig/e13b20fdb08344e0e664864cc2ede53d-le32d4.cache-3
7b392000-7b395000 ---p 00000000 00:00 0 
7b395000-7b3e3000 rwxp 00000000 00:00 0 
7b3e3000-7b45c000 r-xp 00000000 08:02 153804     /usr/lib/jvm/java-6-sun-1.6.0.24/jre/lib/i386/libfontmanager.so
7b45c000-7b466000 rwxp 00078000 08:02 153804     /usr/lib/jvm/java-6-sun-1.6.0.24/jre/lib/i386/libfontmanager.so
7b466000-7b46b000 rwxp 00000000 00:00 0 
7b46b000-7b46f000 r-xp 00000000 08:02 136688     /usr/lib/i386-linux-gnu/libXdmcp.so.6.0.0
7b46f000-7b470000 r-xp 00003000 08:02 136688     /usr/lib/i386-linux-gnu/libXdmcp.so.6.0.0
7b470000-7b471000 rwxp 00004000 08:02 136688     /usr/lib/i386-linux-gnu/libXdmcp.so.6.0.0
7b471000-7b488000 r-xp 00000000 08:02 136828     /usr/lib/i386-linux-gnu/libxcb.so.1.1.0
7b488000-7b489000 r-xp 00016000 08:02 136828     /usr/lib/i386-linux-gnu/libxcb.so.1.1.0
7b489000-7b48a000 rwxp 00017000 08:02 136828     /usr/lib/i386-linux-gnu/libxcb.so.1.1.0
7b48a000-7b497000 r-xp 00000000 08:02 136696     /usr/lib/i386-linux-gnu/libXi.so.6.1.0
7b497000-7b498000 r-xp 0000c000 08:02 136696     /usr/lib/i386-linux-gnu/libXi.so.6.1.0
7b498000-7b499000 rwxp 0000d000 08:02 136696     /usr/lib/i386-linux-gnu/libXi.so.6.1.0
7b499000-7b49d000 r-xp 00000000 08:02 133973     /usr/lib/libXtst.so.6.1.0
7b49d000-7b49e000 r-xp 00003000 08:02 133973     /usr/lib/libXtst.so.6.1.0
7b49e000-7b49f000 rwxp 00004000 08:02 133973     /usr/lib/libXtst.so.6.1.0
7b49f000-7b5b5000 r-xp 00000000 08:02 136678     /us