#
# A fatal error has been detected by the Java Runtime Environment:
#
#  SIGSEGV (0xb) at pc=0x7a9347c9, pid=15915, tid=2066168688
#
# JRE version: 6.0_24-b07
# Java VM: Java HotSpot(TM) Server VM (19.1-b02 mixed mode linux-x86 )
# Problematic frame:
# C  [libnvidia-glcore.so.270.41.06+0x11567c9]
#
# If you would like to submit a bug report, please visit:
#   http://java.sun.com/webapps/bugreport/crash.jsp
#

---------------  T H R E A D  ---------------

Current thread is native thread

siginfo:si_signo=SIGSEGV: si_errno=0, si_code=1 (SEGV_MAPERR), si_addr=0x00000004

Registers:
EAX=0x00000004, EBX=0x7b273b70, ECX=0x7af57380, EDX=0x7aea42c0
ESP=0x7b273240, EBP=0x097cc280, ESI=0x00003e2b, EDI=0x09533898
EIP=0x7a9347c9, CR2=0x00000004, EFLAGS=0x00010206

Register to memory mapping:

EAX=0x00000004
0x00000004 is pointing to unknown location

EBX=0x7b273b70
0x7b273b70 is pointing to unknown location

ECX=0x7af57380
0x7af57380 is pointing to unknown location

EDX=0x7aea42c0
0x7aea42c0: <offset 0x16c62c0> in /usr/lib/nvidia-current/libnvidia-glcore.so.270.41.06 at 0x797de000

ESP=0x7b273240
0x7b273240 is pointing to unknown location

EBP=0x097cc280
0x097cc280 is pointing to unknown location

ESI=0x00003e2b
0x00003e2b is pointing to unknown location

EDI=0x09533898
0x09533898 is pointing to unknown location


Top of Stack: (sp=0x7b273240)
0x7b273240:   7b223000 00051000 7916e000 7a48bea2
0x7b273250:   00000001 00000000 097cc280 7a6a6ea4
0x7b273260:   7916e000 b767d41d b70da7cb b77863d1
0x7b273270:   b71e8e88 09609cd0 09840c60 000000f0
0x7b273280:   097cb768 b7769ff4 b776b3c0 b7679ce5
0x7b273290:   b7783337 b767d41d 7b2732c8 b70d0c93
0x7b2732a0:   b7783337 00000000 00003e44 00000001
0x7b2732b0:   00003e2b 09533898 00003e44 097cc280 

Instructions: (pc=0x7a9347c9)
0x7a9347b9:   8b 81 ec fb 04 00 85 c0 74 a6 8b 81 38 fc 04 00
0x7a9347c9:   8b 10 8b 40 04 89 91 a8 f9 04 00 89 81 ac f9 04 

Stack: [0x7b223000,0x7b274000],  sp=0x7b273240,  free space=320k
Native frames: (J=compiled Java code, j=interpreted, Vv=VM code, C=native code)
C  [libnvidia-glcore.so.270.41.06+0x11567c9]


---------------  P R O C E S S  ---------------

VM state:not at safepoint (normal execution)

VM Mutex/Monitor currently owned by a thread: None

Heap
 PSYoungGen      total 15296K, used 3287K [0xa26f0000, 0xa3800000, 0xb3840000)
  eden space 13120K, 15% used [0xa26f0000,0xa28f5260,0xa33c0000)
  from space 2176K, 56% used [0xa33c0000,0xa34f0c28,0xa35e0000)
  to   space 2176K, 0% used [0xa35e0000,0xa35e0000,0xa3800000)
 PSOldGen        total 34944K, used 0K [0x80440000, 0x82660000, 0xa26f0000)
  object space 34944K, 0% used [0x80440000,0x80440000,0x82660000)
 PSPermGen       total 16384K, used 11040K [0x7c440000, 0x7d440000, 0x80440000)
  object space 16384K, 67% used [0x7c440000,0x7cf08110,0x7d440000)

Dynamic libraries:
08048000-08052000 r-xp 00000000 08:02 153707     /usr/lib/jvm/java-6-sun-1.6.0.24/jre/bin/java
08052000-08053000 rwxp 00009000 08:02 153707     /usr/lib/jvm/java-6-sun-1.6.0.24/jre/bin/java
091b9000-09944000 rwxp 00000000 00:00 0          [heap]
78d00000-78e00000 rwxs 1cae3000 00:05 7147       /dev/nvidia0
78e00000-78eea000 rwxp 00000000 00:00 0 
78eea000-78f00000 ---p 00000000 00:00 0 
78f6a000-78f6d000 ---p 00000000 00:00 0 
78f6d000-78fbb000 rwxp 00000000 00:00 0 
78fed000-78fee000 rwxs fdc0c000 00:05 7147       /dev/nvidia0
78fee000-7902e000 rwxs 1cabe000 00:05 7147       /dev/nvidia0
7902e000-7912e000 rwxs 1cbff000 00:05 7147       /dev/nvidia0
7912e000-7916e000 rwxs 2d9be000 00:05 7147       /dev/nvidia0
7916e000-79216000 rwxp 00000000 00:00 0 
79216000-79416000 rwxs 1e18b000 00:05 7147       /dev/nvidia0
79416000-79516000 rwxs 1c9d0000 00:05 7147       /dev/nvidia0
79516000-79556000 rwxs 1c9fe000 00:05 7147       /dev/nvidia0
79556000-79576000 rwxs 209da000 00:05 7147       /dev/nvidia0
79576000-795e9000 rwxp 00000000 00:00 0 
795f6000-79616000 rwxs 1c952000 00:05 7147       /dev/nvidia0
79616000-79636000 rwxs 1e443000 00:05 7147       /dev/nvidia0
79636000-79639000 ---p 00000000 00:00 0 
79639000-79687000 rwxp 00000000 00:00 0 
79687000-7968d000 r-xp 00000000 08:02 136700     /usr/lib/i386-linux-gnu/libXrandr.so.2.2.0
7968d000-7968e000 r-xp 00005000 08:02 136700     /usr/lib/i386-linux-gnu/libXrandr.so.2.2.0
7968e000-7968f000 rwxp 00006000 08:02 136700     /usr/lib/i386-linux-gnu/libXrandr.so.2.2.0
7969a000-7969e000 rwxs 1bc0b000 00:05 7147       /dev/nvidia0
7969e000-796a2000 rwxs 1c038000 00:05 7147       /dev/nvidia0
796a2000-7971b000 rwxp 00000000 00:00 0 
7971b000-7971e000 ---p 00000000 00:00 0 
7971e000-7976c000 rwxp 00000000 00:00 0 
7976c000-797dc000 r-xp 00000000 08:03 4014110    /home/ggervais/workspace_new/GameEngine/lib/jogl-2.0-b23-20110303-linux-i586/lib/libjogl_desktop.so
797dc000-797dd000 r-xp 0006f000 08:03 4014110    /home/ggervais/workspace_new/GameEngine/lib/jogl-2.0-b23-20110303-linux-i586/lib/libjogl_desktop.so
797dd000-797de000 rwxp 00070000 08:03 4014110    /home/ggervais/workspace_new/GameEngine/lib/jogl-2.0-b23-20110303-linux-i586/lib/libjogl_desktop.so
797de000-7ae93000 r-xp 00000000 08:02 154243     /usr/lib/nvidia-current/libnvidia-glcore.so.270.41.06
7ae93000-7aeef000 rwxp 016b4000 08:02 154243     /usr/lib/nvidia-current/libnvidia-glcore.so.270.41.06
7aeef000-7af00000 rwxp 00000000 00:00 0 
7af00000-7affd000 rwxp 00000000 00:00 0 
7affd000-7b000000 ---p 00000000 00:00 0 
7b003000-7b004000 rwxs d000b000 00:05 7147       /dev/nvidia0
7b004000-7b01f000 rwxs 2e160000 00:05 7147       /dev/nvidia0
7b01f000-7b0c0000 r-xp 00000000 08:02 154239     /usr/lib/nvidia-current/libGL.so.270.41.06
7b0c0000-7b0de000 rwxp 000a1000 08:02 154239     /usr/lib/nvidia-current/libGL.so.270.41.06
7b0de000-7b0ed000 rwxp 00000000 00:00 0 
7b0ed000-7b0ee000 rwxs 1c11b000 00:05 7147       /dev/nvidia0
7b0ee000-7b0ef000 rwxs fd641000 00:05 7147       /dev/nvidia0
7b0ef000-7b0f0000 rwxs 30f82000 00:05 7147       /dev/nvidia0
7b0f0000-7b0f1000 rwxs 1e402000 00:05 7147       /dev/nvidia0
7b0f1000-7b0f5000 rwxs 1c8eb000 00:05 7147       /dev/nvidia0
7b0f5000-7b0f9000 rwxs 1cb13000 00:05 7147       /dev/nvidia0
7b0f9000-7b0fa000 rwxs d0008000 00:05 7147       /dev/nvidia0
7b0fa000-7b0fb000 rwxs 1cb14000 00:05 7147       /dev/nvidia0
7b0fb000-7b0fc000 rwxs fdc0a000 00:05 7147       /dev/nvidia0
7b0fc000-7b0fd000 rwxs fd641000 00:05 7147       /dev/nvidia0
7b0fd000-7b100000 r-xs 000cb000 08:02 153662     /usr/lib/jvm/java-6-sun-1.6.0.24/jre/lib/ext/localedata.jar
7b100000-7b169000 rwxp 00000000 00:00 0 
7b169000-7b200000 ---p 00000000 00:00 0 
7b200000-7b201000 rwxs 30f82000 00:05 7147       /dev/nvidia0
7b201000-7b202000 rwxs 1e2e4000 00:05 7147       /dev/nvidia0
7b202000-7b205000 r-xp 00000000 08:03 5242950    /home/ggervais/workspace_new/GameEngine/lib/jinput/libjinput-linux.so
7b205000-7b206000 r-xp 00002000 08:03 5242950    /home/ggervais/workspace_new/GameEngine/lib/jinput/libjinput-linux.so
7b206000-7b207000 rwxp 00003000 08:03 5242950    /home/ggervais/workspace_new/GameEngine/lib/jinput/libjinput-linux.so
7b207000-7b209000 r-xs 00000000 08:02 673396     /tmp/glVIyuag (deleted)
7b209000-7b20d000 rwxs 1c1ae000 00:05 7147       /dev/nvidia0
7b20d000-7b221000 r-xp 00000000 08:03 4014112    /home/ggervais/workspace_new/GameEngine/lib/jogl-2.0-b23-20110303-linux-i586/lib/libjogl_es2.so
7b221000-7b222000 r-xp 00013000 08:03 4014112    /home/ggervais/workspace_new/GameEngine/lib/jogl-2.0-b23-20110303-linux-i586/lib/libjogl_es2.so
7b222000-7b223000 rwxp 00014000 08:03 4014112    /home/ggervais/workspace_new/GameEngine/lib/jogl-2.0-b23-20110303-linux-i586/lib/libjogl_es2.so
7b223000-7b226000 ---p 00000000 00:00 0 
7b226000-7b274000 rwxp 00000000 00:00 0 
7b274000-7b275000 r-xs 00000000 08:02 563892     /var/cache/fontconfig/26de28bc8622bbc1fb67fd234c21975f-le32d4.cache-3
7b275000-7b276000 r-xs 00000000 08:02 556846     /var/cache/fontconfig/c05880de57d1f5e948fdfacc138775d9-le32d4.cache-3
7b276000-7b27c000 r-xs 00000000 08:02 556843     /var/cache/fontconfig/945677eb7aeaf62f1d50efc3fb3ec7d8-le32d4.cache-3
7b27c000-7b27e000 r-xs 00000000 08:02 556844     /var/cache/fontconfig/99e8ed0e538f840c565b6ed5dad60d56-le32d4.cache-3
7b27e000-7b281000 r-xs 00000000 08:02 556854     /var/cache/fontconfig/e383d7ea5fbe662a33d9b44caf393297-le32d4.cache-3
7b281000-7b286000 r-xs 00000000 08:02 563893     /var/cache/fontconfig/401a5dd6b567794a1d18dd9342dfa604-le32d4.cache-3
7b286000-7b288000 r-xs 00000000 08:02 556831     /var/cache/fontconfig/2cd17615ca594fa2959ae173292e504c-le32d4.cache-3
7b288000-7b289000 r-xs 00000000 08:02 556855     /var/cache/fontconfig/e7071f4a29fa870f4323321c154eba04-le32d4.cache-3
7b289000-7b28c000 r-xs 00000000 08:02 556840     /var/cache/fontconfig/6eb3985aa4124903f6ff08ba781cd364-le32d4.cache-3
7b28c000-7b28d000 r-xs 00000000 08:02 556835     /var/cache/fontconfig/4c73fe0c47614734b17d736dbde7580a-le32d4.cache-3
7b28d000-7b28e000 r-xs 00000000 08:02 556828     /var/cache/fontconfig/0d8c3b2ac0904cb8a57a757ad11a4a08-le32d4.cache-3
7b28e000-7b28f000 r-xs 00000000 08:02 556838     /var/cache/fontconfig/6a53c69dea097a2d716e069445527da8-le32d4.cache-3
7b28f000-7b293000 r-xs 00000000 08:02 556845     /var/cache/fontconfig/a755afe4a08bf5b97852ceb7400b47bc-le32d4.cache-3
7b293000-7b297000 r-xs 00000000 08:02 558741     /var/cache/fontconfig/515ca1ebc4b18308bea979be5704f9db-le32d4.cache-3
7b297000-7b2a2000 r-xs 00000000 08:02 556829     /var/cache/fontconfig/0f34bcd4b6ee430af32735b75db7f02b-le32d4.cache-3
7b2a2000-7b2c4000 r-xs 00000000 08:02 563437     /var/cache/fontconfig/365b55f210c0a22e9a19e35191240f32-le32d4.cache-3
7b2c4000-7b2c6000 rwxs 00000000 08:02 673396     /tmp/glVIyuag (deleted)
7b2c6000-7b2ca000 rwxs 1c3ad000 00:05 7147       /dev/nvidia0
7b2ca000-7b2cb000 rwxs d0005000 00:05 7147       /dev/nvidia0
7b2cb000-7b2cc000 rwxs 1c3ae000 00:05 7147       /dev/nvidia0
7b2cc000-7b2d0000 rwxs 1e342000 00:05 7147       /dev/nvidia0
7b2d0000-7b2d1000 rwxs fdc08000 00:05 7147       /dev/nvidia0
7b2d1000-7b2d2000 rwxs fd641000 00:05 7147       /dev/nvidia0
7b2d2000-7b2d3000 rwxs 30f82000 00:05 7147       /dev/nvidia0
7b2d3000-7b2e6000 r-xp 00000000 08:03 4014111    /home/ggervais/workspace_new/GameEngine/lib/jogl-2.0-b23-20110303-linux-i586/lib/libjogl_es1.so
7b2e6000-7b2e7000 r-xp 00012000 08:03 4014111    /home/ggervais/workspace_new/GameEngine/lib/jogl-2.0-b23-20110303-linux-i586/lib/libjogl_es1.so
7b2e7000-7b2e8000 rwxp 00013000 08:03 4014111    /home/ggervais/workspace_new/GameEngine/lib/jogl-2.0-b23-20110303-linux-i586/lib/libjogl_es1.so
7b2e8000-7b2e9000 r-xp 00000000 08:02 154231     /usr/lib/nvidia-current/tls/libnvidia-tls.so.270.41.06
7b2e9000-7b2ea000 rwxp 00000000 08:02 154231     /usr/lib/nvidia-current/tls/libnvidia-tls.so.270.41.06
7b2ea000-7b2ed000 ---p 00000000 00:00 0 
7b2ed000-7b33b000 rwxp 00000000 00:00 0 
7b33b000-7b33e000 ---p 00000000 00:00 0 
7b33e000-7b38c000 rwxp 00000000 00:00 0 
7b38c000-7b390000 r-xp 00000000 08:02 136692     /usr/lib/i386-linux-gnu/libXfixes.so.3.1.0
7b390000-7b391000 r-xp 00003000 08:02 136692     /usr/lib/i386-linux-gnu/libXfixes.so.3.1.0
7b391000-7b392000 rwxp 00004000 08:02 136692     /usr/lib/i386-linux-gnu/libXfixes.so.3.1.0
7b392000-7b39a000 r-xp 00000000 08:02 136702     /usr/lib/i386-linux-gnu/libXrender.so.1.3.0
7b39a000-7b39b000 r-xp 00007000 08:02 136702     /usr/lib/i386-linux-gnu/libXrender.so.1.3.0
7b39b000-7b39c000 rwxp 00008000 08:02 136702     /usr/lib/i386-linux-gnu/libXrender.so.1.3.0
7b39c000-7b3a4000 r-xp 00000000 08:02 136684     /usr/lib/i386-linux-gnu/libXcursor.so.1.0.2
7b3a4000-7b3a5000 r-xp 00007000 08:02 136684     /usr/lib/i386-linux-gnu/libXcursor.so.1.0.2
7b3a5000-7b3a6000 rwxp 00008000 08:02 136684     /usr/lib/i386-linux-gnu/libXcursor.so.1.0.2
7b3a6000-7b3aa000 r-xp 00000000 08:03 4014114    /home/ggervais/workspace_new/GameEngine/lib/jogl-2.0-b23-20110303-linux-i586/lib/libnativewindow_x11.so
7b3aa000-7b3ab000 r-xp 00003000 08:03 4014114    /home/ggervais/workspace_new/GameEngine/lib/jogl-2.0-b23-20110303-linux-i586/lib/libnativewindow_x11.so
7b3ab000-7b3ac000 rwxp 00004000 08:03 4014114    /home/ggervais/workspace_new/GameEngine/lib/jogl-2.0-b23-20110303-linux-i586/lib/libnativewindow_x11.so
7b3ac000-7b3ae000 r-xp 00000000 08:02 136698     /usr/lib/i386-linux-gnu/libXinerama.so.1.0.0
7b3ae000-7b3af000 r-xp 00001000 08:02 136698     /usr/lib/i386-linux-gnu/libXinerama.so.1.0.0
7b3af000-7b3b0000 rwxp 00002000 08:02 136698     /usr/lib/i386-linux-gnu/libXinerama.so.1.0.0
7b3b0000-7b3b4000 r-xp 00000000 08:02 136706     /usr/lib/i386-linux-gnu/libXxf86vm.so.1.0.0
7b3b4000-7b3b5000 r-xp 00003000 08:02 136706     /usr/lib/i386-linux-gnu/libXxf86vm.so.1.0.0
7b3b5000-7b3b6000 rwxp 00004000 08:02 136706     /usr/lib/i386-linux-gnu/libXxf86vm.so.1.0.0
7b3b6000-7b3b7000 r-xp 00000000 08:03 4014113    /home/ggervais/workspace_new/GameEngine/lib/jogl-2.0-b23-20110303-linux-i586/lib/libnativewindow_awt.so
7b3b7000-7b3b8000 r-xp 00000000 08:03 4014113    /home/ggervais/workspace_new/GameEngine/lib/jogl-2.0-b23-20110303-linux-i586/lib/libnativewindow_awt.so
7b3b8000-7b3b9000 rwxp 00001000 08:03 4014113    /home/ggervais/workspace_new/GameEngine/lib/jogl-2.0-b23-20110303-linux-i586/lib/libnativewindow_awt.so
7b3b9000-7b3c0000 r-xs 00000000 08:02 525846     /var/cache/fontconfig/6d41288fd70b0be22e8c3a91e032eec0-le32d4.cache-3
7b3c0000-7b3c3000 r-xs 00000000 08:02 556851     /var/cache/fontconfig/d60319d88cac85ba9e1a07bd06cfbb8c-le32d4.cache-3
7b3c3000-7b3cb000 r-xs 00000000 08:02 556850     /var/cache/fontconfig/d52a8644073d54c13679302ca1180695-le32d4.cache-3
7b3cb000-7b3ce000 ---p 00000000 00:00 0 
7b3ce000-7b41c000 rwxp 00000000 00:00 0 
7b41c000-7b495000 r-xp 00000000 08:02 153804     /usr/lib/jvm/java-6-sun-1.6.0.24/jre/lib/i386/libfontmanager.so
7b495000-7b49f000 rwxp 00078000 08:02 153804     /usr/lib/jvm/java-6-sun-1.6.0.24/jre/lib/i386/libfontmanager.so
7b49f000-7b4a4000 rwxp 00000000 00:00 0 
7b4a4000-7b4bb000 r-xp 00000000 08:02 136828     /usr/lib/i386-linux-gnu/libxcb.so.1.1.0
7b4bb000-7b4bc000 r-xp 00016000 08:02 136828     /usr/lib/i386-linux-gnu/libxcb.so.1.1.0
7b4bc000-7b4bd000 rwxp 00017000 08:02 136828     /usr/lib/i386-linux-gnu/libxcb.so.1.1.0
7b4bd000-7b4ca000 r-xp 00000000 08:02 136696     /usr/lib/i386-linux-gnu/libXi.so.6.1.0
7b4ca000-7b4cb000 r-xp 0000c000 08:02 136696     /usr/lib/i386-linux-gnu/libXi.so.6.1.0
7b4cb000-7b4cc000 rwxp 0000d000 08:02 136696     /usr/lib/i386-linux-gnu/libXi.so.6.1.0
7b4cc000-7b5e2000 r-xp 00000000 08:02 136678     /usr/lib/i386-linux-gnu/libX11.so.6.3.0
7b5e2000-7b5e3000 ---p 00116000 08:02 136678     /usr/lib/i386-linux-gnu/libX11.so.6.3.0
7b5e3000-7b5e4000 r-xp 00116000 08:02 136678     /usr/lib/i386-linux-gnu/libX11.so.6.3.0
7b5e4000-7b5e6000 rwxp 00117000 08:02 136678     /usr/lib/i386-linux-gnu/libX11.so.6.3.0
7b5e6000-7b5e7000 rwxp 00000000 00:00 0 
7b5e7000-7b5f4000 r-xp 00000000 08:02 136690     /usr/lib/i386-linux-gnu/libXext.so.6.4.0
7b5f4000-7b5f5000 r-xp 0000c000 08:02 136690     /usr/lib/i386-linux-gnu/libXext.so.6.4.0
7b5f5000-7b5f6000 rwxp 0000d000 08:02 136690     /usr/lib/i386-linux-gnu/libXext.so.6.4.0
7b5f6000-7b5f7000 rwxs 1e376000 00:05 7147       /dev/nvidia0
7b5f7000-7b5ff000 r-xs 00000000 08:02 564351     /var/cache/fontconfig/e13b20fdb08344e0e664864cc2ede53d-le32d4.cache-3
7b5ff000-7b600000 r-xp 00000000 08:03 4014089    /home/ggervais/workspace_new/GameEngine/lib/jogl-2.0-b23-20110303-linux-i586/lib/libgluegen-rt.so
7b600000-7b601000 r-xp 00000000 08:03 4014089    /home/ggervais/workspace_new/GameEngine/lib/jogl-2.0-b23-20110303-linux-i586/lib/libgluegen-rt.so
7b601000-7b602000 rwxp 00001000 08:03 4014089    /home/ggervais/workspace_new/GameEngine/lib/jogl-2.0-b23-20110303-linux-i586/lib/libgluegen-rt.so
7b602000-7b604000 r-xs 00004000 08:03 5242952    /home/ggervais/workspace_new/GameEngine/lib/jinput/jinput-test.jar
7b604000-7b609000 r-xs 00030000 08:03 5242951    /home/ggervais/workspace_new/GameEngine/lib/jinput/jinput.jar
7b609000-7b64c000 r-xp 00000000 08:02 153789     /usr/lib/jvm/java-6-sun-1.6.0.24/jre/lib/i386/xawt/libmawt.so
7b64c000-7b64e000 rwxp 00043000 08:02 153789     /usr/lib/jvm/java-6-sun-1.6.0.24/jre/lib/i386/xawt/libmawt.so
7b64e000-7b64f000 rwxp 00000000 00:00 0 
7b64f000-7b6d3000 r-xp 00000000 08:02 153756     /usr/lib/jvm/java-6-sun-1.6.0.24/jre/lib/i386/libawt.so
7b6d3000-7b6da000 rwxp 00084000 08:02 153756     /usr/lib/jvm/java-6-sun-1.6.0.24/jre/lib/i386/libawt.so
7b6da000-7b6fe000 rwxp 00000000 00:00 0 
7b6fe000-7b6ff000 ---p 00000000 00:00 0 
7b6ff000-7b77f000 rwxp 00000000 00:00 0 
7b77f000-7b782000 ---p 00000000 00:00 0 
7b782000-7b800000 rwxp 00000000 00:00 0 
7b800000-7b8fe000 rwxp 00000000 00:00 0 
7b8fe000-7b900000 ---p 00000000 00:00 0 
7b900000-7b901000 r-xp 00000000 08:02 153760     /usr/lib/jvm/java-6-sun-1.6.0.24/jre/lib/i386/libjawt.so
7b901000-7b902000 rwxp 00000000 08:02 153760     /usr/lib/jvm/java-6-sun-1.6.0.24/jre/lib/i386/libjawt.so
7b902000-7b906000 r-xs 00028000 08:03 3182818    /home/ggervais/workspace_new/GameEngine/lib/jogl-2.0-b23-20110303-linux-i586/jar/newt.all.jar
7b906000-7b90a000 r-xp 00000000 08:02 136688     /usr/lib/i386-linux-gnu/libXdmcp.so.6.0.0
7b90a000-7b90b000 r-xp 00003000 08:02 136688     /usr/lib/i386-linux-gnu/libXdmcp.so.6.0.0
7b90b000-7b90c000 rwxp 00004000 08:02 136688     /usr/lib/i386-linux-gnu/libXdmcp.so.6.0.0
7b90c000-7b910000 r-xp 00000000 08:02 133973     /usr/lib/libXtst.so.6.1.0
7b910000-7b911000 r-xp 00003000 08:02 133973     /usr/lib/libXtst.so.6.1.0
7b911000-7b912000 rwxp 00004000 08:02 133973     /usr/lib/libXtst.so.6.1.0
7b912000-7b91f000 r-xs 00242000 08:03 3180935    /home/ggervais/workspace_new/GameEngine/lib/jogl-2.0-b23-20110303-linux-i586/jar/jogl.all.jar
7b91f000-7b922000 ---p 00000000 00:00 0 
7b922000-7b970000 rwxp 00000000 00:00 0 
7b970000-7b973000 ---p 00000000 00:00 0 
7b973000-7b9f1000 rwxp 00000000 00:00 0 
7b9f1000-7b9f4000 ---p 00000000 00:00 0 
7b9f4000-7ba42000 rwxp 00000000 00:00 0 
7ba42000-7bb62000 r-xp 00178000 08:02 139490     /usr/lib/locale/locale-archive
7bb62000-7bd62000 r-xp 00000000 08:02 139490     /usr/lib/locale/locale-archive
7bd62000-7bd65000 ---p 00000000 00:00 0 
7bd65000-7bdb3000 rwxp 00000000 00:00 0 
7bdb3000-7bdb6000 ---p 00000000 00:00 0 
7bdb6000-7be04000 rwxp 00000000 00:00 0 
7be04000-7be05000 ---p 00000000 00:00 0 
7be05000-7beb9000 rwxp 00000000 00:00 0 
7beb9000-7c051000 r-xs 03027000 08:02 153827     /usr/lib/jvm/java-6-sun-1.6.0.24/jre/lib/rt.jar
7c051000-7c052000 ---p 00000000 00:00 0 
7c052000-7c0d2000 rwxp 00000000 00:00 0 
7c0d2000-7c0d3000 ---p 00000000 00:00 0 
7c0d3000-7c15b000 rwxp 00000000 00:00 0 
7c15b000-7c173000 rwxp 00000000 00:00 0 
7c173000-7c185000 rwxp 00000000 00:00 0 
7c185000-7c285000 rwxp 00000000 00:00 0 
7c285000-7c28d000 rwxp 00000000 00:00 0 
7c28d000-7c2a5000 rwxp 00000000 00:00 0 
7c2a5000-7c2b7000 rwxp 00000000 00:00 0 
7c2b7000-7c3b6000 rwxp 00000000 00:00 0 
7c3b6000-7c3bf000 rwxp 00000000 00:00 0 
7c3bf000-7c43f000 rwxp 00000000 00:00 0 
7c43f000-7d440000 rwxp 00000000 00:00 0 
7d440000-80440000 rwxp 00000000 00:00 0 
80440000-82660000 rwxp 00000000 00:00 0 
82660000-a26f0000 rwxp 00000000 00:00 0 
a26f0000-a3800000 rwxp 00000000 00:00 0 
a3800000-b3840000 rwxp 00000000 00:00 0 
b3840000-b3843000 r-xs 00000000 08:02 563887     /var/cache/fontconfig/7ef2298fde41cc6eeb7af42e48b7d293-le32d4.cache-3
b3843000-b384c000 rwxp 00000000 00:00 0 
b384c000-b3903000 rwxp 00000000 00:00 0 
b3903000-b3b43000 rwxp 00000000 00:00 0 
b3b43000-b6903000 rwxp 00000000 00:00 0 
b6903000-b6912000 r-xp 00000000 08:02 153758     /usr/lib/jvm/java-6-sun-1.6.0.24/jre/lib/i386/libzip.so
b6912000-b6914000 rwxp 0000e000 08:02 153758     /usr/lib/jvm/java-6-sun-1.6.0.24/jre/lib/i386/libzip.so
b6914000-b691e000 r-xp 00000000 08:02 261489     /lib/i386-linux-gnu/libnss_files-2.13.so
b691e000-b691f000 r-xp 00009000 08:02 261489     /lib/i386-linux-gnu/libnss_files-2.13.so
b691f000-b6920000 rwxp 0000a000 08:02 261489     /lib/i386-linux-gnu/libnss_files-2.13.so
b6920000-b6929000 r-xp 00000000 08:02 261493     /lib/i386-linux-gnu/libnss_nis-2.13.so
b6929000-b692a000 r-xp 00008000 08:02 261493     /lib/i386-linux-gnu/libnss_nis-2.13.so
b692a000-b692b000 rwxp 00009000 08:02 261493     /lib/i386-linux-gnu/libnss_nis-2.13.so
b692b000-b692d000 r-xp 00000000 08:02 136680     /usr/lib/i386-linux-gnu/libXau.so.6.0.0
b692d000-b692e000 r-xp 00001000 08:02 136680     /usr/lib/i386-linux-gnu/libXau.so.6.0.0
b692e000-b692f000 rwxp 00002000 08:02 136680     /usr/lib/i386-linux-gnu/libXau.so.6.0.0
b692f000-b6936000 r-xs 00036000 08:03 12599540   /home/ggervais/workspace_new/GameEngine/lib/junit-4.9b2.jar
b6936000-b693e000 rwxs 00000000 08:02 673395     /tmp/hsperfdata_ggervais/15915
b693e000-b6951000 r-xp 00000000 08:02 261483     /lib/i386-linux-gnu/libnsl-2.13.so
b6951000-b6952000 r-xp 00012000 08:02 261483     /lib/i386-linux-gnu/libnsl-2.13.so
b6952000-b6953000 rwxp 00013000 08:02 261483     /lib/i386-linux-gnu/libnsl-2.13.so
b6953000-b6955000 rwxp 00000000 00:00 0 
b6955000-b6959000 r-xs 0001c000 08:03 3182511    /home/ggervais/workspace_new/GameEngine/lib/jogl-2.0-b23-20110303-linux-i586/jar/nativewindow.all.jar
b6959000-b695f000 r-xp 00000000 08:02 261485     /lib/i386-linux-gnu/libnss_compat-2.13.so
b695f000-b6960000 r-xp 00005000 08:02 261485     /lib/i386-linux-gnu/libnss_compat-2.13.so
b6960000-b6961000 rwxp 00006000 08:02 261485     /lib/i386-linux-gnu/libnss_compat-2.13.so
b6961000-b6967000 r-xp 00000000 08:02 153776     /usr/lib/jvm/java-6-sun-1.6.0.24/jre/lib/i386/native_threads/libhpi.so
b6967000-b6968000 rwxp 00006000 08:02 153776     /usr/lib/jvm/java-6-sun-1.6.0.24/jre/lib/i386/native_threads/libhpi.so
b6968000-b698b000 r-xp 00000000 08:02 153753     /usr/lib/jvm/java-6-sun-1.6.0.24/jre/lib/i386/libjava.so
b698b000-b698d000 rwxp 00023000 08:02 153753     /usr/lib/jvm/java-6-sun-1.6.0.24/jre/lib/i386/libjava.so
b698d000-b6994000 r-xp 00000000 08:02 261512     /lib/i386-linux-gnu/librt-2.13.so
b6994000-b6995000 r-xp 00006000 08:02 261512     /lib/i386-linux-gnu/librt-2.13.so
b6995000-b6996000 rwxp 00007000 08:02 261512     /lib/i386-linux-gnu/librt-2.13.so
b6996000-b6999000 ---p 00000000 00:00 0 
b6999000-b69e7000 rwxp 00000000 00:00 0 
b69e7000-b6a0b000 r-xp 00000000 08:02 261480     /lib/i386-linux-gnu/libm-2.13.so
b6a0b000-b6a0c000 r-xp 00023000 08:02 261480     /lib/i386-linux-gnu/libm-2.13.so
b6a0c000-b6a0d000 rwxp 00024000 08:02 261480     /lib/i386-linux-gnu/libm-2.13.so
b6a0d000-b719a000 r-xp 00000000 08:02 153773     /usr/lib/jvm/java-6-sun-1.6.0.24/jre/lib/i386/server/libjvm.so
b719a000-b71ed000 rwxp 0078d000 08:02 153773     /usr/lib/jvm/java-6-sun-1.6.0.24/jre/lib/i386/server/libjvm.so
b71ed000-b760d000 rwxp 00000000 00:00 0 
b760d000-b7767000 r-xp 00000000 08:02 261443     /lib/i386-linux-gnu/libc-2.13.so
b7767000-b7768000 ---p 0015a000 08:02 261443     /lib/i386-linux-gnu/libc-2.13.so
b7768000-b776a000 r-xp 0015a000 08:02 261443     /lib/i386-linux-gnu/libc-2.13.so
b776a000-b776b000 rwxp 0015c000 08:02 261443     /lib/i386-linux-gnu/libc-2.13.so
b776b000-b776e000 rwxp 00000000 00:00 0 
b776e000-b7770000 r-xp 00000000 08:02 261453     /lib/i386-linux-gnu/libdl-2.13.so
b7770000-b7771000 r-xp 00001000 08:02 261453     /lib/i386-linux-gnu/libdl-2.13.so
b7771000-b7772000 rwxp 00002000 08:02 261453     /lib/i386-linux-gnu/libdl-2.13.so
b7772000-b7779000 r-xp 00000000 08:02 153762     /usr/lib/jvm/java-6-sun-1.6.0.24/jre/lib/i386/jli/libjli.so
b7779000-b777b000 rwxp 00006000 08:02 153762     /usr/lib/jvm/java-6-sun-1.6.0.24/jre/lib/i386/jli/libjli.so
b777b000-b7790000 r-xp 00000000 08:02 261508     /lib/i386-linux-gnu/libpthread-2.13.so
b7790000-b7791000 r-xp 00015000 08:02 261508     /lib/i386-linux-gnu/libpthread-2.13.so
b7791000-b7792000 rwxp 00016000 08:02 261508     /lib/i386-linux-gnu/libpthread-2.13.so
b7792000-b7795000 rwxp 00000000 00:00 0 
b7795000-b7796000 rwxs fd060000 00:05 7147       /dev/nvidia0
b7796000-b7797000 r-xs 00000000 08:02 556833     /var/cache/fontconfig/4794a0821666d79190d59a36cb4f44b5-le32d4.cache-3
b7797000-b779a000 r-xs 00018000 08:03 3180639    /home/ggervais/workspace_new/GameEngine/lib/jogl-2.0-b23-20110303-linux-i586/jar/gluegen-rt.jar
b779a000-b779b000 rwxp 00000000 00:00 0 
b779b000-b779c000 r-xp 00000000 00:00 0 
b779c000-b77a7000 r-xp 00000000 08:02 153787     /usr/lib/jvm/java-6-sun-1.6.0.24/jre/lib/i386/libverify.so
b77a7000-b77a8000 rwxp 0000b000 08:02 153787     /usr/lib/jvm/java-6-sun-1.6.0.24/jre/lib/i386/libverify.so
b77a8000-b77aa000 rwxp 00000000 00:00 0 
b77aa000-b77ab000 r-xp 00000000 00:00 0          [vdso]
b77ab000-b77c7000 r-xp 00000000 08:02 261430     /lib/i386-linux-gnu/ld-2.13.so
b77c7000-b77c8000 r-xp 0001b000 08:02 261430     /lib/i386-linux-gnu/ld-2.13.so
b77c8000-b77c9000 rwxp 0001c000 08:02 261430     /lib/i386-linux-gnu/ld-2.13.so
bf8bc000-bf8dd000 rwxp 00000000 00:00 0          [stack]

VM Arguments:
jvm_args: -Djava.library.path=/home/ggervais/workspace_new/GameEngine/lib/jogl-2.0-b23-20110303-linux-i586/lib:/home/ggervais/workspace_new/GameEngine/lib/jogl-2.0-b23-20110303-linux-i586/lib:/home/ggervais/workspace_new/GameEngine/lib/jogl-2.0-b23-20110303-linux-i586/lib:/home/ggervais/workspace_new/GameEngine/lib/jogl-2.0-b23-20110303-linux-i586/lib:/home/ggervais/workspace_new/GameEngine/lib/jinput:/home/ggervais/workspace_new/GameEngine/lib/jinput -Dfile.encoding=UTF-8 
java_command: com.ggervais.gameengine.testapp.Main
Launcher Type: SUN_STANDARD

Environment Variables:
PATH=/home/ggervais/bin:/usr/local/sbin:/usr/local/bin:/usr/sbin:/usr/bin:/sbin:/bin:/usr/games
USERNAME=ggervais
LD_LIBRARY_PATH=/usr/lib/jvm/java-6-sun-1.6.0.24/jre/lib/i386/server:/usr/lib/jvm/java-6-sun-1.6.0.24/jre/lib/i386:/usr/lib/jvm/java-6-sun-1.6.0.24/jre/../lib/i386:/usr/lib/jvm/java-6-openjdk/jre/lib/i386/client:/usr/lib/jvm/java-6-openjdk/jre/lib/i386:/usr/lib/xulrunner-1.9.2.17:/usr/lib/xulrunner-1.9.2.17
SHELL=/bin/bash
DISPLAY=:0

Signal Handlers:
SIGSEGV: [libjvm.so+0x708f80], sa_mask[0]=0x7ffbfeff, sa_flags=0x10000004
SIGBUS: [libjvm.so+0x708f80], sa_mask[0]=0x7ffbfeff, sa_flags=0x10000004
SIGFPE: [libjvm.so+0x5c4100], sa_mask[0]=0x7ffbfeff, sa_flags=0x10000004
SIGPIPE: [libjvm.so+0x5c4100], sa_mask[0]=0x7ffbfeff, sa_flags=0x10000004
SIGXFSZ: [libjvm.so+0x5c4100], sa_mask[0]=0x7ffbfeff, sa_flags=0x10000004
SIGILL: [libjvm.so+0x5c4100], sa_mask[0]=0x7ffbfeff, sa_flags=0x10000004
SIGUSR1: SIG_DFL, sa_mask[0]=0x00000000, sa_flags=0x00000000
SIGUSR2: [libjvm.so+0x5c70e0], sa_mask[0]=0x00000004, sa_flags=0x10000004
SIGHUP: [libjvm.so+0x5c6cc0], sa_mask[0]=0x7ffbfeff, sa_flags=0x10000004
SIGINT: [libjvm.so+0x5c6cc0], sa_mask[0]=0x7ffbfeff, sa_flags=0x10000004
SIGTERM: [libjvm.so+0x5c6cc0], sa_mask[0]=0x7ffbfeff, sa_flags=0x10000004
SIGQUIT: [libjvm.so+0x5c6cc0], sa_mask[0]=0x7ffbfeff, sa_flags=0x10000004


---------------  S Y S T E M  ---------------

OS:squeeze/sid

uname:Linux 2.6.38-8-generic #42-Ubuntu SMP Mon Apr 11 03:31:50 UTC 2011 i686
libc:glibc 2.13 NPTL 2.13 
rlimit: STACK 8192k, CORE 0k, NPROC infinity, NOFILE 4096, AS infinity
load average:0.09 0.14 0.35

/proc/meminfo:
MemTotal:        3354092 kB
MemFree:          776588 kB
Buffers:          286136 kB
Cached:          1306880 kB
SwapCached:            0 kB
Active:          1420272 kB
Inactive:        1020964 kB
Active(anon):     849068 kB
Inactive(anon):     3472 kB
Active(file):     571204 kB
Inactive(file):  1017492 kB
Unevictable:          16 kB
Mlocked:              16 kB
HighTotal:       2498248 kB
HighFree:         322048 kB
LowTotal:         855844 kB
LowFree:          454540 kB
SwapTotal:        979928 kB
SwapFree:         979928 kB
Dirty:               312 kB
Writeback:             0 kB
AnonPages:        848284 kB
Mapped:           152764 kB
Shmem:              4324 kB
Slab:              71580 kB
SReclaimable:      55164 kB
SUnreclaim:        16416 kB
KernelStack:        3312 kB
PageTables:         7248 kB
NFS_Unstable:          0 kB
Bounce:                0 kB
WritebackTmp:          0 kB
CommitLimit:     2656972 kB
Committed_AS:    2697144 kB
VmallocTotal:     122880 kB
VmallocUsed:       70952 kB
VmallocChunk:      43516 kB
HardwareCorrupted:     0 kB
HugePages_Total:       0
HugePages_Free:        0
HugePages_Rsvd:        0
HugePages_Surp:        0
Hugepagesize:       4096 kB
DirectMap4k:      122872 kB
DirectMap4M:      786432 kB


CPU:total 2 (2 cores per cpu, 1 threads per core) family 6 model 15 stepping 6, cmov, cx8, fxsr, mmx, sse, sse2, sse3, ssse3

Memory: 4k page, physical 3354092k(776588k free), swap 979928k(979928k free)

vm_info: Java HotSpot(TM) Server VM (19.1-b02) for linux-x86 JRE (1.6.0_24-b07), built on Feb  2 2011 16:51:52 by "java_re" with gcc 3.2.1-7a (J2SE release)

time: Mon May  9 00:04:49 2011
elapsed time: 1 seconds

