#
# A fatal error has been detected by the Java Runtime Environment:
#
#  SIGSEGV (0xb) at pc=0x7b052452, pid=5686, tid=2038856560
#
# JRE version: 6.0_24-b07
# Java VM: Java HotSpot(TM) Server VM (19.1-b02 mixed mode linux-x86 )
# Problematic frame:
# C  [libGL.so.1+0x56452]
#
# If you would like to submit a bug report, please visit:
#   http://java.sun.com/webapps/bugreport/crash.jsp
#

---------------  T H R E A D  ---------------

Current thread is native thread

siginfo:si_signo=SIGSEGV: si_errno=0, si_code=1 (SEGV_MAPERR), si_addr=0x797c7f08

Registers:
EAX=0x79788008, EBX=0x0a416fa0, ECX=0x00000001, EDX=0x0a178368
ESP=0x79867300, EBP=0x79867b70, ESI=0x00000000, EDI=0x00000000
EIP=0x7b052452, CR2=0x797c7f08, EFLAGS=0x00010213

Register to memory mapping:

EAX=0x79788008
0x79788008 is pointing to unknown location

EBX=0x0a416fa0
0x0a416fa0 is pointing to unknown location

ECX=0x00000001
0x00000001 is pointing to unknown location

EDX=0x0a178368
0x0a178368 is pointing to unknown location

ESP=0x79867300
0x79867300 is pointing to unknown location

EBP=0x79867b70
0x79867b70 is pointing to unknown location

ESI=0x00000000
0x00000000 is pointing to unknown location

EDI=0x00000000
0x00000000 is pointing to unknown location


Top of Stack: (sp=0x79867300)
0x79867300:   79867b70 79867b70 0a178358 7b07b44f
0x79867310:   00001636 00000000 79867b70 00000000
0x79867320:   00001636 79867b70 0a178358 7b05e0c2
0x79867330:   00000000 00001636 00000000 b7746ff4
0x79867340:   09fd31f8 b7767188 00001636 00000000
0x79867350:   00000000 00000000 79867b70 b7766ff4
0x79867360:   00000004 b77671a0 798673a8 b7756ccf
0x79867370:   0a178358 00000000 00000000 00000000 

Instructions: (pc=0x7b052452)
0x7b052442:   74 64 89 77 30 8b 4b 08 83 f9 ff 74 2a 8b 43 04
0x7b052452:   8b 80 00 ff 03 00 8b 00 85 c0 75 2b 8b 54 24 14 

Stack: [0x79817000,0x79868000],  sp=0x79867300,  free space=320k
Native frames: (J=compiled Java code, j=interpreted, Vv=VM code, C=native code)
C  [libGL.so.1+0x56452]


---------------  P R O C E S S  ---------------

VM state:not at safepoint (normal execution)

VM Mutex/Monitor currently owned by a thread: None

Heap
 PSYoungGen      total 15296K, used 4358K [0xa2370000, 0xa4150000, 0xb34c0000)
  eden space 13120K, 16% used [0xa2370000,0xa2593e20,0xa3040000)
  from space 2176K, 99% used [0xa3260000,0xa347dc90,0xa3480000)
  to   space 2176K, 0% used [0xa3040000,0xa3040000,0xa3260000)
 PSOldGen        total 34944K, used 1873K [0x800c0000, 0x822e0000, 0xa2370000)
  object space 34944K, 5% used [0x800c0000,0x802946e0,0x822e0000)
 PSPermGen       total 16384K, used 8369K [0x7c0c0000, 0x7d0c0000, 0x800c0000)
  object space 16384K, 51% used [0x7c0c0000,0x7c8ec7f0,0x7d0c0000)

Dynamic libraries:
08048000-08052000 r-xp 00000000 08:02 153707     /usr/lib/jvm/java-6-sun-1.6.0.24/jre/bin/java
08052000-08053000 rwxp 00009000 08:02 153707     /usr/lib/jvm/java-6-sun-1.6.0.24/jre/bin/java
09f07000-0a479000 rwxp 00000000 00:00 0          [heap]
78f00000-78faa000 rwxp 00000000 00:00 0 
78faa000-79000000 ---p 00000000 00:00 0 
79100000-791d3000 rwxp 00000000 00:00 0 
791d3000-79200000 ---p 00000000 00:00 0 
79696000-79699000 ---p 00000000 00:00 0 
79699000-796e7000 rwxp 00000000 00:00 0 
796e7000-7973b000 r-xp 00000000 08:02 153779     /usr/lib/jvm/java-6-sun-1.6.0.24/jre/lib/i386/libcmm.so
7973b000-7973e000 rwxp 00054000 08:02 153779     /usr/lib/jvm/java-6-sun-1.6.0.24/jre/lib/i386/libcmm.so
7973e000-7976c000 r-xp 00000000 08:02 153764     /usr/lib/jvm/java-6-sun-1.6.0.24/jre/lib/i386/libjpeg.so
7976c000-7976d000 rwxp 0002e000 08:02 153764     /usr/lib/jvm/java-6-sun-1.6.0.24/jre/lib/i386/libjpeg.so
79801000-79815000 r-xp 00000000 08:03 4014112    /home/ggervais/workspace_new/GameEngine/lib/jogl-2.0-b23-20110303-linux-i586/lib/libjogl_es2.so
79815000-79816000 r-xp 00013000 08:03 4014112    /home/ggervais/workspace_new/GameEngine/lib/jogl-2.0-b23-20110303-linux-i586/lib/libjogl_es2.so
79816000-79817000 rwxp 00014000 08:03 4014112    /home/ggervais/workspace_new/GameEngine/lib/jogl-2.0-b23-20110303-linux-i586/lib/libjogl_es2.so
79817000-7981a000 ---p 00000000 00:00 0 
7981a000-79868000 rwxp 00000000 00:00 0 
79868000-798d8000 r-xp 00000000 08:03 4014110    /home/ggervais/workspace_new/GameEngine/lib/jogl-2.0-b23-20110303-linux-i586/lib/libjogl_desktop.so
798d8000-798d9000 r-xp 0006f000 08:03 4014110    /home/ggervais/workspace_new/GameEngine/lib/jogl-2.0-b23-20110303-linux-i586/lib/libjogl_desktop.so
798d9000-798da000 rwxp 00070000 08:03 4014110    /home/ggervais/workspace_new/GameEngine/lib/jogl-2.0-b23-20110303-linux-i586/lib/libjogl_desktop.so
798da000-7af8f000 r-xp 00000000 08:02 154243     /usr/lib/nvidia-current/libnvidia-glcore.so.270.41.06
7af8f000-7afeb000 rwxp 016b4000 08:02 154243     /usr/lib/nvidia-current/libnvidia-glcore.so.270.41.06
7afeb000-7affc000 rwxp 00000000 00:00 0 
7affc000-7b09d000 r-xp 00000000 08:02 154239     /usr/lib/nvidia-current/libGL.so.270.41.06
7b09d000-7b0bb000 rwxp 000a1000 08:02 154239     /usr/lib/nvidia-current/libGL.so.270.41.06
7b0bb000-7b0ca000 rwxp 00000000 00:00 0 
7b0ca000-7b0cd000 ---p 00000000 00:00 0 
7b0cd000-7b11b000 rwxp 00000000 00:00 0 
7b11b000-7b11c000 r-xs 00000000 08:02 563892     /var/cache/fontconfig/26de28bc8622bbc1fb67fd234c21975f-le32d4.cache-3
7b11c000-7b11d000 r-xs 00000000 08:02 556846     /var/cache/fontconfig/c05880de57d1f5e948fdfacc138775d9-le32d4.cache-3
7b11d000-7b123000 r-xs 00000000 08:02 556843     /var/cache/fontconfig/945677eb7aeaf62f1d50efc3fb3ec7d8-le32d4.cache-3
7b123000-7b125000 r-xs 00000000 08:02 556844     /var/cache/fontconfig/99e8ed0e538f840c565b6ed5dad60d56-le32d4.cache-3
7b125000-7b128000 r-xs 00000000 08:02 556854     /var/cache/fontconfig/e383d7ea5fbe662a33d9b44caf393297-le32d4.cache-3
7b128000-7b12d000 r-xs 00000000 08:02 563893     /var/cache/fontconfig/401a5dd6b567794a1d18dd9342dfa604-le32d4.cache-3
7b12d000-7b12f000 r-xs 00000000 08:02 556831     /var/cache/fontconfig/2cd17615ca594fa2959ae173292e504c-le32d4.cache-3
7b12f000-7b133000 r-xs 00000000 08:02 556845     /var/cache/fontconfig/a755afe4a08bf5b97852ceb7400b47bc-le32d4.cache-3
7b133000-7b137000 r-xs 00000000 08:02 558741     /var/cache/fontconfig/515ca1ebc4b18308bea979be5704f9db-le32d4.cache-3
7b137000-7b13e000 r-xs 00000000 08:02 525846     /var/cache/fontconfig/6d41288fd70b0be22e8c3a91e032eec0-le32d4.cache-3
7b13e000-7b149000 r-xs 00000000 08:02 556829     /var/cache/fontconfig/0f34bcd4b6ee430af32735b75db7f02b-le32d4.cache-3
7b149000-7b16b000 r-xs 00000000 08:02 563437     /var/cache/fontconfig/365b55f210c0a22e9a19e35191240f32-le32d4.cache-3
7b177000-7b178000 r-xp 00000000 08:02 154231     /usr/lib/nvidia-current/tls/libnvidia-tls.so.270.41.06
7b178000-7b179000 rwxp 00000000 08:02 154231     /usr/lib/nvidia-current/tls/libnvidia-tls.so.270.41.06
7b179000-7b18c000 r-xp 00000000 08:03 4014111    /home/ggervais/workspace_new/GameEngine/lib/jogl-2.0-b23-20110303-linux-i586/lib/libjogl_es1.so
7b18c000-7b18d000 r-xp 00012000 08:03 4014111    /home/ggervais/workspace_new/GameEngine/lib/jogl-2.0-b23-20110303-linux-i586/lib/libjogl_es1.so
7b18d000-7b18e000 rwxp 00013000 08:03 4014111    /home/ggervais/workspace_new/GameEngine/lib/jogl-2.0-b23-20110303-linux-i586/lib/libjogl_es1.so
7b18e000-7b191000 ---p 00000000 00:00 0 
7b191000-7b1df000 rwxp 00000000 00:00 0 
7b1df000-7b1e2000 ---p 00000000 00:00 0 
7b1e2000-7b230000 rwxp 00000000 00:00 0 
7b230000-7b234000 r-xp 00000000 08:02 136692     /usr/lib/i386-linux-gnu/libXfixes.so.3.1.0
7b234000-7b235000 r-xp 00003000 08:02 136692     /usr/lib/i386-linux-gnu/libXfixes.so.3.1.0
7b235000-7b236000 rwxp 00004000 08:02 136692     /usr/lib/i386-linux-gnu/libXfixes.so.3.1.0
7b236000-7b23e000 r-xp 00000000 08:02 136702     /usr/lib/i386-linux-gnu/libXrender.so.1.3.0
7b23e000-7b23f000 r-xp 00007000 08:02 136702     /usr/lib/i386-linux-gnu/libXrender.so.1.3.0
7b23f000-7b240000 rwxp 00008000 08:02 136702     /usr/lib/i386-linux-gnu/libXrender.so.1.3.0
7b240000-7b248000 r-xp 00000000 08:02 136684     /usr/lib/i386-linux-gnu/libXcursor.so.1.0.2
7b248000-7b249000 r-xp 00007000 08:02 136684     /usr/lib/i386-linux-gnu/libXcursor.so.1.0.2
7b249000-7b24a000 rwxp 00008000 08:02 136684     /usr/lib/i386-linux-gnu/libXcursor.so.1.0.2
7b24a000-7b24e000 r-xp 00000000 08:03 4014114    /home/ggervais/workspace_new/GameEngine/lib/jogl-2.0-b23-20110303-linux-i586/lib/libnativewindow_x11.so
7b24e000-7b24f000 r-xp 00003000 08:03 4014114    /home/ggervais/workspace_new/GameEngine/lib/jogl-2.0-b23-20110303-linux-i586/lib/libnativewindow_x11.so
7b24f000-7b250000 rwxp 00004000 08:03 4014114    /home/ggervais/workspace_new/GameEngine/lib/jogl-2.0-b23-20110303-linux-i586/lib/libnativewindow_x11.so
7b250000-7b252000 r-xp 00000000 08:02 136698     /usr/lib/i386-linux-gnu/libXinerama.so.1.0.0
7b252000-7b253000 r-xp 00001000 08:02 136698     /usr/lib/i386-linux-gnu/libXinerama.so.1.0.0
7b253000-7b254000 rwxp 00002000 08:02 136698     /usr/lib/i386-linux-gnu/libXinerama.so.1.0.0
7b254000-7b258000 r-xp 00000000 08:02 136706     /usr/lib/i386-linux-gnu/libXxf86vm.so.1.0.0
7b258000-7b259000 r-xp 00003000 08:02 136706     /usr/lib/i386-linux-gnu/libXxf86vm.so.1.0.0
7b259000-7b25a000 rwxp 00004000 08:02 136706     /usr/lib/i386-linux-gnu/libXxf86vm.so.1.0.0
7b25a000-7b25b000 r-xp 00000000 08:03 4014113    /home/ggervais/workspace_new/GameEngine/lib/jogl-2.0-b23-20110303-linux-i586/lib/libnativewindow_awt.so
7b25b000-7b25c000 r-xp 00000000 08:03 4014113    /home/ggervais/workspace_new/GameEngine/lib/jogl-2.0-b23-20110303-linux-i586/lib/libnativewindow_awt.so
7b25c000-7b25d000 rwxp 00001000 08:03 4014113    /home/ggervais/workspace_new/GameEngine/lib/jogl-2.0-b23-20110303-linux-i586/lib/libnativewindow_awt.so
7b25d000-7b25e000 r-xp 00000000 08:02 153760     /usr/lib/jvm/java-6-sun-1.6.0.24/jre/lib/i386/libjawt.so
7b25e000-7b25f000 rwxp 00000000 08:02 153760     /usr/lib/jvm/java-6-sun-1.6.0.24/jre/lib/i386/libjawt.so
7b25f000-7b260000 r-xs 00000000 08:02 556855     /var/cache/fontconfig/e7071f4a29fa870f4323321c154eba04-le32d4.cache-3
7b260000-7b263000 r-xs 00000000 08:02 556840     /var/cache/fontconfig/6eb3985aa4124903f6ff08ba781cd364-le32d4.cache-3
7b263000-7b264000 r-xs 00000000 08:02 556835     /var/cache/fontconfig/4c73fe0c47614734b17d736dbde7580a-le32d4.cache-3
7b264000-7b26c000 r-xs 00000000 08:02 556850     /var/cache/fontconfig/d52a8644073d54c13679302ca1180695-le32d4.cache-3
7b26c000-7b274000 r-xs 00000000 08:02 564351     /var/cache/fontconfig/e13b20fdb08344e0e664864cc2ede53d-le32d4.cache-3
7b274000-7b277000 ---p 00000000 00:00 0 
7b277000-7b2c5000 rwxp 00000000 00:00 0 
7b2c5000-7b33e000 r-xp 00000000 08:02 153804     /usr/lib/jvm/java-6-sun-1.6.0.24/jre/lib/i386/libfontmanager.so
7b33e000-7b348000 rwxp 00078000 08:02 153804     /usr/lib/jvm/java-6-sun-1.6.0.24/jre/lib/i386/libfontmanager.so
7b348000-7b34d000 rwxp 00000000 00:00 0 
7b34d000-7b351000 r-xp 00000000 08:02 136688     /usr/lib/i386-linux-gnu/libXdmcp.so.6.0.0
7b351000-7b352000 r-xp 00003000 08:02 136688     /usr/lib/i386-linux-gnu/libXdmcp.so.6.0.0
7b352000-7b353000 rwxp 00004000 08:02 136688     /usr/lib/i386-linux-gnu/libXdmcp.so.6.0.0
7b353000-7b36a000 r-xp 00000000 08:02 136828     /usr/lib/i386-linux-gnu/libxcb.so.1.1.0
7b36a000-7b36b000 r-xp 00016000 08:02 136828     /usr/lib/i386-linux-gnu/libxcb.so.1.1.0
7b36b000-7b36c000 rwxp 00017000 08:02 136828     /usr/lib/i386-linux-gnu/libxcb.so.1.1.0
7b36c000-7b379000 r-xp 00000000 08:02 136696     /usr/lib/i386-linux-gnu/libXi.so.6.1.0
7b379000-7b37a000 r-xp 0000c000 08:02 136696     /usr/lib/i386-linux-gnu/libXi.so.6.1.0
7b37a000-7b37b000 rwxp 0000d000 08:02 136696     /usr/lib/i386-linux-gnu/libXi.so.6.1.0
7b37b000-7b491000 r-xp 00000000 08:02 136678     /usr/lib/i386-linux-gnu/libX11.so.6.3.0
7b491000-7b492000 ---p 00116000 08:02 136678     /usr/lib/i386-linux-gnu/libX11.so.6.3.0
7b492000-7b493000 r-xp 00116000 08:02 136678     /usr/lib/i386-linux-gnu/libX11.so.6.3.0
7b493000-7b495000 rwxp 00117000 08:02 136678     /usr/lib/i386-linux-gnu/libX11.so.6.3.0
7b495000-7b496000 rwxp 00000000 00:00 0 
7b496000-7b4a3000 r-xp 00000000 08:02 136690     /usr/lib/i386-linux-gnu/libXext.so.6.4.0
7b4a3000-7b4a4000 r-xp 0000c000 08:02 136690     /usr/lib/i386-linux-gnu/libXext.so.6.4.0
7b4a4000-7b4a5000 rwxp 0000d000 08:02 136690     /usr/lib/i386-linux-gnu/libXext.so.6.4.0
7b4a5000-7b4a6000 r-xs 00000000 08:02 556828     /var/cache/fontconfig/0d8c3b2ac0904cb8a57a757ad11a4a08-le32d4.cache-3
7b4a6000-7b4a9000 r-xs 00000000 08:02 556851     /var/cache/fontconfig/d60319d88cac85ba9e1a07bd06cfbb8c-le32d4.cache-3
7b4a9000-7b4ac000 r-xs 00000000 08:02 563887     /var/cache/fontconfig/7ef2298fde41cc6eeb7af42e48b7d293-le32d4.cache-3
7b4ac000-7b4ad000 r-xp 00000000 08:03 4014089    /home/ggervais/workspace_new/GameEngine/lib/jogl-2.0-b23-20110303-linux-i586/lib/libgluegen-rt.so
7b4ad000-7b4ae000 r-xp 00000000 08:03 4014089    /home/ggervais/workspace_new/GameEngine/lib/jogl-2.0-b23-20110303-linux-i586/lib/libgluegen-rt.so
7b4ae000-7b4af000 rwxp 00001000 08:03 4014089    /home/ggervais/workspace_new/GameEngine/lib/jogl-2.0-b23-20110303-linux-i586/lib/libgluegen-rt.so
7b4af000-7b4b1000 r-xs 00004000 08:03 5242952    /home/ggervais/workspace_new/GameEngine/lib/jinput/jinput-test.jar
7b4b1000-7b4b6000 r-xs 00030000 08:03 5242951    /home/ggervais/workspace_new/GameEngine/lib/jinput/jinput.jar
7b4b6000-7b4ba000 r-xs 00028000 08:03 3182818    /home/ggervais/workspace_new/GameEngine/lib/jogl-2.0-b23-20110303-linux-i586/jar/newt.all.jar
7b4ba000-7b4fd000 r-xp 00000000 08:02 153789     /usr/lib/jvm/java-6-sun-1.6.0.24/jre/lib/i386/xawt/libmawt.so
7b4fd000-7b4ff000 rwxp 00043000 08:02 153789     /usr/lib/jvm/java-6-sun-1.6.0.24/jre/lib/i386/xawt/libmawt.so
7b4ff000-7b500000 rwxp 00000000 00:00 0 
7b500000-7b5f7000 rwxp 00000000 00:00 0 
7b5f7000-7b600000 ---p 00000000 00:00 0 
7b600000-7b602000 r-xp 00000000 08:02 136680     /usr/lib/i386-linux-gnu/libXau.so.6.0.0
7b602000-7b603000 r-xp 00001000 08:02 136680     /usr/lib/i386-linux-gnu/libXau.so.6.0.0
7b603000-7b604000 rwxp 00002000 08:02 136680     /usr/lib/i386-linux-gnu/libXau.so.6.0.0
7b604000-7b608000 r-xp 00000000 08:02 133973     /usr/lib/libXtst.so.6.1.0
7b608000-7b609000 r-xp 00003000 08:02 133973     /usr/lib/libXtst.so.6.1.0
7b609000-7b60a000 rwxp 00004000 08:02 133973     /usr/lib/libXtst.so.6.1.0
7b60a000-7b68e000 r-xp 00000000 08:02 153756     /usr/lib/jvm/java-6-sun-1.6.0.24/jre/lib/i386/libawt.so
7b68e000-7b695000 rwxp 00084000 08:02 153756     /usr/lib/jvm/java-6-sun-1.6.0.24/jre/lib/i386/libawt.so
7b695000-7b6b9000 rwxp 00000000 00:00 0 
7b6b9000-7b6c6000 r-xs 00242000 08:03 3180935    /home/ggervais/workspace_new/GameEngine/lib/jogl-2.0-b23-20110303-linux-i586/jar/jogl.all.jar
7b6c6000-7b6c7000 ---p 00000000 00:00 0 
7b6c7000-7b747000 rwxp 00000000 00:00 0 
7b747000-7b74a000 ---p 00000000 00:00 0 
7b74a000-7b798000 rwxp 00000000 00:00 0 
7b798000-7b79b000 ---p 00000000 00:00 0 
7b79b000-7b819000 rwxp 00000000 00:00 0 
7b819000-7b81c000 ---p 00000000 00:00 0 
7b81c000-7b89a000 rwxp 00000000 00:00 0 
7b89a000-7b89d000 ---p 00000000 00:00 0 
7b89d000-7b8eb000 rwxp 00000000 00:00 0 
7b8eb000-7b8ee000 ---p 00000000 00:00 0 
7b8ee000-7b93c000 rwxp 00000000 00:00 0 
7b93c000-7b93f000 ---p 00000000 00:00 0 
7b93f000-7b98d000 rwxp 00000000 00:00 0 
7b98d000-7b990000 r-xp 00000000 08:02 153799     /usr/lib/jvm/java-6-sun-1.6.0.24/jre/lib/i386/libdt_socket.so
7b990000-7b991000 rwxp 00003000 08:02 153799     /usr/lib/jvm/java-6-sun-1.6.0.24/jre/lib/i386/libdt_socket.so
7b991000-7b994000 ---p 00000000 00:00 0 
7b994000-7b9e2000 rwxp 00000000 00:00 0 
7b9e2000-7b9e5000 ---p 00000000 00:00 0 
7b9e5000-7ba33000 rwxp 00000000 00:00 0 
7ba33000-7ba36000 ---p 00000000 00:00 0 
7ba36000-7ba84000 rwxp 00000000 00:00 0 
7ba84000-7ba85000 ---p 00000000 00:00 0 
7ba85000-7bb39000 rwxp 00000000 00:00 0 
7bb39000-7bcd1000 r-xs 03027000 08:02 153827     /usr/lib/jvm/java-6-sun-1.6.0.24/jre/lib/rt.jar
7bcd1000-7bcd2000 ---p 00000000 00:00 0 
7bcd2000-7bd52000 rwxp 00000000 00:00 0 
7bd52000-7bd53000 ---p 00000000 00:00 0 
7bd53000-7bddb000 rwxp 00000000 00:00 0 
7bddb000-7bdf3000 rwxp 00000000 00:00 0 
7bdf3000-7be05000 rwxp 00000000 00:00 0 
7be05000-7bf05000 rwxp 00000000 00:00 0 
7bf05000-7bf0d000 rwxp 00000000 00:00 0 
7bf0d000-7bf25000 rwxp 00000000 00:00 0 
7bf25000-7bf37000 rwxp 00000000 00:00 0 
7bf37000-7c036000 rwxp 00000000 00:00 0 
7c036000-7c046000 rwxp 00000000 00:00 0 
7c046000-7c0bf000 rwxp 00000000 00:00 0 
7c0bf000-7d0c0000 rwxp 00000000 00:00 0 
7d0c0000-800c0000 rwxp 00000000 00:00 0 
800c0000-822e0000 rwxp 00000000 00:00 0 
822e0000-a2370000 rwxp 00000000 00:00 0 
a2370000-a4150000 rwxp 00000000 00:00 0 
a4150000-b34c0000 rwxp 00000000 00:00 0 
b34c0000-b34c1000 r-xs 00000000 08:02 556838     /var/cache/fontconfig/6a53c69dea097a2d716e069445527da8-le32d4.cache-3
b34c1000-b34c4000 r-xs 00018000 08:03 3180639    /home/ggervais/workspace_new/GameEngine/lib/jogl-2.0-b23-20110303-linux-i586/jar/gluegen-rt.jar
b34c4000-b34cb000 r-xs 00036000 08:03 12599540   /home/ggervais/workspace_new/GameEngine/lib/junit-4.9b2.jar
b34cb000-b34d4000 rwxp 00000000 00:00 0 
b34d4000-b358b000 rwxp 00000000 00:00 0 
b358b000-b37cb000 rwxp 00000000 00:00 0 
b37cb000-b658b000 rwxp 00000000 00:00 0 
b658b000-b6595000 r-xp 00000000 08:02 261489     /lib/i386-linux-gnu/libnss_files-2.13.so
b6595000-b6596000 r-xp 00009000 08:02 261489     /lib/i386-linux-gnu/libnss_files-2.13.so
b6596000-b6597000 rwxp 0000a000 08:02 261489     /lib/i386-linux-gnu/libnss_files-2.13.so
b6597000-b65a0000 r-xp 00000000 08:02 261493     /lib/i386-linux-gnu/libnss_nis-2.13.so
b65a0000-b65a1000 r-xp 00008000 08:02 261493     /lib/i386-linux-gnu/libnss_nis-2.13.so
b65a1000-b65a2000 rwxp 00009000 08:02 261493     /lib/i386-linux-gnu/libnss_nis-2.13.so
b65a2000-b65a6000 r-xs 0001c000 08:03 3182511    /home/ggervais/workspace_new/GameEngine/lib/jogl-2.0-b23-20110303-linux-i586/jar/nativewindow.all.jar
b65a6000-b65b5000 r-xp 00000000 08:02 153758     /usr/lib/jvm/java-6-sun-1.6.0.24/jre/lib/i386/libzip.so
b65b5000-b65b7000 rwxp 0000e000 08:02 153758     /usr/lib/jvm/java-6-sun-1.6.0.24/jre/lib/i386/libzip.so
b65b7000-b66d7000 r-xp 00178000 08:02 139490     /usr/lib/locale/locale-archive
b66d7000-b68d7000 r-xp 00000000 08:02 139490     /usr/lib/locale/locale-archive
b68d7000-b6911000 r-xp 00000000 08:02 153800     /usr/lib/jvm/java-6-sun-1.6.0.24/jre/lib/i386/libjdwp.so
b6911000-b6912000 rwxp 00039000 08:02 153800     /usr/lib/jvm/java-6-sun-1.6.0.24/jre/lib/i386/libjdwp.so
b6912000-b6925000 r-xp 00000000 08:02 261483     /lib/i386-linux-gnu/libnsl-2.13.so
b6925000-b6926000 r-xp 00012000 08:02 261483     /lib/i386-linux-gnu/libnsl-2.13.so
b6926000-b6927000 rwxp 00013000 08:02 261483     /lib/i386-linux-gnu/libnsl-2.13.so
b6927000-b6929000 rwxp 00000000 00:00 0 
b6929000-b692a000 r-xs 00000000 08:02 556026     /var/cache/fontconfig/4794a0821666d79190d59a36cb4f44b5-le32d4.cache-3
b692a000-b6932000 rwxs 00000000 08:02 659451     /tmp/hsperfdata_ggervais/5686
b6932000-b6938000 r-xp 00000000 08:02 261485     /lib/i386-linux-gnu/libnss_compat-2.13.so
b6938000-b6939000 r-xp 00005000 08:02 261485     /lib/i386-linux-gnu/libnss_compat-2.13.so
b6939000-b693a000 rwxp 00006000 08:02 261485     /lib/i386-linux-gnu/libnss_compat-2.13.so
b693a000-b693d000 r-xp 00000000 08:02 153752     /usr/lib/jvm/java-6-sun-1.6.0.24/jre/lib/i386/libnpt.so
b693d000-b693e000 rwxp 00002000 08:02 153752     /usr/lib/jvm/java-6-sun-1.6.0.24/jre/lib/i386/libnpt.so
b693e000-b6961000 r-xp 00000000 08:02 153753     /usr/lib/jvm/java-6-sun-1.6.0.24/jre/lib/i386/libjava.so
b6961000-b6963000 rwxp 00023000 08:02 153753     /usr/lib/jvm/java-6-sun-1.6.0.24/jre/lib/i386/libjava.so
b6963000-b696a000 r-xp 00000000 08:02 261512     /lib/i386-linux-gnu/librt-2.13.so
b696a000-b696b000 r-xp 00006000 08:02 261512     /lib/i386-linux-gnu/librt-2.13.so
b696b000-b696c000 rwxp 00007000 08:02 261512     /lib/i386-linux-gnu/librt-2.13.so
b696c000-b696f000 ---p 00000000 00:00 0 
b696f000-b69bd000 rwxp 00000000 00:00 0 
b69bd000-b69e1000 r-xp 00000000 08:02 261480     /lib/i386-linux-gnu/libm-2.13.so
b69e1000-b69e2000 r-xp 00023000 08:02 261480     /lib/i386-linux-gnu/libm-2.13.so
b69e2000-b69e3000 rwxp 00024000 08:02 261480     /lib/i386-linux-gnu/libm-2.13.so
b69e3000-b7170000 r-xp 00000000 08:02 153773     /usr/lib/jvm/java-6-sun-1.6.0.24/jre/lib/i386/server/libjvm.so
b7170000-b71c3000 rwxp 0078d000 08:02 153773     /usr/lib/jvm/java-6-sun-1.6.0.24/jre/lib/i386/server/libjvm.so
b71c3000-b75e3000 rwxp 00000000 00:00 0 
b75e3000-b773d000 r-xp 00000000 08:02 261443     /lib/i386-linux-gnu/libc-2.13.so
b773d000-b773e000 ---p 0015a000 08:02 261443     /lib/i386-linux-gnu/libc-2.13.so
b773e000-b7740000 r-xp 0015a000 08:02 261443     /lib/i386-linux-gnu/libc-2.13.so
b7740000-b7741000 rwxp 0015c000 08:02 261443     /lib/i386-linux-gnu/libc-2.13.so
b7741000-b7744000 rwxp 00000000 00:00 0 
b7744000-b7746000 r-xp 00000000 08:02 261453     /lib/i386-linux-gnu/libdl-2.13.so
b7746000-b7747000 r-xp 00001000 08:02 261453     /lib/i386-linux-gnu/libdl-2.13.so
b7747000-b7748000 rwxp 00002000 08:02 261453     /lib/i386-linux-gnu/libdl-2.13.so
b7748000-b774f000 r-xp 00000000 08:02 153762     /usr/lib/jvm/java-6-sun-1.6.0.24/jre/lib/i386/jli/libjli.so
b774f000-b7751000 rwxp 00006000 08:02 153762     /usr/lib/jvm/java-6-sun-1.6.0.24/jre/lib/i386/jli/libjli.so
b7751000-b7766000 r-xp 00000000 08:02 261508     /lib/i386-linux-gnu/libpthread-2.13.so
b7766000-b7767000 r-xp 00015000 08:02 261508     /lib/i386-linux-gnu/libpthread-2.13.so
b7767000-b7768000 rwxp 00016000 08:02 261508     /lib/i386-linux-gnu/libpthread-2.13.so
b7768000-b776b000 rwxp 00000000 00:00 0 
b776b000-b7771000 r-xp 00000000 08:02 153776     /usr/lib/jvm/java-6-sun-1.6.0.24/jre/lib/i386/native_threads/libhpi.so
b7771000-b7772000 rwxp 00006000 08:02 153776     /usr/lib/jvm/java-6-sun-1.6.0.24/jre/lib/i386/native_threads/libhpi.so
b7772000-b7773000 rwxp 00000000 00:00 0 
b7773000-b7774000 r-xp 00000000 00:00 0 
b7774000-b777f000 r-xp 00000000 08:02 153787     /usr/lib/jvm/java-6-sun-1.6.0.24/jre/lib/i386/libverify.so
b777f000-b7780000 rwxp 0000b000 08:02 153787     /usr/lib/jvm/java-6-sun-1.6.0.24/jre/lib/i386/libverify.so
b7780000-b7782000 rwxp 00000000 00:00 0 
b7782000-b7783000 r-xp 00000000 00:00 0          [vdso]
b7783000-b779f000 r-xp 00000000 08:02 261430     /lib/i386-linux-gnu/ld-2.13.so
b779f000-b77a0000 r-xp 0001b000 08:02 261430     /lib/i386-linux-gnu/ld-2.13.so
b77a0000-b77a1000 rwxp 0001c000 08:02 261430     /lib/i386-linux-gnu/ld-2.13.so
bf859000-bf87a000 rwxp 00000000 00:00 0          [stack]

VM Arguments:
jvm_args: -agentlib:jdwp=transport=dt_socket,suspend=y,address=localhost:56247 -Djava.library.path=/home/ggervais/workspace_new/GameEngine/lib/jogl-2.0-b23-20110303-linux-i586/lib:/home/ggervais/workspace_new/GameEngine/lib/jogl-2.0-b23-20110303-linux-i586/lib:/home/ggervais/workspace_new/GameEngine/lib/jogl-2.0-b23-20110303-linux-i586/lib:/home/ggervais/workspace_new/GameEngine/lib/jogl-2.0-b23-20110303-linux-i586/lib:/home/ggervais/workspace_new/GameEngine/lib/jinput:/home/ggervais/workspace_new/GameEngine/lib/jinput -Dfile.encoding=UTF-8 
java_command: com.ggervais.gameengine.testapp.Main
Launcher Type: SUN_STANDARD

Environment Variables:
PATH=/home/ggervais/bin:/usr/local/sbin:/usr/local/bin:/usr/sbin:/usr/bin:/sbin:/bin:/usr/games:/opt/go/bin
USERNAME=ggervais
LD_LIBRARY_PATH=/usr/lib/jvm/java-6-sun-1.6.0.24/jre/lib/i386/server:/usr/lib/jvm/java-6-sun-1.6.0.24/jre/lib/i386:/usr/lib/jvm/java-6-sun-1.6.0.24/jre/../lib/i386:/usr/lib/jvm/java-6-openjdk/jre/lib/i386/client:/usr/lib/jvm/java-6-openjdk/jre/lib/i386:/usr/lib/xulrunner-1.9.2.17:/usr/lib/xulrunner-1.9.2.17
SHELL=/bin/bash
DISPLAY=:0

Signal Handlers:
SIGSEGV: [libjvm.so+0x708f80], sa_mask[0]=0x7ffbfeff, sa_flags=0x10000004
SIGBUS: [libjvm.so+0x708f80], sa_mask[0]=0x7ffbfeff, sa_flags=0x10000004
SIGFPE: [libjvm.so+0x5c4100], sa_mask[0]=0x7ffbfeff, sa_flags=0x10000004
SIGPIPE: [libjvm.so+0x5c4100], sa_mask[0]=0x7ffbfeff, sa_flags=0x10000004
SIGXFSZ: [libjvm.so+0x5c4100], sa_mask[0]=0x7ffbfeff, sa_flags=0x10000004
SIGILL: [libjvm.so+0x5c4100], sa_mask[0]=0x7ffbfeff, sa_flags=0x10000004
SIGUSR1: SIG_DFL, sa_mask[0]=0x00000000, sa_flags=0x00000000
SIGUSR2: [libjvm.so+0x5c70e0], sa_mask[0]=0x00000004, sa_flags=0x10000004
SIGHUP: [libjvm.so+0x5c6cc0], sa_mask[0]=0x7ffbfeff, sa_flags=0x10000004
SIGINT: [libjvm.so+0x5c6cc0], sa_mask[0]=0x7ffbfeff, sa_flags=0x10000004
SIGTERM: [libjvm.so+0x5c6cc0], sa_mask[0]=0x7ffbfeff, sa_flags=0x10000004
SIGQUIT: [libjvm.so+0x5c6cc0], sa_mask[0]=0x7ffbfeff, sa_flags=0x10000004


---------------  S Y S T E M  ---------------

OS: