#
# A fatal error has been detected by the Java Runtime Environment:
#
#  SIGSEGV (0xb) at pc=0x00000000, pid=5077, tid=2038745968
#
# JRE version: 6.0_26-b03
# Java VM: Java HotSpot(TM) Server VM (20.1-b02 mixed mode linux-x86 )
# Problematic frame:
# C  0x00000000
#
# If you would like to submit a bug report, please visit:
#   http://java.sun.com/webapps/bugreport/crash.jsp
# The crash happened outside the Java Virtual Machine in native code.
# See problematic frame for where to report the bug.
#

---------------  T H R E A D  ---------------

Current thread (0x09e9f000):  JavaThread "main-SharedResourceRunner" daemon [_thread_in_native, id=5104, stack(0x797fc000,0x7984d000)]

siginfo:si_signo=SIGSEGV: si_errno=0, si_code=1 (SEGV_MAPERR), si_addr=0x00000000

Registers:
EAX=0x796fd1dc, EBX=0x7c7fb8f0, ECX=0x09e9f120, EDX=0x09e9f000
ESP=0x7984bb3c, EBP=0x7984bb78, ESI=0x7c7fb8f0, EDI=0x09e9f000
EIP=0x00000000, EFLAGS=0x00210202, CR2=0x00000000

Top of Stack: (sp=0x7984bb3c)
0x7984bb3c:   79892211 00001f02 09e9f000 7984bb00
0x7984bb4c:   7984bbc8 b362b294 b3612688 7b092b80
0x7984bb5c:   00000000 7c7fb8f0 7c7fb8f0 09e9f000
0x7984bb6c:   7b092b80 b361f072 09e9f000 7984bbb8
0x7984bb7c:   b361f260 09e9f120 7984bbd4 00001f02
0x7984bb8c:   7b092b80 00000000 b3612688 7984bb98
0x7984bb9c:   7c7fb8f0 7984bbd4 7c94b4e8 00000000
0x7984bbac:   7c7fb8f0 00000000 7984bbc8 7984bbf8 

Instructions: (pc=0x00000000)
0xffffffe0:   

Register to memory mapping:

EAX=0x796fd1dc is an unknown value
EBX=0x7c7fb8f0 is an oop
{method} 
 - klass: {other class}
ECX=0x09e9f120 is an unknown value
EDX=0x09e9f000 is a thread
ESP=0x7984bb3c is pointing into the stack for thread: 0x09e9f000
EBP=0x7984bb78 is pointing into the stack for thread: 0x09e9f000
ESI=0x7c7fb8f0 is an oop
{method} 
 - klass: {other class}
EDI=0x09e9f000 is a thread


Stack: [0x797fc000,0x7984d000],  sp=0x7984bb3c,  free space=318k
Java frames: (J=compiled Java code, j=interpreted, Vv=VM code)
j  jogamp.opengl.gl4.GL4bcImpl.dispatch_glGetString1(IJ)Ljava/lang/String;+0
j  jogamp.opengl.gl4.GL4bcImpl.glGetString(I)Ljava/lang/String;+59
j  jogamp.opengl.GLContextImpl.setContextVersion(III)V+183
j  jogamp.opengl.GLContextImpl.setGLFunctionAvailability(ZIII)V+539
j  jogamp.opengl.x11.glx.X11GLXContext.createImplRaw()Z+611
j  jogamp.opengl.x11.glx.X11GLXContext.createImpl()Z+6
j  jogamp.opengl.GLContextImpl.makeCurrentLocking()I+126
j  jogamp.opengl.GLContextImpl.makeCurrent()I+106
j  jogamp.opengl.x11.glx.X11GLXDrawableFactory$SharedResourceImplementation.createSharedResource(Ljava/lang/String;)Ljogamp/opengl/SharedResourceRunner$Resource;+237
j  jogamp.opengl.SharedResourceRunner.run()V+213
j  java.lang.Thread.run()V+11
v  ~StubRoutines::call_stub

---------------  P R O C E S S  ---------------

Java Threads: ( => current thread )
  0x7b192000 JavaThread "XToolkit-Shutdown-Thread" [_thread_blocked, id=5108, stack(0x7965f000,0x796b0000)]
  0x09821c00 JavaThread "Thread-1" [_thread_blocked, id=5106, stack(0x79701000,0x79752000)]
  0x09eee400 JavaThread "SIGTERM handler" daemon [_thread_blocked, id=5105, stack(0x7b92a000,0x7b97b000)]
=>0x09e9f000 JavaThread "main-SharedResourceRunner" daemon [_thread_in_native, id=5104, stack(0x797fc000,0x7984d000)]
  0x09cf5000 JavaThread "AWT-EventQueue-0" [_thread_blocked, id=5103, stack(0x7b0af000,0x7b100000)]
  0x09da2800 JavaThread "AWT-Shutdown" [_thread_blocked, id=5102, stack(0x7b265000,0x7b2b6000)]
  0x09d9fc00 JavaThread "AWT-XAWT" daemon [_thread_blocked, id=5101, stack(0x7b2b6000,0x7b307000)]
  0x09ce0800 JavaThread "Java2D Disposer" daemon [_thread_blocked, id=5100, stack(0x7b34d000,0x7b39e000)]
  0x09aa6800 JavaThread "Low Memory Detector" daemon [_thread_blocked, id=5092, stack(0x7b711000,0x7b762000)]
  0x09aa3400 JavaThread "C2 CompilerThread1" daemon [_thread_blocked, id=5091, stack(0x7b762000,0x7b7e3000)]
  0x09aa1400 JavaThread "C2 CompilerThread0" daemon [_thread_blocked, id=5090, stack(0x7b7e3000,0x7b864000)]
  0x09820000 JavaThread "JDWP Event Helper Thread" daemon [_thread_blocked, id=5088, stack(0x7b97b000,0x7b9cc000)]
  0x0981d800 JavaThread "JDWP Transport Listener: dt_socket" daemon [_thread_in_native, id=5085, stack(0x7b9cc000,0x7ba1d000)]
  0x09814800 JavaThread "Signal Dispatcher" daemon [_thread_blocked, id=5084, stack(0x7ba21000,0x7ba72000)]
  0x09803400 JavaThread "Finalizer" daemon [_thread_blocked, id=5083, stack(0x7ba72000,0x7bac3000)]
  0x09801c00 JavaThread "Reference Handler" daemon [_thread_blocked, id=5082, stack(0x7bac3000,0x7bb14000)]
  0x09781c00 JavaThread "main" [_thread_blocked, id=5078, stack(0xb6a04000,0xb6a55000)]

Other Threads:
  0x097fe000 VMThread [stack: 0x7bb14000,0x7bb95000] [id=5081]
  0x09aa8400 WatcherThread [stack: 0x7b690000,0x7b711000] [id=5093]

VM state:not at safepoint (normal execution)

VM Mutex/Monitor currently owned by a thread: None

Heap
 PSYoungGen      total 15296K, used 11508K [0xa2400000, 0xa3510000, 0xb3550000)
  eden space 13120K, 81% used [0xa2400000,0xa2e785e0,0xa30d0000)
  from space 2176K, 36% used [0xa30d0000,0xa3194dd0,0xa32f0000)
  to   space 2176K, 0% used [0xa32f0000,0xa32f0000,0xa3510000)
 PSOldGen        total 34944K, used 0K [0x80150000, 0x82370000, 0xa2400000)
  object space 34944K, 0% used [0x80150000,0x80150000,0x82370000)
 PSPermGen       total 16384K, used 8419K [0x7c150000, 0x7d150000, 0x80150000)
  object space 16384K, 51% used [0x7c150000,0x7c988eb8,0x7d150000)

Code Cache  [0xb3610000, 0xb3850000, 0xb6610000)
 total_blobs=363 nmethods=47 adapters=279 free_code_cache=49808960 largest_free_block=6720

Dynamic libraries:
08048000-08052000 r-xp 00000000 08:02 406392     /usr/lib/jvm/java-6-sun-1.6.0.26/jre/bin/java
08052000-08053000 rwxp 00009000 08:02 406392     /usr/lib/jvm/java-6-sun-1.6.0.26/jre/bin/java
09776000-09f45000 rwxp 00000000 00:00 0          [heap]
792bd000-794bd000 rwxs 16bc9000 00:05 9220       /dev/nvidia0
7965f000-79662000 ---p 00000000 00:00 0 
79662000-796b0000 rwxp 00000000 00:00 0 
796b0000-796b3000 ---p 00000000 00:00 0 
796b3000-79701000 rwxp 00000000 00:00 0 
79701000-79704000 ---p 00000000 00:00 0 
79704000-79752000 rwxp 00000000 00:00 0 
79752000-7976d000 rwxs 2cd60000 00:05 9220       /dev/nvidia0
7976d000-797e6000 rwxp 00000000 00:00 0 
797e6000-797fa000 r-xp 00000000 08:03 4014112    /home/ggervais/workspace_new/GameEngine/lib/jogl-2.0-b23-20110303-linux-i586/lib/libjogl_es2.so
797fa000-797fb000 r-xp 00013000 08:03 4014112    /home/ggervais/workspace_new/GameEngine/lib/jogl-2.0-b23-20110303-linux-i586/lib/libjogl_es2.so
797fb000-797fc000 rwxp 00014000 08:03 4014112    /home/ggervais/workspace_new/GameEngine/lib/jogl-2.0-b23-20110303-linux-i586/lib/libjogl_es2.so
797fc000-797ff000 ---p 00000000 00:00 0 
797ff000-7984d000 rwxp 00000000 00:00 0 
7984d000-798bd000 r-xp 00000000 08:03 4014110    /home/ggervais/workspace_new/GameEngine/lib/jogl-2.0-b23-20110303-linux-i586/lib/libjogl_desktop.so
798bd000-798be000 r-xp 0006f000 08:03 4014110    /home/ggervais/workspace_new/GameEngine/lib/jogl-2.0-b23-20110303-linux-i586/lib/libjogl_desktop.so
798be000-798bf000 rwxp 00070000 08:03 4014110    /home/ggervais/workspace_new/GameEngine/lib/jogl-2.0-b23-20110303-linux-i586/lib/libjogl_desktop.so
798bf000-7af74000 r-xp 00000000 08:02 154243     /usr/lib/nvidia-current/libnvidia-glcore.so.270.41.06
7af74000-7afd0000 rwxp 016b4000 08:02 154243     /usr/lib/nvidia-current/libnvidia-glcore.so.270.41.06
7afd0000-7afe1000 rwxp 00000000 00:00 0 
7afe1000-7b082000 r-xp 00000000 08:02 154239     /usr/lib/nvidia-current/libGL.so.270.41.06
7b082000-7b0a0000 rwxp 000a1000 08:02 154239     /usr/lib/nvidia-current/libGL.so.270.41.06
7b0a0000-7b0af000 rwxp 00000000 00:00 0 
7b0af000-7b0b2000 ---p 00000000 00:00 0 
7b0b2000-7b100000 rwxp 00000000 00:00 0 
7b100000-7b1f3000 rwxp 00000000 00:00 0 
7b1f3000-7b200000 ---p 00000000 00:00 0 
7b201000-7b202000 r-xs 00000000 08:02 563892     /var/cache/fontconfig/26de28bc8622bbc1fb67fd234c21975f-le32d4.cache-3
7b202000-7b203000 r-xs 00000000 08:02 556846     /var/cache/fontconfig/c05880de57d1f5e948fdfacc138775d9-le32d4.cache-3
7b203000-7b209000 r-xs 00000000 08:02 556843     /var/cache/fontconfig/945677eb7aeaf62f1d50efc3fb3ec7d8-le32d4.cache-3
7b209000-7b20b000 r-xs 00000000 08:02 556844     /var/cache/fontconfig/99e8ed0e538f840c565b6ed5dad60d56-le32d4.cache-3
7b20b000-7b20e000 r-xs 00000000 08:02 556854     /var/cache/fontconfig/e383d7ea5fbe662a33d9b44caf393297-le32d4.cache-3
7b20e000-7b213000 r-xs 00000000 08:02 563893     /var/cache/fontconfig/401a5dd6b567794a1d18dd9342dfa604-le32d4.cache-3
7b213000-7b215000 r-xs 00000000 08:02 556831     /var/cache/fontconfig/2cd17615ca594fa2959ae173292e504c-le32d4.cache-3
7b215000-7b216000 r-xs 00000000 08:02 556855     /var/cache/fontconfig/e7071f4a29fa870f4323321c154eba04-le32d4.cache-3
7b216000-7b219000 r-xs 00000000 08:02 556840     /var/cache/fontconfig/6eb3985aa4124903f6ff08ba781cd364-le32d4.cache-3
7b219000-7b21d000 r-xs 00000000 08:02 556845     /var/cache/fontconfig/a755afe4a08bf5b97852ceb7400b47bc-le32d4.cache-3
7b21d000-7b221000 r-xs 00000000 08:02 558741     /var/cache/fontconfig/515ca1ebc4b18308bea979be5704f9db-le32d4.cache-3
7b221000-7b243000 r-xs 00000000 08:02 563437     /var/cache/fontconfig/365b55f210c0a22e9a19e35191240f32-le32d4.cache-3
7b246000-7b24a000 rwxs 15906000 00:05 9220       /dev/nvidia0
7b24a000-7b24b000 rwxs fd060000 00:05 9220       /dev/nvidia0
7b24d000-7b24e000 r-xp 00000000 08:02 154231     /usr/lib/nvidia-current/tls/libnvidia-tls.so.270.41.06
7b24e000-7b24f000 rwxp 00000000 08:02 154231     /usr/lib/nvidia-current/tls/libnvidia-tls.so.270.41.06
7b250000-7b263000 r-xp 00000000 08:03 4014111    /home/ggervais/workspace_new/GameEngine/lib/jogl-2.0-b23-20110303-linux-i586/lib/libjogl_es1.so
7b263000-7b264000 r-xp 00012000 08:03 4014111    /home/ggervais/workspace_new/GameEngine/lib/jogl-2.0-b23-20110303-linux-i586/lib/libjogl_es1.so
7b264000-7b265000 rwxp 00013000 08:03 4014111    /home/ggervais/workspace_new/GameEngine/lib/jogl-2.0-b23-20110303-linux-i586/lib/libjogl_es1.so
7b265000-7b268000 ---p 00000000 00:00 0 
7b268000-7b2b6000 rwxp 00000000 00:00 0 
7b2b6000-7b2b9000 ---p 00000000 00:00 0 
7b2b9000-7b307000 rwxp 00000000 00:00 0 
7b307000-7b30b000 r-xp 00000000 08:02 136692     /usr/lib/i386-linux-gnu/libXfixes.so.3.1.0
7b30b000-7b30c000 r-xp 00003000 08:02 136692     /usr/lib/i386-linux-gnu/libXfixes.so.3.1.0
7b30c000-7b30d000 rwxp 00004000 08:02 136692     /usr/lib/i386-linux-gnu/libXfixes.so.3.1.0
7b30d000-7b315000 r-xp 00000000 08:02 136702     /usr/lib/i386-linux-gnu/libXrender.so.1.3.0
7b315000-7b316000 r-xp 00007000 08:02 136702     /usr/lib/i386-linux-gnu/libXrender.so.1.3.0
7b316000-7b317000 rwxp 00008000 08:02 136702     /usr/lib/i386-linux-gnu/libXrender.so.1.3.0
7b317000-7b31f000 r-xp 00000000 08:02 136684     /usr/lib/i386-linux-gnu/libXcursor.so.1.0.2
7b31f000-7b320000 r-xp 00007000 08:02 136684     /usr/lib/i386-linux-gnu/libXcursor.so.1.0.2
7b320000-7b321000 rwxp 00008000 08:02 136684     /usr/lib/i386-linux-gnu/libXcursor.so.1.0.2
7b322000-7b326000 r-xp 00000000 08:03 4014114    /home/ggervais/workspace_new/GameEngine/lib/jogl-2.0-b23-20110303-linux-i586/lib/libnativewindow_x11.so
7b326000-7b327000 r-xp 00003000 08:03 4014114    /home/ggervais/workspace_new/GameEngine/lib/jogl-2.0-b23-20110303-linux-i586/lib/libnativewindow_x11.so
7b327000-7b328000 rwxp 00004000 08:03 4014114    /home/ggervais/workspace_new/GameEngine/lib/jogl-2.0-b23-20110303-linux-i586/lib/libnativewindow_x11.so
7b328000-7b32a000 r-xp 00000000 08:02 136698     /usr/lib/i386-linux-gnu/libXinerama.so.1.0.0
7b32a000-7b32b000 r-xp 00001000 08:02 136698     /usr/lib/i386-linux-gnu/libXinerama.so.1.0.0
7b32b000-7b32c000 rwxp 00002000 08:02 136698     /usr/lib/i386-linux-gnu/libXinerama.so.1.0.0
7b32c000-7b330000 r-xp 00000000 08:02 136706     /usr/lib/i386-linux-gnu/libXxf86vm.so.1.0.0
7b330000-7b331000 r-xp 00003000 08:02 136706     /usr/lib/i386-linux-gnu/libXxf86vm.so.1.0.0
7b331000-7b332000 rwxp 00004000 08:02 136706     /usr/lib/i386-linux-gnu/libXxf86vm.so.1.0.0
7b332000-7b333000 r-xp 00000000 08:03 4014113    /home/ggervais/workspace_new/GameEngine/lib/jogl-2.0-b23-20110303-linux-i586/lib/libnativewindow_awt.so
7b333000-7b334000 r-xp 00000000 08:03 4014113    /home/ggervais/workspace_new/GameEngine/lib/jogl-2.0-b23-20110303-linux-i586/lib/libnativewindow_awt.so
7b334000-7b335000 rwxp 00001000 08:03 4014113    /home/ggervais/workspace_new/GameEngine/lib/jogl-2.0-b23-20110303-linux-i586/lib/libnativewindow_awt.so
7b335000-7b336000 r-xp 00000000 08:02 406453     /usr/lib/jvm/java-6-sun-1.6.0.26/jre/lib/i386/libjawt.so
7b336000-7b337000 rwxp 00000000 08:02 406453     /usr/lib/jvm/java-6-sun-1.6.0.26/jre/lib/i386/libjawt.so
7b337000-7b338000 r-xs 00000000 08:02 556835     /var/cache/fontconfig/4c73fe0c47614734b17d736dbde7580a-le32d4.cache-3
7b338000-7b33f000 r-xs 00000000 08:02 525846     /var/cache/fontconfig/6d41288fd70b0be22e8c3a91e032eec0-le32d4.cache-3
7b33f000-7b34a000 r-xs 00000000 08:02 556829     /var/cache/fontconfig/0f34bcd4b6ee430af32735b75db7f02b-le32d4.cache-3
7b34a000-7b34d000 r-xs 00000000 08:02 556851     /var/cache/fontconfig/d60319d88cac85ba9e1a07bd06cfbb8c-le32d4.cache-3
7b34d000-7b350000 ---p 00000000 00:00 0 
7b350000-7b39e000 rwxp 00000000 00:00 0 
7b39e000-7b417000 r-xp 00000000 08:02 406447     /usr/lib/jvm/java-6-sun-1.6.0.26/jre/lib/i386/libfontmanager.so
7b417000-7b421000 rwxp 00078000 08:02 406447     /usr/lib/jvm/java-6-sun-1.6.0.26/jre/lib/i386/libfontmanager.so
7b421000-7b426000 rwxp 00000000 00:00 0 
7b426000-7b42a000 r-xp 00000000 08:02 136688     /usr/lib/i386-linux-gnu/libXdmcp.so.6.0.0
7b42a000-7b42b000 r-xp 00003000 08:02 136688     /usr/lib/i386-linux-gnu/libXdmcp.so.6.0.0
7b42b000-7b42c000 rwxp 00004000 08:02 136688     /usr/lib/i386-linux-gnu/libXdmcp.so.6.0.0
7b42c000-7b443000 r-xp 00000000 08:02 136828     /usr/lib/i386-linux-gnu/libxcb.so.1.1.0
7b443000-7b444000 r-xp 00016000 08:02 136828     /usr/lib/i386-linux-gnu/libxcb.so.1.1.0
7b444000-7b445000 rwxp 00017000 08:02 136828     /usr/lib/i386-linux-gnu/libxcb.so.1.1.0
7b445000-7b452000 r-xp 00000000 08:02 136696     /usr/lib/i386-linux-gnu/libXi.so.6.1.0
7b452000-7b453000 r-xp 0000c000 08:02 136696     /usr/lib/i386-linux-gnu/libXi.so.6.1.0
7b453000-7b454000 rwxp 0000d000 08:02 136696     /usr/lib/i386-linux-gnu/libXi.so.6.1.0
7b454000-7b458000 r-xp 00000000 08:02 133973     /usr/lib/libXtst.so.6.1.0
7b458000-7b459000 r-xp 00003000 08:02 133973     /usr/lib/libXtst.so.6.1.0
7b459000-7b45a000 rwxp 00004000 08:02 133973     /usr/lib/libXtst.so.6.1.0
7b45a000-7b570000 r-xp 00000000 08:02 136678     /usr/lib/i386-linux-gnu/libX11.so.6.3.0
7b570000-7b571000 ---p 00116000 08:02 136678     /usr/lib/i386-linux-gnu/libX11.so.6.3.0
7b571000-7b572000 r-xp 00116000 08:02 136678     /usr/lib/i386-linux-gnu/libX11.so.6.3.0
7b572000-7b574000 rwxp 00117000 08:02 136678     /usr/lib/i386-linux-gnu/libX11.so.6.3.0
7b574000-7b575000 rwxp 00000000 00:00 0 
7b575000-7b582000 r-xp 00000000 08:02 136690     /usr/lib/i386-linux-gnu/libXext.so.6.4.0
7b582000-7b583000 r-xp 0000c000 08:02 136690     /usr/lib/i386-linux-gnu/libXext.so.6.4.0
7b583000-7b584000 rwxp 0000d000 08:02 136690     /usr/lib/i386-linux-gnu/libXext.so.6.4.0
7b584000-7b58c000 r-xs 00000000 08:02 556850     /var/cache/fontconfig/d52a8644073d54c13679302ca1180695-le32d4.cache-3
7b58c000-7b594000 r-xs 00000000 08:02 564351     /var/cache/fontconfig/e13b20fdb08344e0e664864cc2ede53d-le32d4.cache-3
7b594000-7b597000 r-xs 00000000 08:02 563887     /var/cache/fontconfig/7ef2298fde41cc6eeb7af42e48b7d293-le32d4.cache-3
7b597000-7b598000 r-xp 00000000 08:03 4014089    /home/ggervais/workspace_new/GameEngine/lib/jogl-2.0-b23-20110303-linux-i586/lib/libgluegen-rt.so
7b598000-7b599000 r-xp 00000000 08:03 4014089    /home/ggervais/workspace_new/GameEngine/lib/jogl-2.0-b23-20110303-linux-i586/lib/libgluegen-rt.so
7b599000-7b59a000 rwxp 00001000 08:03 4014089    /home/ggervais/workspace_new/GameEngine/lib/jogl-2.0-b23-20110303-linux-i586/lib/libgluegen-rt.so
7b59a000-7b5dd000 r-xp 00000000 08:02 406442     /usr/lib/jvm/java-6-sun-1.6.0.26/jre/lib/i386/xawt/libmawt.so
7b5dd000-7b5df000 rwxp 00043000 08:02 406442     /usr/lib/jvm/java-6-sun-1.6.0.26/jre/lib/i386/xawt/libmawt.so
7b5df000-7b5e0000 rwxp 00000000 00:00 0 
7b5e0000-7b665000 r-xp 00000000 08:02 406439     /usr/lib/jvm/java-6-sun-1.6.0.26/jre/lib/i386/libawt.so
7b665000-7b66c000 rwxp 00085000 08:02 406439     /usr/lib/jvm/java-6-sun-1.6.0.26/jre/lib/i386/libawt.so
7b66c000-7b690000 rwxp 00000000 00:00 0 
7b690000-7b691000 ---p 00000000 00:00 0 
7b691000-7b711000 rwxp 00000000 00:00 0 
7b711000-7b714000 ---p 00000000 00:00 0 
7b714000-7b762000 rwxp 00000000 00:00 0 
7b762000-7b765000 ---p 00000000 00:00 0 
7b765000-7b7e3000 rwxp 00000000 00:00 0 
7b7e3000-7b7e6000 ---p 00000000 00:00 0 
7b7e6000-7b864000 rwxp 00000000 00:00 0 
7b864000-7b866000 r-xs 0000b000 08:02 403217     /opt/idea-IC-103.255/plugins/Groovy/lib/agent/gragent.jar
7b866000-7b868000 r-xs 00011000 08:02 403161     /opt/idea-IC-103.255/lib/idea_rt.jar
7b868000-7b871000 r-xs 0006d000 08:03 4670285    /home/ggervais/workspace_new/GameEngine/lib/log4j/log4j-1.2.16.jar
7b871000-7b872000 r-xs 00001000 08:03 3182839    /home/ggervais/workspace_new/GameEngine/lib/jogl-2.0-b23-20110303-linux-i586/jar/newt.os.x11.jar
7b872000-7b873000 r-xs 00001000 08:03 3182838    /home/ggervais/workspace_new/GameEngine/lib/jogl-2.0-b23-20110303-linux-i586/jar/newt.os.win.jar
7b873000-7b875000 r-xs 00001000 08:03 3182835    /home/ggervais/workspace_new/GameEngine/lib/jogl-2.0-b23-20110303-linux-i586/jar/newt.os.osx.jar
7b875000-7b876000 r-xs 00004000 08:03 3182831    /home/ggervais/workspace_new/GameEngine/lib/jogl-2.0-b23-20110303-linux-i586/jar/newt.ogl.jar
7b876000-7b877000 r-xs 00001000 08:03 3182828    /home/ggervais/workspace_new/GameEngine/lib/jogl-2.0-b23-20110303-linux-i586/jar/newt.hw.intelgdl.jar
7b877000-7b878000 r-xs 00001000 08:03 3182824    /home/ggervais/workspace_new/GameEngine/lib/jogl-2.0-b23-20110303-linux-i586/jar/newt.hw.broadcomegl.jar
7b878000-7b87a000 r-xs 00007000 08:03 3182822    /home/ggervais/workspace_new/GameEngine/lib/jogl-2.0-b23-20110303-linux-i586/jar/newt.event.jar
7b87a000-7b87c000 r-xs 00016000 08:03 3182821    /home/ggervais/workspace_new/GameEngine/lib/jogl-2.0-b23-20110303-linux-i586/jar/newt.core.jar
7b87c000-7b87e000 r-xs 00007000 08:03 3182820    /home/ggervais/workspace_new/GameEngine/lib/jogl-2.0-b23-20110303-linux-i586/jar/newt.awt.jar
7b87e000-7b882000 r-xs 00028000 08:03 3182818    /home/ggervais/workspace_new/GameEngine/lib/jogl-2.0-b23-20110303-linux-i586/jar/newt.all.jar
7b882000-7b885000 r-xs 00020000 08:03 3182817    /home/ggervais/workspace_new/GameEngine/lib/jogl-2.0-b23-20110303-linux-i586/jar/newt.all-noawt.jar
7b885000-7b886000 r-xs 00002000 08:03 3182816    /home/ggervais/workspace_new/GameEngine/lib/jogl-2.0-b23-20110303-linux-i586/jar/newt-natives-linux-i586.jar
7b886000-7b887000 r-xs 00004000 08:03 3182815    /home/ggervais/workspace_new/GameEngine/lib/jogl-2.0-b23-20110303-linux-i586/jar/nativewindow.os.x11.jar
7b887000-7b889000 r-xs 00004000 08:03 3182814    /home/ggervais/workspace_new/GameEngine/lib/jogl-2.0-b23-20110303-linux-i586/jar/nativewindow.os.win.jar
7b889000-7b88b000 r-xs 00009000 08:03 3182813    /home/ggervais/workspace_new/GameEngine/lib/jogl-2.0-b23-20110303-linux-i586/jar/nativewindow.core.jar
7b88b000-7b88d000 r-xs 0000a000 08:03 3182812    /home/ggervais/workspace_new/GameEngine/lib/jogl-2.0-b23-20110303-linux-i586/jar/nativewindow.awt.jar
7b88d000-7b891000 r-xs 0001c000 08:03 3182511    /home/ggervais/workspace_new/GameEngine/lib/jogl-2.0-b23-20110303-linux-i586/jar/nativewindow.all.jar
7b891000-7b894000 r-xs 00012000 08:03 3182507    /home/ggervais/workspace_new/GameEngine/lib/jogl-2.0-b23-20110303-linux-i586/jar/nativewindow.all-noawt.jar
7b894000-7b895000 r-xs 00002000 08:03 3182504    /home/ggervais/workspace_new/GameEngine/lib/jogl-2.0-b23-20110303-linux-i586/jar/nativewindow-natives-linux-i586.jar
7b895000-7b897000 r-xs 0001e000 08:03 3182501    /home/ggervais/workspace_new/GameEngine/lib/jogl-2.0-b23-20110303-linux-i586/jar/jogl.util.jar
7b897000-7b899000 r-xs 0001f000 08:03 3182498    /home/ggervais/workspace_new/GameEngine/lib/jogl-2.0-b23-20110303-linux-i586/jar/jogl.util.gldesktop.jar
7b899000-7b89a000 r-xs 00006000 08:03 3182497    /home/ggervais/workspace_new/GameEngine/lib/jogl-2.0-b23-20110303-linux-i586/jar/jogl.util.fixedfuncemu.jar
7b89a000-7b89c000 r-xs 0000a000 08:03 3182492    /home/ggervais/workspace_new/GameEngine/lib/jogl-2.0-b23-20110303-linux-i586/jar/jogl.util.awt.jar
7b89c000-7b8a2000 r-xs 00041000 08:03 3182489    /home/ggervais/workspace_new/GameEngine/lib/jogl-2.0-b23-20110303-linux-i586/jar/jogl.test.jar
7b8a2000-7b8a3000 r-xs 00001000 08:03 3182485    /home/ggervais/workspace_new/GameEngine/lib/jogl-2.0-b23-20110303-linux-i586/jar/jogl.sdk.jar
7b8a3000-7b8a5000 r-xs 00010000 08:03 3181146    /home/ggervais/workspace_new/GameEngine/lib/jogl-2.0-b23-20110303-linux-i586/jar/jogl.os.x11.jar
7b8a5000-7b8a6000 r-xs 00011000 08:03 3181145    /home/ggervais/workspace_new/GameEngine/lib/jogl-2.0-b23-20110303-linux-i586/jar/jogl.os.win.jar
7b8a6000-7b8a8000 r-xs 00008000 08:03 3181144    /home/ggervais/workspace_new/GameEngine/lib/jogl-2.0-b23-20110303-linux-i586/jar/jogl.os.osx.jar
7b8a8000-7b8a9000 r-xs 0000a000 08:03 3181143    /home/ggervais/workspace_new/GameEngine/lib/jogl-2.0-b23-20110303-linux-i586/jar/jogl.glu.tess.jar
7b8a9000-7b8ab000 r-xs 0000f000 08:03 3181140    /home/ggervais/workspace_new/GameEngine/lib/jogl-2.0-b23-20110303-linux-i586/jar/jogl.glu.mipmap.jar
7b8ab000-7b8ad000 r-xs 0000c000 08:03 3181139    /home/ggervais/workspace_new/GameEngine/lib/jogl-2.0-b23-20110303-linux-i586/jar/jogl.glu.gldesktop.jar
7b8ad000-7b8ae000 r-xs 00009000 08:03 3181138    /home/ggervais/workspace_new/GameEngine/lib/jogl-2.0-b23-20110303-linux-i586/jar/jogl.gles2.jar
7b8ae000-7b8af000 r-xs 00010000 08:03 3181136    /home/ggervais/workspace_new/GameEngine/lib/jogl-2.0-b23-20110303-linux-i586/jar/jogl.gles2.dbg.jar
7b8af000-7b8b0000 r-xs 00007000 08:03 3181135    /home/ggervais/workspace_new/GameEngine/lib/jogl-2.0-b23-20110303-linux-i586/jar/jogl.gles1.jar
7b8b0000-7b8b1000 r-xs 0000f000 08:03 3181134    /home/ggervais/workspace_new/GameEngine/lib/jogl-2.0-b23-20110303-linux-i586/jar/jogl.gles1.dbg.jar
7b8b1000-7b8b3000 r-xs 0002f000 08:03 3181051    /home/ggervais/workspace_new/GameEngine/lib/jogl-2.0-b23-20110303-linux-i586/jar/jogl.gldesktop.jar
7b8b3000-7b8b4000 r-xs 000fa000 08:03 3181050    /home/ggervais/workspace_new/GameEngine/lib/jogl-2.0-b23-20110303-linux-i586/jar/jogl.gldesktop.dbg.jar
7b8b4000-7b8b6000 r-xs 0000b000 08:03 3180979    /home/ggervais/workspace_new/GameEngine/lib/jogl-2.0-b23-20110303-linux-i586/jar/jogl.egl.jar
7b8b6000-7b8b9000 r-xs 0002e000 08:03 3180972    /home/ggervais/workspace_new/GameEngine/lib/jogl-2.0-b23-20110303-linux-i586/jar/jogl.core.jar
7b8b9000-7b8bb000 r-xs 0000f000 08:03 3180936    /home/ggervais/workspace_new/GameEngine/lib/jogl-2.0-b23-20110303-linux-i586/jar/jogl.awt.jar
7b8bb000-7b8c8000 r-xs 00242000 08:03 3180935    /home/ggervais/workspace_new/GameEngine/lib/jogl-2.0-b23-20110303-linux-i586/jar/jogl.all.jar
7b8c8000-7b8d3000 r-xs 00228000 08:03 3180934    /home/ggervais/workspace_new/GameEngine/lib/jogl-2.0-b23-20110303-linux-i586/jar/jogl.all-noawt.jar
7b8d3000-7b8d4000 r-xs 00013000 08:03 3180932    /home/ggervais/workspace_new/GameEngine/lib/jogl-2.0-b23-20110303-linux-i586/jar/jogl-natives-linux-i586.jar
7b8d4000-7b8d7000 r-xs 00018000 08:03 3180639    /home/ggervais/workspace_new/GameEngine/lib/jogl-2.0-b23-20110303-linux-i586/jar/gluegen-rt.jar
7b8d7000-7b8d8000 r-xs 00000000 08:03 3180634    /home/ggervais/workspace_new/GameEngine/lib/jogl-2.0-b23-20110303-linux-i586/jar/gluegen-rt-natives-linux-i586.jar
7b8d8000-7b8d9000 r-xs 0000c000 08:03 3180622    /home/ggervais/workspace_new/GameEngine/lib/jogl-2.0-b23-20110303-linux-i586/jar/gluegen-gl.jar
7b8d9000-7b8db000 r-xs 00004000 08:03 5242952    /home/ggervais/workspace_new/GameEngine/lib/jinput/jinput-test.jar
7b8db000-7b8e0000 r-xs 00030000 08:03 5242951    /home/ggervais/workspace_new/GameEngine/lib/jinput/jinput.jar
7b8e0000-7b8e7000 r-xs 00036000 08:03 12599540   /home/ggervais/workspace_new/GameEngine/lib/junit-4.9b2.jar
7b8e7000-7b8e8000 r-xs 00000000 08:02 280347     /usr/lib/jvm/java-6-sun-1.6.0.26/jre/lib/management-agent.jar
7b8e8000-7b8f0000 r-xs 00115000 08:02 280351     /usr/lib/jvm/java-6-sun-1.6.0.26/jre/lib/resources.jar
7b8f0000-7b8ff000 r-xs 00667000 08:02 280331     /usr/lib/jvm/java-6-sun-1.6.0.26/jre/lib/charsets.jar
7b8ff000-7b908000 r-xs 000d7000 08:02 280374     /usr/lib/jvm/java-6-sun-1.6.0.26/jre/lib/javaws.jar
7b908000-7b919000 r-xs 001ad000 08:02 280383     /usr/lib/jvm/java-6-sun-1.6.0.26/jre/lib/plugin.jar
7b919000-7b92a000 r-xs 0034a000 08:02 280381     /usr/lib/jvm/java-6-sun-1.6.0.26/jre/lib/deploy.jar
7b92a000-7b92d000 ---p 00000000 00:00 0 
7b92d000-7b97b000 rwxp 00000000 00:00 0 
7b97b000-7b97e000 ---p 00000000 00:00 0 
7b97e000-7b9cc000 rwxp 00000000 00:00 0 
7b9cc000-7b9cf000 ---p 00000000 00:00 0 
7b9cf000-7ba1d000 rwxp 00000000 00:00 0 
7ba1d000-7ba20000 r-xp 00000000 08:02 406458     /usr/lib/jvm/java-6-sun-1.6.0.26/jre/lib/i386/libdt_socket.so
7ba20000-7ba21000 rwxp 00003000 08:02 406458     /usr/lib/jvm/java-6-sun-1.6.0.26/jre/lib/i386/libdt_socket.so
7ba21000-7ba24000 ---p 00000000 00:00 0 
7ba24000-7ba72000 rwxp 00000000 00:00 0 
7ba72000-7ba75000 ---p 00000000 00:00 0 
7ba75000-7bac3000 rwxp 00000000 00:00 0 
7bac3000-7bac6000 ---p 00000000 00:00 0 
7bac6000-7bb14000 rwxp 00000000 00:00 0 
7bb14000-7bb15000 ---p 00000000 00:00 0 
7bb15000-7bbc9000 rwxp 00000000 00:00 0 
7bbc9000-7bd61000 r-xs 03029000 08:02 280382     /usr/lib/jvm/java-6-sun-1.6.0.26/jre/lib/rt.jar
7bd61000-7bd62000 ---p 00000000 00:00 0 
7bd62000-7bde2000 rwxp 00000000 00:00 0 
7bde2000-7bde3000 ---p 00000000 00:00 0 
7bde3000-7be6b000 rwxp 00000000 00:00 0 
7be6b000-7be83000 rwxp 00000000 00:00 0 
7be83000-7be95000 rwxp 00000000 00:00 0 
7be95000-7bf95000 rwxp 00000000 00:00 0 
7bf95000-7bf9d000 rwxp 00000000 00:00 0 
7bf9d000-7bfb5000 rwxp 00000000 00:00 0 
7bfb5000-7bfc7000 rwxp 00000000 00:00 0 
7bfc7000-7c0c6000 rwxp 00000000 00:00 0 
7c0c6000-7c0cf000 rwxp 00000000 00:00 0 
7c0cf000-7c14f000 rwxp 00000000 00:00 0 
7c14f000-7d150000 rwxp 00000000 00:00 0 
7d150000-80150000 rwxp 00000000 00:00 0 
80150000-82370000 rwxp 00000000 00:00 0 
82370000-a2400000 rwxp 00000000 00:00 0 
a2400000-a3510000 rwxp 00000000 00:00 0 
a3510000-b3550000 rwxp 00000000 00:00 0 
b3550000-b3559000 rwxp 00000000 00:00 0 
b3559000-b3610000 rwxp 00000000 00:00 0 
b3610000-b3850000 rwxp 00000000 00:00 0 
b3850000-b6610000 rwxp 00000000 00:00 0 
b6610000-b661f000 r-xp 00000000 08:02 406424     /usr/lib/jvm/java-6-sun-1.6.0.26/jre/lib/i386/libzip.so
b661f000-b6621000 rwxp 0000e000 08:02 406424     /usr/lib/jvm/java-6-sun-1.6.0.26/jre/lib/i386/libzip.so
b6621000-b662b000 r-xp 00000000 08:02 261489     /lib/i386-linux-gnu/libnss_files-2.13.so
b662b000-b662c000 r-xp 00009000 08:02 261489     /lib/i386-linux-gnu/libnss_files-2.13.so
b662c000-b662d000 rwxp 0000a000 08:02 261489     /lib/i386-linux-gnu/libnss_files-2.13.so
b662d000-b6636000 r-xp 00000000 08:02 261493     /lib/i386-linux-gnu/libnss_nis-2.13.so
b6636000-b6637000 r-xp 00008000 08:02 261493     /lib/i386-linux-gnu/libnss_nis-2.13.so
b6637000-b6638000 rwxp 00009000 08:02 261493     /lib/i386-linux-gnu/libnss_nis-2.13.so
b6638000-b663a000 r-xp 00000000 08:02 136680     /usr/lib/i386-linux-gnu/libXau.so.6.0.0
b663a000-b663b000 r-xp 00001000 08:02 136680     /usr/lib/i386-linux-gnu/libXau.so.6.0.0
b663b000-b663c000 rwxp 00002000 08:02 136680     /usr/lib/i386-linux-gnu/libXau.so.6.0.0
b663c000-b663f000 r-xs 00013000 08:02 280324     /usr/lib/jvm/java-6-sun-1.6.0.26/jre/lib/jce.jar
b663f000-b6646000 r-xs 00094000 08:02 280319     /usr/lib/jvm/java-6-sun-1.6.0.26/jre/lib/jsse.jar
b6646000-b664e000 rwxs 00000000 08:02 651816     /tmp/hsperfdata_ggervais/5077
b664e000-b676e000 r-xp 00178000 08:02 139490     /usr/lib/locale/locale-archive
b676e000-b696e000 r-xp 00000000 08:02 139490     /usr/lib/locale/locale-archive
b696e000-b69a8000 r-xp 00000000 08:02 406457     /usr/lib/jvm/java-6-sun-1.6.0.26/jre/lib/i386/libjdwp.so
b69a8000-b69a9000 rwxp 00039000 08:02 406457     /usr/lib/jvm/java-6-sun-1.6.0.26/jre/lib/i386/libjdwp.so
b69a9000-b69bc000 r-xp 00000000 08:02 261483     /lib/i386-linux-gnu/libnsl-2.13.so
b69bc000-b69bd000 r-xp 00012000 08:02 261483     /lib/i386-linux-gnu/libnsl-2.13.so
b69bd000-b69be000 rwxp 00013000 08:02 261483     /lib/i386-linux-gnu/libnsl-2.13.so
b69be000-b69c0000 rwxp 00000000 00:00 0 
b69c0000-b69c1000 r-xs 00000000 08:02 556828     /var/cache/fontconfig/0d8c3b2ac0904cb8a57a757ad11a4a08-le32d4.cache-3
b69c1000-b69c2000 r-xs 00000000 08:02 556838     /var/cache/fontconfig/6a53c69dea097a2d716e069445527da8-le32d4.cache-3
b69c2000-b69c4000 r-xs 00009000 08:02 280377     /usr/lib/jvm/java-6-sun-1.6.0.26/jre/lib/alt-string.jar
b69c4000-b69ca000 r-xp 00000000 08:02 261485     /lib/i386-linux-gnu/libnss_compat-2.13.so
b69ca000-b69cb000 r-xp 00005000 08:02 261485     /lib/i386-linux-gnu/libnss_compat-2.13.so
b69cb000-b69cc000 rwxp 00006000 08:02 261485     /lib/i386-linux-gnu/libnss_compat-2.13.so
b69cc000-b69d5000 r-xp 00000000 08:02 406431     /usr/lib/jvm/java-6-sun-1.6.0.26/jre/lib/i386/libinstrument.so
b69d5000-b69d6000 rwxp 00008000 08:02 406431     /usr/lib/jvm/java-6-sun-1.6.0.26/jre/lib/i386/libinstrument.so
b69d6000-b69f9000 r-xp 00000000 08:02 406421     /usr/lib/jvm/java-6-sun-1.6.0.26/jre/lib/i386/libjava.so
b69f9000-b69fb000 rwxp 00023000 08:02 406421     /usr/lib/jvm/java-6-sun-1.6.0.26/jre/lib/i386/libjava.so
b69fb000-b6a02000 r-xp 00000000 08:02 261512     /lib/i386-linux-gnu/librt-2.13.so
b6a02000-b6a03000 r-xp 00006000 08:02 261512     /lib/i386-linux-gnu/librt-2.13.so
b6a03000-b6a04000 rwxp 00007000 08:02 261512     /lib/i386-linux-gnu/librt-2.13.so
b6a04000-b6a07000 ---p 00000000 00:00 0 
b6a07000-b6a55000 rwxp 00000000 00:00 0 
b6a55000-b6a79000 r-xp 00000000 08:02 261480     /lib/i386-linux-gnu/libm-2.13.so
b6a79000-b6a7a000 r-xp 00023000 08:02 261480     /lib/i386-linux-gnu/libm-2.13.so
b6a7a000-b6a7b000 rwxp 00024000 08:02 261480     /lib/i386-linux-gnu/libm-2.13.so
b6a7b000-b722d000 r-xp 00000000 08:02 406409     /usr/lib/jvm/java-6-sun-1.6.0.26/jre/lib/i386/server/libjvm.so
b722d000-b7281000 rwxp 007b1000 08:02 406409     /usr/lib/jvm/java-6-sun-1.6.0.26/jre/lib/i386/server/libjvm.so
b7281000-b76a1000 rwxp 00000000 00:00 0 
b76a1000-b77fb000 r-xp 00000000 08:02 261443     /lib/i386-linux-gnu/libc-2.13.so
b77fb000-b77fc000 ---p 0015a000 08:02 261443     /lib/i386-linux-gnu/libc-2.13.so
b77fc000-b77fe000 r-xp 0015a000 08:02 261443     /lib/i386-linux-gnu/libc-2.13.so
b77fe000-b77ff000 rwxp 0015c000 08:02 261443     /lib/i386-linux-gnu/libc-2.13.so
b77ff000-b7802000 rwxp 00000000 00:00 0 
b7802000-b7804000 r-xp 00000000 08:02 261453     /lib/i386-linux-gnu/libdl-2.13.so
b7804000-b7805000 r-xp 00001000 08:02 261453     /lib/i386-linux-gnu/libdl-2.13.so
b7805000-b7806000 rwxp 00002000 08:02 261453     /lib/i386-linux-gnu/libdl-2.13.so
b7806000-b780d000 r-xp 00000000 08:02 406423     /usr/lib/jvm/java-6-sun-1.6.0.26/jre/lib/i386/jli/libjli.so
b780d000-b780f000 rwxp 00006000 08:02 406423     /usr/lib/jvm/java-6-sun-1.6.0.26/jre/lib/i386/jli/libjli.so
b780f000-b7824000 r-xp 00000000 08:02 261508     /lib/i386-linux-gnu/libpthread-2.13.so
b7824000-b7825000 r-xp 00015000 08:02 261508     /lib/i386-linux-gnu/libpthread-2.13.so
b7825000-b7826000 rwxp 00016000 08:02 261508     /lib/i386-linux-gnu/libpthread-2.13.so
b7826000-b7829000 rwxp 00000000 00:00 0 
b7829000-b782a000 r-xs 00000000 08:02 556026     /var/cache/fontconfig/4794a0821666d79190d59a36cb4f44b5-le32d4.cache-3
b782a000-b782d000 r-xs 0001c000 08:02 280376     /usr/lib/jvm/java-6-sun-1.6.0.26/jre/lib/alt-rt.jar
b782d000-b7830000 r-xp 00000000 08:02 406425     /usr/lib/jvm/java-6-sun-1.6.0.26/jre/lib/i386/libnpt.so
b7830000-b7831000 rwxp 00002000 08:02 406425     /usr/lib/jvm/java-6-sun-1.6.0.26/jre/lib/i386/libnpt.so
b7831000-b7832000 rwxp 00000000 00:00 0 
b7832000-b7833000 r-xp 00000000 00:00 0 
b7833000-b783e000 r-xp 00000000 08:02 406420     /usr/lib/jvm/java-6-sun-1.6.0.26/jre/lib/i386/libverify.so
b783e000-b783f000 rwxp 0000b000 08:02 406420     /usr/lib/jvm/java-6-sun-1.6.0.26/jre/lib/i386/libverify.so
b783f000-b7841000 rwxp 00000000 00:00 0 
b7841000-b7842000 r-xp 00000000 00:00 0          [vdso]
b7842000-b785e000 r-xp 00000000 08:02 261430     /lib/i386-linux-gnu/ld-2.13.so
b785e000-b785f000 r-xp 0001b000 08:02 261430     /lib/i386-linux-gnu/ld-2.13.so
b785f000-b7860000 rwxp 0001c000 08:02 261430     /lib/i386-linux-gnu/ld-2.13.so
bfc1f000-bfc41000 rwxp 00000000 00:00 0          [stack]

VM Arguments:
jvm_args: -agentlib:jdwp=transport=dt_socket,address=127.0.0.1:47066,suspend=y,server=n -Djava.library.path=/home/ggervais/workspace_new/GameEngine/lib/jinput:/home/ggervais/workspace_new/GameEngine/lib/jogl-2.0-b23-20110303-linux-i586/lib -javaagent:/opt/idea-IC-103.255/plugins/Groovy/lib/agent/gragent.jar -Dfile.encoding=UTF-8 
java_command: com.ggervais.gameengine.testapp.Main
Launcher Type: SUN_STANDARD

Environment Variables:
CLASSPATH=../lib/bootstrap.jar:../lib/util.jar:../lib/jdom.jar:../lib/log4j.jar:../lib/extensions.jar:../lib/trove4j.jar:/usr/lib/jvm/java-6-openjdk/lib/tools.jar:
PATH=/home/ggervais/bin:/usr/local/sbin:/usr/local/bin:/usr/sbin:/usr/bin:/sbin:/bin:/usr/games:/opt/go/bin
USERNAME=ggervais
LD_LIBRARY_PATH=/usr/lib/jvm/java-6-sun-1.6.0.26/jre/lib/i386/server:/usr/lib/jvm/java-6-sun-1.6.0.26/jre/lib/i386:/usr/lib/jvm/java-6-sun-1.6.0.26/jre/../lib/i386:/usr/lib/jvm/java-6-openjdk/jre/lib/i386/server:/usr/lib/jvm/java-6-openjdk/jre/lib/i386:/usr/lib/jvm/java-6-openjdk/jre/../lib/i386:.:
SHELL=/bin/bash
DISPLAY=:0.0

Signal Handlers:
SIGSEGV: [libjvm.so+0x725510], sa_mask[0]=0x7ffbfeff, sa_flags=0x10000004
SIGBUS: [libjvm.so+0x725510], sa_mask[0]=0x7ffbfeff, sa_flags=0x10000004
SIGFPE: [libjvm.so+0x5dff20], sa_mask[0]=0x7ffbfeff, sa_flags=0x10000004
SIGPIPE: [libjvm.so+0x5dff20], sa_mask[0]=0x7ffbfeff, sa_flags=0x10000004
SIGXFSZ: [libjvm.so+0x5dff20], sa_mask[0]=0x7ffbfeff, sa_flags=0x10000004
SIGILL: [libjvm.so+0x5dff20], sa_mask[0]=0x7ffbfeff, sa_flags=0x10000004
SIGUSR1: SIG_DFL, sa_mask[0]=0x00000000, sa_flags=0x00000000
SIGUSR2: [libjvm.so+0x5e3160], sa_mask[0]=0x00000004, sa_flags=0x10000004
SIGHUP: [libjvm.so+0x5e2d40], sa_mask[0]=0x7ffbfeff, sa_flags=0x10000004
SIGINT: [libjvm.so+0x5e2d40], sa_mask[0]=0x7ffbfeff, sa_flags=0x10000004
SIGTERM: [libjvm.so+0x5e2d40], sa_mask[0]=0x7ffbfeff, sa_flags=0x10000004
SIGQUIT: [libjvm.so+0x5e2d40], sa_mask[0]=0x7ffbfeff, sa_flags=0x10000004


---------------  S Y S T E M  ---------------

OS:squeeze/sid

uname:Linux 2.6.38-10-generic #46-Ubuntu SMP Tue Jun 28 15:05:41 UTC 2011 i686
libc:glibc 2.13 NPTL 2.13 
rlimit: STACK 8192k, CORE 0k, NPROC infinity, NOFILE 4096, AS infinity
load average:0.64 0.32 0.26

/proc/meminfo:
MemTotal:        3354092 kB
MemFree:          316912 kB
Buffers:          534020 kB
Cached:           887040 kB
SwapCached:           64 kB
Active:          1645340 kB
Inactive:        1201792 kB
Active(anon):    1096280 kB
Inactive(anon):   333888 kB
Active(file):     549060 kB
Inactive(file):   867904 kB
Unevictable:          16 kB
Mlocked:              16 kB
HighTotal:       2498248 kB
HighFree:         163176 kB
LowTotal:         855844 kB
LowFree:          153736 kB
SwapTotal:        979928 kB
SwapFree:         978064 kB
Dirty:               752 kB
Writeback:             0 kB
AnonPages:       1426052 kB
Mapped:           185788 kB
Shmem:              4096 kB
Slab:             129572 kB
SReclaimable:     100836 kB
SUnreclaim:        28736 kB
KernelStack:        3544 kB
PageTables:         8552 kB
NFS_Unstable:          0 kB
Bounce:                0 kB
WritebackTmp:          0 kB
CommitLimit:     2656972 kB
Committed_AS:    3401452 kB
VmallocTotal:     122880 kB
VmallocUsed:       70704 kB
VmallocChunk:      44028 kB
HardwareCorrupted:     0 kB
HugePages_Total:       0
HugePages_Free:        0
HugePages_Rsvd:        0
HugePages_Surp:        0
Hugepagesize:       4096 kB
DirectMap4k:      364536 kB
DirectMap4M:      544768 kB


CPU:total 2 (2 cores per cpu, 1 threads per core) family 6 model 15 stepping 6, cmov, cx8, fxsr, mmx, sse, sse2, sse3, ssse3

/proc/cpuinfo:
processor	: 0
vendor_id	: GenuineIntel
cpu family	: 6
model		: 15
model name	: Intel(R) Core(TM)2 CPU          6420  @ 2.13GHz
stepping	: 6
cpu MHz		: 2128.000
cache size	: 4096 KB
physical id	: 0
siblings	: 2
core id		: 0
cpu cores	: 2
apicid		: 0
initial apicid	: 0
fdiv_bug	: no
hlt_bug		: no
f00f_bug	: no
coma_bug	: no
fpu		: yes
fpu_exception	: yes
cpuid level	: 10
wp		: yes
flags		: fpu vme de pse tsc msr pae mce cx8 apic mtrr pge mca cmov pat pse36 clflush dts acpi mmx fxsr sse sse2 ss ht tm pbe lm constant_tsc arch_perfmon pebs bts aperfmperf pni dtes64 monitor ds_cpl vmx est tm2 ssse3 cx16 xtpr pdcm lahf_lm dts tpr_shadow
bogomips	: 4483.07
clflush size	: 64
cache_alignment	: 64
address sizes	: 36 bits physical, 48 bits virtual
power management:

processor	: 1
vendor_id	: GenuineIntel
cpu family	: 6
model		: 15
model name	: Intel(R) Core(TM)2 CPU          6420  @ 2.13GHz
stepping	: 6
cpu MHz		: 2128.000
cache size	: 4096 KB
physical id	: 0
siblings	: 2
core id		: 1
cpu cores	: 2
apicid		: 1
initial apicid	: 1
fdiv_bug	: no
hlt_bug		: no
f00f_bug	: no
coma_bug	: no
fpu		: yes
fpu_exception	: yes
cpuid level	: 10
wp		: yes
flags		: fpu vme de pse tsc msr pae mce cx8 apic mtrr pge mca cmov pat pse36 clflush dts acpi mmx fxsr sse sse2 ss ht tm pbe lm constant_tsc arch_perfmon pebs bts aperfmperf pni dtes64 monitor ds_cpl vmx est tm2 ssse3 cx16 xtpr pdcm lahf_lm dts tpr_shadow
bogomips	: 8622.91
clflush size	: 64
cache_alignment	: 64
address sizes	: 36 bits physical, 48 bits virtual
power management:



Memory: 4k page, physical 3354092k(316912k free), swap 979928k(978064k free)

vm_info: Java HotSpot(TM) Server VM (20.1-b02) for linux-x86 JRE (1.6.0_26-b03), built on May  4 2011 01:04:10 by "java_re" with gcc 3.2.1-7a (J2SE release)

time: Thu Jul 14 18:33:31 2011
elapsed time: 1 seconds

